[0.125s] DEBUG:colcon:Command line arguments: ['/home/nazar/.local/bin/colcon', 'build', '--packages-select', 'py_pubsub']
[0.125s] DEBUG:colcon:Parsed command line arguments: Namespace(log_base=None, log_level=None, verb_name='build', build_base='build', install_base='install', merge_install=False, symlink_install=False, test_result_base=None, continue_on_error=False, executor='parallel', parallel_workers=8, event_handlers=None, ignore_user_meta=False, metas=['./colcon.meta'], base_paths=['.'], packages_ignore=None, packages_ignore_regex=None, paths=None, packages_up_to=None, packages_up_to_regex=None, packages_above=None, packages_above_and_dependencies=None, packages_above_depth=None, packages_select_by_dep=None, packages_skip_by_dep=None, packages_skip_up_to=None, packages_select_build_failed=False, packages_skip_build_finished=False, packages_select_test_failures=False, packages_skip_test_passed=False, packages_select=['py_pubsub'], packages_skip=None, packages_select_regex=None, packages_skip_regex=None, packages_start=None, packages_end=None, allow_overriding=[], cmake_args=None, cmake_target=None, cmake_target_skip_unavailable=False, cmake_clean_cache=False, cmake_clean_first=False, cmake_force_configure=False, ament_cmake_args=None, catkin_cmake_args=None, catkin_skip_building_tests=False, mixin_files=None, mixin=None, verb_parser=<colcon_mixin.mixin.mixin_argument.MixinArgumentDecorator object at 0x760329296110>, verb_extension=<colcon_core.verb.build.BuildVerb object at 0x76032939a9b0>, main=<bound method BuildVerb.main of <colcon_core.verb.build.BuildVerb object at 0x76032939a9b0>>, mixin_verb=('build',))
[0.277s] Level 1:colcon.colcon_core.package_discovery:discover_packages(colcon_meta) check parameters
[0.277s] Level 1:colcon.colcon_core.package_discovery:discover_packages(recursive) check parameters
[0.277s] Level 1:colcon.colcon_core.package_discovery:discover_packages(ignore) check parameters
[0.277s] Level 1:colcon.colcon_core.package_discovery:discover_packages(path) check parameters
[0.277s] Level 1:colcon.colcon_core.package_discovery:discover_packages(colcon_meta) discover
[0.277s] Level 1:colcon.colcon_core.package_discovery:discover_packages(recursive) discover
[0.277s] INFO:colcon.colcon_core.package_discovery:Crawling recursively for packages in '/home/nazar/dev/ROS2/src'
[0.277s] Level 1:colcon.colcon_core.package_identification:_identify(.) by extensions ['ignore', 'ignore_ament_install']
[0.277s] Level 1:colcon.colcon_core.package_identification:_identify(.) by extension 'ignore'
[0.277s] Level 1:colcon.colcon_core.package_identification:_identify(.) by extension 'ignore_ament_install'
[0.277s] Level 1:colcon.colcon_core.package_identification:_identify(.) by extensions ['colcon_pkg']
[0.277s] Level 1:colcon.colcon_core.package_identification:_identify(.) by extension 'colcon_pkg'
[0.277s] Level 1:colcon.colcon_core.package_identification:_identify(.) by extensions ['colcon_meta']
[0.277s] Level 1:colcon.colcon_core.package_identification:_identify(.) by extension 'colcon_meta'
[0.278s] Level 1:colcon.colcon_core.package_identification:_identify(.) by extensions ['ros']
[0.278s] Level 1:colcon.colcon_core.package_identification:_identify(.) by extension 'ros'
[0.287s] Level 1:colcon.colcon_core.package_identification:_identify(.) by extensions ['cmake', 'python']
[0.287s] Level 1:colcon.colcon_core.package_identification:_identify(.) by extension 'cmake'
[0.287s] Level 1:colcon.colcon_core.package_identification:_identify(.) by extension 'python'
[0.288s] Level 1:colcon.colcon_core.package_identification:_identify(.) by extensions ['python_setup_py']
[0.288s] Level 1:colcon.colcon_core.package_identification:_identify(.) by extension 'python_setup_py'
[0.288s] Level 1:colcon.colcon_core.package_identification:_identify(build) by extensions ['ignore', 'ignore_ament_install']
[0.288s] Level 1:colcon.colcon_core.package_identification:_identify(build) by extension 'ignore'
[0.288s] Level 1:colcon.colcon_core.package_identification:_identify(build) ignored
[0.288s] Level 1:colcon.colcon_core.package_identification:_identify(fibonacci_interfaces) by extensions ['ignore', 'ignore_ament_install']
[0.288s] Level 1:colcon.colcon_core.package_identification:_identify(fibonacci_interfaces) by extension 'ignore'
[0.288s] Level 1:colcon.colcon_core.package_identification:_identify(fibonacci_interfaces) by extension 'ignore_ament_install'
[0.288s] Level 1:colcon.colcon_core.package_identification:_identify(fibonacci_interfaces) by extensions ['colcon_pkg']
[0.288s] Level 1:colcon.colcon_core.package_identification:_identify(fibonacci_interfaces) by extension 'colcon_pkg'
[0.288s] Level 1:colcon.colcon_core.package_identification:_identify(fibonacci_interfaces) by extensions ['colcon_meta']
[0.288s] Level 1:colcon.colcon_core.package_identification:_identify(fibonacci_interfaces) by extension 'colcon_meta'
[0.288s] Level 1:colcon.colcon_core.package_identification:_identify(fibonacci_interfaces) by extensions ['ros']
[0.288s] Level 1:colcon.colcon_core.package_identification:_identify(fibonacci_interfaces) by extension 'ros'
[0.290s] DEBUG:colcon.colcon_core.package_identification:Package 'fibonacci_interfaces' with type 'ros.ament_cmake' and name 'action_tutorials_interfaces'
[0.291s] Level 1:colcon.colcon_core.package_identification:_identify(install) by extensions ['ignore', 'ignore_ament_install']
[0.291s] Level 1:colcon.colcon_core.package_identification:_identify(install) by extension 'ignore'
[0.291s] Level 1:colcon.colcon_core.package_identification:_identify(install) ignored
[0.291s] Level 1:colcon.colcon_core.package_identification:_identify(log) by extensions ['ignore', 'ignore_ament_install']
[0.291s] Level 1:colcon.colcon_core.package_identification:_identify(log) by extension 'ignore'
[0.291s] Level 1:colcon.colcon_core.package_identification:_identify(log) ignored
[0.291s] Level 1:colcon.colcon_core.package_identification:_identify(py_pubsub) by extensions ['ignore', 'ignore_ament_install']
[0.291s] Level 1:colcon.colcon_core.package_identification:_identify(py_pubsub) by extension 'ignore'
[0.291s] Level 1:colcon.colcon_core.package_identification:_identify(py_pubsub) by extension 'ignore_ament_install'
[0.291s] Level 1:colcon.colcon_core.package_identification:_identify(py_pubsub) by extensions ['colcon_pkg']
[0.291s] Level 1:colcon.colcon_core.package_identification:_identify(py_pubsub) by extension 'colcon_pkg'
[0.291s] Level 1:colcon.colcon_core.package_identification:_identify(py_pubsub) by extensions ['colcon_meta']
[0.291s] Level 1:colcon.colcon_core.package_identification:_identify(py_pubsub) by extension 'colcon_meta'
[0.291s] Level 1:colcon.colcon_core.package_identification:_identify(py_pubsub) by extensions ['ros']
[0.291s] Level 1:colcon.colcon_core.package_identification:_identify(py_pubsub) by extension 'ros'
[0.292s] DEBUG:colcon.colcon_core.package_identification:Package 'py_pubsub' with type 'ros.ament_python' and name 'py_pubsub'
[0.292s] Level 1:colcon.colcon_core.package_identification:_identify(toxic_relationship) by extensions ['ignore', 'ignore_ament_install']
[0.292s] Level 1:colcon.colcon_core.package_identification:_identify(toxic_relationship) by extension 'ignore'
[0.292s] Level 1:colcon.colcon_core.package_identification:_identify(toxic_relationship) by extension 'ignore_ament_install'
[0.292s] Level 1:colcon.colcon_core.package_identification:_identify(toxic_relationship) by extensions ['colcon_pkg']
[0.292s] Level 1:colcon.colcon_core.package_identification:_identify(toxic_relationship) by extension 'colcon_pkg'
[0.293s] Level 1:colcon.colcon_core.package_identification:_identify(toxic_relationship) by extensions ['colcon_meta']
[0.293s] Level 1:colcon.colcon_core.package_identification:_identify(toxic_relationship) by extension 'colcon_meta'
[0.293s] Level 1:colcon.colcon_core.package_identification:_identify(toxic_relationship) by extensions ['ros']
[0.293s] Level 1:colcon.colcon_core.package_identification:_identify(toxic_relationship) by extension 'ros'
[0.293s] DEBUG:colcon.colcon_core.package_identification:Package 'toxic_relationship' with type 'ros.ament_cmake' and name 'toxic_relationship'
[0.293s] Level 1:colcon.colcon_core.package_discovery:discover_packages(recursive) using defaults
[0.293s] Level 1:colcon.colcon_core.package_discovery:discover_packages(ignore) discover
[0.293s] Level 1:colcon.colcon_core.package_discovery:discover_packages(ignore) using defaults
[0.293s] Level 1:colcon.colcon_core.package_discovery:discover_packages(path) discover
[0.293s] Level 1:colcon.colcon_core.package_discovery:discover_packages(path) using defaults
[0.311s] INFO:colcon.colcon_core.package_selection:Skipping not selected package 'action_tutorials_interfaces' in 'fibonacci_interfaces'
[0.311s] INFO:colcon.colcon_core.package_selection:Skipping not selected package 'toxic_relationship' in 'toxic_relationship'
[0.312s] Level 1:colcon.colcon_core.package_discovery:discover_packages(prefix_path) check parameters
[0.312s] Level 1:colcon.colcon_core.package_discovery:discover_packages(prefix_path) discover
[0.313s] DEBUG:colcon.colcon_installed_package_information.package_discovery:Found 5 installed packages in /home/nazar/dev/ROS2/install
[0.314s] DEBUG:colcon.colcon_installed_package_information.package_discovery:Found 270 installed packages in /opt/ros/humble
[0.323s] Level 1:colcon.colcon_core.package_discovery:discover_packages(prefix_path) using defaults
[0.355s] Level 5:colcon.colcon_core.verb:set package 'py_pubsub' build argument 'cmake_args' from command line to 'None'
[0.355s] Level 5:colcon.colcon_core.verb:set package 'py_pubsub' build argument 'cmake_target' from command line to 'None'
[0.355s] Level 5:colcon.colcon_core.verb:set package 'py_pubsub' build argument 'cmake_target_skip_unavailable' from command line to 'False'
[0.355s] Level 5:colcon.colcon_core.verb:set package 'py_pubsub' build argument 'cmake_clean_cache' from command line to 'False'
[0.355s] Level 5:colcon.colcon_core.verb:set package 'py_pubsub' build argument 'cmake_clean_first' from command line to 'False'
[0.355s] Level 5:colcon.colcon_core.verb:set package 'py_pubsub' build argument 'cmake_force_configure' from command line to 'False'
[0.355s] Level 5:colcon.colcon_core.verb:set package 'py_pubsub' build argument 'ament_cmake_args' from command line to 'None'
[0.355s] Level 5:colcon.colcon_core.verb:set package 'py_pubsub' build argument 'catkin_cmake_args' from command line to 'None'
[0.355s] Level 5:colcon.colcon_core.verb:set package 'py_pubsub' build argument 'catkin_skip_building_tests' from command line to 'False'
[0.355s] DEBUG:colcon.colcon_core.verb:Building package 'py_pubsub' with the following arguments: {'ament_cmake_args': None, 'build_base': '/home/nazar/dev/ROS2/src/build/py_pubsub', 'catkin_cmake_args': None, 'catkin_skip_building_tests': False, 'cmake_args': None, 'cmake_clean_cache': False, 'cmake_clean_first': False, 'cmake_force_configure': False, 'cmake_target': None, 'cmake_target_skip_unavailable': False, 'install_base': '/home/nazar/dev/ROS2/src/install/py_pubsub', 'merge_install': False, 'path': '/home/nazar/dev/ROS2/src/py_pubsub', 'symlink_install': False, 'test_result_base': None}
[0.356s] INFO:colcon.colcon_core.executor:Executing jobs using 'parallel' executor
[0.356s] DEBUG:colcon.colcon_parallel_executor.executor.parallel:run_until_complete
[0.357s] INFO:colcon.colcon_ros.task.ament_python.build:Building ROS package in '/home/nazar/dev/ROS2/src/py_pubsub' with build type 'ament_python'
[0.357s] Level 1:colcon.colcon_core.shell:create_environment_hook('py_pubsub', 'ament_prefix_path')
[0.359s] INFO:colcon.colcon_core.plugin_system:Skipping extension 'colcon_core.shell.bat': Not used on non-Windows systems
[0.359s] INFO:colcon.colcon_core.shell:Creating environment hook '/home/nazar/dev/ROS2/src/install/py_pubsub/share/py_pubsub/hook/ament_prefix_path.ps1'
[0.360s] INFO:colcon.colcon_core.shell:Creating environment descriptor '/home/nazar/dev/ROS2/src/install/py_pubsub/share/py_pubsub/hook/ament_prefix_path.dsv'
[0.360s] INFO:colcon.colcon_core.shell:Creating environment hook '/home/nazar/dev/ROS2/src/install/py_pubsub/share/py_pubsub/hook/ament_prefix_path.sh'
[0.361s] INFO:colcon.colcon_core.shell:Skip shell extension 'powershell' for command environment: Not usable outside of PowerShell
[0.361s] DEBUG:colcon.colcon_core.shell:Skip shell extension 'dsv' for command environment
[0.616s] INFO:colcon.colcon_core.task.python.build:Building Python package in '/home/nazar/dev/ROS2/src/py_pubsub'
[0.616s] INFO:colcon.colcon_core.shell:Skip shell extension 'powershell' for command environment: Not usable outside of PowerShell
[0.616s] DEBUG:colcon.colcon_core.shell:Skip shell extension 'dsv' for command environment
[0.999s] DEBUG:colcon.colcon_core.event_handler.log_command:Invoking command in '/home/nazar/dev/ROS2/src/py_pubsub': PS1=(ros2_env) ${$((_p9k_on_expand()))+}%{${_p9k__raw_msg-}${_p9k__raw_msg::=}%}${(e)_p9k_t[7]}${_p9k__1-${${:-${_p9k__d::=0}${_p9k__rprompt::=${_p9k__1r-${${:-${_p9k__bg::=NONE}${_p9k__i::=0}${_p9k__sss::=${(Q)${:-"%\\{%\\}"}}}}+}${${:-${P9K_CONTENT::=INT}${_p9k__n::=}${${${_p9k__bg:-0}:#NONE}:-${_p9k__n::=112}}${_p9k__n:=${${(M)${:-x$_p9k__bg}:#x(|0)}:+114}}${_p9k__n:=115}${_p9k__v::="✘"}${_p9k__c::="${P9K_CONTENT}"}${_p9k__c::=${_p9k__c//
}}${_p9k__e::=${${_p9k__1rstatus+00}:-${${(%):-$_p9k__c%1(l.1.0)}[-1]}1}}}+}${${_p9k__e:#00}:+${_p9k_t[$_p9k__n]/<_p9k__w>/$_p9k__w}${_p9k__v}${${(M)_p9k__e:#11}:+ }${_p9k__c}%b%k%F{160\}${${:-${_p9k__w::=%b%k%F{160\}}${_p9k__sss::=%b%k%F{160\}}${_p9k__i::=1}${_p9k__bg::=}}+}}${${:-"${${(%):-%j}:#0}"}:+${${:-${P9K_CONTENT::=""}${_p9k__n::=}${${${_p9k__bg:-0}:#NONE}:-${_p9k__n::=12}}${_p9k__n:=${${(M)${:-x$_p9k__bg}:#x(|0)}:+14}}${_p9k__n:=15}${_p9k__v::=}${_p9k__c::="${P9K_CONTENT}"}${_p9k__c::=${_p9k__c//
}}${_p9k__e::=${${_p9k__1rbackground_jobs+00}:-${${(%):-$_p9k__c%1(l.1.0)}[-1]}1}}}+}${${_p9k__e:#00}:+${_p9k_t[$_p9k__n]/<_p9k__w>/$_p9k__w}${_p9k__v}${${(M)_p9k__e:#11}:+ }${_p9k__c}%b%k%F{070\}${${:-${_p9k__w::=%b%k%F{070\}}${_p9k__sss::=%b%k%F{070\}}${_p9k__i::=3}${_p9k__bg::=}}+}}}${${:-"${${(%):-%#}:#\#}"}:+${${:-${P9K_CONTENT::=%n@%m}${_p9k__n::=}${${${_p9k__bg:-0}:#NONE}:-${_p9k__n::=16}}${_p9k__n:=${${(M)${:-x$_p9k__bg}:#x(|0)}:+18}}${_p9k__n:=19}${_p9k__c::=}${_p9k__c::=${_p9k__c//
}}${_p9k__e::=${${_p9k__1rcontext+00}:-${${(%):-$_p9k__c%1(l.1.0)}[-1]}0}}}+}${${_p9k__e:#00}:+${_p9k_t[$_p9k__n]/<_p9k__w>/$_p9k__w}${_p9k__c}%b%k%F{180\}${${:-${_p9k__w::=%b%k%F{180\}}${_p9k__sss::=%b%k%F{180\}}${_p9k__i::=31}${_p9k__bg::=}}+}}}${${:-"${${(%):-%#}:#\%}"}:+${${:-${P9K_CONTENT::=%B%n@%m}${_p9k__n::=}${${${_p9k__bg:-0}:#NONE}:-${_p9k__n::=20}}${_p9k__n:=${${(M)${:-x$_p9k__bg}:#x(|0)}:+22}}${_p9k__n:=23}${_p9k__c::="${P9K_CONTENT}"}${_p9k__c::=${_p9k__c//
}}${_p9k__e::=${${_p9k__1rcontext+00}:-${${(%):-$_p9k__c%1(l.1.0)}[-1]}0}}}+}${${_p9k__e:#00}:+${_p9k_t[$_p9k__n]/<_p9k__w>/$_p9k__w}${_p9k__c}%b%k%F{178\}${${:-${_p9k__w::=%b%k%F{178\}}${_p9k__sss::=%b%k%F{178\}}${_p9k__i::=31}${_p9k__bg::=}}+}}}${${:-${P9K_CONTENT::=11:03:16}${_p9k__n::=}${${${_p9k__bg:-0}:#NONE}:-${_p9k__n::=24}}${_p9k__n:=${${(M)${:-x$_p9k__bg}:#x(|0)}:+26}}${_p9k__n:=27}${_p9k__v::=}${_p9k__c::="${P9K_CONTENT}"}${_p9k__c::=${_p9k__c//
}}${_p9k__e::=${${_p9k__1rtime+00}:-${${(%):-$_p9k__c%1(l.1.0)}[-1]}1}}}+}${${_p9k__e:#00}:+${_p9k_t[$_p9k__n]/<_p9k__w>/$_p9k__w}${_p9k__v}${${(M)_p9k__e:#11}:+ }${_p9k__c}%b%k%F{066\}${${:-${_p9k__w::=%b%k%F{066\}}${_p9k__sss::=%b%k%F{066\}}${_p9k__i::=43}${_p9k__bg::=}}+}}$_p9k__sss%b%k%f}}${_p9k__lprompt::=${_p9k__1l-${${:-${_p9k__bg::=NONE}${_p9k__i::=0}${_p9k__sss::=%f }}+}${${:-${P9K_CONTENT::=}${_p9k__n::=}${${${_p9k__bg:-0}:#NONE}:-${_p9k__n::=28}}${_p9k__n:=${${(M)${:-x}:#x($_p9k__bg|${_p9k__bg:-0})}:+30}}${_p9k__n:=31}${_p9k__c::="${P9K_CONTENT}"}${_p9k__c::=${_p9k__c//
}}${_p9k__e::=${${_p9k__1los_icon+00}:-${${(%):-$_p9k__c%1(l.1.0)}[-1]}0}}}+}${${_p9k__e:#00}:+${${_p9k_t[$_p9k__n]/<_p9k__ss>/$_p9k__ss}/<_p9k__s>/$_p9k__s}${_p9k__c}%b%k%f${${:-${_p9k__s::=%F{\}}${_p9k__ss::= }${_p9k__sss::=%F{\} }${_p9k__i::=1}${_p9k__bg::=}}+}}${${:-${P9K_CONTENT::="%{d%}${:-"%B%F{039}"}${(Q)${:-"\\~"}}${:-"%b%k%F{031}"}/dev/${:-"%B%F{039}"}ROS2${:-"%b%k%F{031}"}%{d%}"}${_p9k__n::=}${${${_p9k__bg:-0}:#NONE}:-${_p9k__n::=84}}${_p9k__n:=${${(M)${:-x}:#x($_p9k__bg|${_p9k__bg:-0})}:+86}}${_p9k__n:=87}${_p9k__v::=}${_p9k__c::="${P9K_CONTENT}"}${_p9k__c::=${_p9k__c//
}}${_p9k__e::=${${_p9k__1ldir+00}:-${${(%):-$_p9k__c%1(l.1.0)}[-1]}1}}}+}${${_p9k__e:#00}:+${${_p9k_t[$_p9k__n]/<_p9k__ss>/$_p9k__ss}/<_p9k__s>/$_p9k__s}${_p9k__v}${${(M)_p9k__e:#11}:+ }${_p9k__c}%b%k%F{031\}${${:-${_p9k__s::=%F{\}}${_p9k__ss::= }${_p9k__sss::=%F{\} }${_p9k__i::=2}${_p9k__bg::=}}+}}${(e)_p9k__vcs}%b%k$_p9k__sss%b%k%f}}}+}${(e)_p9k_t[6]}${${_p9k__h::=0}+}${${_p9k__d::=$((_p9k__m-_p9k__h))}+}${_p9k__lprompt/\%\{d\%\}*\%\{d\%\}/${_p9k__1ldir-${:-"%B%F{039}"}${(Q)${:-"\\~"}}${:-"%b%k%F{031}"}/dev/${:-"%B%F{039}"}ROS2${:-"%b%k%F{031}"}}}${${_p9k__m::=$((_p9k__d+_p9k__h))}+}${${_p9k__g+
}:-${:-"%F{240}"}${${${_p9k__m:#-*}:+${${_p9k__1g+${(pl.$((_p9k__m+1)).. .)}}:-${(pl.$((_p9k__m+1))..·.)}}$_p9k__rprompt${_p9k_t[$((1+!_p9k__ind))]}}:-
}%b%k%f}}${_p9k__2-${_p9k__2l-${${:-${_p9k__bg::=NONE}${_p9k__i::=0}${_p9k__sss::=%f }}+}${${:-"${${:-$_p9k__keymap.$_p9k__zle_state}:#(vicmd.*|vivis.*|vivli.*|*.*overwrite*)}"}:+${${:-${P9K_CONTENT::=❯}${_p9k__n::=}${${${_p9k__bg:-0}:#NONE}:-${_p9k__n::=96}}${_p9k__n:=${${(M)${:-x}:#x($_p9k__bg|${_p9k__bg:-0})}:+98}}${_p9k__n:=99}${_p9k__c::="❯"}${_p9k__c::=${_p9k__c//
}}${_p9k__e::=${${_p9k__2lprompt_char+00}:-${${(%):-$_p9k__c%1(l.1.0)}[-1]}0}}}+}${${_p9k__e:#00}:+${${_p9k_t[$_p9k__n]/<_p9k__ss>/$_p9k__ss}/<_p9k__s>/$_p9k__s}${_p9k__c}%b%k%F{196\}${${:-${_p9k__s::=%F{\}}${_p9k__ss::= }${_p9k__sss::=%F{\}}${_p9k__i::=4}${_p9k__bg::=}}+}}}${${:-"${${:-$_p9k__keymap.$_p9k__zle_state}:#(vicmd.*|vivis.*|vivli.*|*.*insert*)}"}:+${${:-${P9K_CONTENT::=▶}${_p9k__n::=}${${${_p9k__bg:-0}:#NONE}:-${_p9k__n::=100}}${_p9k__n:=${${(M)${:-x}:#x($_p9k__bg|${_p9k__bg:-0})}:+102}}${_p9k__n:=103}${_p9k__c::="▶"}${_p9k__c::=${_p9k__c//
}}${_p9k__e::=${${_p9k__2lprompt_char+00}:-${${(%):-$_p9k__c%1(l.1.0)}[-1]}0}}}+}${${_p9k__e:#00}:+${${_p9k_t[$_p9k__n]/<_p9k__ss>/$_p9k__ss}/<_p9k__s>/$_p9k__s}${_p9k__c}%b%k%F{196\}${${:-${_p9k__s::=%F{\}}${_p9k__ss::= }${_p9k__sss::=%F{\}}${_p9k__i::=4}${_p9k__bg::=}}+}}}${${:-"${(M)${:-$_p9k__keymap$_p9k__region_active}:#vicmd0}"}:+${${:-${P9K_CONTENT::=❮}${_p9k__n::=}${${${_p9k__bg:-0}:#NONE}:-${_p9k__n::=104}}${_p9k__n:=${${(M)${:-x}:#x($_p9k__bg|${_p9k__bg:-0})}:+106}}${_p9k__n:=107}${_p9k__c::="❮"}${_p9k__c::=${_p9k__c//
}}${_p9k__e::=${${_p9k__2lprompt_char+00}:-${${(%):-$_p9k__c%1(l.1.0)}[-1]}0}}}+}${${_p9k__e:#00}:+${${_p9k_t[$_p9k__n]/<_p9k__ss>/$_p9k__ss}/<_p9k__s>/$_p9k__s}${_p9k__c}%b%k%F{196\}${${:-${_p9k__s::=%F{\}}${_p9k__ss::= }${_p9k__sss::=%F{\}}${_p9k__i::=4}${_p9k__bg::=}}+}}}${${:-"${(M)${:-$_p9k__keymap$_p9k__region_active}:#(vicmd1|vivis?|vivli?)}"}:+${${:-${P9K_CONTENT::=Ⅴ}${_p9k__n::=}${${${_p9k__bg:-0}:#NONE}:-${_p9k__n::=108}}${_p9k__n:=${${(M)${:-x}:#x($_p9k__bg|${_p9k__bg:-0})}:+110}}${_p9k__n:=111}${_p9k__c::="V"}${_p9k__c::=${_p9k__c//
}}${_p9k__e::=${${_p9k__2lprompt_char+00}:-${${(%):-$_p9k__c%1(l.1.0)}[-1]}0}}}+}${${_p9k__e:#00}:+${${_p9k_t[$_p9k__n]/<_p9k__ss>/$_p9k__ss}/<_p9k__s>/$_p9k__s}${_p9k__c}%b%k%F{196\}${${:-${_p9k__s::=%F{\}}${_p9k__ss::= }${_p9k__sss::=%F{\}}${_p9k__i::=4}${_p9k__bg::=}}+}}}%b%k$_p9k__sss%b%k%f${:-" %b%k%f"}}}${${COLUMNS::=$_p9k__clm}+} PYTHONPATH=/home/nazar/dev/ROS2/src/build/py_pubsub/prefix_override:/home/nazar/.local/lib/python3.10/site-packages/colcon_core/task/python/colcon_distutils_commands:/home/nazar/dev/ROS2/src/install/py_pubsub/lib/python3.10/site-packages:${PYTHONPATH} VIRTUAL_ENV_PROMPT=(ros2_env) /usr/bin/python3 -W ignore:setup.py install is deprecated setup.py egg_info --egg-base ../build/py_pubsub build --build-base /home/nazar/dev/ROS2/src/build/py_pubsub/build install --record /home/nazar/dev/ROS2/src/build/py_pubsub/install.log --single-version-externally-managed install_data
[1.286s] DEBUG:colcon.colcon_core.event_handler.log_command:Invoked command in '/home/nazar/dev/ROS2/src/py_pubsub' returned '0': PS1=(ros2_env) ${$((_p9k_on_expand()))+}%{${_p9k__raw_msg-}${_p9k__raw_msg::=}%}${(e)_p9k_t[7]}${_p9k__1-${${:-${_p9k__d::=0}${_p9k__rprompt::=${_p9k__1r-${${:-${_p9k__bg::=NONE}${_p9k__i::=0}${_p9k__sss::=${(Q)${:-"%\\{%\\}"}}}}+}${${:-${P9K_CONTENT::=INT}${_p9k__n::=}${${${_p9k__bg:-0}:#NONE}:-${_p9k__n::=112}}${_p9k__n:=${${(M)${:-x$_p9k__bg}:#x(|0)}:+114}}${_p9k__n:=115}${_p9k__v::="✘"}${_p9k__c::="${P9K_CONTENT}"}${_p9k__c::=${_p9k__c//
}}${_p9k__e::=${${_p9k__1rstatus+00}:-${${(%):-$_p9k__c%1(l.1.0)}[-1]}1}}}+}${${_p9k__e:#00}:+${_p9k_t[$_p9k__n]/<_p9k__w>/$_p9k__w}${_p9k__v}${${(M)_p9k__e:#11}:+ }${_p9k__c}%b%k%F{160\}${${:-${_p9k__w::=%b%k%F{160\}}${_p9k__sss::=%b%k%F{160\}}${_p9k__i::=1}${_p9k__bg::=}}+}}${${:-"${${(%):-%j}:#0}"}:+${${:-${P9K_CONTENT::=""}${_p9k__n::=}${${${_p9k__bg:-0}:#NONE}:-${_p9k__n::=12}}${_p9k__n:=${${(M)${:-x$_p9k__bg}:#x(|0)}:+14}}${_p9k__n:=15}${_p9k__v::=}${_p9k__c::="${P9K_CONTENT}"}${_p9k__c::=${_p9k__c//
}}${_p9k__e::=${${_p9k__1rbackground_jobs+00}:-${${(%):-$_p9k__c%1(l.1.0)}[-1]}1}}}+}${${_p9k__e:#00}:+${_p9k_t[$_p9k__n]/<_p9k__w>/$_p9k__w}${_p9k__v}${${(M)_p9k__e:#11}:+ }${_p9k__c}%b%k%F{070\}${${:-${_p9k__w::=%b%k%F{070\}}${_p9k__sss::=%b%k%F{070\}}${_p9k__i::=3}${_p9k__bg::=}}+}}}${${:-"${${(%):-%#}:#\#}"}:+${${:-${P9K_CONTENT::=%n@%m}${_p9k__n::=}${${${_p9k__bg:-0}:#NONE}:-${_p9k__n::=16}}${_p9k__n:=${${(M)${:-x$_p9k__bg}:#x(|0)}:+18}}${_p9k__n:=19}${_p9k__c::=}${_p9k__c::=${_p9k__c//
}}${_p9k__e::=${${_p9k__1rcontext+00}:-${${(%):-$_p9k__c%1(l.1.0)}[-1]}0}}}+}${${_p9k__e:#00}:+${_p9k_t[$_p9k__n]/<_p9k__w>/$_p9k__w}${_p9k__c}%b%k%F{180\}${${:-${_p9k__w::=%b%k%F{180\}}${_p9k__sss::=%b%k%F{180\}}${_p9k__i::=31}${_p9k__bg::=}}+}}}${${:-"${${(%):-%#}:#\%}"}:+${${:-${P9K_CONTENT::=%B%n@%m}${_p9k__n::=}${${${_p9k__bg:-0}:#NONE}:-${_p9k__n::=20}}${_p9k__n:=${${(M)${:-x$_p9k__bg}:#x(|0)}:+22}}${_p9k__n:=23}${_p9k__c::="${P9K_CONTENT}"}${_p9k__c::=${_p9k__c//
}}${_p9k__e::=${${_p9k__1rcontext+00}:-${${(%):-$_p9k__c%1(l.1.0)}[-1]}0}}}+}${${_p9k__e:#00}:+${_p9k_t[$_p9k__n]/<_p9k__w>/$_p9k__w}${_p9k__c}%b%k%F{178\}${${:-${_p9k__w::=%b%k%F{178\}}${_p9k__sss::=%b%k%F{178\}}${_p9k__i::=31}${_p9k__bg::=}}+}}}${${:-${P9K_CONTENT::=11:03:16}${_p9k__n::=}${${${_p9k__bg:-0}:#NONE}:-${_p9k__n::=24}}${_p9k__n:=${${(M)${:-x$_p9k__bg}:#x(|0)}:+26}}${_p9k__n:=27}${_p9k__v::=}${_p9k__c::="${P9K_CONTENT}"}${_p9k__c::=${_p9k__c//
}}${_p9k__e::=${${_p9k__1rtime+00}:-${${(%):-$_p9k__c%1(l.1.0)}[-1]}1}}}+}${${_p9k__e:#00}:+${_p9k_t[$_p9k__n]/<_p9k__w>/$_p9k__w}${_p9k__v}${${(M)_p9k__e:#11}:+ }${_p9k__c}%b%k%F{066\}${${:-${_p9k__w::=%b%k%F{066\}}${_p9k__sss::=%b%k%F{066\}}${_p9k__i::=43}${_p9k__bg::=}}+}}$_p9k__sss%b%k%f}}${_p9k__lprompt::=${_p9k__1l-${${:-${_p9k__bg::=NONE}${_p9k__i::=0}${_p9k__sss::=%f }}+}${${:-${P9K_CONTENT::=}${_p9k__n::=}${${${_p9k__bg:-0}:#NONE}:-${_p9k__n::=28}}${_p9k__n:=${${(M)${:-x}:#x($_p9k__bg|${_p9k__bg:-0})}:+30}}${_p9k__n:=31}${_p9k__c::="${P9K_CONTENT}"}${_p9k__c::=${_p9k__c//
}}${_p9k__e::=${${_p9k__1los_icon+00}:-${${(%):-$_p9k__c%1(l.1.0)}[-1]}0}}}+}${${_p9k__e:#00}:+${${_p9k_t[$_p9k__n]/<_p9k__ss>/$_p9k__ss}/<_p9k__s>/$_p9k__s}${_p9k__c}%b%k%f${${:-${_p9k__s::=%F{\}}${_p9k__ss::= }${_p9k__sss::=%F{\} }${_p9k__i::=1}${_p9k__bg::=}}+}}${${:-${P9K_CONTENT::="%{d%}${:-"%B%F{039}"}${(Q)${:-"\\~"}}${:-"%b%k%F{031}"}/dev/${:-"%B%F{039}"}ROS2${:-"%b%k%F{031}"}%{d%}"}${_p9k__n::=}${${${_p9k__bg:-0}:#NONE}:-${_p9k__n::=84}}${_p9k__n:=${${(M)${:-x}:#x($_p9k__bg|${_p9k__bg:-0})}:+86}}${_p9k__n:=87}${_p9k__v::=}${_p9k__c::="${P9K_CONTENT}"}${_p9k__c::=${_p9k__c//
}}${_p9k__e::=${${_p9k__1ldir+00}:-${${(%):-$_p9k__c%1(l.1.0)}[-1]}1}}}+}${${_p9k__e:#00}:+${${_p9k_t[$_p9k__n]/<_p9k__ss>/$_p9k__ss}/<_p9k__s>/$_p9k__s}${_p9k__v}${${(M)_p9k__e:#11}:+ }${_p9k__c}%b%k%F{031\}${${:-${_p9k__s::=%F{\}}${_p9k__ss::= }${_p9k__sss::=%F{\} }${_p9k__i::=2}${_p9k__bg::=}}+}}${(e)_p9k__vcs}%b%k$_p9k__sss%b%k%f}}}+}${(e)_p9k_t[6]}${${_p9k__h::=0}+}${${_p9k__d::=$((_p9k__m-_p9k__h))}+}${_p9k__lprompt/\%\{d\%\}*\%\{d\%\}/${_p9k__1ldir-${:-"%B%F{039}"}${(Q)${:-"\\~"}}${:-"%b%k%F{031}"}/dev/${:-"%B%F{039}"}ROS2${:-"%b%k%F{031}"}}}${${_p9k__m::=$((_p9k__d+_p9k__h))}+}${${_p9k__g+
}:-${:-"%F{240}"}${${${_p9k__m:#-*}:+${${_p9k__1g+${(pl.$((_p9k__m+1)).. .)}}:-${(pl.$((_p9k__m+1))..·.)}}$_p9k__rprompt${_p9k_t[$((1+!_p9k__ind))]}}:-
}%b%k%f}}${_p9k__2-${_p9k__2l-${${:-${_p9k__bg::=NONE}${_p9k__i::=0}${_p9k__sss::=%f }}+}${${:-"${${:-$_p9k__keymap.$_p9k__zle_state}:#(vicmd.*|vivis.*|vivli.*|*.*overwrite*)}"}:+${${:-${P9K_CONTENT::=❯}${_p9k__n::=}${${${_p9k__bg:-0}:#NONE}:-${_p9k__n::=96}}${_p9k__n:=${${(M)${:-x}:#x($_p9k__bg|${_p9k__bg:-0})}:+98}}${_p9k__n:=99}${_p9k__c::="❯"}${_p9k__c::=${_p9k__c//
}}${_p9k__e::=${${_p9k__2lprompt_char+00}:-${${(%):-$_p9k__c%1(l.1.0)}[-1]}0}}}+}${${_p9k__e:#00}:+${${_p9k_t[$_p9k__n]/<_p9k__ss>/$_p9k__ss}/<_p9k__s>/$_p9k__s}${_p9k__c}%b%k%F{196\}${${:-${_p9k__s::=%F{\}}${_p9k__ss::= }${_p9k__sss::=%F{\}}${_p9k__i::=4}${_p9k__bg::=}}+}}}${${:-"${${:-$_p9k__keymap.$_p9k__zle_state}:#(vicmd.*|vivis.*|vivli.*|*.*insert*)}"}:+${${:-${P9K_CONTENT::=▶}${_p9k__n::=}${${${_p9k__bg:-0}:#NONE}:-${_p9k__n::=100}}${_p9k__n:=${${(M)${:-x}:#x($_p9k__bg|${_p9k__bg:-0})}:+102}}${_p9k__n:=103}${_p9k__c::="▶"}${_p9k__c::=${_p9k__c//
}}${_p9k__e::=${${_p9k__2lprompt_char+00}:-${${(%):-$_p9k__c%1(l.1.0)}[-1]}0}}}+}${${_p9k__e:#00}:+${${_p9k_t[$_p9k__n]/<_p9k__ss>/$_p9k__ss}/<_p9k__s>/$_p9k__s}${_p9k__c}%b%k%F{196\}${${:-${_p9k__s::=%F{\}}${_p9k__ss::= }${_p9k__sss::=%F{\}}${_p9k__i::=4}${_p9k__bg::=}}+}}}${${:-"${(M)${:-$_p9k__keymap$_p9k__region_active}:#vicmd0}"}:+${${:-${P9K_CONTENT::=❮}${_p9k__n::=}${${${_p9k__bg:-0}:#NONE}:-${_p9k__n::=104}}${_p9k__n:=${${(M)${:-x}:#x($_p9k__bg|${_p9k__bg:-0})}:+106}}${_p9k__n:=107}${_p9k__c::="❮"}${_p9k__c::=${_p9k__c//
}}${_p9k__e::=${${_p9k__2lprompt_char+00}:-${${(%):-$_p9k__c%1(l.1.0)}[-1]}0}}}+}${${_p9k__e:#00}:+${${_p9k_t[$_p9k__n]/<_p9k__ss>/$_p9k__ss}/<_p9k__s>/$_p9k__s}${_p9k__c}%b%k%F{196\}${${:-${_p9k__s::=%F{\}}${_p9k__ss::= }${_p9k__sss::=%F{\}}${_p9k__i::=4}${_p9k__bg::=}}+}}}${${:-"${(M)${:-$_p9k__keymap$_p9k__region_active}:#(vicmd1|vivis?|vivli?)}"}:+${${:-${P9K_CONTENT::=Ⅴ}${_p9k__n::=}${${${_p9k__bg:-0}:#NONE}:-${_p9k__n::=108}}${_p9k__n:=${${(M)${:-x}:#x($_p9k__bg|${_p9k__bg:-0})}:+110}}${_p9k__n:=111}${_p9k__c::="V"}${_p9k__c::=${_p9k__c//
}}${_p9k__e::=${${_p9k__2lprompt_char+00}:-${${(%):-$_p9k__c%1(l.1.0)}[-1]}0}}}+}${${_p9k__e:#00}:+${${_p9k_t[$_p9k__n]/<_p9k__ss>/$_p9k__ss}/<_p9k__s>/$_p9k__s}${_p9k__c}%b%k%F{196\}${${:-${_p9k__s::=%F{\}}${_p9k__ss::= }${_p9k__sss::=%F{\}}${_p9k__i::=4}${_p9k__bg::=}}+}}}%b%k$_p9k__sss%b%k%f${:-" %b%k%f"}}}${${COLUMNS::=$_p9k__clm}+} PYTHONPATH=/home/nazar/dev/ROS2/src/build/py_pubsub/prefix_override:/home/nazar/.local/lib/python3.10/site-packages/colcon_core/task/python/colcon_distutils_commands:/home/nazar/dev/ROS2/src/install/py_pubsub/lib/python3.10/site-packages:${PYTHONPATH} VIRTUAL_ENV_PROMPT=(ros2_env) /usr/bin/python3 -W ignore:setup.py install is deprecated setup.py egg_info --egg-base ../build/py_pubsub build --build-base /home/nazar/dev/ROS2/src/build/py_pubsub/build install --record /home/nazar/dev/ROS2/src/build/py_pubsub/install.log --single-version-externally-managed install_data
[1.289s] Level 1:colcon.colcon_core.environment:checking '/home/nazar/dev/ROS2/src/install/py_pubsub' for CMake module files
[1.289s] Level 1:colcon.colcon_core.environment:checking '/home/nazar/dev/ROS2/src/install/py_pubsub' for CMake config files
[1.290s] Level 1:colcon.colcon_core.environment:checking '/home/nazar/dev/ROS2/src/install/py_pubsub/lib'
[1.290s] Level 1:colcon.colcon_core.environment:checking '/home/nazar/dev/ROS2/src/install/py_pubsub/bin'
[1.290s] Level 1:colcon.colcon_core.environment:checking '/home/nazar/dev/ROS2/src/install/py_pubsub/lib/pkgconfig/py_pubsub.pc'
[1.290s] Level 1:colcon.colcon_core.environment:checking '/home/nazar/dev/ROS2/src/install/py_pubsub/lib/python3.10/site-packages'
[1.290s] Level 1:colcon.colcon_core.shell:create_environment_hook('py_pubsub', 'pythonpath')
[1.290s] INFO:colcon.colcon_core.shell:Creating environment hook '/home/nazar/dev/ROS2/src/install/py_pubsub/share/py_pubsub/hook/pythonpath.ps1'
[1.291s] INFO:colcon.colcon_core.shell:Creating environment descriptor '/home/nazar/dev/ROS2/src/install/py_pubsub/share/py_pubsub/hook/pythonpath.dsv'
[1.291s] INFO:colcon.colcon_core.shell:Creating environment hook '/home/nazar/dev/ROS2/src/install/py_pubsub/share/py_pubsub/hook/pythonpath.sh'
[1.291s] Level 1:colcon.colcon_core.environment:checking '/home/nazar/dev/ROS2/src/install/py_pubsub/bin'
[1.291s] Level 1:colcon.colcon_core.environment:create_environment_scripts_only(py_pubsub)
[1.292s] INFO:colcon.colcon_core.shell:Creating package script '/home/nazar/dev/ROS2/src/install/py_pubsub/share/py_pubsub/package.ps1'
[1.292s] INFO:colcon.colcon_core.shell:Creating package descriptor '/home/nazar/dev/ROS2/src/install/py_pubsub/share/py_pubsub/package.dsv'
[1.293s] INFO:colcon.colcon_core.shell:Creating package script '/home/nazar/dev/ROS2/src/install/py_pubsub/share/py_pubsub/package.sh'
[1.293s] INFO:colcon.colcon_core.shell:Creating package script '/home/nazar/dev/ROS2/src/install/py_pubsub/share/py_pubsub/package.bash'
[1.294s] INFO:colcon.colcon_core.shell:Creating package script '/home/nazar/dev/ROS2/src/install/py_pubsub/share/py_pubsub/package.zsh'
[1.295s] Level 1:colcon.colcon_core.environment:create_file_with_runtime_dependencies(/home/nazar/dev/ROS2/src/install/py_pubsub/share/colcon-core/packages/py_pubsub)
[1.295s] DEBUG:colcon.colcon_parallel_executor.executor.parallel:closing loop
[1.295s] DEBUG:colcon.colcon_parallel_executor.executor.parallel:loop closed
[1.295s] DEBUG:colcon.colcon_parallel_executor.executor.parallel:run_until_complete finished with '0'
[1.296s] DEBUG:colcon.colcon_core.event_reactor:joining thread
[1.300s] INFO:colcon.colcon_core.plugin_system:Skipping extension 'colcon_notification.desktop_notification.notify_send': Could not find 'notify-send'
[1.300s] INFO:colcon.colcon_core.plugin_system:Skipping extension 'colcon_notification.desktop_notification.terminal_notifier': Not used on non-Darwin systems
[1.300s] INFO:colcon.colcon_core.plugin_system:Skipping extension 'colcon_notification.desktop_notification.win32': Not used on non-Windows systems
[1.300s] INFO:colcon.colcon_notification.desktop_notification:Sending desktop notification using 'notify2'
[1.309s] DEBUG:colcon.colcon_core.event_reactor:joined thread
[1.309s] INFO:colcon.colcon_core.shell:Creating prefix script '/home/nazar/dev/ROS2/src/install/local_setup.ps1'
[1.310s] INFO:colcon.colcon_core.shell:Creating prefix util module '/home/nazar/dev/ROS2/src/install/_local_setup_util_ps1.py'
[1.312s] INFO:colcon.colcon_core.shell:Creating prefix chain script '/home/nazar/dev/ROS2/src/install/setup.ps1'
[1.313s] INFO:colcon.colcon_core.shell:Creating prefix script '/home/nazar/dev/ROS2/src/install/local_setup.sh'
[1.313s] INFO:colcon.colcon_core.shell:Creating prefix util module '/home/nazar/dev/ROS2/src/install/_local_setup_util_sh.py'
[1.314s] INFO:colcon.colcon_core.shell:Creating prefix chain script '/home/nazar/dev/ROS2/src/install/setup.sh'
[1.315s] INFO:colcon.colcon_core.shell:Creating prefix script '/home/nazar/dev/ROS2/src/install/local_setup.bash'
[1.316s] INFO:colcon.colcon_core.shell:Creating prefix chain script '/home/nazar/dev/ROS2/src/install/setup.bash'
[1.317s] INFO:colcon.colcon_core.shell:Creating prefix script '/home/nazar/dev/ROS2/src/install/local_setup.zsh'
[1.318s] INFO:colcon.colcon_core.shell:Creating prefix chain script '/home/nazar/dev/ROS2/src/install/setup.zsh'
