[0.518s] Invoking command in '/home/nazar/dev/ROS2/build/toxic_relationship': CMAKE_PREFIX_PATH=${CMAKE_PREFIX_PATH}:/home/nazar/dev/ROS2/install/py_pubsub:/opt/ros/humble PS1=(ros2_env) ${$((_p9k_on_expand()))+}%{${_p9k__raw_msg-}${_p9k__raw_msg::=}%}${(e)_p9k_t[7]}${_p9k__1-${${:-${_p9k__d::=0}${_p9k__rprompt::=${_p9k__1r-${${:-${_p9k__bg::=NONE}${_p9k__i::=0}${_p9k__sss::=${(Q)${:-"%\\{%\\}"}}}}+}${${:-${P9K_CONTENT::=INT}${_p9k__n::=}${${${_p9k__bg:-0}:#NONE}:-${_p9k__n::=112}}${_p9k__n:=${${(M)${:-x$_p9k__bg}:#x(|0)}:+114}}${_p9k__n:=115}${_p9k__v::="✘"}${_p9k__c::="${P9K_CONTENT}"}${_p9k__c::=${_p9k__c//
}}${_p9k__e::=${${_p9k__1rstatus+00}:-${${(%):-$_p9k__c%1(l.1.0)}[-1]}1}}}+}${${_p9k__e:#00}:+${_p9k_t[$_p9k__n]/<_p9k__w>/$_p9k__w}${_p9k__v}${${(M)_p9k__e:#11}:+ }${_p9k__c}%b%k%F{160\}${${:-${_p9k__w::=%b%k%F{160\}}${_p9k__sss::=%b%k%F{160\}}${_p9k__i::=1}${_p9k__bg::=}}+}}${${:-"${${(%):-%j}:#0}"}:+${${:-${P9K_CONTENT::=""}${_p9k__n::=}${${${_p9k__bg:-0}:#NONE}:-${_p9k__n::=12}}${_p9k__n:=${${(M)${:-x$_p9k__bg}:#x(|0)}:+14}}${_p9k__n:=15}${_p9k__v::=}${_p9k__c::="${P9K_CONTENT}"}${_p9k__c::=${_p9k__c//
}}${_p9k__e::=${${_p9k__1rbackground_jobs+00}:-${${(%):-$_p9k__c%1(l.1.0)}[-1]}1}}}+}${${_p9k__e:#00}:+${_p9k_t[$_p9k__n]/<_p9k__w>/$_p9k__w}${_p9k__v}${${(M)_p9k__e:#11}:+ }${_p9k__c}%b%k%F{070\}${${:-${_p9k__w::=%b%k%F{070\}}${_p9k__sss::=%b%k%F{070\}}${_p9k__i::=3}${_p9k__bg::=}}+}}}${${:-"${${(%):-%#}:#\#}"}:+${${:-${P9K_CONTENT::=%n@%m}${_p9k__n::=}${${${_p9k__bg:-0}:#NONE}:-${_p9k__n::=16}}${_p9k__n:=${${(M)${:-x$_p9k__bg}:#x(|0)}:+18}}${_p9k__n:=19}${_p9k__c::=}${_p9k__c::=${_p9k__c//
}}${_p9k__e::=${${_p9k__1rcontext+00}:-${${(%):-$_p9k__c%1(l.1.0)}[-1]}0}}}+}${${_p9k__e:#00}:+${_p9k_t[$_p9k__n]/<_p9k__w>/$_p9k__w}${_p9k__c}%b%k%F{180\}${${:-${_p9k__w::=%b%k%F{180\}}${_p9k__sss::=%b%k%F{180\}}${_p9k__i::=31}${_p9k__bg::=}}+}}}${${:-"${${(%):-%#}:#\%}"}:+${${:-${P9K_CONTENT::=%B%n@%m}${_p9k__n::=}${${${_p9k__bg:-0}:#NONE}:-${_p9k__n::=20}}${_p9k__n:=${${(M)${:-x$_p9k__bg}:#x(|0)}:+22}}${_p9k__n:=23}${_p9k__c::="${P9K_CONTENT}"}${_p9k__c::=${_p9k__c//
}}${_p9k__e::=${${_p9k__1rcontext+00}:-${${(%):-$_p9k__c%1(l.1.0)}[-1]}0}}}+}${${_p9k__e:#00}:+${_p9k_t[$_p9k__n]/<_p9k__w>/$_p9k__w}${_p9k__c}%b%k%F{178\}${${:-${_p9k__w::=%b%k%F{178\}}${_p9k__sss::=%b%k%F{178\}}${_p9k__i::=31}${_p9k__bg::=}}+}}}${${:-${P9K_CONTENT::=11:03:16}${_p9k__n::=}${${${_p9k__bg:-0}:#NONE}:-${_p9k__n::=24}}${_p9k__n:=${${(M)${:-x$_p9k__bg}:#x(|0)}:+26}}${_p9k__n:=27}${_p9k__v::=}${_p9k__c::="${P9K_CONTENT}"}${_p9k__c::=${_p9k__c//
}}${_p9k__e::=${${_p9k__1rtime+00}:-${${(%):-$_p9k__c%1(l.1.0)}[-1]}1}}}+}${${_p9k__e:#00}:+${_p9k_t[$_p9k__n]/<_p9k__w>/$_p9k__w}${_p9k__v}${${(M)_p9k__e:#11}:+ }${_p9k__c}%b%k%F{066\}${${:-${_p9k__w::=%b%k%F{066\}}${_p9k__sss::=%b%k%F{066\}}${_p9k__i::=43}${_p9k__bg::=}}+}}$_p9k__sss%b%k%f}}${_p9k__lprompt::=${_p9k__1l-${${:-${_p9k__bg::=NONE}${_p9k__i::=0}${_p9k__sss::=%f }}+}${${:-${P9K_CONTENT::=}${_p9k__n::=}${${${_p9k__bg:-0}:#NONE}:-${_p9k__n::=28}}${_p9k__n:=${${(M)${:-x}:#x($_p9k__bg|${_p9k__bg:-0})}:+30}}${_p9k__n:=31}${_p9k__c::="${P9K_CONTENT}"}${_p9k__c::=${_p9k__c//
}}${_p9k__e::=${${_p9k__1los_icon+00}:-${${(%):-$_p9k__c%1(l.1.0)}[-1]}0}}}+}${${_p9k__e:#00}:+${${_p9k_t[$_p9k__n]/<_p9k__ss>/$_p9k__ss}/<_p9k__s>/$_p9k__s}${_p9k__c}%b%k%f${${:-${_p9k__s::=%F{\}}${_p9k__ss::= }${_p9k__sss::=%F{\} }${_p9k__i::=1}${_p9k__bg::=}}+}}${${:-${P9K_CONTENT::="%{d%}${:-"%B%F{039}"}${(Q)${:-"\\~"}}${:-"%b%k%F{031}"}/dev/${:-"%B%F{039}"}ROS2${:-"%b%k%F{031}"}%{d%}"}${_p9k__n::=}${${${_p9k__bg:-0}:#NONE}:-${_p9k__n::=84}}${_p9k__n:=${${(M)${:-x}:#x($_p9k__bg|${_p9k__bg:-0})}:+86}}${_p9k__n:=87}${_p9k__v::=}${_p9k__c::="${P9K_CONTENT}"}${_p9k__c::=${_p9k__c//
}}${_p9k__e::=${${_p9k__1ldir+00}:-${${(%):-$_p9k__c%1(l.1.0)}[-1]}1}}}+}${${_p9k__e:#00}:+${${_p9k_t[$_p9k__n]/<_p9k__ss>/$_p9k__ss}/<_p9k__s>/$_p9k__s}${_p9k__v}${${(M)_p9k__e:#11}:+ }${_p9k__c}%b%k%F{031\}${${:-${_p9k__s::=%F{\}}${_p9k__ss::= }${_p9k__sss::=%F{\} }${_p9k__i::=2}${_p9k__bg::=}}+}}${(e)_p9k__vcs}%b%k$_p9k__sss%b%k%f}}}+}${(e)_p9k_t[6]}${${_p9k__h::=0}+}${${_p9k__d::=$((_p9k__m-_p9k__h))}+}${_p9k__lprompt/\%\{d\%\}*\%\{d\%\}/${_p9k__1ldir-${:-"%B%F{039}"}${(Q)${:-"\\~"}}${:-"%b%k%F{031}"}/dev/${:-"%B%F{039}"}ROS2${:-"%b%k%F{031}"}}}${${_p9k__m::=$((_p9k__d+_p9k__h))}+}${${_p9k__g+
}:-${:-"%F{240}"}${${${_p9k__m:#-*}:+${${_p9k__1g+${(pl.$((_p9k__m+1)).. .)}}:-${(pl.$((_p9k__m+1))..·.)}}$_p9k__rprompt${_p9k_t[$((1+!_p9k__ind))]}}:-
}%b%k%f}}${_p9k__2-${_p9k__2l-${${:-${_p9k__bg::=NONE}${_p9k__i::=0}${_p9k__sss::=%f }}+}${${:-"${${:-$_p9k__keymap.$_p9k__zle_state}:#(vicmd.*|vivis.*|vivli.*|*.*overwrite*)}"}:+${${:-${P9K_CONTENT::=❯}${_p9k__n::=}${${${_p9k__bg:-0}:#NONE}:-${_p9k__n::=96}}${_p9k__n:=${${(M)${:-x}:#x($_p9k__bg|${_p9k__bg:-0})}:+98}}${_p9k__n:=99}${_p9k__c::="❯"}${_p9k__c::=${_p9k__c//
}}${_p9k__e::=${${_p9k__2lprompt_char+00}:-${${(%):-$_p9k__c%1(l.1.0)}[-1]}0}}}+}${${_p9k__e:#00}:+${${_p9k_t[$_p9k__n]/<_p9k__ss>/$_p9k__ss}/<_p9k__s>/$_p9k__s}${_p9k__c}%b%k%F{196\}${${:-${_p9k__s::=%F{\}}${_p9k__ss::= }${_p9k__sss::=%F{\}}${_p9k__i::=4}${_p9k__bg::=}}+}}}${${:-"${${:-$_p9k__keymap.$_p9k__zle_state}:#(vicmd.*|vivis.*|vivli.*|*.*insert*)}"}:+${${:-${P9K_CONTENT::=▶}${_p9k__n::=}${${${_p9k__bg:-0}:#NONE}:-${_p9k__n::=100}}${_p9k__n:=${${(M)${:-x}:#x($_p9k__bg|${_p9k__bg:-0})}:+102}}${_p9k__n:=103}${_p9k__c::="▶"}${_p9k__c::=${_p9k__c//
}}${_p9k__e::=${${_p9k__2lprompt_char+00}:-${${(%):-$_p9k__c%1(l.1.0)}[-1]}0}}}+}${${_p9k__e:#00}:+${${_p9k_t[$_p9k__n]/<_p9k__ss>/$_p9k__ss}/<_p9k__s>/$_p9k__s}${_p9k__c}%b%k%F{196\}${${:-${_p9k__s::=%F{\}}${_p9k__ss::= }${_p9k__sss::=%F{\}}${_p9k__i::=4}${_p9k__bg::=}}+}}}${${:-"${(M)${:-$_p9k__keymap$_p9k__region_active}:#vicmd0}"}:+${${:-${P9K_CONTENT::=❮}${_p9k__n::=}${${${_p9k__bg:-0}:#NONE}:-${_p9k__n::=104}}${_p9k__n:=${${(M)${:-x}:#x($_p9k__bg|${_p9k__bg:-0})}:+106}}${_p9k__n:=107}${_p9k__c::="❮"}${_p9k__c::=${_p9k__c//
}}${_p9k__e::=${${_p9k__2lprompt_char+00}:-${${(%):-$_p9k__c%1(l.1.0)}[-1]}0}}}+}${${_p9k__e:#00}:+${${_p9k_t[$_p9k__n]/<_p9k__ss>/$_p9k__ss}/<_p9k__s>/$_p9k__s}${_p9k__c}%b%k%F{196\}${${:-${_p9k__s::=%F{\}}${_p9k__ss::= }${_p9k__sss::=%F{\}}${_p9k__i::=4}${_p9k__bg::=}}+}}}${${:-"${(M)${:-$_p9k__keymap$_p9k__region_active}:#(vicmd1|vivis?|vivli?)}"}:+${${:-${P9K_CONTENT::=Ⅴ}${_p9k__n::=}${${${_p9k__bg:-0}:#NONE}:-${_p9k__n::=108}}${_p9k__n:=${${(M)${:-x}:#x($_p9k__bg|${_p9k__bg:-0})}:+110}}${_p9k__n:=111}${_p9k__c::="V"}${_p9k__c::=${_p9k__c//
}}${_p9k__e::=${${_p9k__2lprompt_char+00}:-${${(%):-$_p9k__c%1(l.1.0)}[-1]}0}}}+}${${_p9k__e:#00}:+${${_p9k_t[$_p9k__n]/<_p9k__ss>/$_p9k__ss}/<_p9k__s>/$_p9k__s}${_p9k__c}%b%k%F{196\}${${:-${_p9k__s::=%F{\}}${_p9k__ss::= }${_p9k__sss::=%F{\}}${_p9k__i::=4}${_p9k__bg::=}}+}}}%b%k$_p9k__sss%b%k%f${:-" %b%k%f"}}}${${COLUMNS::=$_p9k__clm}+} VIRTUAL_ENV_PROMPT=(ros2_env) /usr/bin/cmake --build /home/nazar/dev/ROS2/build/toxic_relationship -- -j8 -l8
[0.573s] [  3%] Built target toxic_relationship__cpp
[0.579s] [ 12%] Built target toxic_relationship__rosidl_generator_c
[0.591s] [ 12%] Built target ament_cmake_python_copy_toxic_relationship
[0.615s] [ 22%] Built target toxic_relationship__rosidl_typesupport_cpp
[0.634s] [ 32%] Built target toxic_relationship__rosidl_typesupport_introspection_cpp
[0.635s] [ 41%] Built target toxic_relationship__rosidl_typesupport_c
[0.637s] [ 51%] Built target toxic_relationship__rosidl_typesupport_fastrtps_c
[0.639s] [ 61%] Built target toxic_relationship__rosidl_typesupport_fastrtps_cpp
[0.649s] [ 70%] Built target toxic_relationship__rosidl_typesupport_introspection_c
[0.691s] [ 70%] Built target toxic_relationship
[0.725s] [ 74%] Built target toxic_relationship__py
[0.749s] [ 80%] Built target toxic_relationship__rosidl_generator_py
[0.776s] [ 87%] Built target toxic_relationship__rosidl_typesupport_introspection_c__pyext
[0.779s] [ 93%] Built target toxic_relationship__rosidl_typesupport_fastrtps_c__pyext
[0.780s] [100%] Built target toxic_relationship__rosidl_typesupport_c__pyext
[0.869s] running egg_info
[0.870s] writing toxic_relationship.egg-info/PKG-INFO
[0.870s] writing dependency_links to toxic_relationship.egg-info/dependency_links.txt
[0.870s] writing top-level names to toxic_relationship.egg-info/top_level.txt
[0.872s] reading manifest file 'toxic_relationship.egg-info/SOURCES.txt'
[0.873s] writing manifest file 'toxic_relationship.egg-info/SOURCES.txt'
[0.894s] [100%] Built target ament_cmake_python_build_toxic_relationship_egg
