[0.603s] Invoking command in '/home/nazar/dev/ROS2/src/py_pubsub': PYTHONPATH=/home/nazar/dev/ROS2/src/build/py_pubsub/prefix_override:/home/nazar/.local/lib/python3.10/site-packages/colcon_core/task/python/colcon_distutils_commands:/home/nazar/dev/ROS2/src/install/py_pubsub/lib/python3.10/site-packages:${PYTHONPATH} /usr/bin/python3 -W ignore:setup.py install is deprecated setup.py egg_info --egg-base ../build/py_pubsub build --build-base /home/nazar/dev/ROS2/src/build/py_pubsub/build install --record /home/nazar/dev/ROS2/src/build/py_pubsub/install.log --single-version-externally-managed install_data
[0.819s] running egg_info
[0.820s] writing ../build/py_pubsub/py_pubsub.egg-info/PKG-INFO
[0.820s] writing dependency_links to ../build/py_pubsub/py_pubsub.egg-info/dependency_links.txt
[0.821s] writing entry points to ../build/py_pubsub/py_pubsub.egg-info/entry_points.txt
[0.821s] writing requirements to ../build/py_pubsub/py_pubsub.egg-info/requires.txt
[0.821s] writing top-level names to ../build/py_pubsub/py_pubsub.egg-info/top_level.txt
[0.823s] reading manifest file '../build/py_pubsub/py_pubsub.egg-info/SOURCES.txt'
[0.823s] adding license file 'LICENSE'
[0.824s] writing manifest file '../build/py_pubsub/py_pubsub.egg-info/SOURCES.txt'
[0.824s] running build
[0.824s] running build_py
[0.825s] running install
[0.825s] running install_lib
[0.827s] running install_data
[0.827s] running install_egg_info
[0.828s] removing '/home/nazar/dev/ROS2/src/install/py_pubsub/lib/python3.10/site-packages/py_pubsub-0.0.0-py3.10.egg-info' (and everything under it)
[0.828s] Copying ../build/py_pubsub/py_pubsub.egg-info to /home/nazar/dev/ROS2/src/install/py_pubsub/lib/python3.10/site-packages/py_pubsub-0.0.0-py3.10.egg-info
[0.829s] running install_scripts
[0.847s] Installing custom_client script to /home/nazar/dev/ROS2/src/install/py_pubsub/lib/py_pubsub
[0.847s] Installing custom_server script to /home/nazar/dev/ROS2/src/install/py_pubsub/lib/py_pubsub
[0.848s] Installing fibonacci script to /home/nazar/dev/ROS2/src/install/py_pubsub/lib/py_pubsub
[0.848s] Installing fibonacci_client script to /home/nazar/dev/ROS2/src/install/py_pubsub/lib/py_pubsub
[0.848s] Installing listener script to /home/nazar/dev/ROS2/src/install/py_pubsub/lib/py_pubsub
[0.848s] Installing talker script to /home/nazar/dev/ROS2/src/install/py_pubsub/lib/py_pubsub
[0.848s] writing list of installed files to '/home/nazar/dev/ROS2/src/build/py_pubsub/install.log'
