[0.566s] Invoking command in '/home/nazar/dev/ROS2/src/py_pubsub': PYTHONPATH=/home/nazar/dev/ROS2/src/build/py_pubsub/prefix_override:/home/nazar/.local/lib/python3.10/site-packages/colcon_core/task/python/colcon_distutils_commands:/home/nazar/dev/ROS2/src/install/py_pubsub/lib/python3.10/site-packages:${PYTHONPATH} /usr/bin/python3 -W ignore:setup.py install is deprecated setup.py egg_info --egg-base ../build/py_pubsub build --build-base /home/nazar/dev/ROS2/src/build/py_pubsub/build install --record /home/nazar/dev/ROS2/src/build/py_pubsub/install.log --single-version-externally-managed install_data
[0.769s] running egg_info
[0.770s] creating ../build/py_pubsub/py_pubsub.egg-info
[0.770s] writing ../build/py_pubsub/py_pubsub.egg-info/PKG-INFO
[0.770s] writing dependency_links to ../build/py_pubsub/py_pubsub.egg-info/dependency_links.txt
[0.770s] writing entry points to ../build/py_pubsub/py_pubsub.egg-info/entry_points.txt
[0.770s] writing requirements to ../build/py_pubsub/py_pubsub.egg-info/requires.txt
[0.770s] writing top-level names to ../build/py_pubsub/py_pubsub.egg-info/top_level.txt
[0.771s] writing manifest file '../build/py_pubsub/py_pubsub.egg-info/SOURCES.txt'
[0.772s] reading manifest file '../build/py_pubsub/py_pubsub.egg-info/SOURCES.txt'
[0.772s] adding license file 'LICENSE'
[0.773s] writing manifest file '../build/py_pubsub/py_pubsub.egg-info/SOURCES.txt'
[0.773s] running build
[0.773s] running build_py
[0.773s] creating /home/nazar/dev/ROS2/src/build/py_pubsub/build
[0.773s] creating /home/nazar/dev/ROS2/src/build/py_pubsub/build/lib
[0.773s] creating /home/nazar/dev/ROS2/src/build/py_pubsub/build/lib/py_pubsub
[0.773s] copying py_pubsub/publisher_member_function.py -> /home/nazar/dev/ROS2/src/build/py_pubsub/build/lib/py_pubsub
[0.774s] copying py_pubsub/__init__.py -> /home/nazar/dev/ROS2/src/build/py_pubsub/build/lib/py_pubsub
[0.774s] copying py_pubsub/subscriber_member_function.py -> /home/nazar/dev/ROS2/src/build/py_pubsub/build/lib/py_pubsub
[0.774s] running install
[0.774s] running install_lib
[0.774s] creating /home/nazar/dev/ROS2/src/install/py_pubsub/lib/python3.10/site-packages/py_pubsub
[0.774s] copying /home/nazar/dev/ROS2/src/build/py_pubsub/build/lib/py_pubsub/publisher_member_function.py -> /home/nazar/dev/ROS2/src/install/py_pubsub/lib/python3.10/site-packages/py_pubsub
[0.775s] copying /home/nazar/dev/ROS2/src/build/py_pubsub/build/lib/py_pubsub/__init__.py -> /home/nazar/dev/ROS2/src/install/py_pubsub/lib/python3.10/site-packages/py_pubsub
[0.775s] copying /home/nazar/dev/ROS2/src/build/py_pubsub/build/lib/py_pubsub/subscriber_member_function.py -> /home/nazar/dev/ROS2/src/install/py_pubsub/lib/python3.10/site-packages/py_pubsub
[0.775s] byte-compiling /home/nazar/dev/ROS2/src/install/py_pubsub/lib/python3.10/site-packages/py_pubsub/publisher_member_function.py to publisher_member_function.cpython-310.pyc
[0.776s] byte-compiling /home/nazar/dev/ROS2/src/install/py_pubsub/lib/python3.10/site-packages/py_pubsub/__init__.py to __init__.cpython-310.pyc
[0.776s] byte-compiling /home/nazar/dev/ROS2/src/install/py_pubsub/lib/python3.10/site-packages/py_pubsub/subscriber_member_function.py to subscriber_member_function.cpython-310.pyc
[0.776s] running install_data
[0.776s] creating /home/nazar/dev/ROS2/src/install/py_pubsub/share/ament_index
[0.776s] creating /home/nazar/dev/ROS2/src/install/py_pubsub/share/ament_index/resource_index
[0.776s] creating /home/nazar/dev/ROS2/src/install/py_pubsub/share/ament_index/resource_index/packages
[0.776s] copying resource/py_pubsub -> /home/nazar/dev/ROS2/src/install/py_pubsub/share/ament_index/resource_index/packages
[0.777s] copying package.xml -> /home/nazar/dev/ROS2/src/install/py_pubsub/share/py_pubsub
[0.777s] running install_egg_info
[0.778s] Copying ../build/py_pubsub/py_pubsub.egg-info to /home/nazar/dev/ROS2/src/install/py_pubsub/lib/python3.10/site-packages/py_pubsub-0.0.0-py3.10.egg-info
[0.779s] running install_scripts
[0.796s] Installing listener script to /home/nazar/dev/ROS2/src/install/py_pubsub/lib/py_pubsub
[0.796s] Installing talker script to /home/nazar/dev/ROS2/src/install/py_pubsub/lib/py_pubsub
[0.796s] writing list of installed files to '/home/nazar/dev/ROS2/src/build/py_pubsub/install.log'
[0.814s] Invoked command in '/home/nazar/dev/ROS2/src/py_pubsub' returned '0': PYTHONPATH=/home/nazar/dev/ROS2/src/build/py_pubsub/prefix_override:/home/nazar/.local/lib/python3.10/site-packages/colcon_core/task/python/colcon_distutils_commands:/home/nazar/dev/ROS2/src/install/py_pubsub/lib/python3.10/site-packages:${PYTHONPATH} /usr/bin/python3 -W ignore:setup.py install is deprecated setup.py egg_info --egg-base ../build/py_pubsub build --build-base /home/nazar/dev/ROS2/src/build/py_pubsub/build install --record /home/nazar/dev/ROS2/src/build/py_pubsub/install.log --single-version-externally-managed install_data
