[35m[1mConsolidate compiler generated dependencies of target toxic_relationship__rosidl_generator_c[0m
[  3%] Built target toxic_relationship__cpp
[  3%] Built target ament_cmake_python_copy_toxic_relationship
[ 12%] Built target toxic_relationship__rosidl_generator_c
[35m[1mConsolidate compiler generated dependencies of target toxic_relationship__rosidl_typesupport_fastrtps_cpp[0m
[35m[1mConsolidate compiler generated dependencies of target toxic_relationship__rosidl_typesupport_cpp[0m
[35m[1mConsolidate compiler generated dependencies of target toxic_relationship__rosidl_typesupport_fastrtps_c[0m
[35m[1mConsolidate compiler generated dependencies of target toxic_relationship__rosidl_typesupport_introspection_cpp[0m
[35m[1mConsolidate compiler generated dependencies of target toxic_relationship__rosidl_typesupport_introspection_c[0m
[35m[1mConsolidate compiler generated dependencies of target toxic_relationship__rosidl_typesupport_c[0m
[ 22%] Built target toxic_relationship__rosidl_typesupport_introspection_cpp
[ 32%] Built target toxic_relationship__rosidl_typesupport_fastrtps_cpp
[ 41%] Built target toxic_relationship__rosidl_typesupport_cpp
[ 51%] Built target toxic_relationship__rosidl_typesupport_fastrtps_c
[ 61%] Built target toxic_relationship__rosidl_typesupport_introspection_c
[ 70%] Built target toxic_relationship__rosidl_typesupport_c
[ 70%] Built target toxic_relationship
[ 74%] Built target toxic_relationship__py
[35m[1mConsolidate compiler generated dependencies of target toxic_relationship__rosidl_generator_py[0m
[ 80%] Built target toxic_relationship__rosidl_generator_py
[35m[1mConsolidate compiler generated dependencies of target toxic_relationship__rosidl_typesupport_introspection_c__pyext[0m
[35m[1mConsolidate compiler generated dependencies of target toxic_relationship__rosidl_typesupport_fastrtps_c__pyext[0m
[35m[1mConsolidate compiler generated dependencies of target toxic_relationship__rosidl_typesupport_c__pyext[0m
[ 87%] Built target toxic_relationship__rosidl_typesupport_introspection_c__pyext
[ 93%] Built target toxic_relationship__rosidl_typesupport_fastrtps_c__pyext
[100%] Built target toxic_relationship__rosidl_typesupport_c__pyext
running egg_info
writing toxic_relationship.egg-info/PKG-INFO
writing dependency_links to toxic_relationship.egg-info/dependency_links.txt
writing top-level names to toxic_relationship.egg-info/top_level.txt
reading manifest file 'toxic_relationship.egg-info/SOURCES.txt'
writing manifest file 'toxic_relationship.egg-info/SOURCES.txt'
[100%] Built target ament_cmake_python_build_toxic_relationship_egg
