[0.584s] Invoking command in '/home/nazar/dev/ROS2/src/py_pubsub': PYTHONPATH=/home/nazar/dev/ROS2/src/build/py_pubsub/prefix_override:/home/nazar/.local/lib/python3.10/site-packages/colcon_core/task/python/colcon_distutils_commands:/home/nazar/dev/ROS2/src/install/py_pubsub/lib/python3.10/site-packages:${PYTHONPATH} /usr/bin/python3 -W ignore:setup.py install is deprecated setup.py egg_info --egg-base ../build/py_pubsub build --build-base /home/nazar/dev/ROS2/src/build/py_pubsub/build install --record /home/nazar/dev/ROS2/src/build/py_pubsub/install.log --single-version-externally-managed install_data
[0.792s] running egg_info
[0.792s] writing ../build/py_pubsub/py_pubsub.egg-info/PKG-INFO
[0.792s] writing dependency_links to ../build/py_pubsub/py_pubsub.egg-info/dependency_links.txt
[0.792s] writing entry points to ../build/py_pubsub/py_pubsub.egg-info/entry_points.txt
[0.793s] writing requirements to ../build/py_pubsub/py_pubsub.egg-info/requires.txt
[0.793s] writing top-level names to ../build/py_pubsub/py_pubsub.egg-info/top_level.txt
[0.794s] reading manifest file '../build/py_pubsub/py_pubsub.egg-info/SOURCES.txt'
[0.794s] adding license file 'LICENSE'
[0.795s] writing manifest file '../build/py_pubsub/py_pubsub.egg-info/SOURCES.txt'
[0.795s] running build
[0.795s] running build_py
[0.795s] copying py_pubsub/fibonacci_action_client.py -> /home/nazar/dev/ROS2/src/build/py_pubsub/build/lib/py_pubsub
[0.795s] copying py_pubsub/toxic_relationship_action_server.py -> /home/nazar/dev/ROS2/src/build/py_pubsub/build/lib/py_pubsub
[0.795s] copying py_pubsub/fibonacci_action_server.py -> /home/nazar/dev/ROS2/src/build/py_pubsub/build/lib/py_pubsub
[0.795s] copying py_pubsub/toxic_relationship_action_client.py -> /home/nazar/dev/ROS2/src/build/py_pubsub/build/lib/py_pubsub
[0.796s] running install
[0.796s] running install_lib
[0.797s] copying /home/nazar/dev/ROS2/src/build/py_pubsub/build/lib/py_pubsub/fibonacci_action_client.py -> /home/nazar/dev/ROS2/src/install/py_pubsub/lib/python3.10/site-packages/py_pubsub
[0.797s] copying /home/nazar/dev/ROS2/src/build/py_pubsub/build/lib/py_pubsub/toxic_relationship_action_server.py -> /home/nazar/dev/ROS2/src/install/py_pubsub/lib/python3.10/site-packages/py_pubsub
[0.797s] copying /home/nazar/dev/ROS2/src/build/py_pubsub/build/lib/py_pubsub/fibonacci_action_server.py -> /home/nazar/dev/ROS2/src/install/py_pubsub/lib/python3.10/site-packages/py_pubsub
[0.797s] copying /home/nazar/dev/ROS2/src/build/py_pubsub/build/lib/py_pubsub/toxic_relationship_action_client.py -> /home/nazar/dev/ROS2/src/install/py_pubsub/lib/python3.10/site-packages/py_pubsub
[0.797s] byte-compiling /home/nazar/dev/ROS2/src/install/py_pubsub/lib/python3.10/site-packages/py_pubsub/fibonacci_action_client.py to fibonacci_action_client.cpython-310.pyc
[0.798s] byte-compiling /home/nazar/dev/ROS2/src/install/py_pubsub/lib/python3.10/site-packages/py_pubsub/toxic_relationship_action_server.py to toxic_relationship_action_server.cpython-310.pyc
[0.798s] byte-compiling /home/nazar/dev/ROS2/src/install/py_pubsub/lib/python3.10/site-packages/py_pubsub/fibonacci_action_server.py to fibonacci_action_server.cpython-310.pyc
[0.799s] byte-compiling /home/nazar/dev/ROS2/src/install/py_pubsub/lib/python3.10/site-packages/py_pubsub/toxic_relationship_action_client.py to toxic_relationship_action_client.cpython-310.pyc
[0.799s] running install_data
[0.799s] running install_egg_info
[0.800s] removing '/home/nazar/dev/ROS2/src/install/py_pubsub/lib/python3.10/site-packages/py_pubsub-0.0.0-py3.10.egg-info' (and everything under it)
[0.801s] Copying ../build/py_pubsub/py_pubsub.egg-info to /home/nazar/dev/ROS2/src/install/py_pubsub/lib/python3.10/site-packages/py_pubsub-0.0.0-py3.10.egg-info
[0.801s] running install_scripts
[0.819s] Installing custom_client script to /home/nazar/dev/ROS2/src/install/py_pubsub/lib/py_pubsub
[0.819s] Installing custom_server script to /home/nazar/dev/ROS2/src/install/py_pubsub/lib/py_pubsub
[0.819s] Installing fibonacci script to /home/nazar/dev/ROS2/src/install/py_pubsub/lib/py_pubsub
[0.819s] Installing fibonacci_client script to /home/nazar/dev/ROS2/src/install/py_pubsub/lib/py_pubsub
[0.819s] Installing listener script to /home/nazar/dev/ROS2/src/install/py_pubsub/lib/py_pubsub
[0.820s] Installing talker script to /home/nazar/dev/ROS2/src/install/py_pubsub/lib/py_pubsub
[0.820s] writing list of installed files to '/home/nazar/dev/ROS2/src/build/py_pubsub/install.log'
[0.839s] Invoked command in '/home/nazar/dev/ROS2/src/py_pubsub' returned '0': PYTHONPATH=/home/nazar/dev/ROS2/src/build/py_pubsub/prefix_override:/home/nazar/.local/lib/python3.10/site-packages/colcon_core/task/python/colcon_distutils_commands:/home/nazar/dev/ROS2/src/install/py_pubsub/lib/python3.10/site-packages:${PYTHONPATH} /usr/bin/python3 -W ignore:setup.py install is deprecated setup.py egg_info --egg-base ../build/py_pubsub build --build-base /home/nazar/dev/ROS2/src/build/py_pubsub/build install --record /home/nazar/dev/ROS2/src/build/py_pubsub/install.log --single-version-externally-managed install_data
