[0.014s] Invoking command in '/home/nazar/dev/ROS2/src/build/action_tutorials_interfaces': CMAKE_PREFIX_PATH=/home/nazar/dev/ROS2/src/install/py_pubsub:/home/nazar/dev/ROS2/src/py_pubsub/install/py_pubsub:/home/nazar/dev/ROS2/install/py_pubsub:/opt/ros/humble /usr/bin/cmake /home/nazar/dev/ROS2/src/action_tutorials_interfaces -DCMAKE_INSTALL_PREFIX=/home/nazar/dev/ROS2/src/install/action_tutorials_interfaces
[0.119s] -- The C compiler identification is GNU 11.4.0
[0.204s] -- The CXX compiler identification is GNU 11.4.0
[0.213s] -- Detecting C compiler ABI info
[0.277s] -- Detecting C compiler ABI info - done
[0.284s] -- Check for working C compiler: /usr/bin/cc - skipped
[0.284s] -- Detecting C compile features
[0.285s] -- Detecting C compile features - done
[0.288s] -- Detecting CXX compiler ABI info
[0.359s] -- Detecting CXX compiler ABI info - done
[0.365s] -- Check for working CXX compiler: /usr/bin/c++ - skipped
[0.365s] -- Detecting CXX compile features
[0.366s] -- Detecting CXX compile features - done
[0.371s] -- Found ament_cmake: 1.3.10 (/opt/ros/humble/share/ament_cmake/cmake)
[0.524s] -- Found Python3: /home/linuxbrew/.linuxbrew/bin/python3 (found version "3.12.5") found components: Interpreter 
[0.654s] -- Found ament_lint_auto: 0.12.11 (/opt/ros/humble/share/ament_lint_auto/cmake)
[0.676s] Traceback (most recent call last):
[0.676s]   File "/opt/ros/humble/share/ament_cmake_core/cmake/core/package_xml_2_cmake.py", line 22, in <module>
[0.677s]     from catkin_pkg.package import parse_package_string
[0.677s] ModuleNotFoundError: No module named 'catkin_pkg'
[0.680s] [31mCMake Error at /opt/ros/humble/share/ament_cmake_core/cmake/core/ament_package_xml.cmake:95 (message):
[0.680s]   execute_process(/home/linuxbrew/.linuxbrew/bin/python3
[0.680s]   /opt/ros/humble/share/ament_cmake_core/cmake/core/package_xml_2_cmake.py
[0.680s]   /home/nazar/dev/ROS2/src/action_tutorials_interfaces/package.xml
[0.680s]   /home/nazar/dev/ROS2/src/build/action_tutorials_interfaces/ament_cmake_core/package.cmake)
[0.680s]   returned error code 1
[0.681s] Call Stack (most recent call first):
[0.681s]   /opt/ros/humble/share/ament_cmake_core/cmake/core/ament_package_xml.cmake:49 (_ament_package_xml)
[0.681s]   /opt/ros/humble/share/ament_lint_auto/cmake/ament_lint_auto_find_test_dependencies.cmake:31 (ament_package_xml)
[0.681s]   CMakeLists.txt:23 (ament_lint_auto_find_test_dependencies)
[0.681s] 
[0.681s] [0m
[0.681s] -- Configuring incomplete, errors occurred!
[0.681s] See also "/home/nazar/dev/ROS2/src/build/action_tutorials_interfaces/CMakeFiles/CMakeOutput.log".
[0.684s] Invoked command in '/home/nazar/dev/ROS2/src/build/action_tutorials_interfaces' returned '1': CMAKE_PREFIX_PATH=/home/nazar/dev/ROS2/src/install/py_pubsub:/home/nazar/dev/ROS2/src/py_pubsub/install/py_pubsub:/home/nazar/dev/ROS2/install/py_pubsub:/opt/ros/humble /usr/bin/cmake /home/nazar/dev/ROS2/src/action_tutorials_interfaces -DCMAKE_INSTALL_PREFIX=/home/nazar/dev/ROS2/src/install/action_tutorials_interfaces
