[0.008s] Invoking command in '/home/nazar/dev/ROS2/build/toxic_relationship': CMAKE_PREFIX_PATH=/opt/ros/humble PS1=(ros2_env) ${$((_p9k_on_expand()))+}%{${_p9k__raw_msg-}${_p9k__raw_msg::=}%}${(e)_p9k_t[7]}${_p9k__1-${${:-${_p9k__d::=0}${_p9k__rprompt::=${_p9k__1r-${${:-${_p9k__bg::=NONE}${_p9k__i::=0}${_p9k__sss::=${(Q)${:-"%\\{%\\}"}}}}+}${${:-${P9K_CONTENT::=}${_p9k__n::=}${${${_p9k__bg:-0}:#NONE}:-${_p9k__n::=8}}${_p9k__n:=${${(M)${:-x$_p9k__bg}:#x(|0)}:+10}}${_p9k__n:=11}${_p9k__c::="${P9K_CONTENT}"}${_p9k__c::=${_p9k__c//
}}${_p9k__e::=${${_p9k__1r:+00}:-${${(%):-$_p9k__c%1(l.1.0)}[-1]}0}}}+}${${_p9k__e:#00}:+${_p9k_t[$_p9k__n]/<_p9k__w>/$_p9k__w}${_p9k__c}%b%k%f${${:-${_p9k__w::=%b%k%f}${_p9k__sss::=%b%k%f}${_p9k__i::=1}${_p9k__bg::=}}+}}${${:-"${${(%):-%j}:#0}"}:+${${:-${P9K_CONTENT::=""}${_p9k__n::=}${${${_p9k__bg:-0}:#NONE}:-${_p9k__n::=12}}${_p9k__n:=${${(M)${:-x$_p9k__bg}:#x(|0)}:+14}}${_p9k__n:=15}${_p9k__v::=}${_p9k__c::="${P9K_CONTENT}"}${_p9k__c::=${_p9k__c//
}}${_p9k__e::=${${_p9k__1rbackground_jobs+00}:-${${(%):-$_p9k__c%1(l.1.0)}[-1]}1}}}+}${${_p9k__e:#00}:+${_p9k_t[$_p9k__n]/<_p9k__w>/$_p9k__w}${_p9k__v}${${(M)_p9k__e:#11}:+ }${_p9k__c}%b%k%F{070\}${${:-${_p9k__w::=%b%k%F{070\}}${_p9k__sss::=%b%k%F{070\}}${_p9k__i::=3}${_p9k__bg::=}}+}}}${${:-"${${(%):-%#}:#\#}"}:+${${:-${P9K_CONTENT::=%n@%m}${_p9k__n::=}${${${_p9k__bg:-0}:#NONE}:-${_p9k__n::=16}}${_p9k__n:=${${(M)${:-x$_p9k__bg}:#x(|0)}:+18}}${_p9k__n:=19}${_p9k__c::=}${_p9k__c::=${_p9k__c//
}}${_p9k__e::=${${_p9k__1rcontext+00}:-${${(%):-$_p9k__c%1(l.1.0)}[-1]}0}}}+}${${_p9k__e:#00}:+${_p9k_t[$_p9k__n]/<_p9k__w>/$_p9k__w}${_p9k__c}%b%k%F{180\}${${:-${_p9k__w::=%b%k%F{180\}}${_p9k__sss::=%b%k%F{180\}}${_p9k__i::=31}${_p9k__bg::=}}+}}}${${:-"${${(%):-%#}:#\%}"}:+${${:-${P9K_CONTENT::=%B%n@%m}${_p9k__n::=}${${${_p9k__bg:-0}:#NONE}:-${_p9k__n::=20}}${_p9k__n:=${${(M)${:-x$_p9k__bg}:#x(|0)}:+22}}${_p9k__n:=23}${_p9k__c::="${P9K_CONTENT}"}${_p9k__c::=${_p9k__c//
}}${_p9k__e::=${${_p9k__1rcontext+00}:-${${(%):-$_p9k__c%1(l.1.0)}[-1]}0}}}+}${${_p9k__e:#00}:+${_p9k_t[$_p9k__n]/<_p9k__w>/$_p9k__w}${_p9k__c}%b%k%F{178\}${${:-${_p9k__w::=%b%k%F{178\}}${_p9k__sss::=%b%k%F{178\}}${_p9k__i::=31}${_p9k__bg::=}}+}}}${${:-${P9K_CONTENT::=10:41:32}${_p9k__n::=}${${${_p9k__bg:-0}:#NONE}:-${_p9k__n::=24}}${_p9k__n:=${${(M)${:-x$_p9k__bg}:#x(|0)}:+26}}${_p9k__n:=27}${_p9k__v::=}${_p9k__c::="${P9K_CONTENT}"}${_p9k__c::=${_p9k__c//
}}${_p9k__e::=${${_p9k__1rtime+00}:-${${(%):-$_p9k__c%1(l.1.0)}[-1]}1}}}+}${${_p9k__e:#00}:+${_p9k_t[$_p9k__n]/<_p9k__w>/$_p9k__w}${_p9k__v}${${(M)_p9k__e:#11}:+ }${_p9k__c}%b%k%F{066\}${${:-${_p9k__w::=%b%k%F{066\}}${_p9k__sss::=%b%k%F{066\}}${_p9k__i::=43}${_p9k__bg::=}}+}}$_p9k__sss%b%k%f}}${_p9k__lprompt::=${_p9k__1l-${${:-${_p9k__bg::=NONE}${_p9k__i::=0}${_p9k__sss::=%f }}+}${${:-${P9K_CONTENT::=}${_p9k__n::=}${${${_p9k__bg:-0}:#NONE}:-${_p9k__n::=28}}${_p9k__n:=${${(M)${:-x}:#x($_p9k__bg|${_p9k__bg:-0})}:+30}}${_p9k__n:=31}${_p9k__c::="${P9K_CONTENT}"}${_p9k__c::=${_p9k__c//
}}${_p9k__e::=${${_p9k__1los_icon+00}:-${${(%):-$_p9k__c%1(l.1.0)}[-1]}0}}}+}${${_p9k__e:#00}:+${${_p9k_t[$_p9k__n]/<_p9k__ss>/$_p9k__ss}/<_p9k__s>/$_p9k__s}${_p9k__c}%b%k%f${${:-${_p9k__s::=%F{\}}${_p9k__ss::= }${_p9k__sss::=%F{\} }${_p9k__i::=1}${_p9k__bg::=}}+}}${${:-${P9K_CONTENT::="%{d%}${:-"%B%F{039}"}${(Q)${:-"\\~"}}${:-"%b%k%F{031}"}/dev/${:-"%B%F{039}"}ROS2${:-"%b%k%F{031}"}%{d%}"}${_p9k__n::=}${${${_p9k__bg:-0}:#NONE}:-${_p9k__n::=84}}${_p9k__n:=${${(M)${:-x}:#x($_p9k__bg|${_p9k__bg:-0})}:+86}}${_p9k__n:=87}${_p9k__v::=}${_p9k__c::="${P9K_CONTENT}"}${_p9k__c::=${_p9k__c//
}}${_p9k__e::=${${_p9k__1ldir+00}:-${${(%):-$_p9k__c%1(l.1.0)}[-1]}1}}}+}${${_p9k__e:#00}:+${${_p9k_t[$_p9k__n]/<_p9k__ss>/$_p9k__ss}/<_p9k__s>/$_p9k__s}${_p9k__v}${${(M)_p9k__e:#11}:+ }${_p9k__c}%b%k%F{031\}${${:-${_p9k__s::=%F{\}}${_p9k__ss::= }${_p9k__sss::=%F{\} }${_p9k__i::=2}${_p9k__bg::=}}+}}${(e)_p9k__vcs}%b%k$_p9k__sss%b%k%f}}}+}${(e)_p9k_t[6]}${${_p9k__h::=0}+}${${_p9k__d::=$((_p9k__m-_p9k__h))}+}${_p9k__lprompt/\%\{d\%\}*\%\{d\%\}/${_p9k__1ldir-${:-"%B%F{039}"}${(Q)${:-"\\~"}}${:-"%b%k%F{031}"}/dev/${:-"%B%F{039}"}ROS2${:-"%b%k%F{031}"}}}${${_p9k__m::=$((_p9k__d+_p9k__h))}+}${${_p9k__g+
}:-${:-"%F{240}"}${${${_p9k__m:#-*}:+${${_p9k__1g+${(pl.$((_p9k__m+1)).. .)}}:-${(pl.$((_p9k__m+1))..·.)}}$_p9k__rprompt${_p9k_t[$((1+!_p9k__ind))]}}:-
}%b%k%f}}${_p9k__2-${_p9k__2l-${${:-${_p9k__bg::=NONE}${_p9k__i::=0}${_p9k__sss::=%f }}+}${${:-"${${:-$_p9k__keymap.$_p9k__zle_state}:#(vicmd.*|vivis.*|vivli.*|*.*overwrite*)}"}:+${${:-${P9K_CONTENT::=❯}${_p9k__n::=}${${${_p9k__bg:-0}:#NONE}:-${_p9k__n::=36}}${_p9k__n:=${${(M)${:-x}:#x($_p9k__bg|${_p9k__bg:-0})}:+38}}${_p9k__n:=39}${_p9k__c::="❯"}${_p9k__c::=${_p9k__c//
}}${_p9k__e::=${${_p9k__2lprompt_char+00}:-${${(%):-$_p9k__c%1(l.1.0)}[-1]}0}}}+}${${_p9k__e:#00}:+${${_p9k_t[$_p9k__n]/<_p9k__ss>/$_p9k__ss}/<_p9k__s>/$_p9k__s}${_p9k__c}%b%k%F{076\}${${:-${_p9k__s::=%F{\}}${_p9k__ss::= }${_p9k__sss::=%F{\}}${_p9k__i::=4}${_p9k__bg::=}}+}}}${${:-"${${:-$_p9k__keymap.$_p9k__zle_state}:#(vicmd.*|vivis.*|vivli.*|*.*insert*)}"}:+${${:-${P9K_CONTENT::=▶}${_p9k__n::=}${${${_p9k__bg:-0}:#NONE}:-${_p9k__n::=40}}${_p9k__n:=${${(M)${:-x}:#x($_p9k__bg|${_p9k__bg:-0})}:+42}}${_p9k__n:=43}${_p9k__c::="▶"}${_p9k__c::=${_p9k__c//
}}${_p9k__e::=${${_p9k__2lprompt_char+00}:-${${(%):-$_p9k__c%1(l.1.0)}[-1]}0}}}+}${${_p9k__e:#00}:+${${_p9k_t[$_p9k__n]/<_p9k__ss>/$_p9k__ss}/<_p9k__s>/$_p9k__s}${_p9k__c}%b%k%F{076\}${${:-${_p9k__s::=%F{\}}${_p9k__ss::= }${_p9k__sss::=%F{\}}${_p9k__i::=4}${_p9k__bg::=}}+}}}${${:-"${(M)${:-$_p9k__keymap$_p9k__region_active}:#vicmd0}"}:+${${:-${P9K_CONTENT::=❮}${_p9k__n::=}${${${_p9k__bg:-0}:#NONE}:-${_p9k__n::=44}}${_p9k__n:=${${(M)${:-x}:#x($_p9k__bg|${_p9k__bg:-0})}:+46}}${_p9k__n:=47}${_p9k__c::="❮"}${_p9k__c::=${_p9k__c//
}}${_p9k__e::=${${_p9k__2lprompt_char+00}:-${${(%):-$_p9k__c%1(l.1.0)}[-1]}0}}}+}${${_p9k__e:#00}:+${${_p9k_t[$_p9k__n]/<_p9k__ss>/$_p9k__ss}/<_p9k__s>/$_p9k__s}${_p9k__c}%b%k%F{076\}${${:-${_p9k__s::=%F{\}}${_p9k__ss::= }${_p9k__sss::=%F{\}}${_p9k__i::=4}${_p9k__bg::=}}+}}}${${:-"${(M)${:-$_p9k__keymap$_p9k__region_active}:#(vicmd1|vivis?|vivli?)}"}:+${${:-${P9K_CONTENT::=Ⅴ}${_p9k__n::=}${${${_p9k__bg:-0}:#NONE}:-${_p9k__n::=48}}${_p9k__n:=${${(M)${:-x}:#x($_p9k__bg|${_p9k__bg:-0})}:+50}}${_p9k__n:=51}${_p9k__c::="V"}${_p9k__c::=${_p9k__c//
}}${_p9k__e::=${${_p9k__2lprompt_char+00}:-${${(%):-$_p9k__c%1(l.1.0)}[-1]}0}}}+}${${_p9k__e:#00}:+${${_p9k_t[$_p9k__n]/<_p9k__ss>/$_p9k__ss}/<_p9k__s>/$_p9k__s}${_p9k__c}%b%k%F{076\}${${:-${_p9k__s::=%F{\}}${_p9k__ss::= }${_p9k__sss::=%F{\}}${_p9k__i::=4}${_p9k__bg::=}}+}}}%b%k$_p9k__sss%b%k%f${:-" %b%k%f"}}}${${COLUMNS::=$_p9k__clm}+} VIRTUAL_ENV_PROMPT=(ros2_env) /usr/bin/cmake /home/nazar/dev/ROS2/src/toxic_relationship -DCMAKE_INSTALL_PREFIX=/home/nazar/dev/ROS2/install/toxic_relationship
[0.019s] -- Found ament_cmake: 1.3.10 (/opt/ros/humble/share/ament_cmake/cmake)
[0.118s] -- Found rclcpp: 16.0.10 (/opt/ros/humble/share/rclcpp/cmake)
[0.144s] -- Found rosidl_generator_c: 3.1.5 (/opt/ros/humble/share/rosidl_generator_c/cmake)
[0.146s] -- Found rosidl_adapter: 3.1.5 (/opt/ros/humble/share/rosidl_adapter/cmake)
[0.151s] -- Found rosidl_generator_cpp: 3.1.5 (/opt/ros/humble/share/rosidl_generator_cpp/cmake)
[0.160s] -- Using all available rosidl_typesupport_c: rosidl_typesupport_fastrtps_c;rosidl_typesupport_introspection_c
[0.171s] -- Using all available rosidl_typesupport_cpp: rosidl_typesupport_fastrtps_cpp;rosidl_typesupport_introspection_cpp
[0.199s] -- Found rmw_implementation_cmake: 6.1.2 (/opt/ros/humble/share/rmw_implementation_cmake/cmake)
[0.200s] -- Found rmw_fastrtps_cpp: 6.2.7 (/opt/ros/humble/share/rmw_fastrtps_cpp/cmake)
[0.288s] -- Using RMW implementation 'rmw_fastrtps_cpp' as default
[0.333s] -- Found action_msgs: 1.2.1 (/opt/ros/humble/share/action_msgs/cmake)
[0.353s] -- Found rosidl_default_generators: 1.2.0 (/opt/ros/humble/share/rosidl_default_generators/cmake)
[0.578s] -- Found ament_cmake_ros: 0.10.0 (/opt/ros/humble/share/ament_cmake_ros/cmake)
[0.821s] -- Using all available rosidl_typesupport_c: rosidl_typesupport_fastrtps_c;rosidl_typesupport_introspection_c
[0.916s] -- Using all available rosidl_typesupport_cpp: rosidl_typesupport_fastrtps_cpp;rosidl_typesupport_introspection_cpp
[0.931s] -- Found PythonInterp: /home/nazar/dev/ROS2/ros2_env/bin/python3 (found suitable version "3.10.12", minimum required is "3.6") 
[0.932s] -- Found python_cmake_module: 0.10.0 (/opt/ros/humble/share/python_cmake_module/cmake)
[0.949s] -- Found PythonLibs: /usr/lib/x86_64-linux-gnu/libpython3.10.so (found suitable version "3.10.12", minimum required is "3.5") 
[0.949s] -- Using PYTHON_EXECUTABLE: /home/nazar/dev/ROS2/ros2_env/bin/python3
[0.949s] -- Using PYTHON_INCLUDE_DIRS: /usr/include/python3.10
[0.949s] -- Using PYTHON_LIBRARIES: /usr/lib/x86_64-linux-gnu/libpython3.10.so
[0.962s] -- Found PythonExtra: .so  
[0.991s] -- Found ament_lint_auto: 0.12.11 (/opt/ros/humble/share/ament_lint_auto/cmake)
[1.007s] -- Added test 'lint_cmake' to check CMake code style
[1.009s] -- Added test 'xmllint' to check XML markup files
[1.012s] -- Configuring done
[1.053s] -- Generating done
[1.057s] -- Build files have been written to: /home/nazar/dev/ROS2/build/toxic_relationship
[1.068s] Invoked command in '/home/nazar/dev/ROS2/build/toxic_relationship' returned '0': CMAKE_PREFIX_PATH=/opt/ros/humble PS1=(ros2_env) ${$((_p9k_on_expand()))+}%{${_p9k__raw_msg-}${_p9k__raw_msg::=}%}${(e)_p9k_t[7]}${_p9k__1-${${:-${_p9k__d::=0}${_p9k__rprompt::=${_p9k__1r-${${:-${_p9k__bg::=NONE}${_p9k__i::=0}${_p9k__sss::=${(Q)${:-"%\\{%\\}"}}}}+}${${:-${P9K_CONTENT::=}${_p9k__n::=}${${${_p9k__bg:-0}:#NONE}:-${_p9k__n::=8}}${_p9k__n:=${${(M)${:-x$_p9k__bg}:#x(|0)}:+10}}${_p9k__n:=11}${_p9k__c::="${P9K_CONTENT}"}${_p9k__c::=${_p9k__c//
}}${_p9k__e::=${${_p9k__1r:+00}:-${${(%):-$_p9k__c%1(l.1.0)}[-1]}0}}}+}${${_p9k__e:#00}:+${_p9k_t[$_p9k__n]/<_p9k__w>/$_p9k__w}${_p9k__c}%b%k%f${${:-${_p9k__w::=%b%k%f}${_p9k__sss::=%b%k%f}${_p9k__i::=1}${_p9k__bg::=}}+}}${${:-"${${(%):-%j}:#0}"}:+${${:-${P9K_CONTENT::=""}${_p9k__n::=}${${${_p9k__bg:-0}:#NONE}:-${_p9k__n::=12}}${_p9k__n:=${${(M)${:-x$_p9k__bg}:#x(|0)}:+14}}${_p9k__n:=15}${_p9k__v::=}${_p9k__c::="${P9K_CONTENT}"}${_p9k__c::=${_p9k__c//
}}${_p9k__e::=${${_p9k__1rbackground_jobs+00}:-${${(%):-$_p9k__c%1(l.1.0)}[-1]}1}}}+}${${_p9k__e:#00}:+${_p9k_t[$_p9k__n]/<_p9k__w>/$_p9k__w}${_p9k__v}${${(M)_p9k__e:#11}:+ }${_p9k__c}%b%k%F{070\}${${:-${_p9k__w::=%b%k%F{070\}}${_p9k__sss::=%b%k%F{070\}}${_p9k__i::=3}${_p9k__bg::=}}+}}}${${:-"${${(%):-%#}:#\#}"}:+${${:-${P9K_CONTENT::=%n@%m}${_p9k__n::=}${${${_p9k__bg:-0}:#NONE}:-${_p9k__n::=16}}${_p9k__n:=${${(M)${:-x$_p9k__bg}:#x(|0)}:+18}}${_p9k__n:=19}${_p9k__c::=}${_p9k__c::=${_p9k__c//
}}${_p9k__e::=${${_p9k__1rcontext+00}:-${${(%):-$_p9k__c%1(l.1.0)}[-1]}0}}}+}${${_p9k__e:#00}:+${_p9k_t[$_p9k__n]/<_p9k__w>/$_p9k__w}${_p9k__c}%b%k%F{180\}${${:-${_p9k__w::=%b%k%F{180\}}${_p9k__sss::=%b%k%F{180\}}${_p9k__i::=31}${_p9k__bg::=}}+}}}${${:-"${${(%):-%#}:#\%}"}:+${${:-${P9K_CONTENT::=%B%n@%m}${_p9k__n::=}${${${_p9k__bg:-0}:#NONE}:-${_p9k__n::=20}}${_p9k__n:=${${(M)${:-x$_p9k__bg}:#x(|0)}:+22}}${_p9k__n:=23}${_p9k__c::="${P9K_CONTENT}"}${_p9k__c::=${_p9k__c//
}}${_p9k__e::=${${_p9k__1rcontext+00}:-${${(%):-$_p9k__c%1(l.1.0)}[-1]}0}}}+}${${_p9k__e:#00}:+${_p9k_t[$_p9k__n]/<_p9k__w>/$_p9k__w}${_p9k__c}%b%k%F{178\}${${:-${_p9k__w::=%b%k%F{178\}}${_p9k__sss::=%b%k%F{178\}}${_p9k__i::=31}${_p9k__bg::=}}+}}}${${:-${P9K_CONTENT::=10:41:32}${_p9k__n::=}${${${_p9k__bg:-0}:#NONE}:-${_p9k__n::=24}}${_p9k__n:=${${(M)${:-x$_p9k__bg}:#x(|0)}:+26}}${_p9k__n:=27}${_p9k__v::=}${_p9k__c::="${P9K_CONTENT}"}${_p9k__c::=${_p9k__c//
}}${_p9k__e::=${${_p9k__1rtime+00}:-${${(%):-$_p9k__c%1(l.1.0)}[-1]}1}}}+}${${_p9k__e:#00}:+${_p9k_t[$_p9k__n]/<_p9k__w>/$_p9k__w}${_p9k__v}${${(M)_p9k__e:#11}:+ }${_p9k__c}%b%k%F{066\}${${:-${_p9k__w::=%b%k%F{066\}}${_p9k__sss::=%b%k%F{066\}}${_p9k__i::=43}${_p9k__bg::=}}+}}$_p9k__sss%b%k%f}}${_p9k__lprompt::=${_p9k__1l-${${:-${_p9k__bg::=NONE}${_p9k__i::=0}${_p9k__sss::=%f }}+}${${:-${P9K_CONTENT::=}${_p9k__n::=}${${${_p9k__bg:-0}:#NONE}:-${_p9k__n::=28}}${_p9k__n:=${${(M)${:-x}:#x($_p9k__bg|${_p9k__bg:-0})}:+30}}${_p9k__n:=31}${_p9k__c::="${P9K_CONTENT}"}${_p9k__c::=${_p9k__c//
}}${_p9k__e::=${${_p9k__1los_icon+00}:-${${(%):-$_p9k__c%1(l.1.0)}[-1]}0}}}+}${${_p9k__e:#00}:+${${_p9k_t[$_p9k__n]/<_p9k__ss>/$_p9k__ss}/<_p9k__s>/$_p9k__s}${_p9k__c}%b%k%f${${:-${_p9k__s::=%F{\}}${_p9k__ss::= }${_p9k__sss::=%F{\} }${_p9k__i::=1}${_p9k__bg::=}}+}}${${:-${P9K_CONTENT::="%{d%}${:-"%B%F{039}"}${(Q)${:-"\\~"}}${:-"%b%k%F{031}"}/dev/${:-"%B%F{039}"}ROS2${:-"%b%k%F{031}"}%{d%}"}${_p9k__n::=}${${${_p9k__bg:-0}:#NONE}:-${_p9k__n::=84}}${_p9k__n:=${${(M)${:-x}:#x($_p9k__bg|${_p9k__bg:-0})}:+86}}${_p9k__n:=87}${_p9k__v::=}${_p9k__c::="${P9K_CONTENT}"}${_p9k__c::=${_p9k__c//
}}${_p9k__e::=${${_p9k__1ldir+00}:-${${(%):-$_p9k__c%1(l.1.0)}[-1]}1}}}+}${${_p9k__e:#00}:+${${_p9k_t[$_p9k__n]/<_p9k__ss>/$_p9k__ss}/<_p9k__s>/$_p9k__s}${_p9k__v}${${(M)_p9k__e:#11}:+ }${_p9k__c}%b%k%F{031\}${${:-${_p9k__s::=%F{\}}${_p9k__ss::= }${_p9k__sss::=%F{\} }${_p9k__i::=2}${_p9k__bg::=}}+}}${(e)_p9k__vcs}%b%k$_p9k__sss%b%k%f}}}+}${(e)_p9k_t[6]}${${_p9k__h::=0}+}${${_p9k__d::=$((_p9k__m-_p9k__h))}+}${_p9k__lprompt/\%\{d\%\}*\%\{d\%\}/${_p9k__1ldir-${:-"%B%F{039}"}${(Q)${:-"\\~"}}${:-"%b%k%F{031}"}/dev/${:-"%B%F{039}"}ROS2${:-"%b%k%F{031}"}}}${${_p9k__m::=$((_p9k__d+_p9k__h))}+}${${_p9k__g+
}:-${:-"%F{240}"}${${${_p9k__m:#-*}:+${${_p9k__1g+${(pl.$((_p9k__m+1)).. .)}}:-${(pl.$((_p9k__m+1))..·.)}}$_p9k__rprompt${_p9k_t[$((1+!_p9k__ind))]}}:-
}%b%k%f}}${_p9k__2-${_p9k__2l-${${:-${_p9k__bg::=NONE}${_p9k__i::=0}${_p9k__sss::=%f }}+}${${:-"${${:-$_p9k__keymap.$_p9k__zle_state}:#(vicmd.*|vivis.*|vivli.*|*.*overwrite*)}"}:+${${:-${P9K_CONTENT::=❯}${_p9k__n::=}${${${_p9k__bg:-0}:#NONE}:-${_p9k__n::=36}}${_p9k__n:=${${(M)${:-x}:#x($_p9k__bg|${_p9k__bg:-0})}:+38}}${_p9k__n:=39}${_p9k__c::="❯"}${_p9k__c::=${_p9k__c//
}}${_p9k__e::=${${_p9k__2lprompt_char+00}:-${${(%):-$_p9k__c%1(l.1.0)}[-1]}0}}}+}${${_p9k__e:#00}:+${${_p9k_t[$_p9k__n]/<_p9k__ss>/$_p9k__ss}/<_p9k__s>/$_p9k__s}${_p9k__c}%b%k%F{076\}${${:-${_p9k__s::=%F{\}}${_p9k__ss::= }${_p9k__sss::=%F{\}}${_p9k__i::=4}${_p9k__bg::=}}+}}}${${:-"${${:-$_p9k__keymap.$_p9k__zle_state}:#(vicmd.*|vivis.*|vivli.*|*.*insert*)}"}:+${${:-${P9K_CONTENT::=▶}${_p9k__n::=}${${${_p9k__bg:-0}:#NONE}:-${_p9k__n::=40}}${_p9k__n:=${${(M)${:-x}:#x($_p9k__bg|${_p9k__bg:-0})}:+42}}${_p9k__n:=43}${_p9k__c::="▶"}${_p9k__c::=${_p9k__c//
}}${_p9k__e::=${${_p9k__2lprompt_char+00}:-${${(%):-$_p9k__c%1(l.1.0)}[-1]}0}}}+}${${_p9k__e:#00}:+${${_p9k_t[$_p9k__n]/<_p9k__ss>/$_p9k__ss}/<_p9k__s>/$_p9k__s}${_p9k__c}%b%k%F{076\}${${:-${_p9k__s::=%F{\}}${_p9k__ss::= }${_p9k__sss::=%F{\}}${_p9k__i::=4}${_p9k__bg::=}}+}}}${${:-"${(M)${:-$_p9k__keymap$_p9k__region_active}:#vicmd0}"}:+${${:-${P9K_CONTENT::=❮}${_p9k__n::=}${${${_p9k__bg:-0}:#NONE}:-${_p9k__n::=44}}${_p9k__n:=${${(M)${:-x}:#x($_p9k__bg|${_p9k__bg:-0})}:+46}}${_p9k__n:=47}${_p9k__c::="❮"}${_p9k__c::=${_p9k__c//
}}${_p9k__e::=${${_p9k__2lprompt_char+00}:-${${(%):-$_p9k__c%1(l.1.0)}[-1]}0}}}+}${${_p9k__e:#00}:+${${_p9k_t[$_p9k__n]/<_p9k__ss>/$_p9k__ss}/<_p9k__s>/$_p9k__s}${_p9k__c}%b%k%F{076\}${${:-${_p9k__s::=%F{\}}${_p9k__ss::= }${_p9k__sss::=%F{\}}${_p9k__i::=4}${_p9k__bg::=}}+}}}${${:-"${(M)${:-$_p9k__keymap$_p9k__region_active}:#(vicmd1|vivis?|vivli?)}"}:+${${:-${P9K_CONTENT::=Ⅴ}${_p9k__n::=}${${${_p9k__bg:-0}:#NONE}:-${_p9k__n::=48}}${_p9k__n:=${${(M)${:-x}:#x($_p9k__bg|${_p9k__bg:-0})}:+50}}${_p9k__n:=51}${_p9k__c::="V"}${_p9k__c::=${_p9k__c//
}}${_p9k__e::=${${_p9k__2lprompt_char+00}:-${${(%):-$_p9k__c%1(l.1.0)}[-1]}0}}}+}${${_p9k__e:#00}:+${${_p9k_t[$_p9k__n]/<_p9k__ss>/$_p9k__ss}/<_p9k__s>/$_p9k__s}${_p9k__c}%b%k%F{076\}${${:-${_p9k__s::=%F{\}}${_p9k__ss::= }${_p9k__sss::=%F{\}}${_p9k__i::=4}${_p9k__bg::=}}+}}}%b%k$_p9k__sss%b%k%f${:-" %b%k%f"}}}${${COLUMNS::=$_p9k__clm}+} VIRTUAL_ENV_PROMPT=(ros2_env) /usr/bin/cmake /home/nazar/dev/ROS2/src/toxic_relationship -DCMAKE_INSTALL_PREFIX=/home/nazar/dev/ROS2/install/toxic_relationship
[1.070s] Invoking command in '/home/nazar/dev/ROS2/build/toxic_relationship': CMAKE_PREFIX_PATH=/opt/ros/humble PS1=(ros2_env) ${$((_p9k_on_expand()))+}%{${_p9k__raw_msg-}${_p9k__raw_msg::=}%}${(e)_p9k_t[7]}${_p9k__1-${${:-${_p9k__d::=0}${_p9k__rprompt::=${_p9k__1r-${${:-${_p9k__bg::=NONE}${_p9k__i::=0}${_p9k__sss::=${(Q)${:-"%\\{%\\}"}}}}+}${${:-${P9K_CONTENT::=}${_p9k__n::=}${${${_p9k__bg:-0}:#NONE}:-${_p9k__n::=8}}${_p9k__n:=${${(M)${:-x$_p9k__bg}:#x(|0)}:+10}}${_p9k__n:=11}${_p9k__c::="${P9K_CONTENT}"}${_p9k__c::=${_p9k__c//
}}${_p9k__e::=${${_p9k__1r:+00}:-${${(%):-$_p9k__c%1(l.1.0)}[-1]}0}}}+}${${_p9k__e:#00}:+${_p9k_t[$_p9k__n]/<_p9k__w>/$_p9k__w}${_p9k__c}%b%k%f${${:-${_p9k__w::=%b%k%f}${_p9k__sss::=%b%k%f}${_p9k__i::=1}${_p9k__bg::=}}+}}${${:-"${${(%):-%j}:#0}"}:+${${:-${P9K_CONTENT::=""}${_p9k__n::=}${${${_p9k__bg:-0}:#NONE}:-${_p9k__n::=12}}${_p9k__n:=${${(M)${:-x$_p9k__bg}:#x(|0)}:+14}}${_p9k__n:=15}${_p9k__v::=}${_p9k__c::="${P9K_CONTENT}"}${_p9k__c::=${_p9k__c//
}}${_p9k__e::=${${_p9k__1rbackground_jobs+00}:-${${(%):-$_p9k__c%1(l.1.0)}[-1]}1}}}+}${${_p9k__e:#00}:+${_p9k_t[$_p9k__n]/<_p9k__w>/$_p9k__w}${_p9k__v}${${(M)_p9k__e:#11}:+ }${_p9k__c}%b%k%F{070\}${${:-${_p9k__w::=%b%k%F{070\}}${_p9k__sss::=%b%k%F{070\}}${_p9k__i::=3}${_p9k__bg::=}}+}}}${${:-"${${(%):-%#}:#\#}"}:+${${:-${P9K_CONTENT::=%n@%m}${_p9k__n::=}${${${_p9k__bg:-0}:#NONE}:-${_p9k__n::=16}}${_p9k__n:=${${(M)${:-x$_p9k__bg}:#x(|0)}:+18}}${_p9k__n:=19}${_p9k__c::=}${_p9k__c::=${_p9k__c//
}}${_p9k__e::=${${_p9k__1rcontext+00}:-${${(%):-$_p9k__c%1(l.1.0)}[-1]}0}}}+}${${_p9k__e:#00}:+${_p9k_t[$_p9k__n]/<_p9k__w>/$_p9k__w}${_p9k__c}%b%k%F{180\}${${:-${_p9k__w::=%b%k%F{180\}}${_p9k__sss::=%b%k%F{180\}}${_p9k__i::=31}${_p9k__bg::=}}+}}}${${:-"${${(%):-%#}:#\%}"}:+${${:-${P9K_CONTENT::=%B%n@%m}${_p9k__n::=}${${${_p9k__bg:-0}:#NONE}:-${_p9k__n::=20}}${_p9k__n:=${${(M)${:-x$_p9k__bg}:#x(|0)}:+22}}${_p9k__n:=23}${_p9k__c::="${P9K_CONTENT}"}${_p9k__c::=${_p9k__c//
}}${_p9k__e::=${${_p9k__1rcontext+00}:-${${(%):-$_p9k__c%1(l.1.0)}[-1]}0}}}+}${${_p9k__e:#00}:+${_p9k_t[$_p9k__n]/<_p9k__w>/$_p9k__w}${_p9k__c}%b%k%F{178\}${${:-${_p9k__w::=%b%k%F{178\}}${_p9k__sss::=%b%k%F{178\}}${_p9k__i::=31}${_p9k__bg::=}}+}}}${${:-${P9K_CONTENT::=10:41:32}${_p9k__n::=}${${${_p9k__bg:-0}:#NONE}:-${_p9k__n::=24}}${_p9k__n:=${${(M)${:-x$_p9k__bg}:#x(|0)}:+26}}${_p9k__n:=27}${_p9k__v::=}${_p9k__c::="${P9K_CONTENT}"}${_p9k__c::=${_p9k__c//
}}${_p9k__e::=${${_p9k__1rtime+00}:-${${(%):-$_p9k__c%1(l.1.0)}[-1]}1}}}+}${${_p9k__e:#00}:+${_p9k_t[$_p9k__n]/<_p9k__w>/$_p9k__w}${_p9k__v}${${(M)_p9k__e:#11}:+ }${_p9k__c}%b%k%F{066\}${${:-${_p9k__w::=%b%k%F{066\}}${_p9k__sss::=%b%k%F{066\}}${_p9k__i::=43}${_p9k__bg::=}}+}}$_p9k__sss%b%k%f}}${_p9k__lprompt::=${_p9k__1l-${${:-${_p9k__bg::=NONE}${_p9k__i::=0}${_p9k__sss::=%f }}+}${${:-${P9K_CONTENT::=}${_p9k__n::=}${${${_p9k__bg:-0}:#NONE}:-${_p9k__n::=28}}${_p9k__n:=${${(M)${:-x}:#x($_p9k__bg|${_p9k__bg:-0})}:+30}}${_p9k__n:=31}${_p9k__c::="${P9K_CONTENT}"}${_p9k__c::=${_p9k__c//
}}${_p9k__e::=${${_p9k__1los_icon+00}:-${${(%):-$_p9k__c%1(l.1.0)}[-1]}0}}}+}${${_p9k__e:#00}:+${${_p9k_t[$_p9k__n]/<_p9k__ss>/$_p9k__ss}/<_p9k__s>/$_p9k__s}${_p9k__c}%b%k%f${${:-${_p9k__s::=%F{\}}${_p9k__ss::= }${_p9k__sss::=%F{\} }${_p9k__i::=1}${_p9k__bg::=}}+}}${${:-${P9K_CONTENT::="%{d%}${:-"%B%F{039}"}${(Q)${:-"\\~"}}${:-"%b%k%F{031}"}/dev/${:-"%B%F{039}"}ROS2${:-"%b%k%F{031}"}%{d%}"}${_p9k__n::=}${${${_p9k__bg:-0}:#NONE}:-${_p9k__n::=84}}${_p9k__n:=${${(M)${:-x}:#x($_p9k__bg|${_p9k__bg:-0})}:+86}}${_p9k__n:=87}${_p9k__v::=}${_p9k__c::="${P9K_CONTENT}"}${_p9k__c::=${_p9k__c//
}}${_p9k__e::=${${_p9k__1ldir+00}:-${${(%):-$_p9k__c%1(l.1.0)}[-1]}1}}}+}${${_p9k__e:#00}:+${${_p9k_t[$_p9k__n]/<_p9k__ss>/$_p9k__ss}/<_p9k__s>/$_p9k__s}${_p9k__v}${${(M)_p9k__e:#11}:+ }${_p9k__c}%b%k%F{031\}${${:-${_p9k__s::=%F{\}}${_p9k__ss::= }${_p9k__sss::=%F{\} }${_p9k__i::=2}${_p9k__bg::=}}+}}${(e)_p9k__vcs}%b%k$_p9k__sss%b%k%f}}}+}${(e)_p9k_t[6]}${${_p9k__h::=0}+}${${_p9k__d::=$((_p9k__m-_p9k__h))}+}${_p9k__lprompt/\%\{d\%\}*\%\{d\%\}/${_p9k__1ldir-${:-"%B%F{039}"}${(Q)${:-"\\~"}}${:-"%b%k%F{031}"}/dev/${:-"%B%F{039}"}ROS2${:-"%b%k%F{031}"}}}${${_p9k__m::=$((_p9k__d+_p9k__h))}+}${${_p9k__g+
}:-${:-"%F{240}"}${${${_p9k__m:#-*}:+${${_p9k__1g+${(pl.$((_p9k__m+1)).. .)}}:-${(pl.$((_p9k__m+1))..·.)}}$_p9k__rprompt${_p9k_t[$((1+!_p9k__ind))]}}:-
}%b%k%f}}${_p9k__2-${_p9k__2l-${${:-${_p9k__bg::=NONE}${_p9k__i::=0}${_p9k__sss::=%f }}+}${${:-"${${:-$_p9k__keymap.$_p9k__zle_state}:#(vicmd.*|vivis.*|vivli.*|*.*overwrite*)}"}:+${${:-${P9K_CONTENT::=❯}${_p9k__n::=}${${${_p9k__bg:-0}:#NONE}:-${_p9k__n::=36}}${_p9k__n:=${${(M)${:-x}:#x($_p9k__bg|${_p9k__bg:-0})}:+38}}${_p9k__n:=39}${_p9k__c::="❯"}${_p9k__c::=${_p9k__c//
}}${_p9k__e::=${${_p9k__2lprompt_char+00}:-${${(%):-$_p9k__c%1(l.1.0)}[-1]}0}}}+}${${_p9k__e:#00}:+${${_p9k_t[$_p9k__n]/<_p9k__ss>/$_p9k__ss}/<_p9k__s>/$_p9k__s}${_p9k__c}%b%k%F{076\}${${:-${_p9k__s::=%F{\}}${_p9k__ss::= }${_p9k__sss::=%F{\}}${_p9k__i::=4}${_p9k__bg::=}}+}}}${${:-"${${:-$_p9k__keymap.$_p9k__zle_state}:#(vicmd.*|vivis.*|vivli.*|*.*insert*)}"}:+${${:-${P9K_CONTENT::=▶}${_p9k__n::=}${${${_p9k__bg:-0}:#NONE}:-${_p9k__n::=40}}${_p9k__n:=${${(M)${:-x}:#x($_p9k__bg|${_p9k__bg:-0})}:+42}}${_p9k__n:=43}${_p9k__c::="▶"}${_p9k__c::=${_p9k__c//
}}${_p9k__e::=${${_p9k__2lprompt_char+00}:-${${(%):-$_p9k__c%1(l.1.0)}[-1]}0}}}+}${${_p9k__e:#00}:+${${_p9k_t[$_p9k__n]/<_p9k__ss>/$_p9k__ss}/<_p9k__s>/$_p9k__s}${_p9k__c}%b%k%F{076\}${${:-${_p9k__s::=%F{\}}${_p9k__ss::= }${_p9k__sss::=%F{\}}${_p9k__i::=4}${_p9k__bg::=}}+}}}${${:-"${(M)${:-$_p9k__keymap$_p9k__region_active}:#vicmd0}"}:+${${:-${P9K_CONTENT::=❮}${_p9k__n::=}${${${_p9k__bg:-0}:#NONE}:-${_p9k__n::=44}}${_p9k__n:=${${(M)${:-x}:#x($_p9k__bg|${_p9k__bg:-0})}:+46}}${_p9k__n:=47}${_p9k__c::="❮"}${_p9k__c::=${_p9k__c//
}}${_p9k__e::=${${_p9k__2lprompt_char+00}:-${${(%):-$_p9k__c%1(l.1.0)}[-1]}0}}}+}${${_p9k__e:#00}:+${${_p9k_t[$_p9k__n]/<_p9k__ss>/$_p9k__ss}/<_p9k__s>/$_p9k__s}${_p9k__c}%b%k%F{076\}${${:-${_p9k__s::=%F{\}}${_p9k__ss::= }${_p9k__sss::=%F{\}}${_p9k__i::=4}${_p9k__bg::=}}+}}}${${:-"${(M)${:-$_p9k__keymap$_p9k__region_active}:#(vicmd1|vivis?|vivli?)}"}:+${${:-${P9K_CONTENT::=Ⅴ}${_p9k__n::=}${${${_p9k__bg:-0}:#NONE}:-${_p9k__n::=48}}${_p9k__n:=${${(M)${:-x}:#x($_p9k__bg|${_p9k__bg:-0})}:+50}}${_p9k__n:=51}${_p9k__c::="V"}${_p9k__c::=${_p9k__c//
}}${_p9k__e::=${${_p9k__2lprompt_char+00}:-${${(%):-$_p9k__c%1(l.1.0)}[-1]}0}}}+}${${_p9k__e:#00}:+${${_p9k_t[$_p9k__n]/<_p9k__ss>/$_p9k__ss}/<_p9k__s>/$_p9k__s}${_p9k__c}%b%k%F{076\}${${:-${_p9k__s::=%F{\}}${_p9k__ss::= }${_p9k__sss::=%F{\}}${_p9k__i::=4}${_p9k__bg::=}}+}}}%b%k$_p9k__sss%b%k%f${:-" %b%k%f"}}}${${COLUMNS::=$_p9k__clm}+} VIRTUAL_ENV_PROMPT=(ros2_env) /usr/bin/cmake --build /home/nazar/dev/ROS2/build/toxic_relationship -- -j8 -l8
[1.102s] [  3%] [34m[1mGenerating C code for ROS interfaces[0m
[1.111s] [  6%] [34m[1mGenerating C++ code for ROS interfaces[0m
[1.118s] [  6%] Built target ament_cmake_python_copy_toxic_relationship
[1.289s] running egg_info
[1.290s] creating toxic_relationship.egg-info
[1.290s] writing toxic_relationship.egg-info/PKG-INFO
[1.290s] writing dependency_links to toxic_relationship.egg-info/dependency_links.txt
[1.290s] writing top-level names to toxic_relationship.egg-info/top_level.txt
[1.290s] writing manifest file 'toxic_relationship.egg-info/SOURCES.txt'
[1.292s] reading manifest file 'toxic_relationship.egg-info/SOURCES.txt'
[1.292s] writing manifest file 'toxic_relationship.egg-info/SOURCES.txt'
[1.314s] [  6%] Built target ament_cmake_python_build_toxic_relationship_egg
[1.472s] [  6%] Built target toxic_relationship__cpp
[1.478s] [  9%] [32mBuilding C object CMakeFiles/toxic_relationship__rosidl_generator_c.dir/rosidl_generator_c/toxic_relationship/action/detail/toxic_relationship__functions.c.o[0m
[1.480s] [ 12%] [34m[1mGenerating C++ type support dispatch for ROS interfaces[0m
[1.480s] [ 19%] [34m[1mGenerating C++ introspection for ROS interfaces[0m
[1.480s] [ 19%] [34m[1mGenerating C++ type support for eProsima Fast-RTPS[0m
[1.592s] [ 22%] [32m[1mLinking C shared library libtoxic_relationship__rosidl_generator_c.so[0m
[1.627s] [ 22%] Built target toxic_relationship__rosidl_generator_c
[1.640s] [ 32%] [34m[1mGenerating C type support for eProsima Fast-RTPS[0m
[1.640s] [ 32%] [34m[1mGenerating C introspection for ROS interfaces[0m
[1.640s] [ 32%] [34m[1mGenerating C type support dispatch for ROS interfaces[0m
[1.737s] [ 35%] [32mBuilding CXX object CMakeFiles/toxic_relationship__rosidl_typesupport_cpp.dir/rosidl_typesupport_cpp/toxic_relationship/action/toxic_relationship__type_support.cpp.o[0m
[1.950s] [ 38%] [32mBuilding CXX object CMakeFiles/toxic_relationship__rosidl_typesupport_introspection_cpp.dir/rosidl_typesupport_introspection_cpp/toxic_relationship/action/detail/toxic_relationship__type_support.cpp.o[0m
[2.012s] [ 41%] [32mBuilding CXX object CMakeFiles/toxic_relationship__rosidl_typesupport_fastrtps_c.dir/rosidl_typesupport_fastrtps_c/toxic_relationship/action/detail/toxic_relationship__type_support_c.cpp.o[0m
[2.043s] [ 45%] [32mBuilding C object CMakeFiles/toxic_relationship__rosidl_typesupport_introspection_c.dir/rosidl_typesupport_introspection_c/toxic_relationship/action/detail/toxic_relationship__type_support.c.o[0m
[2.065s] [ 48%] [32mBuilding CXX object CMakeFiles/toxic_relationship__rosidl_typesupport_fastrtps_cpp.dir/rosidl_typesupport_fastrtps_cpp/toxic_relationship/action/detail/dds_fastrtps/toxic_relationship__type_support.cpp.o[0m
[2.075s] [ 51%] [32mBuilding CXX object CMakeFiles/toxic_relationship__rosidl_typesupport_c.dir/rosidl_typesupport_c/toxic_relationship/action/toxic_relationship__type_support.cpp.o[0m
[2.111s] [ 54%] [32m[1mLinking C shared library libtoxic_relationship__rosidl_typesupport_introspection_c.so[0m
[2.126s] [ 58%] [32m[1mLinking CXX shared library libtoxic_relationship__rosidl_typesupport_c.so[0m
[2.153s] [ 58%] Built target toxic_relationship__rosidl_typesupport_introspection_c
[2.176s] [ 58%] Built target toxic_relationship__rosidl_typesupport_c
[2.299s] [ 61%] [32m[1mLinking CXX shared library libtoxic_relationship__rosidl_typesupport_cpp.so[0m
[2.338s] [ 61%] Built target toxic_relationship__rosidl_typesupport_cpp
[2.430s] [ 64%] [32m[1mLinking CXX shared library libtoxic_relationship__rosidl_typesupport_fastrtps_c.so[0m
[2.507s] [ 64%] Built target toxic_relationship__rosidl_typesupport_fastrtps_c
[2.543s] [ 67%] [32m[1mLinking CXX shared library libtoxic_relationship__rosidl_typesupport_introspection_cpp.so[0m
[2.611s] [ 67%] Built target toxic_relationship__rosidl_typesupport_introspection_cpp
[2.633s] [ 70%] [32m[1mLinking CXX shared library libtoxic_relationship__rosidl_typesupport_fastrtps_cpp.so[0m
[2.697s] [ 70%] Built target toxic_relationship__rosidl_typesupport_fastrtps_cpp
[2.714s] [ 70%] Built target toxic_relationship
[2.731s] [ 74%] [34m[1mGenerating Python code for ROS interfaces[0m
[3.350s] [ 74%] Built target toxic_relationship__py
[3.367s] [ 77%] [32mBuilding C object CMakeFiles/toxic_relationship__rosidl_generator_py.dir/rosidl_generator_py/toxic_relationship/action/_toxic_relationship_s.c.o[0m
[3.490s] [ 80%] [32m[1mLinking C shared library rosidl_generator_py/toxic_relationship/libtoxic_relationship__rosidl_generator_py.so[0m
[3.525s] [ 80%] Built target toxic_relationship__rosidl_generator_py
[3.543s] [ 90%] [32mBuilding C object CMakeFiles/toxic_relationship__rosidl_typesupport_introspection_c__pyext.dir/rosidl_generator_py/toxic_relationship/_toxic_relationship_s.ep.rosidl_typesupport_introspection_c.c.o[0m
[3.543s] [ 90%] [32mBuilding C object CMakeFiles/toxic_relationship__rosidl_typesupport_c__pyext.dir/rosidl_generator_py/toxic_relationship/_toxic_relationship_s.ep.rosidl_typesupport_c.c.o[0m
[3.543s] [ 90%] [32mBuilding C object CMakeFiles/toxic_relationship__rosidl_typesupport_fastrtps_c__pyext.dir/rosidl_generator_py/toxic_relationship/_toxic_relationship_s.ep.rosidl_typesupport_fastrtps_c.c.o[0m
[3.655s] [100%] [32m[1mLinking C shared library rosidl_generator_py/toxic_relationship/toxic_relationship_s__rosidl_typesupport_introspection_c.cpython-310-x86_64-linux-gnu.so[0m
[3.655s] [100%] [32m[1mLinking C shared library rosidl_generator_py/toxic_relationship/toxic_relationship_s__rosidl_typesupport_fastrtps_c.cpython-310-x86_64-linux-gnu.so[0m
[3.655s] [100%] [32m[1mLinking C shared library rosidl_generator_py/toxic_relationship/toxic_relationship_s__rosidl_typesupport_c.cpython-310-x86_64-linux-gnu.so[0m
[3.692s] [100%] Built target toxic_relationship__rosidl_typesupport_introspection_c__pyext
[3.692s] [100%] Built target toxic_relationship__rosidl_typesupport_fastrtps_c__pyext
[3.692s] [100%] Built target toxic_relationship__rosidl_typesupport_c__pyext
[3.702s] Invoked command in '/home/nazar/dev/ROS2/build/toxic_relationship' returned '0': CMAKE_PREFIX_PATH=/opt/ros/humble PS1=(ros2_env) ${$((_p9k_on_expand()))+}%{${_p9k__raw_msg-}${_p9k__raw_msg::=}%}${(e)_p9k_t[7]}${_p9k__1-${${:-${_p9k__d::=0}${_p9k__rprompt::=${_p9k__1r-${${:-${_p9k__bg::=NONE}${_p9k__i::=0}${_p9k__sss::=${(Q)${:-"%\\{%\\}"}}}}+}${${:-${P9K_CONTENT::=}${_p9k__n::=}${${${_p9k__bg:-0}:#NONE}:-${_p9k__n::=8}}${_p9k__n:=${${(M)${:-x$_p9k__bg}:#x(|0)}:+10}}${_p9k__n:=11}${_p9k__c::="${P9K_CONTENT}"}${_p9k__c::=${_p9k__c//
}}${_p9k__e::=${${_p9k__1r:+00}:-${${(%):-$_p9k__c%1(l.1.0)}[-1]}0}}}+}${${_p9k__e:#00}:+${_p9k_t[$_p9k__n]/<_p9k__w>/$_p9k__w}${_p9k__c}%b%k%f${${:-${_p9k__w::=%b%k%f}${_p9k__sss::=%b%k%f}${_p9k__i::=1}${_p9k__bg::=}}+}}${${:-"${${(%):-%j}:#0}"}:+${${:-${P9K_CONTENT::=""}${_p9k__n::=}${${${_p9k__bg:-0}:#NONE}:-${_p9k__n::=12}}${_p9k__n:=${${(M)${:-x$_p9k__bg}:#x(|0)}:+14}}${_p9k__n:=15}${_p9k__v::=}${_p9k__c::="${P9K_CONTENT}"}${_p9k__c::=${_p9k__c//
}}${_p9k__e::=${${_p9k__1rbackground_jobs+00}:-${${(%):-$_p9k__c%1(l.1.0)}[-1]}1}}}+}${${_p9k__e:#00}:+${_p9k_t[$_p9k__n]/<_p9k__w>/$_p9k__w}${_p9k__v}${${(M)_p9k__e:#11}:+ }${_p9k__c}%b%k%F{070\}${${:-${_p9k__w::=%b%k%F{070\}}${_p9k__sss::=%b%k%F{070\}}${_p9k__i::=3}${_p9k__bg::=}}+}}}${${:-"${${(%):-%#}:#\#}"}:+${${:-${P9K_CONTENT::=%n@%m}${_p9k__n::=}${${${_p9k__bg:-0}:#NONE}:-${_p9k__n::=16}}${_p9k__n:=${${(M)${:-x$_p9k__bg}:#x(|0)}:+18}}${_p9k__n:=19}${_p9k__c::=}${_p9k__c::=${_p9k__c//
}}${_p9k__e::=${${_p9k__1rcontext+00}:-${${(%):-$_p9k__c%1(l.1.0)}[-1]}0}}}+}${${_p9k__e:#00}:+${_p9k_t[$_p9k__n]/<_p9k__w>/$_p9k__w}${_p9k__c}%b%k%F{180\}${${:-${_p9k__w::=%b%k%F{180\}}${_p9k__sss::=%b%k%F{180\}}${_p9k__i::=31}${_p9k__bg::=}}+}}}${${:-"${${(%):-%#}:#\%}"}:+${${:-${P9K_CONTENT::=%B%n@%m}${_p9k__n::=}${${${_p9k__bg:-0}:#NONE}:-${_p9k__n::=20}}${_p9k__n:=${${(M)${:-x$_p9k__bg}:#x(|0)}:+22}}${_p9k__n:=23}${_p9k__c::="${P9K_CONTENT}"}${_p9k__c::=${_p9k__c//
}}${_p9k__e::=${${_p9k__1rcontext+00}:-${${(%):-$_p9k__c%1(l.1.0)}[-1]}0}}}+}${${_p9k__e:#00}:+${_p9k_t[$_p9k__n]/<_p9k__w>/$_p9k__w}${_p9k__c}%b%k%F{178\}${${:-${_p9k__w::=%b%k%F{178\}}${_p9k__sss::=%b%k%F{178\}}${_p9k__i::=31}${_p9k__bg::=}}+}}}${${:-${P9K_CONTENT::=10:41:32}${_p9k__n::=}${${${_p9k__bg:-0}:#NONE}:-${_p9k__n::=24}}${_p9k__n:=${${(M)${:-x$_p9k__bg}:#x(|0)}:+26}}${_p9k__n:=27}${_p9k__v::=}${_p9k__c::="${P9K_CONTENT}"}${_p9k__c::=${_p9k__c//
}}${_p9k__e::=${${_p9k__1rtime+00}:-${${(%):-$_p9k__c%1(l.1.0)}[-1]}1}}}+}${${_p9k__e:#00}:+${_p9k_t[$_p9k__n]/<_p9k__w>/$_p9k__w}${_p9k__v}${${(M)_p9k__e:#11}:+ }${_p9k__c}%b%k%F{066\}${${:-${_p9k__w::=%b%k%F{066\}}${_p9k__sss::=%b%k%F{066\}}${_p9k__i::=43}${_p9k__bg::=}}+}}$_p9k__sss%b%k%f}}${_p9k__lprompt::=${_p9k__1l-${${:-${_p9k__bg::=NONE}${_p9k__i::=0}${_p9k__sss::=%f }}+}${${:-${P9K_CONTENT::=}${_p9k__n::=}${${${_p9k__bg:-0}:#NONE}:-${_p9k__n::=28}}${_p9k__n:=${${(M)${:-x}:#x($_p9k__bg|${_p9k__bg:-0})}:+30}}${_p9k__n:=31}${_p9k__c::="${P9K_CONTENT}"}${_p9k__c::=${_p9k__c//
}}${_p9k__e::=${${_p9k__1los_icon+00}:-${${(%):-$_p9k__c%1(l.1.0)}[-1]}0}}}+}${${_p9k__e:#00}:+${${_p9k_t[$_p9k__n]/<_p9k__ss>/$_p9k__ss}/<_p9k__s>/$_p9k__s}${_p9k__c}%b%k%f${${:-${_p9k__s::=%F{\}}${_p9k__ss::= }${_p9k__sss::=%F{\} }${_p9k__i::=1}${_p9k__bg::=}}+}}${${:-${P9K_CONTENT::="%{d%}${:-"%B%F{039}"}${(Q)${:-"\\~"}}${:-"%b%k%F{031}"}/dev/${:-"%B%F{039}"}ROS2${:-"%b%k%F{031}"}%{d%}"}${_p9k__n::=}${${${_p9k__bg:-0}:#NONE}:-${_p9k__n::=84}}${_p9k__n:=${${(M)${:-x}:#x($_p9k__bg|${_p9k__bg:-0})}:+86}}${_p9k__n:=87}${_p9k__v::=}${_p9k__c::="${P9K_CONTENT}"}${_p9k__c::=${_p9k__c//
}}${_p9k__e::=${${_p9k__1ldir+00}:-${${(%):-$_p9k__c%1(l.1.0)}[-1]}1}}}+}${${_p9k__e:#00}:+${${_p9k_t[$_p9k__n]/<_p9k__ss>/$_p9k__ss}/<_p9k__s>/$_p9k__s}${_p9k__v}${${(M)_p9k__e:#11}:+ }${_p9k__c}%b%k%F{031\}${${:-${_p9k__s::=%F{\}}${_p9k__ss::= }${_p9k__sss::=%F{\} }${_p9k__i::=2}${_p9k__bg::=}}+}}${(e)_p9k__vcs}%b%k$_p9k__sss%b%k%f}}}+}${(e)_p9k_t[6]}${${_p9k__h::=0}+}${${_p9k__d::=$((_p9k__m-_p9k__h))}+}${_p9k__lprompt/\%\{d\%\}*\%\{d\%\}/${_p9k__1ldir-${:-"%B%F{039}"}${(Q)${:-"\\~"}}${:-"%b%k%F{031}"}/dev/${:-"%B%F{039}"}ROS2${:-"%b%k%F{031}"}}}${${_p9k__m::=$((_p9k__d+_p9k__h))}+}${${_p9k__g+
}:-${:-"%F{240}"}${${${_p9k__m:#-*}:+${${_p9k__1g+${(pl.$((_p9k__m+1)).. .)}}:-${(pl.$((_p9k__m+1))..·.)}}$_p9k__rprompt${_p9k_t[$((1+!_p9k__ind))]}}:-
}%b%k%f}}${_p9k__2-${_p9k__2l-${${:-${_p9k__bg::=NONE}${_p9k__i::=0}${_p9k__sss::=%f }}+}${${:-"${${:-$_p9k__keymap.$_p9k__zle_state}:#(vicmd.*|vivis.*|vivli.*|*.*overwrite*)}"}:+${${:-${P9K_CONTENT::=❯}${_p9k__n::=}${${${_p9k__bg:-0}:#NONE}:-${_p9k__n::=36}}${_p9k__n:=${${(M)${:-x}:#x($_p9k__bg|${_p9k__bg:-0})}:+38}}${_p9k__n:=39}${_p9k__c::="❯"}${_p9k__c::=${_p9k__c//
}}${_p9k__e::=${${_p9k__2lprompt_char+00}:-${${(%):-$_p9k__c%1(l.1.0)}[-1]}0}}}+}${${_p9k__e:#00}:+${${_p9k_t[$_p9k__n]/<_p9k__ss>/$_p9k__ss}/<_p9k__s>/$_p9k__s}${_p9k__c}%b%k%F{076\}${${:-${_p9k__s::=%F{\}}${_p9k__ss::= }${_p9k__sss::=%F{\}}${_p9k__i::=4}${_p9k__bg::=}}+}}}${${:-"${${:-$_p9k__keymap.$_p9k__zle_state}:#(vicmd.*|vivis.*|vivli.*|*.*insert*)}"}:+${${:-${P9K_CONTENT::=▶}${_p9k__n::=}${${${_p9k__bg:-0}:#NONE}:-${_p9k__n::=40}}${_p9k__n:=${${(M)${:-x}:#x($_p9k__bg|${_p9k__bg:-0})}:+42}}${_p9k__n:=43}${_p9k__c::="▶"}${_p9k__c::=${_p9k__c//
}}${_p9k__e::=${${_p9k__2lprompt_char+00}:-${${(%):-$_p9k__c%1(l.1.0)}[-1]}0}}}+}${${_p9k__e:#00}:+${${_p9k_t[$_p9k__n]/<_p9k__ss>/$_p9k__ss}/<_p9k__s>/$_p9k__s}${_p9k__c}%b%k%F{076\}${${:-${_p9k__s::=%F{\}}${_p9k__ss::= }${_p9k__sss::=%F{\}}${_p9k__i::=4}${_p9k__bg::=}}+}}}${${:-"${(M)${:-$_p9k__keymap$_p9k__region_active}:#vicmd0}"}:+${${:-${P9K_CONTENT::=❮}${_p9k__n::=}${${${_p9k__bg:-0}:#NONE}:-${_p9k__n::=44}}${_p9k__n:=${${(M)${:-x}:#x($_p9k__bg|${_p9k__bg:-0})}:+46}}${_p9k__n:=47}${_p9k__c::="❮"}${_p9k__c::=${_p9k__c//
}}${_p9k__e::=${${_p9k__2lprompt_char+00}:-${${(%):-$_p9k__c%1(l.1.0)}[-1]}0}}}+}${${_p9k__e:#00}:+${${_p9k_t[$_p9k__n]/<_p9k__ss>/$_p9k__ss}/<_p9k__s>/$_p9k__s}${_p9k__c}%b%k%F{076\}${${:-${_p9k__s::=%F{\}}${_p9k__ss::= }${_p9k__sss::=%F{\}}${_p9k__i::=4}${_p9k__bg::=}}+}}}${${:-"${(M)${:-$_p9k__keymap$_p9k__region_active}:#(vicmd1|vivis?|vivli?)}"}:+${${:-${P9K_CONTENT::=Ⅴ}${_p9k__n::=}${${${_p9k__bg:-0}:#NONE}:-${_p9k__n::=48}}${_p9k__n:=${${(M)${:-x}:#x($_p9k__bg|${_p9k__bg:-0})}:+50}}${_p9k__n:=51}${_p9k__c::="V"}${_p9k__c::=${_p9k__c//
}}${_p9k__e::=${${_p9k__2lprompt_char+00}:-${${(%):-$_p9k__c%1(l.1.0)}[-1]}0}}}+}${${_p9k__e:#00}:+${${_p9k_t[$_p9k__n]/<_p9k__ss>/$_p9k__ss}/<_p9k__s>/$_p9k__s}${_p9k__c}%b%k%F{076\}${${:-${_p9k__s::=%F{\}}${_p9k__ss::= }${_p9k__sss::=%F{\}}${_p9k__i::=4}${_p9k__bg::=}}+}}}%b%k$_p9k__sss%b%k%f${:-" %b%k%f"}}}${${COLUMNS::=$_p9k__clm}+} VIRTUAL_ENV_PROMPT=(ros2_env) /usr/bin/cmake --build /home/nazar/dev/ROS2/build/toxic_relationship -- -j8 -l8
[3.761s] Invoking command in '/home/nazar/dev/ROS2/build/toxic_relationship': CMAKE_PREFIX_PATH=/opt/ros/humble PS1=(ros2_env) ${$((_p9k_on_expand()))+}%{${_p9k__raw_msg-}${_p9k__raw_msg::=}%}${(e)_p9k_t[7]}${_p9k__1-${${:-${_p9k__d::=0}${_p9k__rprompt::=${_p9k__1r-${${:-${_p9k__bg::=NONE}${_p9k__i::=0}${_p9k__sss::=${(Q)${:-"%\\{%\\}"}}}}+}${${:-${P9K_CONTENT::=}${_p9k__n::=}${${${_p9k__bg:-0}:#NONE}:-${_p9k__n::=8}}${_p9k__n:=${${(M)${:-x$_p9k__bg}:#x(|0)}:+10}}${_p9k__n:=11}${_p9k__c::="${P9K_CONTENT}"}${_p9k__c::=${_p9k__c//
}}${_p9k__e::=${${_p9k__1r:+00}:-${${(%):-$_p9k__c%1(l.1.0)}[-1]}0}}}+}${${_p9k__e:#00}:+${_p9k_t[$_p9k__n]/<_p9k__w>/$_p9k__w}${_p9k__c}%b%k%f${${:-${_p9k__w::=%b%k%f}${_p9k__sss::=%b%k%f}${_p9k__i::=1}${_p9k__bg::=}}+}}${${:-"${${(%):-%j}:#0}"}:+${${:-${P9K_CONTENT::=""}${_p9k__n::=}${${${_p9k__bg:-0}:#NONE}:-${_p9k__n::=12}}${_p9k__n:=${${(M)${:-x$_p9k__bg}:#x(|0)}:+14}}${_p9k__n:=15}${_p9k__v::=}${_p9k__c::="${P9K_CONTENT}"}${_p9k__c::=${_p9k__c//
}}${_p9k__e::=${${_p9k__1rbackground_jobs+00}:-${${(%):-$_p9k__c%1(l.1.0)}[-1]}1}}}+}${${_p9k__e:#00}:+${_p9k_t[$_p9k__n]/<_p9k__w>/$_p9k__w}${_p9k__v}${${(M)_p9k__e:#11}:+ }${_p9k__c}%b%k%F{070\}${${:-${_p9k__w::=%b%k%F{070\}}${_p9k__sss::=%b%k%F{070\}}${_p9k__i::=3}${_p9k__bg::=}}+}}}${${:-"${${(%):-%#}:#\#}"}:+${${:-${P9K_CONTENT::=%n@%m}${_p9k__n::=}${${${_p9k__bg:-0}:#NONE}:-${_p9k__n::=16}}${_p9k__n:=${${(M)${:-x$_p9k__bg}:#x(|0)}:+18}}${_p9k__n:=19}${_p9k__c::=}${_p9k__c::=${_p9k__c//
}}${_p9k__e::=${${_p9k__1rcontext+00}:-${${(%):-$_p9k__c%1(l.1.0)}[-1]}0}}}+}${${_p9k__e:#00}:+${_p9k_t[$_p9k__n]/<_p9k__w>/$_p9k__w}${_p9k__c}%b%k%F{180\}${${:-${_p9k__w::=%b%k%F{180\}}${_p9k__sss::=%b%k%F{180\}}${_p9k__i::=31}${_p9k__bg::=}}+}}}${${:-"${${(%):-%#}:#\%}"}:+${${:-${P9K_CONTENT::=%B%n@%m}${_p9k__n::=}${${${_p9k__bg:-0}:#NONE}:-${_p9k__n::=20}}${_p9k__n:=${${(M)${:-x$_p9k__bg}:#x(|0)}:+22}}${_p9k__n:=23}${_p9k__c::="${P9K_CONTENT}"}${_p9k__c::=${_p9k__c//
}}${_p9k__e::=${${_p9k__1rcontext+00}:-${${(%):-$_p9k__c%1(l.1.0)}[-1]}0}}}+}${${_p9k__e:#00}:+${_p9k_t[$_p9k__n]/<_p9k__w>/$_p9k__w}${_p9k__c}%b%k%F{178\}${${:-${_p9k__w::=%b%k%F{178\}}${_p9k__sss::=%b%k%F{178\}}${_p9k__i::=31}${_p9k__bg::=}}+}}}${${:-${P9K_CONTENT::=10:41:32}${_p9k__n::=}${${${_p9k__bg:-0}:#NONE}:-${_p9k__n::=24}}${_p9k__n:=${${(M)${:-x$_p9k__bg}:#x(|0)}:+26}}${_p9k__n:=27}${_p9k__v::=}${_p9k__c::="${P9K_CONTENT}"}${_p9k__c::=${_p9k__c//
}}${_p9k__e::=${${_p9k__1rtime+00}:-${${(%):-$_p9k__c%1(l.1.0)}[-1]}1}}}+}${${_p9k__e:#00}:+${_p9k_t[$_p9k__n]/<_p9k__w>/$_p9k__w}${_p9k__v}${${(M)_p9k__e:#11}:+ }${_p9k__c}%b%k%F{066\}${${:-${_p9k__w::=%b%k%F{066\}}${_p9k__sss::=%b%k%F{066\}}${_p9k__i::=43}${_p9k__bg::=}}+}}$_p9k__sss%b%k%f}}${_p9k__lprompt::=${_p9k__1l-${${:-${_p9k__bg::=NONE}${_p9k__i::=0}${_p9k__sss::=%f }}+}${${:-${P9K_CONTENT::=}${_p9k__n::=}${${${_p9k__bg:-0}:#NONE}:-${_p9k__n::=28}}${_p9k__n:=${${(M)${:-x}:#x($_p9k__bg|${_p9k__bg:-0})}:+30}}${_p9k__n:=31}${_p9k__c::="${P9K_CONTENT}"}${_p9k__c::=${_p9k__c//
}}${_p9k__e::=${${_p9k__1los_icon+00}:-${${(%):-$_p9k__c%1(l.1.0)}[-1]}0}}}+}${${_p9k__e:#00}:+${${_p9k_t[$_p9k__n]/<_p9k__ss>/$_p9k__ss}/<_p9k__s>/$_p9k__s}${_p9k__c}%b%k%f${${:-${_p9k__s::=%F{\}}${_p9k__ss::= }${_p9k__sss::=%F{\} }${_p9k__i::=1}${_p9k__bg::=}}+}}${${:-${P9K_CONTENT::="%{d%}${:-"%B%F{039}"}${(Q)${:-"\\~"}}${:-"%b%k%F{031}"}/dev/${:-"%B%F{039}"}ROS2${:-"%b%k%F{031}"}%{d%}"}${_p9k__n::=}${${${_p9k__bg:-0}:#NONE}:-${_p9k__n::=84}}${_p9k__n:=${${(M)${:-x}:#x($_p9k__bg|${_p9k__bg:-0})}:+86}}${_p9k__n:=87}${_p9k__v::=}${_p9k__c::="${P9K_CONTENT}"}${_p9k__c::=${_p9k__c//
}}${_p9k__e::=${${_p9k__1ldir+00}:-${${(%):-$_p9k__c%1(l.1.0)}[-1]}1}}}+}${${_p9k__e:#00}:+${${_p9k_t[$_p9k__n]/<_p9k__ss>/$_p9k__ss}/<_p9k__s>/$_p9k__s}${_p9k__v}${${(M)_p9k__e:#11}:+ }${_p9k__c}%b%k%F{031\}${${:-${_p9k__s::=%F{\}}${_p9k__ss::= }${_p9k__sss::=%F{\} }${_p9k__i::=2}${_p9k__bg::=}}+}}${(e)_p9k__vcs}%b%k$_p9k__sss%b%k%f}}}+}${(e)_p9k_t[6]}${${_p9k__h::=0}+}${${_p9k__d::=$((_p9k__m-_p9k__h))}+}${_p9k__lprompt/\%\{d\%\}*\%\{d\%\}/${_p9k__1ldir-${:-"%B%F{039}"}${(Q)${:-"\\~"}}${:-"%b%k%F{031}"}/dev/${:-"%B%F{039}"}ROS2${:-"%b%k%F{031}"}}}${${_p9k__m::=$((_p9k__d+_p9k__h))}+}${${_p9k__g+
}:-${:-"%F{240}"}${${${_p9k__m:#-*}:+${${_p9k__1g+${(pl.$((_p9k__m+1)).. .)}}:-${(pl.$((_p9k__m+1))..·.)}}$_p9k__rprompt${_p9k_t[$((1+!_p9k__ind))]}}:-
}%b%k%f}}${_p9k__2-${_p9k__2l-${${:-${_p9k__bg::=NONE}${_p9k__i::=0}${_p9k__sss::=%f }}+}${${:-"${${:-$_p9k__keymap.$_p9k__zle_state}:#(vicmd.*|vivis.*|vivli.*|*.*overwrite*)}"}:+${${:-${P9K_CONTENT::=❯}${_p9k__n::=}${${${_p9k__bg:-0}:#NONE}:-${_p9k__n::=36}}${_p9k__n:=${${(M)${:-x}:#x($_p9k__bg|${_p9k__bg:-0})}:+38}}${_p9k__n:=39}${_p9k__c::="❯"}${_p9k__c::=${_p9k__c//
}}${_p9k__e::=${${_p9k__2lprompt_char+00}:-${${(%):-$_p9k__c%1(l.1.0)}[-1]}0}}}+}${${_p9k__e:#00}:+${${_p9k_t[$_p9k__n]/<_p9k__ss>/$_p9k__ss}/<_p9k__s>/$_p9k__s}${_p9k__c}%b%k%F{076\}${${:-${_p9k__s::=%F{\}}${_p9k__ss::= }${_p9k__sss::=%F{\}}${_p9k__i::=4}${_p9k__bg::=}}+}}}${${:-"${${:-$_p9k__keymap.$_p9k__zle_state}:#(vicmd.*|vivis.*|vivli.*|*.*insert*)}"}:+${${:-${P9K_CONTENT::=▶}${_p9k__n::=}${${${_p9k__bg:-0}:#NONE}:-${_p9k__n::=40}}${_p9k__n:=${${(M)${:-x}:#x($_p9k__bg|${_p9k__bg:-0})}:+42}}${_p9k__n:=43}${_p9k__c::="▶"}${_p9k__c::=${_p9k__c//
}}${_p9k__e::=${${_p9k__2lprompt_char+00}:-${${(%):-$_p9k__c%1(l.1.0)}[-1]}0}}}+}${${_p9k__e:#00}:+${${_p9k_t[$_p9k__n]/<_p9k__ss>/$_p9k__ss}/<_p9k__s>/$_p9k__s}${_p9k__c}%b%k%F{076\}${${:-${_p9k__s::=%F{\}}${_p9k__ss::= }${_p9k__sss::=%F{\}}${_p9k__i::=4}${_p9k__bg::=}}+}}}${${:-"${(M)${:-$_p9k__keymap$_p9k__region_active}:#vicmd0}"}:+${${:-${P9K_CONTENT::=❮}${_p9k__n::=}${${${_p9k__bg:-0}:#NONE}:-${_p9k__n::=44}}${_p9k__n:=${${(M)${:-x}:#x($_p9k__bg|${_p9k__bg:-0})}:+46}}${_p9k__n:=47}${_p9k__c::="❮"}${_p9k__c::=${_p9k__c//
}}${_p9k__e::=${${_p9k__2lprompt_char+00}:-${${(%):-$_p9k__c%1(l.1.0)}[-1]}0}}}+}${${_p9k__e:#00}:+${${_p9k_t[$_p9k__n]/<_p9k__ss>/$_p9k__ss}/<_p9k__s>/$_p9k__s}${_p9k__c}%b%k%F{076\}${${:-${_p9k__s::=%F{\}}${_p9k__ss::= }${_p9k__sss::=%F{\}}${_p9k__i::=4}${_p9k__bg::=}}+}}}${${:-"${(M)${:-$_p9k__keymap$_p9k__region_active}:#(vicmd1|vivis?|vivli?)}"}:+${${:-${P9K_CONTENT::=Ⅴ}${_p9k__n::=}${${${_p9k__bg:-0}:#NONE}:-${_p9k__n::=48}}${_p9k__n:=${${(M)${:-x}:#x($_p9k__bg|${_p9k__bg:-0})}:+50}}${_p9k__n:=51}${_p9k__c::="V"}${_p9k__c::=${_p9k__c//
}}${_p9k__e::=${${_p9k__2lprompt_char+00}:-${${(%):-$_p9k__c%1(l.1.0)}[-1]}0}}}+}${${_p9k__e:#00}:+${${_p9k_t[$_p9k__n]/<_p9k__ss>/$_p9k__ss}/<_p9k__s>/$_p9k__s}${_p9k__c}%b%k%F{076\}${${:-${_p9k__s::=%F{\}}${_p9k__ss::= }${_p9k__sss::=%F{\}}${_p9k__i::=4}${_p9k__bg::=}}+}}}%b%k$_p9k__sss%b%k%f${:-" %b%k%f"}}}${${COLUMNS::=$_p9k__clm}+} VIRTUAL_ENV_PROMPT=(ros2_env) /usr/bin/cmake --install /home/nazar/dev/ROS2/build/toxic_relationship
[3.767s] -- Install configuration: ""
[3.768s] -- Installing: /home/nazar/dev/ROS2/install/toxic_relationship/share/ament_index/resource_index/rosidl_interfaces/toxic_relationship
[3.768s] -- Installing: /home/nazar/dev/ROS2/install/toxic_relationship/include/toxic_relationship/toxic_relationship
[3.768s] -- Installing: /home/nazar/dev/ROS2/install/toxic_relationship/include/toxic_relationship/toxic_relationship/action
[3.768s] -- Installing: /home/nazar/dev/ROS2/install/toxic_relationship/include/toxic_relationship/toxic_relationship/action/toxic_relationship.h
[3.768s] -- Installing: /home/nazar/dev/ROS2/install/toxic_relationship/include/toxic_relationship/toxic_relationship/action/detail
[3.768s] -- Installing: /home/nazar/dev/ROS2/install/toxic_relationship/include/toxic_relationship/toxic_relationship/action/detail/toxic_relationship__functions.h
[3.768s] -- Installing: /home/nazar/dev/ROS2/install/toxic_relationship/include/toxic_relationship/toxic_relationship/action/detail/toxic_relationship__struct.h
[3.768s] -- Installing: /home/nazar/dev/ROS2/install/toxic_relationship/include/toxic_relationship/toxic_relationship/action/detail/toxic_relationship__type_support.h
[3.769s] -- Installing: /home/nazar/dev/ROS2/install/toxic_relationship/include/toxic_relationship/toxic_relationship/action/detail/toxic_relationship__functions.c
[3.769s] -- Installing: /home/nazar/dev/ROS2/install/toxic_relationship/include/toxic_relationship/toxic_relationship/msg
[3.769s] -- Installing: /home/nazar/dev/ROS2/install/toxic_relationship/include/toxic_relationship/toxic_relationship/msg/rosidl_generator_c__visibility_control.h
[3.769s] -- Installing: /home/nazar/dev/ROS2/install/toxic_relationship/share/toxic_relationship/environment/library_path.sh
[3.769s] -- Installing: /home/nazar/dev/ROS2/install/toxic_relationship/share/toxic_relationship/environment/library_path.dsv
[3.769s] -- Installing: /home/nazar/dev/ROS2/install/toxic_relationship/lib/libtoxic_relationship__rosidl_generator_c.so
[3.770s] -- Set runtime path of "/home/nazar/dev/ROS2/install/toxic_relationship/lib/libtoxic_relationship__rosidl_generator_c.so" to ""
[3.770s] -- Up-to-date: /home/nazar/dev/ROS2/install/toxic_relationship/include/toxic_relationship/toxic_relationship
[3.770s] -- Up-to-date: /home/nazar/dev/ROS2/install/toxic_relationship/include/toxic_relationship/toxic_relationship/action
[3.770s] -- Up-to-date: /home/nazar/dev/ROS2/install/toxic_relationship/include/toxic_relationship/toxic_relationship/action/detail
[3.770s] -- Installing: /home/nazar/dev/ROS2/install/toxic_relationship/include/toxic_relationship/toxic_relationship/action/detail/toxic_relationship__rosidl_typesupport_fastrtps_c.h
[3.770s] -- Up-to-date: /home/nazar/dev/ROS2/install/toxic_relationship/include/toxic_relationship/toxic_relationship/msg
[3.770s] -- Installing: /home/nazar/dev/ROS2/install/toxic_relationship/include/toxic_relationship/toxic_relationship/msg/rosidl_typesupport_fastrtps_c__visibility_control.h
[3.770s] -- Installing: /home/nazar/dev/ROS2/install/toxic_relationship/lib/libtoxic_relationship__rosidl_typesupport_fastrtps_c.so
[3.771s] -- Set runtime path of "/home/nazar/dev/ROS2/install/toxic_relationship/lib/libtoxic_relationship__rosidl_typesupport_fastrtps_c.so" to ""
[3.771s] -- Up-to-date: /home/nazar/dev/ROS2/install/toxic_relationship/include/toxic_relationship/toxic_relationship
[3.771s] -- Up-to-date: /home/nazar/dev/ROS2/install/toxic_relationship/include/toxic_relationship/toxic_relationship/action
[3.771s] -- Up-to-date: /home/nazar/dev/ROS2/install/toxic_relationship/include/toxic_relationship/toxic_relationship/action/detail
[3.771s] -- Installing: /home/nazar/dev/ROS2/install/toxic_relationship/include/toxic_relationship/toxic_relationship/action/detail/toxic_relationship__traits.hpp
[3.771s] -- Installing: /home/nazar/dev/ROS2/install/toxic_relationship/include/toxic_relationship/toxic_relationship/action/detail/toxic_relationship__struct.hpp
[3.771s] -- Installing: /home/nazar/dev/ROS2/install/toxic_relationship/include/toxic_relationship/toxic_relationship/action/detail/toxic_relationship__builder.hpp
[3.771s] -- Installing: /home/nazar/dev/ROS2/install/toxic_relationship/include/toxic_relationship/toxic_relationship/action/toxic_relationship.hpp
[3.771s] -- Up-to-date: /home/nazar/dev/ROS2/install/toxic_relationship/include/toxic_relationship/toxic_relationship
[3.772s] -- Up-to-date: /home/nazar/dev/ROS2/install/toxic_relationship/include/toxic_relationship/toxic_relationship/action
[3.772s] -- Up-to-date: /home/nazar/dev/ROS2/install/toxic_relationship/include/toxic_relationship/toxic_relationship/action/detail
[3.772s] -- Installing: /home/nazar/dev/ROS2/install/toxic_relationship/include/toxic_relationship/toxic_relationship/action/detail/toxic_relationship__rosidl_typesupport_fastrtps_cpp.hpp
[3.772s] -- Installing: /home/nazar/dev/ROS2/install/toxic_relationship/include/toxic_relationship/toxic_relationship/action/detail/dds_fastrtps
[3.772s] -- Up-to-date: /home/nazar/dev/ROS2/install/toxic_relationship/include/toxic_relationship/toxic_relationship/msg
[3.772s] -- Installing: /home/nazar/dev/ROS2/install/toxic_relationship/include/toxic_relationship/toxic_relationship/msg/rosidl_typesupport_fastrtps_cpp__visibility_control.h
[3.772s] -- Installing: /home/nazar/dev/ROS2/install/toxic_relationship/lib/libtoxic_relationship__rosidl_typesupport_fastrtps_cpp.so
[3.772s] -- Set runtime path of "/home/nazar/dev/ROS2/install/toxic_relationship/lib/libtoxic_relationship__rosidl_typesupport_fastrtps_cpp.so" to ""
[3.773s] -- Up-to-date: /home/nazar/dev/ROS2/install/toxic_relationship/include/toxic_relationship/toxic_relationship
[3.773s] -- Up-to-date: /home/nazar/dev/ROS2/install/toxic_relationship/include/toxic_relationship/toxic_relationship/action
[3.773s] -- Up-to-date: /home/nazar/dev/ROS2/install/toxic_relationship/include/toxic_relationship/toxic_relationship/action/detail
[3.773s] -- Installing: /home/nazar/dev/ROS2/install/toxic_relationship/include/toxic_relationship/toxic_relationship/action/detail/toxic_relationship__rosidl_typesupport_introspection_c.h
[3.773s] -- Installing: /home/nazar/dev/ROS2/install/toxic_relationship/include/toxic_relationship/toxic_relationship/action/detail/toxic_relationship__type_support.c
[3.773s] -- Up-to-date: /home/nazar/dev/ROS2/install/toxic_relationship/include/toxic_relationship/toxic_relationship/msg
[3.773s] -- Installing: /home/nazar/dev/ROS2/install/toxic_relationship/include/toxic_relationship/toxic_relationship/msg/rosidl_typesupport_introspection_c__visibility_control.h
[3.773s] -- Installing: /home/nazar/dev/ROS2/install/toxic_relationship/lib/libtoxic_relationship__rosidl_typesupport_introspection_c.so
[3.774s] -- Set runtime path of "/home/nazar/dev/ROS2/install/toxic_relationship/lib/libtoxic_relationship__rosidl_typesupport_introspection_c.so" to ""
[3.774s] -- Installing: /home/nazar/dev/ROS2/install/toxic_relationship/lib/libtoxic_relationship__rosidl_typesupport_c.so
[3.774s] -- Set runtime path of "/home/nazar/dev/ROS2/install/toxic_relationship/lib/libtoxic_relationship__rosidl_typesupport_c.so" to ""
[3.774s] -- Up-to-date: /home/nazar/dev/ROS2/install/toxic_relationship/include/toxic_relationship/toxic_relationship
[3.774s] -- Up-to-date: /home/nazar/dev/ROS2/install/toxic_relationship/include/toxic_relationship/toxic_relationship/action
[3.775s] -- Up-to-date: /home/nazar/dev/ROS2/install/toxic_relationship/include/toxic_relationship/toxic_relationship/action/detail
[3.775s] -- Installing: /home/nazar/dev/ROS2/install/toxic_relationship/include/toxic_relationship/toxic_relationship/action/detail/toxic_relationship__type_support.cpp
[3.775s] -- Installing: /home/nazar/dev/ROS2/install/toxic_relationship/include/toxic_relationship/toxic_relationship/action/detail/toxic_relationship__rosidl_typesupport_introspection_cpp.hpp
[3.775s] -- Installing: /home/nazar/dev/ROS2/install/toxic_relationship/lib/libtoxic_relationship__rosidl_typesupport_introspection_cpp.so
[3.775s] -- Set runtime path of "/home/nazar/dev/ROS2/install/toxic_relationship/lib/libtoxic_relationship__rosidl_typesupport_introspection_cpp.so" to ""
[3.775s] -- Installing: /home/nazar/dev/ROS2/install/toxic_relationship/lib/libtoxic_relationship__rosidl_typesupport_cpp.so
[3.776s] -- Set runtime path of "/home/nazar/dev/ROS2/install/toxic_relationship/lib/libtoxic_relationship__rosidl_typesupport_cpp.so" to ""
[3.776s] -- Installing: /home/nazar/dev/ROS2/install/toxic_relationship/share/toxic_relationship/environment/pythonpath.sh
[3.776s] -- Installing: /home/nazar/dev/ROS2/install/toxic_relationship/share/toxic_relationship/environment/pythonpath.dsv
[3.776s] -- Installing: /home/nazar/dev/ROS2/install/toxic_relationship/lib/python3.10/site-packages/toxic_relationship-0.0.0-py3.10.egg-info
[3.776s] -- Installing: /home/nazar/dev/ROS2/install/toxic_relationship/lib/python3.10/site-packages/toxic_relationship-0.0.0-py3.10.egg-info/top_level.txt
[3.776s] -- Installing: /home/nazar/dev/ROS2/install/toxic_relationship/lib/python3.10/site-packages/toxic_relationship-0.0.0-py3.10.egg-info/SOURCES.txt
[3.777s] -- Installing: /home/nazar/dev/ROS2/install/toxic_relationship/lib/python3.10/site-packages/toxic_relationship-0.0.0-py3.10.egg-info/PKG-INFO
[3.777s] -- Installing: /home/nazar/dev/ROS2/install/toxic_relationship/lib/python3.10/site-packages/toxic_relationship-0.0.0-py3.10.egg-info/dependency_links.txt
[3.777s] -- Installing: /home/nazar/dev/ROS2/install/toxic_relationship/lib/python3.10/site-packages/toxic_relationship
[3.777s] -- Installing: /home/nazar/dev/ROS2/install/toxic_relationship/lib/python3.10/site-packages/toxic_relationship/toxic_relationship_s__rosidl_typesupport_c.cpython-310-x86_64-linux-gnu.so
[3.777s] -- Installing: /home/nazar/dev/ROS2/install/toxic_relationship/lib/python3.10/site-packages/toxic_relationship/_toxic_relationship_s.ep.rosidl_typesupport_introspection_c.c
[3.777s] -- Installing: /home/nazar/dev/ROS2/install/toxic_relationship/lib/python3.10/site-packages/toxic_relationship/toxic_relationship_s__rosidl_typesupport_fastrtps_c.cpython-310-x86_64-linux-gnu.so
[3.777s] -- Installing: /home/nazar/dev/ROS2/install/toxic_relationship/lib/python3.10/site-packages/toxic_relationship/_toxic_relationship_s.ep.rosidl_typesupport_c.c
[3.777s] -- Installing: /home/nazar/dev/ROS2/install/toxic_relationship/lib/python3.10/site-packages/toxic_relationship/libtoxic_relationship__rosidl_generator_py.so
[3.778s] -- Installing: /home/nazar/dev/ROS2/install/toxic_relationship/lib/python3.10/site-packages/toxic_relationship/action
[3.778s] -- Installing: /home/nazar/dev/ROS2/install/toxic_relationship/lib/python3.10/site-packages/toxic_relationship/action/_toxic_relationship_s.c
[3.778s] -- Installing: /home/nazar/dev/ROS2/install/toxic_relationship/lib/python3.10/site-packages/toxic_relationship/action/_toxic_relationship.py
[3.778s] -- Installing: /home/nazar/dev/ROS2/install/toxic_relationship/lib/python3.10/site-packages/toxic_relationship/action/__init__.py
[3.778s] -- Installing: /home/nazar/dev/ROS2/install/toxic_relationship/lib/python3.10/site-packages/toxic_relationship/__init__.py
[3.778s] -- Installing: /home/nazar/dev/ROS2/install/toxic_relationship/lib/python3.10/site-packages/toxic_relationship/_toxic_relationship_s.ep.rosidl_typesupport_fastrtps_c.c
[3.778s] -- Installing: /home/nazar/dev/ROS2/install/toxic_relationship/lib/python3.10/site-packages/toxic_relationship/toxic_relationship_s__rosidl_typesupport_introspection_c.cpython-310-x86_64-linux-gnu.so
[3.810s] Listing '/home/nazar/dev/ROS2/install/toxic_relationship/lib/python3.10/site-packages/toxic_relationship'...
[3.810s] Compiling '/home/nazar/dev/ROS2/install/toxic_relationship/lib/python3.10/site-packages/toxic_relationship/__init__.py'...
[3.810s] Listing '/home/nazar/dev/ROS2/install/toxic_relationship/lib/python3.10/site-packages/toxic_relationship/action'...
[3.810s] Compiling '/home/nazar/dev/ROS2/install/toxic_relationship/lib/python3.10/site-packages/toxic_relationship/action/__init__.py'...
[3.811s] Compiling '/home/nazar/dev/ROS2/install/toxic_relationship/lib/python3.10/site-packages/toxic_relationship/action/_toxic_relationship.py'...
[3.814s] -- Installing: /home/nazar/dev/ROS2/install/toxic_relationship/lib/python3.10/site-packages/toxic_relationship/toxic_relationship_s__rosidl_typesupport_fastrtps_c.cpython-310-x86_64-linux-gnu.so
[3.815s] -- Set runtime path of "/home/nazar/dev/ROS2/install/toxic_relationship/lib/python3.10/site-packages/toxic_relationship/toxic_relationship_s__rosidl_typesupport_fastrtps_c.cpython-310-x86_64-linux-gnu.so" to ""
[3.815s] -- Installing: /home/nazar/dev/ROS2/install/toxic_relationship/lib/python3.10/site-packages/toxic_relationship/toxic_relationship_s__rosidl_typesupport_introspection_c.cpython-310-x86_64-linux-gnu.so
[3.815s] -- Set runtime path of "/home/nazar/dev/ROS2/install/toxic_relationship/lib/python3.10/site-packages/toxic_relationship/toxic_relationship_s__rosidl_typesupport_introspection_c.cpython-310-x86_64-linux-gnu.so" to ""
[3.815s] -- Installing: /home/nazar/dev/ROS2/install/toxic_relationship/lib/python3.10/site-packages/toxic_relationship/toxic_relationship_s__rosidl_typesupport_c.cpython-310-x86_64-linux-gnu.so
[3.816s] -- Set runtime path of "/home/nazar/dev/ROS2/install/toxic_relationship/lib/python3.10/site-packages/toxic_relationship/toxic_relationship_s__rosidl_typesupport_c.cpython-310-x86_64-linux-gnu.so" to ""
[3.816s] -- Installing: /home/nazar/dev/ROS2/install/toxic_relationship/lib/libtoxic_relationship__rosidl_generator_py.so
[3.816s] -- Set runtime path of "/home/nazar/dev/ROS2/install/toxic_relationship/lib/libtoxic_relationship__rosidl_generator_py.so" to ""
[3.816s] -- Installing: /home/nazar/dev/ROS2/install/toxic_relationship/share/toxic_relationship/action/ToxicRelationship.idl
[3.817s] -- Installing: /home/nazar/dev/ROS2/install/toxic_relationship/share/toxic_relationship/action/ToxicRelationship.action
[3.817s] [31mCMake Error at cmake_install.cmake:367 (file):
[3.817s]   file INSTALL cannot find
[3.817s]   "/home/nazar/dev/ROS2/src/toxic_relationship/launch": No such file or
[3.817s]   directory.
[3.817s] 
[3.817s] [0m
[3.819s] Invoked command in '/home/nazar/dev/ROS2/build/toxic_relationship' returned '1': CMAKE_PREFIX_PATH=/opt/ros/humble PS1=(ros2_env) ${$((_p9k_on_expand()))+}%{${_p9k__raw_msg-}${_p9k__raw_msg::=}%}${(e)_p9k_t[7]}${_p9k__1-${${:-${_p9k__d::=0}${_p9k__rprompt::=${_p9k__1r-${${:-${_p9k__bg::=NONE}${_p9k__i::=0}${_p9k__sss::=${(Q)${:-"%\\{%\\}"}}}}+}${${:-${P9K_CONTENT::=}${_p9k__n::=}${${${_p9k__bg:-0}:#NONE}:-${_p9k__n::=8}}${_p9k__n:=${${(M)${:-x$_p9k__bg}:#x(|0)}:+10}}${_p9k__n:=11}${_p9k__c::="${P9K_CONTENT}"}${_p9k__c::=${_p9k__c//
}}${_p9k__e::=${${_p9k__1r:+00}:-${${(%):-$_p9k__c%1(l.1.0)}[-1]}0}}}+}${${_p9k__e:#00}:+${_p9k_t[$_p9k__n]/<_p9k__w>/$_p9k__w}${_p9k__c}%b%k%f${${:-${_p9k__w::=%b%k%f}${_p9k__sss::=%b%k%f}${_p9k__i::=1}${_p9k__bg::=}}+}}${${:-"${${(%):-%j}:#0}"}:+${${:-${P9K_CONTENT::=""}${_p9k__n::=}${${${_p9k__bg:-0}:#NONE}:-${_p9k__n::=12}}${_p9k__n:=${${(M)${:-x$_p9k__bg}:#x(|0)}:+14}}${_p9k__n:=15}${_p9k__v::=}${_p9k__c::="${P9K_CONTENT}"}${_p9k__c::=${_p9k__c//
}}${_p9k__e::=${${_p9k__1rbackground_jobs+00}:-${${(%):-$_p9k__c%1(l.1.0)}[-1]}1}}}+}${${_p9k__e:#00}:+${_p9k_t[$_p9k__n]/<_p9k__w>/$_p9k__w}${_p9k__v}${${(M)_p9k__e:#11}:+ }${_p9k__c}%b%k%F{070\}${${:-${_p9k__w::=%b%k%F{070\}}${_p9k__sss::=%b%k%F{070\}}${_p9k__i::=3}${_p9k__bg::=}}+}}}${${:-"${${(%):-%#}:#\#}"}:+${${:-${P9K_CONTENT::=%n@%m}${_p9k__n::=}${${${_p9k__bg:-0}:#NONE}:-${_p9k__n::=16}}${_p9k__n:=${${(M)${:-x$_p9k__bg}:#x(|0)}:+18}}${_p9k__n:=19}${_p9k__c::=}${_p9k__c::=${_p9k__c//
}}${_p9k__e::=${${_p9k__1rcontext+00}:-${${(%):-$_p9k__c%1(l.1.0)}[-1]}0}}}+}${${_p9k__e:#00}:+${_p9k_t[$_p9k__n]/<_p9k__w>/$_p9k__w}${_p9k__c}%b%k%F{180\}${${:-${_p9k__w::=%b%k%F{180\}}${_p9k__sss::=%b%k%F{180\}}${_p9k__i::=31}${_p9k__bg::=}}+}}}${${:-"${${(%):-%#}:#\%}"}:+${${:-${P9K_CONTENT::=%B%n@%m}${_p9k__n::=}${${${_p9k__bg:-0}:#NONE}:-${_p9k__n::=20}}${_p9k__n:=${${(M)${:-x$_p9k__bg}:#x(|0)}:+22}}${_p9k__n:=23}${_p9k__c::="${P9K_CONTENT}"}${_p9k__c::=${_p9k__c//
}}${_p9k__e::=${${_p9k__1rcontext+00}:-${${(%):-$_p9k__c%1(l.1.0)}[-1]}0}}}+}${${_p9k__e:#00}:+${_p9k_t[$_p9k__n]/<_p9k__w>/$_p9k__w}${_p9k__c}%b%k%F{178\}${${:-${_p9k__w::=%b%k%F{178\}}${_p9k__sss::=%b%k%F{178\}}${_p9k__i::=31}${_p9k__bg::=}}+}}}${${:-${P9K_CONTENT::=10:41:32}${_p9k__n::=}${${${_p9k__bg:-0}:#NONE}:-${_p9k__n::=24}}${_p9k__n:=${${(M)${:-x$_p9k__bg}:#x(|0)}:+26}}${_p9k__n:=27}${_p9k__v::=}${_p9k__c::="${P9K_CONTENT}"}${_p9k__c::=${_p9k__c//
}}${_p9k__e::=${${_p9k__1rtime+00}:-${${(%):-$_p9k__c%1(l.1.0)}[-1]}1}}}+}${${_p9k__e:#00}:+${_p9k_t[$_p9k__n]/<_p9k__w>/$_p9k__w}${_p9k__v}${${(M)_p9k__e:#11}:+ }${_p9k__c}%b%k%F{066\}${${:-${_p9k__w::=%b%k%F{066\}}${_p9k__sss::=%b%k%F{066\}}${_p9k__i::=43}${_p9k__bg::=}}+}}$_p9k__sss%b%k%f}}${_p9k__lprompt::=${_p9k__1l-${${:-${_p9k__bg::=NONE}${_p9k__i::=0}${_p9k__sss::=%f }}+}${${:-${P9K_CONTENT::=}${_p9k__n::=}${${${_p9k__bg:-0}:#NONE}:-${_p9k__n::=28}}${_p9k__n:=${${(M)${:-x}:#x($_p9k__bg|${_p9k__bg:-0})}:+30}}${_p9k__n:=31}${_p9k__c::="${P9K_CONTENT}"}${_p9k__c::=${_p9k__c//
}}${_p9k__e::=${${_p9k__1los_icon+00}:-${${(%):-$_p9k__c%1(l.1.0)}[-1]}0}}}+}${${_p9k__e:#00}:+${${_p9k_t[$_p9k__n]/<_p9k__ss>/$_p9k__ss}/<_p9k__s>/$_p9k__s}${_p9k__c}%b%k%f${${:-${_p9k__s::=%F{\}}${_p9k__ss::= }${_p9k__sss::=%F{\} }${_p9k__i::=1}${_p9k__bg::=}}+}}${${:-${P9K_CONTENT::="%{d%}${:-"%B%F{039}"}${(Q)${:-"\\~"}}${:-"%b%k%F{031}"}/dev/${:-"%B%F{039}"}ROS2${:-"%b%k%F{031}"}%{d%}"}${_p9k__n::=}${${${_p9k__bg:-0}:#NONE}:-${_p9k__n::=84}}${_p9k__n:=${${(M)${:-x}:#x($_p9k__bg|${_p9k__bg:-0})}:+86}}${_p9k__n:=87}${_p9k__v::=}${_p9k__c::="${P9K_CONTENT}"}${_p9k__c::=${_p9k__c//
}}${_p9k__e::=${${_p9k__1ldir+00}:-${${(%):-$_p9k__c%1(l.1.0)}[-1]}1}}}+}${${_p9k__e:#00}:+${${_p9k_t[$_p9k__n]/<_p9k__ss>/$_p9k__ss}/<_p9k__s>/$_p9k__s}${_p9k__v}${${(M)_p9k__e:#11}:+ }${_p9k__c}%b%k%F{031\}${${:-${_p9k__s::=%F{\}}${_p9k__ss::= }${_p9k__sss::=%F{\} }${_p9k__i::=2}${_p9k__bg::=}}+}}${(e)_p9k__vcs}%b%k$_p9k__sss%b%k%f}}}+}${(e)_p9k_t[6]}${${_p9k__h::=0}+}${${_p9k__d::=$((_p9k__m-_p9k__h))}+}${_p9k__lprompt/\%\{d\%\}*\%\{d\%\}/${_p9k__1ldir-${:-"%B%F{039}"}${(Q)${:-"\\~"}}${:-"%b%k%F{031}"}/dev/${:-"%B%F{039}"}ROS2${:-"%b%k%F{031}"}}}${${_p9k__m::=$((_p9k__d+_p9k__h))}+}${${_p9k__g+
}:-${:-"%F{240}"}${${${_p9k__m:#-*}:+${${_p9k__1g+${(pl.$((_p9k__m+1)).. .)}}:-${(pl.$((_p9k__m+1))..·.)}}$_p9k__rprompt${_p9k_t[$((1+!_p9k__ind))]}}:-
}%b%k%f}}${_p9k__2-${_p9k__2l-${${:-${_p9k__bg::=NONE}${_p9k__i::=0}${_p9k__sss::=%f }}+}${${:-"${${:-$_p9k__keymap.$_p9k__zle_state}:#(vicmd.*|vivis.*|vivli.*|*.*overwrite*)}"}:+${${:-${P9K_CONTENT::=❯}${_p9k__n::=}${${${_p9k__bg:-0}:#NONE}:-${_p9k__n::=36}}${_p9k__n:=${${(M)${:-x}:#x($_p9k__bg|${_p9k__bg:-0})}:+38}}${_p9k__n:=39}${_p9k__c::="❯"}${_p9k__c::=${_p9k__c//
}}${_p9k__e::=${${_p9k__2lprompt_char+00}:-${${(%):-$_p9k__c%1(l.1.0)}[-1]}0}}}+}${${_p9k__e:#00}:+${${_p9k_t[$_p9k__n]/<_p9k__ss>/$_p9k__ss}/<_p9k__s>/$_p9k__s}${_p9k__c}%b%k%F{076\}${${:-${_p9k__s::=%F{\}}${_p9k__ss::= }${_p9k__sss::=%F{\}}${_p9k__i::=4}${_p9k__bg::=}}+}}}${${:-"${${:-$_p9k__keymap.$_p9k__zle_state}:#(vicmd.*|vivis.*|vivli.*|*.*insert*)}"}:+${${:-${P9K_CONTENT::=▶}${_p9k__n::=}${${${_p9k__bg:-0}:#NONE}:-${_p9k__n::=40}}${_p9k__n:=${${(M)${:-x}:#x($_p9k__bg|${_p9k__bg:-0})}:+42}}${_p9k__n:=43}${_p9k__c::="▶"}${_p9k__c::=${_p9k__c//
}}${_p9k__e::=${${_p9k__2lprompt_char+00}:-${${(%):-$_p9k__c%1(l.1.0)}[-1]}0}}}+}${${_p9k__e:#00}:+${${_p9k_t[$_p9k__n]/<_p9k__ss>/$_p9k__ss}/<_p9k__s>/$_p9k__s}${_p9k__c}%b%k%F{076\}${${:-${_p9k__s::=%F{\}}${_p9k__ss::= }${_p9k__sss::=%F{\}}${_p9k__i::=4}${_p9k__bg::=}}+}}}${${:-"${(M)${:-$_p9k__keymap$_p9k__region_active}:#vicmd0}"}:+${${:-${P9K_CONTENT::=❮}${_p9k__n::=}${${${_p9k__bg:-0}:#NONE}:-${_p9k__n::=44}}${_p9k__n:=${${(M)${:-x}:#x($_p9k__bg|${_p9k__bg:-0})}:+46}}${_p9k__n:=47}${_p9k__c::="❮"}${_p9k__c::=${_p9k__c//
}}${_p9k__e::=${${_p9k__2lprompt_char+00}:-${${(%):-$_p9k__c%1(l.1.0)}[-1]}0}}}+}${${_p9k__e:#00}:+${${_p9k_t[$_p9k__n]/<_p9k__ss>/$_p9k__ss}/<_p9k__s>/$_p9k__s}${_p9k__c}%b%k%F{076\}${${:-${_p9k__s::=%F{\}}${_p9k__ss::= }${_p9k__sss::=%F{\}}${_p9k__i::=4}${_p9k__bg::=}}+}}}${${:-"${(M)${:-$_p9k__keymap$_p9k__region_active}:#(vicmd1|vivis?|vivli?)}"}:+${${:-${P9K_CONTENT::=Ⅴ}${_p9k__n::=}${${${_p9k__bg:-0}:#NONE}:-${_p9k__n::=48}}${_p9k__n:=${${(M)${:-x}:#x($_p9k__bg|${_p9k__bg:-0})}:+50}}${_p9k__n:=51}${_p9k__c::="V"}${_p9k__c::=${_p9k__c//
}}${_p9k__e::=${${_p9k__2lprompt_char+00}:-${${(%):-$_p9k__c%1(l.1.0)}[-1]}0}}}+}${${_p9k__e:#00}:+${${_p9k_t[$_p9k__n]/<_p9k__ss>/$_p9k__ss}/<_p9k__s>/$_p9k__s}${_p9k__c}%b%k%F{076\}${${:-${_p9k__s::=%F{\}}${_p9k__ss::= }${_p9k__sss::=%F{\}}${_p9k__i::=4}${_p9k__bg::=}}+}}}%b%k$_p9k__sss%b%k%f${:-" %b%k%f"}}}${${COLUMNS::=$_p9k__clm}+} VIRTUAL_ENV_PROMPT=(ros2_env) /usr/bin/cmake --install /home/nazar/dev/ROS2/build/toxic_relationship
