[0.010s] Invoking command in '/home/nazar/dev/ROS2/build/toxic_relationship': CMAKE_PREFIX_PATH=${CMAKE_PREFIX_PATH}:/home/nazar/dev/ROS2/install/py_pubsub:/opt/ros/humble PS1=(ros2_env) ${$((_p9k_on_expand()))+}%{${_p9k__raw_msg-}${_p9k__raw_msg::=}%}${(e)_p9k_t[7]}${_p9k__1-${${:-${_p9k__d::=0}${_p9k__rprompt::=${_p9k__1r-${${:-${_p9k__bg::=NONE}${_p9k__i::=0}${_p9k__sss::=${(Q)${:-"%\\{%\\}"}}}}+}${${:-${P9K_CONTENT::=}${_p9k__n::=}${${${_p9k__bg:-0}:#NONE}:-${_p9k__n::=8}}${_p9k__n:=${${(M)${:-x$_p9k__bg}:#x(|0)}:+10}}${_p9k__n:=11}${_p9k__c::="${P9K_CONTENT}"}${_p9k__c::=${_p9k__c//
}}${_p9k__e::=${${_p9k__1r:+00}:-${${(%):-$_p9k__c%1(l.1.0)}[-1]}0}}}+}${${_p9k__e:#00}:+${_p9k_t[$_p9k__n]/<_p9k__w>/$_p9k__w}${_p9k__c}%b%k%f${${:-${_p9k__w::=%b%k%f}${_p9k__sss::=%b%k%f}${_p9k__i::=1}${_p9k__bg::=}}+}}${${:-"${${(%):-%j}:#0}"}:+${${:-${P9K_CONTENT::=""}${_p9k__n::=}${${${_p9k__bg:-0}:#NONE}:-${_p9k__n::=12}}${_p9k__n:=${${(M)${:-x$_p9k__bg}:#x(|0)}:+14}}${_p9k__n:=15}${_p9k__v::=}${_p9k__c::="${P9K_CONTENT}"}${_p9k__c::=${_p9k__c//
}}${_p9k__e::=${${_p9k__1rbackground_jobs+00}:-${${(%):-$_p9k__c%1(l.1.0)}[-1]}1}}}+}${${_p9k__e:#00}:+${_p9k_t[$_p9k__n]/<_p9k__w>/$_p9k__w}${_p9k__v}${${(M)_p9k__e:#11}:+ }${_p9k__c}%b%k%F{070\}${${:-${_p9k__w::=%b%k%F{070\}}${_p9k__sss::=%b%k%F{070\}}${_p9k__i::=3}${_p9k__bg::=}}+}}}${${:-"${${(%):-%#}:#\#}"}:+${${:-${P9K_CONTENT::=%n@%m}${_p9k__n::=}${${${_p9k__bg:-0}:#NONE}:-${_p9k__n::=16}}${_p9k__n:=${${(M)${:-x$_p9k__bg}:#x(|0)}:+18}}${_p9k__n:=19}${_p9k__c::=}${_p9k__c::=${_p9k__c//
}}${_p9k__e::=${${_p9k__1rcontext+00}:-${${(%):-$_p9k__c%1(l.1.0)}[-1]}0}}}+}${${_p9k__e:#00}:+${_p9k_t[$_p9k__n]/<_p9k__w>/$_p9k__w}${_p9k__c}%b%k%F{180\}${${:-${_p9k__w::=%b%k%F{180\}}${_p9k__sss::=%b%k%F{180\}}${_p9k__i::=31}${_p9k__bg::=}}+}}}${${:-"${${(%):-%#}:#\%}"}:+${${:-${P9K_CONTENT::=%B%n@%m}${_p9k__n::=}${${${_p9k__bg:-0}:#NONE}:-${_p9k__n::=20}}${_p9k__n:=${${(M)${:-x$_p9k__bg}:#x(|0)}:+22}}${_p9k__n:=23}${_p9k__c::="${P9K_CONTENT}"}${_p9k__c::=${_p9k__c//
}}${_p9k__e::=${${_p9k__1rcontext+00}:-${${(%):-$_p9k__c%1(l.1.0)}[-1]}0}}}+}${${_p9k__e:#00}:+${_p9k_t[$_p9k__n]/<_p9k__w>/$_p9k__w}${_p9k__c}%b%k%F{178\}${${:-${_p9k__w::=%b%k%F{178\}}${_p9k__sss::=%b%k%F{178\}}${_p9k__i::=31}${_p9k__bg::=}}+}}}${${:-${P9K_CONTENT::=10:41:32}${_p9k__n::=}${${${_p9k__bg:-0}:#NONE}:-${_p9k__n::=24}}${_p9k__n:=${${(M)${:-x$_p9k__bg}:#x(|0)}:+26}}${_p9k__n:=27}${_p9k__v::=}${_p9k__c::="${P9K_CONTENT}"}${_p9k__c::=${_p9k__c//
}}${_p9k__e::=${${_p9k__1rtime+00}:-${${(%):-$_p9k__c%1(l.1.0)}[-1]}1}}}+}${${_p9k__e:#00}:+${_p9k_t[$_p9k__n]/<_p9k__w>/$_p9k__w}${_p9k__v}${${(M)_p9k__e:#11}:+ }${_p9k__c}%b%k%F{066\}${${:-${_p9k__w::=%b%k%F{066\}}${_p9k__sss::=%b%k%F{066\}}${_p9k__i::=43}${_p9k__bg::=}}+}}$_p9k__sss%b%k%f}}${_p9k__lprompt::=${_p9k__1l-${${:-${_p9k__bg::=NONE}${_p9k__i::=0}${_p9k__sss::=%f }}+}${${:-${P9K_CONTENT::=}${_p9k__n::=}${${${_p9k__bg:-0}:#NONE}:-${_p9k__n::=28}}${_p9k__n:=${${(M)${:-x}:#x($_p9k__bg|${_p9k__bg:-0})}:+30}}${_p9k__n:=31}${_p9k__c::="${P9K_CONTENT}"}${_p9k__c::=${_p9k__c//
}}${_p9k__e::=${${_p9k__1los_icon+00}:-${${(%):-$_p9k__c%1(l.1.0)}[-1]}0}}}+}${${_p9k__e:#00}:+${${_p9k_t[$_p9k__n]/<_p9k__ss>/$_p9k__ss}/<_p9k__s>/$_p9k__s}${_p9k__c}%b%k%f${${:-${_p9k__s::=%F{\}}${_p9k__ss::= }${_p9k__sss::=%F{\} }${_p9k__i::=1}${_p9k__bg::=}}+}}${${:-${P9K_CONTENT::="%{d%}${:-"%B%F{039}"}${(Q)${:-"\\~"}}${:-"%b%k%F{031}"}/dev/${:-"%B%F{039}"}ROS2${:-"%b%k%F{031}"}%{d%}"}${_p9k__n::=}${${${_p9k__bg:-0}:#NONE}:-${_p9k__n::=84}}${_p9k__n:=${${(M)${:-x}:#x($_p9k__bg|${_p9k__bg:-0})}:+86}}${_p9k__n:=87}${_p9k__v::=}${_p9k__c::="${P9K_CONTENT}"}${_p9k__c::=${_p9k__c//
}}${_p9k__e::=${${_p9k__1ldir+00}:-${${(%):-$_p9k__c%1(l.1.0)}[-1]}1}}}+}${${_p9k__e:#00}:+${${_p9k_t[$_p9k__n]/<_p9k__ss>/$_p9k__ss}/<_p9k__s>/$_p9k__s}${_p9k__v}${${(M)_p9k__e:#11}:+ }${_p9k__c}%b%k%F{031\}${${:-${_p9k__s::=%F{\}}${_p9k__ss::= }${_p9k__sss::=%F{\} }${_p9k__i::=2}${_p9k__bg::=}}+}}${(e)_p9k__vcs}%b%k$_p9k__sss%b%k%f}}}+}${(e)_p9k_t[6]}${${_p9k__h::=0}+}${${_p9k__d::=$((_p9k__m-_p9k__h))}+}${_p9k__lprompt/\%\{d\%\}*\%\{d\%\}/${_p9k__1ldir-${:-"%B%F{039}"}${(Q)${:-"\\~"}}${:-"%b%k%F{031}"}/dev/${:-"%B%F{039}"}ROS2${:-"%b%k%F{031}"}}}${${_p9k__m::=$((_p9k__d+_p9k__h))}+}${${_p9k__g+
}:-${:-"%F{240}"}${${${_p9k__m:#-*}:+${${_p9k__1g+${(pl.$((_p9k__m+1)).. .)}}:-${(pl.$((_p9k__m+1))..·.)}}$_p9k__rprompt${_p9k_t[$((1+!_p9k__ind))]}}:-
}%b%k%f}}${_p9k__2-${_p9k__2l-${${:-${_p9k__bg::=NONE}${_p9k__i::=0}${_p9k__sss::=%f }}+}${${:-"${${:-$_p9k__keymap.$_p9k__zle_state}:#(vicmd.*|vivis.*|vivli.*|*.*overwrite*)}"}:+${${:-${P9K_CONTENT::=❯}${_p9k__n::=}${${${_p9k__bg:-0}:#NONE}:-${_p9k__n::=36}}${_p9k__n:=${${(M)${:-x}:#x($_p9k__bg|${_p9k__bg:-0})}:+38}}${_p9k__n:=39}${_p9k__c::="❯"}${_p9k__c::=${_p9k__c//
}}${_p9k__e::=${${_p9k__2lprompt_char+00}:-${${(%):-$_p9k__c%1(l.1.0)}[-1]}0}}}+}${${_p9k__e:#00}:+${${_p9k_t[$_p9k__n]/<_p9k__ss>/$_p9k__ss}/<_p9k__s>/$_p9k__s}${_p9k__c}%b%k%F{076\}${${:-${_p9k__s::=%F{\}}${_p9k__ss::= }${_p9k__sss::=%F{\}}${_p9k__i::=4}${_p9k__bg::=}}+}}}${${:-"${${:-$_p9k__keymap.$_p9k__zle_state}:#(vicmd.*|vivis.*|vivli.*|*.*insert*)}"}:+${${:-${P9K_CONTENT::=▶}${_p9k__n::=}${${${_p9k__bg:-0}:#NONE}:-${_p9k__n::=40}}${_p9k__n:=${${(M)${:-x}:#x($_p9k__bg|${_p9k__bg:-0})}:+42}}${_p9k__n:=43}${_p9k__c::="▶"}${_p9k__c::=${_p9k__c//
}}${_p9k__e::=${${_p9k__2lprompt_char+00}:-${${(%):-$_p9k__c%1(l.1.0)}[-1]}0}}}+}${${_p9k__e:#00}:+${${_p9k_t[$_p9k__n]/<_p9k__ss>/$_p9k__ss}/<_p9k__s>/$_p9k__s}${_p9k__c}%b%k%F{076\}${${:-${_p9k__s::=%F{\}}${_p9k__ss::= }${_p9k__sss::=%F{\}}${_p9k__i::=4}${_p9k__bg::=}}+}}}${${:-"${(M)${:-$_p9k__keymap$_p9k__region_active}:#vicmd0}"}:+${${:-${P9K_CONTENT::=❮}${_p9k__n::=}${${${_p9k__bg:-0}:#NONE}:-${_p9k__n::=44}}${_p9k__n:=${${(M)${:-x}:#x($_p9k__bg|${_p9k__bg:-0})}:+46}}${_p9k__n:=47}${_p9k__c::="❮"}${_p9k__c::=${_p9k__c//
}}${_p9k__e::=${${_p9k__2lprompt_char+00}:-${${(%):-$_p9k__c%1(l.1.0)}[-1]}0}}}+}${${_p9k__e:#00}:+${${_p9k_t[$_p9k__n]/<_p9k__ss>/$_p9k__ss}/<_p9k__s>/$_p9k__s}${_p9k__c}%b%k%F{076\}${${:-${_p9k__s::=%F{\}}${_p9k__ss::= }${_p9k__sss::=%F{\}}${_p9k__i::=4}${_p9k__bg::=}}+}}}${${:-"${(M)${:-$_p9k__keymap$_p9k__region_active}:#(vicmd1|vivis?|vivli?)}"}:+${${:-${P9K_CONTENT::=Ⅴ}${_p9k__n::=}${${${_p9k__bg:-0}:#NONE}:-${_p9k__n::=48}}${_p9k__n:=${${(M)${:-x}:#x($_p9k__bg|${_p9k__bg:-0})}:+50}}${_p9k__n:=51}${_p9k__c::="V"}${_p9k__c::=${_p9k__c//
}}${_p9k__e::=${${_p9k__2lprompt_char+00}:-${${(%):-$_p9k__c%1(l.1.0)}[-1]}0}}}+}${${_p9k__e:#00}:+${${_p9k_t[$_p9k__n]/<_p9k__ss>/$_p9k__ss}/<_p9k__s>/$_p9k__s}${_p9k__c}%b%k%F{076\}${${:-${_p9k__s::=%F{\}}${_p9k__ss::= }${_p9k__sss::=%F{\}}${_p9k__i::=4}${_p9k__bg::=}}+}}}%b%k$_p9k__sss%b%k%f${:-" %b%k%f"}}}${${COLUMNS::=$_p9k__clm}+} VIRTUAL_ENV_PROMPT=(ros2_env) /usr/bin/cmake --build /home/nazar/dev/ROS2/build/toxic_relationship -- -j8 -l8
[0.033s] -- Found ament_cmake: 1.3.10 (/opt/ros/humble/share/ament_cmake/cmake)
[0.143s] -- Found rclcpp: 16.0.10 (/opt/ros/humble/share/rclcpp/cmake)
[0.169s] -- Found rosidl_generator_c: 3.1.5 (/opt/ros/humble/share/rosidl_generator_c/cmake)
[0.171s] -- Found rosidl_adapter: 3.1.5 (/opt/ros/humble/share/rosidl_adapter/cmake)
[0.176s] -- Found rosidl_generator_cpp: 3.1.5 (/opt/ros/humble/share/rosidl_generator_cpp/cmake)
[0.185s] -- Using all available rosidl_typesupport_c: rosidl_typesupport_fastrtps_c;rosidl_typesupport_introspection_c
[0.196s] -- Using all available rosidl_typesupport_cpp: rosidl_typesupport_fastrtps_cpp;rosidl_typesupport_introspection_cpp
[0.225s] -- Found rmw_implementation_cmake: 6.1.2 (/opt/ros/humble/share/rmw_implementation_cmake/cmake)
[0.227s] -- Found rmw_fastrtps_cpp: 6.2.7 (/opt/ros/humble/share/rmw_fastrtps_cpp/cmake)
[0.315s] -- Using RMW implementation 'rmw_fastrtps_cpp' as default
[0.360s] -- Found action_msgs: 1.2.1 (/opt/ros/humble/share/action_msgs/cmake)
[0.380s] -- Found rosidl_default_generators: 1.2.0 (/opt/ros/humble/share/rosidl_default_generators/cmake)
[0.386s] -- Found ament_lint_auto: 0.12.11 (/opt/ros/humble/share/ament_lint_auto/cmake)
[0.620s] -- Found ament_cmake_ros: 0.10.0 (/opt/ros/humble/share/ament_cmake_ros/cmake)
[0.877s] -- Using all available rosidl_typesupport_c: rosidl_typesupport_fastrtps_c;rosidl_typesupport_introspection_c
[0.979s] -- Using all available rosidl_typesupport_cpp: rosidl_typesupport_fastrtps_cpp;rosidl_typesupport_introspection_cpp
[0.995s] -- Found python_cmake_module: 0.10.0 (/opt/ros/humble/share/python_cmake_module/cmake)
[1.010s] -- Using PYTHON_EXECUTABLE: /home/nazar/dev/ROS2/ros2_env/bin/python3
[1.010s] -- Using PYTHON_INCLUDE_DIRS: /usr/include/python3.10
[1.010s] -- Using PYTHON_LIBRARIES: /usr/lib/x86_64-linux-gnu/libpython3.10.so
[1.030s] -- Added test 'flake8' to check Python code syntax and style conventions
[1.030s] -- Added test 'lint_cmake' to check CMake code style
[1.030s] -- Added test 'pep257' to check Python code against some of the docstring style conventions in PEP 257
[1.031s] -- Added test 'xmllint' to check XML markup files
[1.034s] -- Configuring done
[1.065s] -- Generating done
[1.068s] -- Build files have been written to: /home/nazar/dev/ROS2/build/toxic_relationship
[1.091s] [  3%] [34m[1mGenerating C code for ROS interfaces[0m
[1.100s] [  6%] [34m[1mGenerating C++ code for ROS interfaces[0m
[1.109s] [  6%] Built target ament_cmake_python_copy_toxic_relationship
[1.290s] running egg_info
[1.291s] writing toxic_relationship.egg-info/PKG-INFO
[1.291s] writing dependency_links to toxic_relationship.egg-info/dependency_links.txt
[1.291s] writing top-level names to toxic_relationship.egg-info/top_level.txt
[1.293s] reading manifest file 'toxic_relationship.egg-info/SOURCES.txt'
[1.293s] writing manifest file 'toxic_relationship.egg-info/SOURCES.txt'
[1.316s] [  6%] Built target ament_cmake_python_build_toxic_relationship_egg
[1.471s] [35m[1mConsolidate compiler generated dependencies of target toxic_relationship__rosidl_generator_c[0m
[1.479s] [  6%] Built target toxic_relationship__cpp
[1.482s] [  9%] [32mBuilding C object CMakeFiles/toxic_relationship__rosidl_generator_c.dir/rosidl_generator_c/toxic_relationship/action/detail/toxic_relationship__functions.c.o[0m
[1.489s] [ 12%] [34m[1mGenerating C++ introspection for ROS interfaces[0m
[1.491s] [ 16%] [34m[1mGenerating C++ type support dispatch for ROS interfaces[0m
[1.491s] [ 19%] [34m[1mGenerating C++ type support for eProsima Fast-RTPS[0m
[1.603s] [ 22%] [32m[1mLinking C shared library libtoxic_relationship__rosidl_generator_c.so[0m
[1.639s] [ 22%] Built target toxic_relationship__rosidl_generator_c
[1.653s] [ 25%] [34m[1mGenerating C type support for eProsima Fast-RTPS[0m
[1.653s] [ 29%] [34m[1mGenerating C introspection for ROS interfaces[0m
[1.653s] [ 32%] [34m[1mGenerating C type support dispatch for ROS interfaces[0m
[1.796s] [35m[1mConsolidate compiler generated dependencies of target toxic_relationship__rosidl_typesupport_introspection_cpp[0m
[1.809s] [ 35%] [32mBuilding CXX object CMakeFiles/toxic_relationship__rosidl_typesupport_introspection_cpp.dir/rosidl_typesupport_introspection_cpp/toxic_relationship/action/detail/toxic_relationship__type_support.cpp.o[0m
[1.818s] [35m[1mConsolidate compiler generated dependencies of target toxic_relationship__rosidl_typesupport_cpp[0m
[1.836s] [ 38%] [32mBuilding CXX object CMakeFiles/toxic_relationship__rosidl_typesupport_cpp.dir/rosidl_typesupport_cpp/toxic_relationship/action/toxic_relationship__type_support.cpp.o[0m
[1.860s] [35m[1mConsolidate compiler generated dependencies of target toxic_relationship__rosidl_typesupport_fastrtps_cpp[0m
[1.875s] [ 41%] [32mBuilding CXX object CMakeFiles/toxic_relationship__rosidl_typesupport_fastrtps_cpp.dir/rosidl_typesupport_fastrtps_cpp/toxic_relationship/action/detail/dds_fastrtps/toxic_relationship__type_support.cpp.o[0m
[2.079s] [35m[1mConsolidate compiler generated dependencies of target toxic_relationship__rosidl_typesupport_c[0m
[2.096s] [ 45%] [32mBuilding CXX object CMakeFiles/toxic_relationship__rosidl_typesupport_c.dir/rosidl_typesupport_c/toxic_relationship/action/toxic_relationship__type_support.cpp.o[0m
[2.172s] [ 48%] [32m[1mLinking CXX shared library libtoxic_relationship__rosidl_typesupport_c.so[0m
[2.186s] [35m[1mConsolidate compiler generated dependencies of target toxic_relationship__rosidl_typesupport_introspection_c[0m
[2.198s] [ 51%] [32mBuilding C object CMakeFiles/toxic_relationship__rosidl_typesupport_introspection_c.dir/rosidl_typesupport_introspection_c/toxic_relationship/action/detail/toxic_relationship__type_support.c.o[0m
[2.234s] [ 51%] Built target toxic_relationship__rosidl_typesupport_c
[2.247s] [ 54%] [32m[1mLinking C shared library libtoxic_relationship__rosidl_typesupport_introspection_c.so[0m
[2.277s] [35m[1mConsolidate compiler generated dependencies of target toxic_relationship__rosidl_typesupport_fastrtps_c[0m
[2.281s] [ 58%] [32m[1mLinking CXX shared library libtoxic_relationship__rosidl_typesupport_cpp.so[0m
[2.287s] [ 58%] Built target toxic_relationship__rosidl_typesupport_introspection_c
[2.291s] [ 61%] [32mBuilding CXX object CMakeFiles/toxic_relationship__rosidl_typesupport_fastrtps_c.dir/rosidl_typesupport_fastrtps_c/toxic_relationship/action/detail/toxic_relationship__type_support_c.cpp.o[0m
[2.323s] [ 61%] Built target toxic_relationship__rosidl_typesupport_cpp
[2.448s] [ 64%] [32m[1mLinking CXX shared library libtoxic_relationship__rosidl_typesupport_fastrtps_cpp.so[0m
[2.508s] [ 67%] [32m[1mLinking CXX shared library libtoxic_relationship__rosidl_typesupport_introspection_cpp.so[0m
[2.522s] [ 67%] Built target toxic_relationship__rosidl_typesupport_fastrtps_cpp
[2.576s] [ 67%] Built target toxic_relationship__rosidl_typesupport_introspection_cpp
[2.646s] [ 70%] [32m[1mLinking CXX shared library libtoxic_relationship__rosidl_typesupport_fastrtps_c.so[0m
[2.709s] [ 70%] Built target toxic_relationship__rosidl_typesupport_fastrtps_c
[2.727s] [ 70%] Built target toxic_relationship
[2.746s] [ 74%] [34m[1mGenerating Python code for ROS interfaces[0m
[3.371s] [ 74%] Built target toxic_relationship__py
[3.380s] [35m[1mConsolidate compiler generated dependencies of target toxic_relationship__rosidl_generator_py[0m
[3.391s] [ 77%] [32mBuilding C object CMakeFiles/toxic_relationship__rosidl_generator_py.dir/rosidl_generator_py/toxic_relationship/action/_toxic_relationship_s.c.o[0m
[3.515s] [ 80%] [32m[1mLinking C shared library rosidl_generator_py/toxic_relationship/libtoxic_relationship__rosidl_generator_py.so[0m
[3.552s] [ 80%] Built target toxic_relationship__rosidl_generator_py
[3.561s] [35m[1mConsolidate compiler generated dependencies of target toxic_relationship__rosidl_typesupport_c__pyext[0m
[3.561s] [35m[1mConsolidate compiler generated dependencies of target toxic_relationship__rosidl_typesupport_fastrtps_c__pyext[0m
[3.562s] [35m[1mConsolidate compiler generated dependencies of target toxic_relationship__rosidl_typesupport_introspection_c__pyext[0m
[3.573s] [ 87%] [32mBuilding C object CMakeFiles/toxic_relationship__rosidl_typesupport_c__pyext.dir/rosidl_generator_py/toxic_relationship/_toxic_relationship_s.ep.rosidl_typesupport_c.c.o[0m
[3.573s] [ 87%] [32mBuilding C object CMakeFiles/toxic_relationship__rosidl_typesupport_fastrtps_c__pyext.dir/rosidl_generator_py/toxic_relationship/_toxic_relationship_s.ep.rosidl_typesupport_fastrtps_c.c.o[0m
[3.573s] [ 90%] [32mBuilding C object CMakeFiles/toxic_relationship__rosidl_typesupport_introspection_c__pyext.dir/rosidl_generator_py/toxic_relationship/_toxic_relationship_s.ep.rosidl_typesupport_introspection_c.c.o[0m
[3.689s] [ 96%] [32m[1mLinking C shared library rosidl_generator_py/toxic_relationship/toxic_relationship_s__rosidl_typesupport_c.cpython-310-x86_64-linux-gnu.so[0m
[3.689s] [ 96%] [32m[1mLinking C shared library rosidl_generator_py/toxic_relationship/toxic_relationship_s__rosidl_typesupport_introspection_c.cpython-310-x86_64-linux-gnu.so[0m
[3.689s] [100%] [32m[1mLinking C shared library rosidl_generator_py/toxic_relationship/toxic_relationship_s__rosidl_typesupport_fastrtps_c.cpython-310-x86_64-linux-gnu.so[0m
[3.728s] [100%] Built target toxic_relationship__rosidl_typesupport_fastrtps_c__pyext
[3.728s] [100%] Built target toxic_relationship__rosidl_typesupport_c__pyext
[3.728s] [100%] Built target toxic_relationship__rosidl_typesupport_introspection_c__pyext
[3.740s] Invoked command in '/home/nazar/dev/ROS2/build/toxic_relationship' returned '0': CMAKE_PREFIX_PATH=${CMAKE_PREFIX_PATH}:/home/nazar/dev/ROS2/install/py_pubsub:/opt/ros/humble PS1=(ros2_env) ${$((_p9k_on_expand()))+}%{${_p9k__raw_msg-}${_p9k__raw_msg::=}%}${(e)_p9k_t[7]}${_p9k__1-${${:-${_p9k__d::=0}${_p9k__rprompt::=${_p9k__1r-${${:-${_p9k__bg::=NONE}${_p9k__i::=0}${_p9k__sss::=${(Q)${:-"%\\{%\\}"}}}}+}${${:-${P9K_CONTENT::=}${_p9k__n::=}${${${_p9k__bg:-0}:#NONE}:-${_p9k__n::=8}}${_p9k__n:=${${(M)${:-x$_p9k__bg}:#x(|0)}:+10}}${_p9k__n:=11}${_p9k__c::="${P9K_CONTENT}"}${_p9k__c::=${_p9k__c//
}}${_p9k__e::=${${_p9k__1r:+00}:-${${(%):-$_p9k__c%1(l.1.0)}[-1]}0}}}+}${${_p9k__e:#00}:+${_p9k_t[$_p9k__n]/<_p9k__w>/$_p9k__w}${_p9k__c}%b%k%f${${:-${_p9k__w::=%b%k%f}${_p9k__sss::=%b%k%f}${_p9k__i::=1}${_p9k__bg::=}}+}}${${:-"${${(%):-%j}:#0}"}:+${${:-${P9K_CONTENT::=""}${_p9k__n::=}${${${_p9k__bg:-0}:#NONE}:-${_p9k__n::=12}}${_p9k__n:=${${(M)${:-x$_p9k__bg}:#x(|0)}:+14}}${_p9k__n:=15}${_p9k__v::=}${_p9k__c::="${P9K_CONTENT}"}${_p9k__c::=${_p9k__c//
}}${_p9k__e::=${${_p9k__1rbackground_jobs+00}:-${${(%):-$_p9k__c%1(l.1.0)}[-1]}1}}}+}${${_p9k__e:#00}:+${_p9k_t[$_p9k__n]/<_p9k__w>/$_p9k__w}${_p9k__v}${${(M)_p9k__e:#11}:+ }${_p9k__c}%b%k%F{070\}${${:-${_p9k__w::=%b%k%F{070\}}${_p9k__sss::=%b%k%F{070\}}${_p9k__i::=3}${_p9k__bg::=}}+}}}${${:-"${${(%):-%#}:#\#}"}:+${${:-${P9K_CONTENT::=%n@%m}${_p9k__n::=}${${${_p9k__bg:-0}:#NONE}:-${_p9k__n::=16}}${_p9k__n:=${${(M)${:-x$_p9k__bg}:#x(|0)}:+18}}${_p9k__n:=19}${_p9k__c::=}${_p9k__c::=${_p9k__c//
}}${_p9k__e::=${${_p9k__1rcontext+00}:-${${(%):-$_p9k__c%1(l.1.0)}[-1]}0}}}+}${${_p9k__e:#00}:+${_p9k_t[$_p9k__n]/<_p9k__w>/$_p9k__w}${_p9k__c}%b%k%F{180\}${${:-${_p9k__w::=%b%k%F{180\}}${_p9k__sss::=%b%k%F{180\}}${_p9k__i::=31}${_p9k__bg::=}}+}}}${${:-"${${(%):-%#}:#\%}"}:+${${:-${P9K_CONTENT::=%B%n@%m}${_p9k__n::=}${${${_p9k__bg:-0}:#NONE}:-${_p9k__n::=20}}${_p9k__n:=${${(M)${:-x$_p9k__bg}:#x(|0)}:+22}}${_p9k__n:=23}${_p9k__c::="${P9K_CONTENT}"}${_p9k__c::=${_p9k__c//
}}${_p9k__e::=${${_p9k__1rcontext+00}:-${${(%):-$_p9k__c%1(l.1.0)}[-1]}0}}}+}${${_p9k__e:#00}:+${_p9k_t[$_p9k__n]/<_p9k__w>/$_p9k__w}${_p9k__c}%b%k%F{178\}${${:-${_p9k__w::=%b%k%F{178\}}${_p9k__sss::=%b%k%F{178\}}${_p9k__i::=31}${_p9k__bg::=}}+}}}${${:-${P9K_CONTENT::=10:41:32}${_p9k__n::=}${${${_p9k__bg:-0}:#NONE}:-${_p9k__n::=24}}${_p9k__n:=${${(M)${:-x$_p9k__bg}:#x(|0)}:+26}}${_p9k__n:=27}${_p9k__v::=}${_p9k__c::="${P9K_CONTENT}"}${_p9k__c::=${_p9k__c//
}}${_p9k__e::=${${_p9k__1rtime+00}:-${${(%):-$_p9k__c%1(l.1.0)}[-1]}1}}}+}${${_p9k__e:#00}:+${_p9k_t[$_p9k__n]/<_p9k__w>/$_p9k__w}${_p9k__v}${${(M)_p9k__e:#11}:+ }${_p9k__c}%b%k%F{066\}${${:-${_p9k__w::=%b%k%F{066\}}${_p9k__sss::=%b%k%F{066\}}${_p9k__i::=43}${_p9k__bg::=}}+}}$_p9k__sss%b%k%f}}${_p9k__lprompt::=${_p9k__1l-${${:-${_p9k__bg::=NONE}${_p9k__i::=0}${_p9k__sss::=%f }}+}${${:-${P9K_CONTENT::=}${_p9k__n::=}${${${_p9k__bg:-0}:#NONE}:-${_p9k__n::=28}}${_p9k__n:=${${(M)${:-x}:#x($_p9k__bg|${_p9k__bg:-0})}:+30}}${_p9k__n:=31}${_p9k__c::="${P9K_CONTENT}"}${_p9k__c::=${_p9k__c//
}}${_p9k__e::=${${_p9k__1los_icon+00}:-${${(%):-$_p9k__c%1(l.1.0)}[-1]}0}}}+}${${_p9k__e:#00}:+${${_p9k_t[$_p9k__n]/<_p9k__ss>/$_p9k__ss}/<_p9k__s>/$_p9k__s}${_p9k__c}%b%k%f${${:-${_p9k__s::=%F{\}}${_p9k__ss::= }${_p9k__sss::=%F{\} }${_p9k__i::=1}${_p9k__bg::=}}+}}${${:-${P9K_CONTENT::="%{d%}${:-"%B%F{039}"}${(Q)${:-"\\~"}}${:-"%b%k%F{031}"}/dev/${:-"%B%F{039}"}ROS2${:-"%b%k%F{031}"}%{d%}"}${_p9k__n::=}${${${_p9k__bg:-0}:#NONE}:-${_p9k__n::=84}}${_p9k__n:=${${(M)${:-x}:#x($_p9k__bg|${_p9k__bg:-0})}:+86}}${_p9k__n:=87}${_p9k__v::=}${_p9k__c::="${P9K_CONTENT}"}${_p9k__c::=${_p9k__c//
}}${_p9k__e::=${${_p9k__1ldir+00}:-${${(%):-$_p9k__c%1(l.1.0)}[-1]}1}}}+}${${_p9k__e:#00}:+${${_p9k_t[$_p9k__n]/<_p9k__ss>/$_p9k__ss}/<_p9k__s>/$_p9k__s}${_p9k__v}${${(M)_p9k__e:#11}:+ }${_p9k__c}%b%k%F{031\}${${:-${_p9k__s::=%F{\}}${_p9k__ss::= }${_p9k__sss::=%F{\} }${_p9k__i::=2}${_p9k__bg::=}}+}}${(e)_p9k__vcs}%b%k$_p9k__sss%b%k%f}}}+}${(e)_p9k_t[6]}${${_p9k__h::=0}+}${${_p9k__d::=$((_p9k__m-_p9k__h))}+}${_p9k__lprompt/\%\{d\%\}*\%\{d\%\}/${_p9k__1ldir-${:-"%B%F{039}"}${(Q)${:-"\\~"}}${:-"%b%k%F{031}"}/dev/${:-"%B%F{039}"}ROS2${:-"%b%k%F{031}"}}}${${_p9k__m::=$((_p9k__d+_p9k__h))}+}${${_p9k__g+
}:-${:-"%F{240}"}${${${_p9k__m:#-*}:+${${_p9k__1g+${(pl.$((_p9k__m+1)).. .)}}:-${(pl.$((_p9k__m+1))..·.)}}$_p9k__rprompt${_p9k_t[$((1+!_p9k__ind))]}}:-
}%b%k%f}}${_p9k__2-${_p9k__2l-${${:-${_p9k__bg::=NONE}${_p9k__i::=0}${_p9k__sss::=%f }}+}${${:-"${${:-$_p9k__keymap.$_p9k__zle_state}:#(vicmd.*|vivis.*|vivli.*|*.*overwrite*)}"}:+${${:-${P9K_CONTENT::=❯}${_p9k__n::=}${${${_p9k__bg:-0}:#NONE}:-${_p9k__n::=36}}${_p9k__n:=${${(M)${:-x}:#x($_p9k__bg|${_p9k__bg:-0})}:+38}}${_p9k__n:=39}${_p9k__c::="❯"}${_p9k__c::=${_p9k__c//
}}${_p9k__e::=${${_p9k__2lprompt_char+00}:-${${(%):-$_p9k__c%1(l.1.0)}[-1]}0}}}+}${${_p9k__e:#00}:+${${_p9k_t[$_p9k__n]/<_p9k__ss>/$_p9k__ss}/<_p9k__s>/$_p9k__s}${_p9k__c}%b%k%F{076\}${${:-${_p9k__s::=%F{\}}${_p9k__ss::= }${_p9k__sss::=%F{\}}${_p9k__i::=4}${_p9k__bg::=}}+}}}${${:-"${${:-$_p9k__keymap.$_p9k__zle_state}:#(vicmd.*|vivis.*|vivli.*|*.*insert*)}"}:+${${:-${P9K_CONTENT::=▶}${_p9k__n::=}${${${_p9k__bg:-0}:#NONE}:-${_p9k__n::=40}}${_p9k__n:=${${(M)${:-x}:#x($_p9k__bg|${_p9k__bg:-0})}:+42}}${_p9k__n:=43}${_p9k__c::="▶"}${_p9k__c::=${_p9k__c//
}}${_p9k__e::=${${_p9k__2lprompt_char+00}:-${${(%):-$_p9k__c%1(l.1.0)}[-1]}0}}}+}${${_p9k__e:#00}:+${${_p9k_t[$_p9k__n]/<_p9k__ss>/$_p9k__ss}/<_p9k__s>/$_p9k__s}${_p9k__c}%b%k%F{076\}${${:-${_p9k__s::=%F{\}}${_p9k__ss::= }${_p9k__sss::=%F{\}}${_p9k__i::=4}${_p9k__bg::=}}+}}}${${:-"${(M)${:-$_p9k__keymap$_p9k__region_active}:#vicmd0}"}:+${${:-${P9K_CONTENT::=❮}${_p9k__n::=}${${${_p9k__bg:-0}:#NONE}:-${_p9k__n::=44}}${_p9k__n:=${${(M)${:-x}:#x($_p9k__bg|${_p9k__bg:-0})}:+46}}${_p9k__n:=47}${_p9k__c::="❮"}${_p9k__c::=${_p9k__c//
}}${_p9k__e::=${${_p9k__2lprompt_char+00}:-${${(%):-$_p9k__c%1(l.1.0)}[-1]}0}}}+}${${_p9k__e:#00}:+${${_p9k_t[$_p9k__n]/<_p9k__ss>/$_p9k__ss}/<_p9k__s>/$_p9k__s}${_p9k__c}%b%k%F{076\}${${:-${_p9k__s::=%F{\}}${_p9k__ss::= }${_p9k__sss::=%F{\}}${_p9k__i::=4}${_p9k__bg::=}}+}}}${${:-"${(M)${:-$_p9k__keymap$_p9k__region_active}:#(vicmd1|vivis?|vivli?)}"}:+${${:-${P9K_CONTENT::=Ⅴ}${_p9k__n::=}${${${_p9k__bg:-0}:#NONE}:-${_p9k__n::=48}}${_p9k__n:=${${(M)${:-x}:#x($_p9k__bg|${_p9k__bg:-0})}:+50}}${_p9k__n:=51}${_p9k__c::="V"}${_p9k__c::=${_p9k__c//
}}${_p9k__e::=${${_p9k__2lprompt_char+00}:-${${(%):-$_p9k__c%1(l.1.0)}[-1]}0}}}+}${${_p9k__e:#00}:+${${_p9k_t[$_p9k__n]/<_p9k__ss>/$_p9k__ss}/<_p9k__s>/$_p9k__s}${_p9k__c}%b%k%F{076\}${${:-${_p9k__s::=%F{\}}${_p9k__ss::= }${_p9k__sss::=%F{\}}${_p9k__i::=4}${_p9k__bg::=}}+}}}%b%k$_p9k__sss%b%k%f${:-" %b%k%f"}}}${${COLUMNS::=$_p9k__clm}+} VIRTUAL_ENV_PROMPT=(ros2_env) /usr/bin/cmake --build /home/nazar/dev/ROS2/build/toxic_relationship -- -j8 -l8
[3.809s] Invoking command in '/home/nazar/dev/ROS2/build/toxic_relationship': CMAKE_PREFIX_PATH=${CMAKE_PREFIX_PATH}:/home/nazar/dev/ROS2/install/py_pubsub:/opt/ros/humble PS1=(ros2_env) ${$((_p9k_on_expand()))+}%{${_p9k__raw_msg-}${_p9k__raw_msg::=}%}${(e)_p9k_t[7]}${_p9k__1-${${:-${_p9k__d::=0}${_p9k__rprompt::=${_p9k__1r-${${:-${_p9k__bg::=NONE}${_p9k__i::=0}${_p9k__sss::=${(Q)${:-"%\\{%\\}"}}}}+}${${:-${P9K_CONTENT::=}${_p9k__n::=}${${${_p9k__bg:-0}:#NONE}:-${_p9k__n::=8}}${_p9k__n:=${${(M)${:-x$_p9k__bg}:#x(|0)}:+10}}${_p9k__n:=11}${_p9k__c::="${P9K_CONTENT}"}${_p9k__c::=${_p9k__c//
}}${_p9k__e::=${${_p9k__1r:+00}:-${${(%):-$_p9k__c%1(l.1.0)}[-1]}0}}}+}${${_p9k__e:#00}:+${_p9k_t[$_p9k__n]/<_p9k__w>/$_p9k__w}${_p9k__c}%b%k%f${${:-${_p9k__w::=%b%k%f}${_p9k__sss::=%b%k%f}${_p9k__i::=1}${_p9k__bg::=}}+}}${${:-"${${(%):-%j}:#0}"}:+${${:-${P9K_CONTENT::=""}${_p9k__n::=}${${${_p9k__bg:-0}:#NONE}:-${_p9k__n::=12}}${_p9k__n:=${${(M)${:-x$_p9k__bg}:#x(|0)}:+14}}${_p9k__n:=15}${_p9k__v::=}${_p9k__c::="${P9K_CONTENT}"}${_p9k__c::=${_p9k__c//
}}${_p9k__e::=${${_p9k__1rbackground_jobs+00}:-${${(%):-$_p9k__c%1(l.1.0)}[-1]}1}}}+}${${_p9k__e:#00}:+${_p9k_t[$_p9k__n]/<_p9k__w>/$_p9k__w}${_p9k__v}${${(M)_p9k__e:#11}:+ }${_p9k__c}%b%k%F{070\}${${:-${_p9k__w::=%b%k%F{070\}}${_p9k__sss::=%b%k%F{070\}}${_p9k__i::=3}${_p9k__bg::=}}+}}}${${:-"${${(%):-%#}:#\#}"}:+${${:-${P9K_CONTENT::=%n@%m}${_p9k__n::=}${${${_p9k__bg:-0}:#NONE}:-${_p9k__n::=16}}${_p9k__n:=${${(M)${:-x$_p9k__bg}:#x(|0)}:+18}}${_p9k__n:=19}${_p9k__c::=}${_p9k__c::=${_p9k__c//
}}${_p9k__e::=${${_p9k__1rcontext+00}:-${${(%):-$_p9k__c%1(l.1.0)}[-1]}0}}}+}${${_p9k__e:#00}:+${_p9k_t[$_p9k__n]/<_p9k__w>/$_p9k__w}${_p9k__c}%b%k%F{180\}${${:-${_p9k__w::=%b%k%F{180\}}${_p9k__sss::=%b%k%F{180\}}${_p9k__i::=31}${_p9k__bg::=}}+}}}${${:-"${${(%):-%#}:#\%}"}:+${${:-${P9K_CONTENT::=%B%n@%m}${_p9k__n::=}${${${_p9k__bg:-0}:#NONE}:-${_p9k__n::=20}}${_p9k__n:=${${(M)${:-x$_p9k__bg}:#x(|0)}:+22}}${_p9k__n:=23}${_p9k__c::="${P9K_CONTENT}"}${_p9k__c::=${_p9k__c//
}}${_p9k__e::=${${_p9k__1rcontext+00}:-${${(%):-$_p9k__c%1(l.1.0)}[-1]}0}}}+}${${_p9k__e:#00}:+${_p9k_t[$_p9k__n]/<_p9k__w>/$_p9k__w}${_p9k__c}%b%k%F{178\}${${:-${_p9k__w::=%b%k%F{178\}}${_p9k__sss::=%b%k%F{178\}}${_p9k__i::=31}${_p9k__bg::=}}+}}}${${:-${P9K_CONTENT::=10:41:32}${_p9k__n::=}${${${_p9k__bg:-0}:#NONE}:-${_p9k__n::=24}}${_p9k__n:=${${(M)${:-x$_p9k__bg}:#x(|0)}:+26}}${_p9k__n:=27}${_p9k__v::=}${_p9k__c::="${P9K_CONTENT}"}${_p9k__c::=${_p9k__c//
}}${_p9k__e::=${${_p9k__1rtime+00}:-${${(%):-$_p9k__c%1(l.1.0)}[-1]}1}}}+}${${_p9k__e:#00}:+${_p9k_t[$_p9k__n]/<_p9k__w>/$_p9k__w}${_p9k__v}${${(M)_p9k__e:#11}:+ }${_p9k__c}%b%k%F{066\}${${:-${_p9k__w::=%b%k%F{066\}}${_p9k__sss::=%b%k%F{066\}}${_p9k__i::=43}${_p9k__bg::=}}+}}$_p9k__sss%b%k%f}}${_p9k__lprompt::=${_p9k__1l-${${:-${_p9k__bg::=NONE}${_p9k__i::=0}${_p9k__sss::=%f }}+}${${:-${P9K_CONTENT::=}${_p9k__n::=}${${${_p9k__bg:-0}:#NONE}:-${_p9k__n::=28}}${_p9k__n:=${${(M)${:-x}:#x($_p9k__bg|${_p9k__bg:-0})}:+30}}${_p9k__n:=31}${_p9k__c::="${P9K_CONTENT}"}${_p9k__c::=${_p9k__c//
}}${_p9k__e::=${${_p9k__1los_icon+00}:-${${(%):-$_p9k__c%1(l.1.0)}[-1]}0}}}+}${${_p9k__e:#00}:+${${_p9k_t[$_p9k__n]/<_p9k__ss>/$_p9k__ss}/<_p9k__s>/$_p9k__s}${_p9k__c}%b%k%f${${:-${_p9k__s::=%F{\}}${_p9k__ss::= }${_p9k__sss::=%F{\} }${_p9k__i::=1}${_p9k__bg::=}}+}}${${:-${P9K_CONTENT::="%{d%}${:-"%B%F{039}"}${(Q)${:-"\\~"}}${:-"%b%k%F{031}"}/dev/${:-"%B%F{039}"}ROS2${:-"%b%k%F{031}"}%{d%}"}${_p9k__n::=}${${${_p9k__bg:-0}:#NONE}:-${_p9k__n::=84}}${_p9k__n:=${${(M)${:-x}:#x($_p9k__bg|${_p9k__bg:-0})}:+86}}${_p9k__n:=87}${_p9k__v::=}${_p9k__c::="${P9K_CONTENT}"}${_p9k__c::=${_p9k__c//
}}${_p9k__e::=${${_p9k__1ldir+00}:-${${(%):-$_p9k__c%1(l.1.0)}[-1]}1}}}+}${${_p9k__e:#00}:+${${_p9k_t[$_p9k__n]/<_p9k__ss>/$_p9k__ss}/<_p9k__s>/$_p9k__s}${_p9k__v}${${(M)_p9k__e:#11}:+ }${_p9k__c}%b%k%F{031\}${${:-${_p9k__s::=%F{\}}${_p9k__ss::= }${_p9k__sss::=%F{\} }${_p9k__i::=2}${_p9k__bg::=}}+}}${(e)_p9k__vcs}%b%k$_p9k__sss%b%k%f}}}+}${(e)_p9k_t[6]}${${_p9k__h::=0}+}${${_p9k__d::=$((_p9k__m-_p9k__h))}+}${_p9k__lprompt/\%\{d\%\}*\%\{d\%\}/${_p9k__1ldir-${:-"%B%F{039}"}${(Q)${:-"\\~"}}${:-"%b%k%F{031}"}/dev/${:-"%B%F{039}"}ROS2${:-"%b%k%F{031}"}}}${${_p9k__m::=$((_p9k__d+_p9k__h))}+}${${_p9k__g+
}:-${:-"%F{240}"}${${${_p9k__m:#-*}:+${${_p9k__1g+${(pl.$((_p9k__m+1)).. .)}}:-${(pl.$((_p9k__m+1))..·.)}}$_p9k__rprompt${_p9k_t[$((1+!_p9k__ind))]}}:-
}%b%k%f}}${_p9k__2-${_p9k__2l-${${:-${_p9k__bg::=NONE}${_p9k__i::=0}${_p9k__sss::=%f }}+}${${:-"${${:-$_p9k__keymap.$_p9k__zle_state}:#(vicmd.*|vivis.*|vivli.*|*.*overwrite*)}"}:+${${:-${P9K_CONTENT::=❯}${_p9k__n::=}${${${_p9k__bg:-0}:#NONE}:-${_p9k__n::=36}}${_p9k__n:=${${(M)${:-x}:#x($_p9k__bg|${_p9k__bg:-0})}:+38}}${_p9k__n:=39}${_p9k__c::="❯"}${_p9k__c::=${_p9k__c//
}}${_p9k__e::=${${_p9k__2lprompt_char+00}:-${${(%):-$_p9k__c%1(l.1.0)}[-1]}0}}}+}${${_p9k__e:#00}:+${${_p9k_t[$_p9k__n]/<_p9k__ss>/$_p9k__ss}/<_p9k__s>/$_p9k__s}${_p9k__c}%b%k%F{076\}${${:-${_p9k__s::=%F{\}}${_p9k__ss::= }${_p9k__sss::=%F{\}}${_p9k__i::=4}${_p9k__bg::=}}+}}}${${:-"${${:-$_p9k__keymap.$_p9k__zle_state}:#(vicmd.*|vivis.*|vivli.*|*.*insert*)}"}:+${${:-${P9K_CONTENT::=▶}${_p9k__n::=}${${${_p9k__bg:-0}:#NONE}:-${_p9k__n::=40}}${_p9k__n:=${${(M)${:-x}:#x($_p9k__bg|${_p9k__bg:-0})}:+42}}${_p9k__n:=43}${_p9k__c::="▶"}${_p9k__c::=${_p9k__c//
}}${_p9k__e::=${${_p9k__2lprompt_char+00}:-${${(%):-$_p9k__c%1(l.1.0)}[-1]}0}}}+}${${_p9k__e:#00}:+${${_p9k_t[$_p9k__n]/<_p9k__ss>/$_p9k__ss}/<_p9k__s>/$_p9k__s}${_p9k__c}%b%k%F{076\}${${:-${_p9k__s::=%F{\}}${_p9k__ss::= }${_p9k__sss::=%F{\}}${_p9k__i::=4}${_p9k__bg::=}}+}}}${${:-"${(M)${:-$_p9k__keymap$_p9k__region_active}:#vicmd0}"}:+${${:-${P9K_CONTENT::=❮}${_p9k__n::=}${${${_p9k__bg:-0}:#NONE}:-${_p9k__n::=44}}${_p9k__n:=${${(M)${:-x}:#x($_p9k__bg|${_p9k__bg:-0})}:+46}}${_p9k__n:=47}${_p9k__c::="❮"}${_p9k__c::=${_p9k__c//
}}${_p9k__e::=${${_p9k__2lprompt_char+00}:-${${(%):-$_p9k__c%1(l.1.0)}[-1]}0}}}+}${${_p9k__e:#00}:+${${_p9k_t[$_p9k__n]/<_p9k__ss>/$_p9k__ss}/<_p9k__s>/$_p9k__s}${_p9k__c}%b%k%F{076\}${${:-${_p9k__s::=%F{\}}${_p9k__ss::= }${_p9k__sss::=%F{\}}${_p9k__i::=4}${_p9k__bg::=}}+}}}${${:-"${(M)${:-$_p9k__keymap$_p9k__region_active}:#(vicmd1|vivis?|vivli?)}"}:+${${:-${P9K_CONTENT::=Ⅴ}${_p9k__n::=}${${${_p9k__bg:-0}:#NONE}:-${_p9k__n::=48}}${_p9k__n:=${${(M)${:-x}:#x($_p9k__bg|${_p9k__bg:-0})}:+50}}${_p9k__n:=51}${_p9k__c::="V"}${_p9k__c::=${_p9k__c//
}}${_p9k__e::=${${_p9k__2lprompt_char+00}:-${${(%):-$_p9k__c%1(l.1.0)}[-1]}0}}}+}${${_p9k__e:#00}:+${${_p9k_t[$_p9k__n]/<_p9k__ss>/$_p9k__ss}/<_p9k__s>/$_p9k__s}${_p9k__c}%b%k%F{076\}${${:-${_p9k__s::=%F{\}}${_p9k__ss::= }${_p9k__sss::=%F{\}}${_p9k__i::=4}${_p9k__bg::=}}+}}}%b%k$_p9k__sss%b%k%f${:-" %b%k%f"}}}${${COLUMNS::=$_p9k__clm}+} VIRTUAL_ENV_PROMPT=(ros2_env) /usr/bin/cmake --install /home/nazar/dev/ROS2/build/toxic_relationship
[3.816s] -- Install configuration: ""
[3.816s] -- Up-to-date: /home/nazar/dev/ROS2/install/toxic_relationship/share/ament_index/resource_index/rosidl_interfaces/toxic_relationship
[3.816s] -- Up-to-date: /home/nazar/dev/ROS2/install/toxic_relationship/include/toxic_relationship/toxic_relationship
[3.816s] -- Up-to-date: /home/nazar/dev/ROS2/install/toxic_relationship/include/toxic_relationship/toxic_relationship/action
[3.817s] -- Installing: /home/nazar/dev/ROS2/install/toxic_relationship/include/toxic_relationship/toxic_relationship/action/toxic_relationship.h
[3.817s] -- Up-to-date: /home/nazar/dev/ROS2/install/toxic_relationship/include/toxic_relationship/toxic_relationship/action/detail
[3.817s] -- Installing: /home/nazar/dev/ROS2/install/toxic_relationship/include/toxic_relationship/toxic_relationship/action/detail/toxic_relationship__functions.h
[3.817s] -- Installing: /home/nazar/dev/ROS2/install/toxic_relationship/include/toxic_relationship/toxic_relationship/action/detail/toxic_relationship__struct.h
[3.817s] -- Installing: /home/nazar/dev/ROS2/install/toxic_relationship/include/toxic_relationship/toxic_relationship/action/detail/toxic_relationship__type_support.h
[3.817s] -- Installing: /home/nazar/dev/ROS2/install/toxic_relationship/include/toxic_relationship/toxic_relationship/action/detail/toxic_relationship__functions.c
[3.817s] -- Up-to-date: /home/nazar/dev/ROS2/install/toxic_relationship/include/toxic_relationship/toxic_relationship/msg
[3.817s] -- Up-to-date: /home/nazar/dev/ROS2/install/toxic_relationship/include/toxic_relationship/toxic_relationship/msg/rosidl_generator_c__visibility_control.h
[3.817s] -- Up-to-date: /home/nazar/dev/ROS2/install/toxic_relationship/share/toxic_relationship/environment/library_path.sh
[3.817s] -- Installing: /home/nazar/dev/ROS2/install/toxic_relationship/share/toxic_relationship/environment/library_path.dsv
[3.818s] -- Installing: /home/nazar/dev/ROS2/install/toxic_relationship/lib/libtoxic_relationship__rosidl_generator_c.so
[3.818s] -- Set runtime path of "/home/nazar/dev/ROS2/install/toxic_relationship/lib/libtoxic_relationship__rosidl_generator_c.so" to ""
[3.818s] -- Up-to-date: /home/nazar/dev/ROS2/install/toxic_relationship/include/toxic_relationship/toxic_relationship
[3.818s] -- Up-to-date: /home/nazar/dev/ROS2/install/toxic_relationship/include/toxic_relationship/toxic_relationship/action
[3.818s] -- Up-to-date: /home/nazar/dev/ROS2/install/toxic_relationship/include/toxic_relationship/toxic_relationship/action/detail
[3.819s] -- Installing: /home/nazar/dev/ROS2/install/toxic_relationship/include/toxic_relationship/toxic_relationship/action/detail/toxic_relationship__rosidl_typesupport_fastrtps_c.h
[3.819s] -- Up-to-date: /home/nazar/dev/ROS2/install/toxic_relationship/include/toxic_relationship/toxic_relationship/msg
[3.819s] -- Up-to-date: /home/nazar/dev/ROS2/install/toxic_relationship/include/toxic_relationship/toxic_relationship/msg/rosidl_typesupport_fastrtps_c__visibility_control.h
[3.819s] -- Installing: /home/nazar/dev/ROS2/install/toxic_relationship/lib/libtoxic_relationship__rosidl_typesupport_fastrtps_c.so
[3.819s] -- Set runtime path of "/home/nazar/dev/ROS2/install/toxic_relationship/lib/libtoxic_relationship__rosidl_typesupport_fastrtps_c.so" to ""
[3.819s] -- Up-to-date: /home/nazar/dev/ROS2/install/toxic_relationship/include/toxic_relationship/toxic_relationship
[3.820s] -- Up-to-date: /home/nazar/dev/ROS2/install/toxic_relationship/include/toxic_relationship/toxic_relationship/action
[3.820s] -- Up-to-date: /home/nazar/dev/ROS2/install/toxic_relationship/include/toxic_relationship/toxic_relationship/action/detail
[3.820s] -- Installing: /home/nazar/dev/ROS2/install/toxic_relationship/include/toxic_relationship/toxic_relationship/action/detail/toxic_relationship__traits.hpp
[3.820s] -- Installing: /home/nazar/dev/ROS2/install/toxic_relationship/include/toxic_relationship/toxic_relationship/action/detail/toxic_relationship__struct.hpp
[3.820s] -- Installing: /home/nazar/dev/ROS2/install/toxic_relationship/include/toxic_relationship/toxic_relationship/action/detail/toxic_relationship__builder.hpp
[3.820s] -- Installing: /home/nazar/dev/ROS2/install/toxic_relationship/include/toxic_relationship/toxic_relationship/action/toxic_relationship.hpp
[3.820s] -- Up-to-date: /home/nazar/dev/ROS2/install/toxic_relationship/include/toxic_relationship/toxic_relationship
[3.821s] -- Up-to-date: /home/nazar/dev/ROS2/install/toxic_relationship/include/toxic_relationship/toxic_relationship/action
[3.821s] -- Up-to-date: /home/nazar/dev/ROS2/install/toxic_relationship/include/toxic_relationship/toxic_relationship/action/detail
[3.821s] -- Installing: /home/nazar/dev/ROS2/install/toxic_relationship/include/toxic_relationship/toxic_relationship/action/detail/toxic_relationship__rosidl_typesupport_fastrtps_cpp.hpp
[3.821s] -- Up-to-date: /home/nazar/dev/ROS2/install/toxic_relationship/include/toxic_relationship/toxic_relationship/action/detail/dds_fastrtps
[3.821s] -- Up-to-date: /home/nazar/dev/ROS2/install/toxic_relationship/include/toxic_relationship/toxic_relationship/msg
[3.821s] -- Up-to-date: /home/nazar/dev/ROS2/install/toxic_relationship/include/toxic_relationship/toxic_relationship/msg/rosidl_typesupport_fastrtps_cpp__visibility_control.h
[3.821s] -- Installing: /home/nazar/dev/ROS2/install/toxic_relationship/lib/libtoxic_relationship__rosidl_typesupport_fastrtps_cpp.so
[3.822s] -- Set runtime path of "/home/nazar/dev/ROS2/install/toxic_relationship/lib/libtoxic_relationship__rosidl_typesupport_fastrtps_cpp.so" to ""
[3.822s] -- Up-to-date: /home/nazar/dev/ROS2/install/toxic_relationship/include/toxic_relationship/toxic_relationship
[3.822s] -- Up-to-date: /home/nazar/dev/ROS2/install/toxic_relationship/include/toxic_relationship/toxic_relationship/action
[3.822s] -- Up-to-date: /home/nazar/dev/ROS2/install/toxic_relationship/include/toxic_relationship/toxic_relationship/action/detail
[3.822s] -- Installing: /home/nazar/dev/ROS2/install/toxic_relationship/include/toxic_relationship/toxic_relationship/action/detail/toxic_relationship__rosidl_typesupport_introspection_c.h
[3.822s] -- Installing: /home/nazar/dev/ROS2/install/toxic_relationship/include/toxic_relationship/toxic_relationship/action/detail/toxic_relationship__type_support.c
[3.822s] -- Up-to-date: /home/nazar/dev/ROS2/install/toxic_relationship/include/toxic_relationship/toxic_relationship/msg
[3.822s] -- Up-to-date: /home/nazar/dev/ROS2/install/toxic_relationship/include/toxic_relationship/toxic_relationship/msg/rosidl_typesupport_introspection_c__visibility_control.h
[3.823s] -- Installing: /home/nazar/dev/ROS2/install/toxic_relationship/lib/libtoxic_relationship__rosidl_typesupport_introspection_c.so
[3.823s] -- Set runtime path of "/home/nazar/dev/ROS2/install/toxic_relationship/lib/libtoxic_relationship__rosidl_typesupport_introspection_c.so" to ""
[3.823s] -- Installing: /home/nazar/dev/ROS2/install/toxic_relationship/lib/libtoxic_relationship__rosidl_typesupport_c.so
[3.824s] -- Set runtime path of "/home/nazar/dev/ROS2/install/toxic_relationship/lib/libtoxic_relationship__rosidl_typesupport_c.so" to ""
[3.824s] -- Up-to-date: /home/nazar/dev/ROS2/install/toxic_relationship/include/toxic_relationship/toxic_relationship
[3.824s] -- Up-to-date: /home/nazar/dev/ROS2/install/toxic_relationship/include/toxic_relationship/toxic_relationship/action
[3.824s] -- Up-to-date: /home/nazar/dev/ROS2/install/toxic_relationship/include/toxic_relationship/toxic_relationship/action/detail
[3.824s] -- Installing: /home/nazar/dev/ROS2/install/toxic_relationship/include/toxic_relationship/toxic_relationship/action/detail/toxic_relationship__type_support.cpp
[3.824s] -- Installing: /home/nazar/dev/ROS2/install/toxic_relationship/include/toxic_relationship/toxic_relationship/action/detail/toxic_relationship__rosidl_typesupport_introspection_cpp.hpp
[3.825s] -- Installing: /home/nazar/dev/ROS2/install/toxic_relationship/lib/libtoxic_relationship__rosidl_typesupport_introspection_cpp.so
[3.825s] -- Set runtime path of "/home/nazar/dev/ROS2/install/toxic_relationship/lib/libtoxic_relationship__rosidl_typesupport_introspection_cpp.so" to ""
[3.825s] -- Installing: /home/nazar/dev/ROS2/install/toxic_relationship/lib/libtoxic_relationship__rosidl_typesupport_cpp.so
[3.826s] -- Set runtime path of "/home/nazar/dev/ROS2/install/toxic_relationship/lib/libtoxic_relationship__rosidl_typesupport_cpp.so" to ""
[3.826s] -- Up-to-date: /home/nazar/dev/ROS2/install/toxic_relationship/share/toxic_relationship/environment/pythonpath.sh
[3.826s] -- Installing: /home/nazar/dev/ROS2/install/toxic_relationship/share/toxic_relationship/environment/pythonpath.dsv
[3.826s] -- Up-to-date: /home/nazar/dev/ROS2/install/toxic_relationship/lib/python3.10/site-packages/toxic_relationship-0.0.0-py3.10.egg-info
[3.826s] -- Installing: /home/nazar/dev/ROS2/install/toxic_relationship/lib/python3.10/site-packages/toxic_relationship-0.0.0-py3.10.egg-info/top_level.txt
[3.826s] -- Installing: /home/nazar/dev/ROS2/install/toxic_relationship/lib/python3.10/site-packages/toxic_relationship-0.0.0-py3.10.egg-info/SOURCES.txt
[3.826s] -- Installing: /home/nazar/dev/ROS2/install/toxic_relationship/lib/python3.10/site-packages/toxic_relationship-0.0.0-py3.10.egg-info/PKG-INFO
[3.827s] -- Installing: /home/nazar/dev/ROS2/install/toxic_relationship/lib/python3.10/site-packages/toxic_relationship-0.0.0-py3.10.egg-info/dependency_links.txt
[3.827s] -- Up-to-date: /home/nazar/dev/ROS2/install/toxic_relationship/lib/python3.10/site-packages/toxic_relationship
[3.827s] -- Installing: /home/nazar/dev/ROS2/install/toxic_relationship/lib/python3.10/site-packages/toxic_relationship/toxic_relationship_s__rosidl_typesupport_c.cpython-310-x86_64-linux-gnu.so
[3.827s] -- Installing: /home/nazar/dev/ROS2/install/toxic_relationship/lib/python3.10/site-packages/toxic_relationship/_toxic_relationship_s.ep.rosidl_typesupport_introspection_c.c
[3.827s] -- Installing: /home/nazar/dev/ROS2/install/toxic_relationship/lib/python3.10/site-packages/toxic_relationship/toxic_relationship_s__rosidl_typesupport_fastrtps_c.cpython-310-x86_64-linux-gnu.so
[3.827s] -- Installing: /home/nazar/dev/ROS2/install/toxic_relationship/lib/python3.10/site-packages/toxic_relationship/_toxic_relationship_s.ep.rosidl_typesupport_c.c
[3.828s] -- Installing: /home/nazar/dev/ROS2/install/toxic_relationship/lib/python3.10/site-packages/toxic_relationship/libtoxic_relationship__rosidl_generator_py.so
[3.828s] -- Up-to-date: /home/nazar/dev/ROS2/install/toxic_relationship/lib/python3.10/site-packages/toxic_relationship/action
[3.828s] -- Installing: /home/nazar/dev/ROS2/install/toxic_relationship/lib/python3.10/site-packages/toxic_relationship/action/_toxic_relationship_s.c
[3.828s] -- Installing: /home/nazar/dev/ROS2/install/toxic_relationship/lib/python3.10/site-packages/toxic_relationship/action/_toxic_relationship.py
[3.828s] -- Installing: /home/nazar/dev/ROS2/install/toxic_relationship/lib/python3.10/site-packages/toxic_relationship/action/__init__.py
[3.828s] -- Installing: /home/nazar/dev/ROS2/install/toxic_relationship/lib/python3.10/site-packages/toxic_relationship/__init__.py
[3.828s] -- Installing: /home/nazar/dev/ROS2/install/toxic_relationship/lib/python3.10/site-packages/toxic_relationship/_toxic_relationship_s.ep.rosidl_typesupport_fastrtps_c.c
[3.829s] -- Installing: /home/nazar/dev/ROS2/install/toxic_relationship/lib/python3.10/site-packages/toxic_relationship/toxic_relationship_s__rosidl_typesupport_introspection_c.cpython-310-x86_64-linux-gnu.so
[3.865s] Listing '/home/nazar/dev/ROS2/install/toxic_relationship/lib/python3.10/site-packages/toxic_relationship'...
[3.865s] Compiling '/home/nazar/dev/ROS2/install/toxic_relationship/lib/python3.10/site-packages/toxic_relationship/__init__.py'...
[3.865s] Listing '/home/nazar/dev/ROS2/install/toxic_relationship/lib/python3.10/site-packages/toxic_relationship/action'...
[3.865s] Compiling '/home/nazar/dev/ROS2/install/toxic_relationship/lib/python3.10/site-packages/toxic_relationship/action/__init__.py'...
[3.865s] Compiling '/home/nazar/dev/ROS2/install/toxic_relationship/lib/python3.10/site-packages/toxic_relationship/action/_toxic_relationship.py'...
[3.869s] -- Installing: /home/nazar/dev/ROS2/install/toxic_relationship/lib/python3.10/site-packages/toxic_relationship/toxic_relationship_s__rosidl_typesupport_fastrtps_c.cpython-310-x86_64-linux-gnu.so
[3.869s] -- Set runtime path of "/home/nazar/dev/ROS2/install/toxic_relationship/lib/python3.10/site-packages/toxic_relationship/toxic_relationship_s__rosidl_typesupport_fastrtps_c.cpython-310-x86_64-linux-gnu.so" to ""
[3.869s] -- Installing: /home/nazar/dev/ROS2/install/toxic_relationship/lib/python3.10/site-packages/toxic_relationship/toxic_relationship_s__rosidl_typesupport_introspection_c.cpython-310-x86_64-linux-gnu.so
[3.870s] -- Set runtime path of "/home/nazar/dev/ROS2/install/toxic_relationship/lib/python3.10/site-packages/toxic_relationship/toxic_relationship_s__rosidl_typesupport_introspection_c.cpython-310-x86_64-linux-gnu.so" to ""
[3.870s] -- Installing: /home/nazar/dev/ROS2/install/toxic_relationship/lib/python3.10/site-packages/toxic_relationship/toxic_relationship_s__rosidl_typesupport_c.cpython-310-x86_64-linux-gnu.so
[3.870s] -- Set runtime path of "/home/nazar/dev/ROS2/install/toxic_relationship/lib/python3.10/site-packages/toxic_relationship/toxic_relationship_s__rosidl_typesupport_c.cpython-310-x86_64-linux-gnu.so" to ""
[3.870s] -- Installing: /home/nazar/dev/ROS2/install/toxic_relationship/lib/libtoxic_relationship__rosidl_generator_py.so
[3.871s] -- Set runtime path of "/home/nazar/dev/ROS2/install/toxic_relationship/lib/libtoxic_relationship__rosidl_generator_py.so" to ""
[3.871s] -- Installing: /home/nazar/dev/ROS2/install/toxic_relationship/share/toxic_relationship/action/ToxicRelationship.idl
[3.871s] -- Installing: /home/nazar/dev/ROS2/install/toxic_relationship/share/toxic_relationship/action/ToxicRelationship.action
[3.871s] -- Up-to-date: /home/nazar/dev/ROS2/install/toxic_relationship/share/ament_index/resource_index/package_run_dependencies/toxic_relationship
[3.871s] -- Up-to-date: /home/nazar/dev/ROS2/install/toxic_relationship/share/ament_index/resource_index/parent_prefix_path/toxic_relationship
[3.871s] -- Up-to-date: /home/nazar/dev/ROS2/install/toxic_relationship/share/toxic_relationship/environment/ament_prefix_path.sh
[3.872s] -- Installing: /home/nazar/dev/ROS2/install/toxic_relationship/share/toxic_relationship/environment/ament_prefix_path.dsv
[3.872s] -- Up-to-date: /home/nazar/dev/ROS2/install/toxic_relationship/share/toxic_relationship/environment/path.sh
[3.872s] -- Installing: /home/nazar/dev/ROS2/install/toxic_relationship/share/toxic_relationship/environment/path.dsv
[3.872s] -- Up-to-date: /home/nazar/dev/ROS2/install/toxic_relationship/share/toxic_relationship/local_setup.bash
[3.872s] -- Up-to-date: /home/nazar/dev/ROS2/install/toxic_relationship/share/toxic_relationship/local_setup.sh
[3.872s] -- Up-to-date: /home/nazar/dev/ROS2/install/toxic_relationship/share/toxic_relationship/local_setup.zsh
[3.872s] -- Installing: /home/nazar/dev/ROS2/install/toxic_relationship/share/toxic_relationship/local_setup.dsv
[3.872s] -- Installing: /home/nazar/dev/ROS2/install/toxic_relationship/share/toxic_relationship/package.dsv
[3.872s] -- Up-to-date: /home/nazar/dev/ROS2/install/toxic_relationship/share/ament_index/resource_index/packages/toxic_relationship
[3.872s] -- Up-to-date: /home/nazar/dev/ROS2/install/toxic_relationship/share/toxic_relationship/cmake/export_toxic_relationship__rosidl_generator_cExport.cmake
[3.872s] -- Up-to-date: /home/nazar/dev/ROS2/install/toxic_relationship/share/toxic_relationship/cmake/export_toxic_relationship__rosidl_generator_cExport-noconfig.cmake
[3.873s] -- Up-to-date: /home/nazar/dev/ROS2/install/toxic_relationship/share/toxic_relationship/cmake/export_toxic_relationship__rosidl_typesupport_fastrtps_cExport.cmake
[3.873s] -- Up-to-date: /home/nazar/dev/ROS2/install/toxic_relationship/share/toxic_relationship/cmake/export_toxic_relationship__rosidl_typesupport_fastrtps_cExport-noconfig.cmake
[3.873s] -- Up-to-date: /home/nazar/dev/ROS2/install/toxic_relationship/share/toxic_relationship/cmake/export_toxic_relationship__rosidl_generator_cppExport.cmake
[3.873s] -- Up-to-date: /home/nazar/dev/ROS2/install/toxic_relationship/share/toxic_relationship/cmake/export_toxic_relationship__rosidl_typesupport_fastrtps_cppExport.cmake
[3.873s] -- Up-to-date: /home/nazar/dev/ROS2/install/toxic_relationship/share/toxic_relationship/cmake/export_toxic_relationship__rosidl_typesupport_fastrtps_cppExport-noconfig.cmake
[3.873s] -- Up-to-date: /home/nazar/dev/ROS2/install/toxic_relationship/share/toxic_relationship/cmake/toxic_relationship__rosidl_typesupport_introspection_cExport.cmake
[3.873s] -- Up-to-date: /home/nazar/dev/ROS2/install/toxic_relationship/share/toxic_relationship/cmake/toxic_relationship__rosidl_typesupport_introspection_cExport-noconfig.cmake
[3.873s] -- Up-to-date: /home/nazar/dev/ROS2/install/toxic_relationship/share/toxic_relationship/cmake/toxic_relationship__rosidl_typesupport_cExport.cmake
[3.873s] -- Up-to-date: /home/nazar/dev/ROS2/install/toxic_relationship/share/toxic_relationship/cmake/toxic_relationship__rosidl_typesupport_cExport-noconfig.cmake
[3.873s] -- Up-to-date: /home/nazar/dev/ROS2/install/toxic_relationship/share/toxic_relationship/cmake/toxic_relationship__rosidl_typesupport_introspection_cppExport.cmake
[3.873s] -- Up-to-date: /home/nazar/dev/ROS2/install/toxic_relationship/share/toxic_relationship/cmake/toxic_relationship__rosidl_typesupport_introspection_cppExport-noconfig.cmake
[3.874s] -- Up-to-date: /home/nazar/dev/ROS2/install/toxic_relationship/share/toxic_relationship/cmake/toxic_relationship__rosidl_typesupport_cppExport.cmake
[3.874s] -- Up-to-date: /home/nazar/dev/ROS2/install/toxic_relationship/share/toxic_relationship/cmake/toxic_relationship__rosidl_typesupport_cppExport-noconfig.cmake
[3.874s] -- Up-to-date: /home/nazar/dev/ROS2/install/toxic_relationship/share/toxic_relationship/cmake/export_toxic_relationship__rosidl_generator_pyExport.cmake
[3.874s] -- Up-to-date: /home/nazar/dev/ROS2/install/toxic_relationship/share/toxic_relationship/cmake/export_toxic_relationship__rosidl_generator_pyExport-noconfig.cmake
[3.874s] -- Up-to-date: /home/nazar/dev/ROS2/install/toxic_relationship/share/toxic_relationship/cmake/rosidl_cmake-extras.cmake
[3.874s] -- Up-to-date: /home/nazar/dev/ROS2/install/toxic_relationship/share/toxic_relationship/cmake/ament_cmake_export_dependencies-extras.cmake
[3.874s] -- Up-to-date: /home/nazar/dev/ROS2/install/toxic_relationship/share/toxic_relationship/cmake/ament_cmake_export_include_directories-extras.cmake
[3.874s] -- Up-to-date: /home/nazar/dev/ROS2/install/toxic_relationship/share/toxic_relationship/cmake/ament_cmake_export_libraries-extras.cmake
[3.874s] -- Up-to-date: /home/nazar/dev/ROS2/install/toxic_relationship/share/toxic_relationship/cmake/ament_cmake_export_targets-extras.cmake
[3.874s] -- Up-to-date: /home/nazar/dev/ROS2/install/toxic_relationship/share/toxic_relationship/cmake/rosidl_cmake_export_typesupport_targets-extras.cmake
[3.874s] -- Up-to-date: /home/nazar/dev/ROS2/install/toxic_relationship/share/toxic_relationship/cmake/rosidl_cmake_export_typesupport_libraries-extras.cmake
[3.875s] -- Up-to-date: /home/nazar/dev/ROS2/install/toxic_relationship/share/toxic_relationship/cmake/toxic_relationshipConfig.cmake
[3.875s] -- Up-to-date: /home/nazar/dev/ROS2/install/toxic_relationship/share/toxic_relationship/cmake/toxic_relationshipConfig-version.cmake
[3.875s] -- Up-to-date: /home/nazar/dev/ROS2/install/toxic_relationship/share/toxic_relationship/package.xml
[3.877s] Invoked command in '/home/nazar/dev/ROS2/build/toxic_relationship' returned '0': CMAKE_PREFIX_PATH=${CMAKE_PREFIX_PATH}:/home/nazar/dev/ROS2/install/py_pubsub:/opt/ros/humble PS1=(ros2_env) ${$((_p9k_on_expand()))+}%{${_p9k__raw_msg-}${_p9k__raw_msg::=}%}${(e)_p9k_t[7]}${_p9k__1-${${:-${_p9k__d::=0}${_p9k__rprompt::=${_p9k__1r-${${:-${_p9k__bg::=NONE}${_p9k__i::=0}${_p9k__sss::=${(Q)${:-"%\\{%\\}"}}}}+}${${:-${P9K_CONTENT::=}${_p9k__n::=}${${${_p9k__bg:-0}:#NONE}:-${_p9k__n::=8}}${_p9k__n:=${${(M)${:-x$_p9k__bg}:#x(|0)}:+10}}${_p9k__n:=11}${_p9k__c::="${P9K_CONTENT}"}${_p9k__c::=${_p9k__c//
}}${_p9k__e::=${${_p9k__1r:+00}:-${${(%):-$_p9k__c%1(l.1.0)}[-1]}0}}}+}${${_p9k__e:#00}:+${_p9k_t[$_p9k__n]/<_p9k__w>/$_p9k__w}${_p9k__c}%b%k%f${${:-${_p9k__w::=%b%k%f}${_p9k__sss::=%b%k%f}${_p9k__i::=1}${_p9k__bg::=}}+}}${${:-"${${(%):-%j}:#0}"}:+${${:-${P9K_CONTENT::=""}${_p9k__n::=}${${${_p9k__bg:-0}:#NONE}:-${_p9k__n::=12}}${_p9k__n:=${${(M)${:-x$_p9k__bg}:#x(|0)}:+14}}${_p9k__n:=15}${_p9k__v::=}${_p9k__c::="${P9K_CONTENT}"}${_p9k__c::=${_p9k__c//
}}${_p9k__e::=${${_p9k__1rbackground_jobs+00}:-${${(%):-$_p9k__c%1(l.1.0)}[-1]}1}}}+}${${_p9k__e:#00}:+${_p9k_t[$_p9k__n]/<_p9k__w>/$_p9k__w}${_p9k__v}${${(M)_p9k__e:#11}:+ }${_p9k__c}%b%k%F{070\}${${:-${_p9k__w::=%b%k%F{070\}}${_p9k__sss::=%b%k%F{070\}}${_p9k__i::=3}${_p9k__bg::=}}+}}}${${:-"${${(%):-%#}:#\#}"}:+${${:-${P9K_CONTENT::=%n@%m}${_p9k__n::=}${${${_p9k__bg:-0}:#NONE}:-${_p9k__n::=16}}${_p9k__n:=${${(M)${:-x$_p9k__bg}:#x(|0)}:+18}}${_p9k__n:=19}${_p9k__c::=}${_p9k__c::=${_p9k__c//
}}${_p9k__e::=${${_p9k__1rcontext+00}:-${${(%):-$_p9k__c%1(l.1.0)}[-1]}0}}}+}${${_p9k__e:#00}:+${_p9k_t[$_p9k__n]/<_p9k__w>/$_p9k__w}${_p9k__c}%b%k%F{180\}${${:-${_p9k__w::=%b%k%F{180\}}${_p9k__sss::=%b%k%F{180\}}${_p9k__i::=31}${_p9k__bg::=}}+}}}${${:-"${${(%):-%#}:#\%}"}:+${${:-${P9K_CONTENT::=%B%n@%m}${_p9k__n::=}${${${_p9k__bg:-0}:#NONE}:-${_p9k__n::=20}}${_p9k__n:=${${(M)${:-x$_p9k__bg}:#x(|0)}:+22}}${_p9k__n:=23}${_p9k__c::="${P9K_CONTENT}"}${_p9k__c::=${_p9k__c//
}}${_p9k__e::=${${_p9k__1rcontext+00}:-${${(%):-$_p9k__c%1(l.1.0)}[-1]}0}}}+}${${_p9k__e:#00}:+${_p9k_t[$_p9k__n]/<_p9k__w>/$_p9k__w}${_p9k__c}%b%k%F{178\}${${:-${_p9k__w::=%b%k%F{178\}}${_p9k__sss::=%b%k%F{178\}}${_p9k__i::=31}${_p9k__bg::=}}+}}}${${:-${P9K_CONTENT::=10:41:32}${_p9k__n::=}${${${_p9k__bg:-0}:#NONE}:-${_p9k__n::=24}}${_p9k__n:=${${(M)${:-x$_p9k__bg}:#x(|0)}:+26}}${_p9k__n:=27}${_p9k__v::=}${_p9k__c::="${P9K_CONTENT}"}${_p9k__c::=${_p9k__c//
}}${_p9k__e::=${${_p9k__1rtime+00}:-${${(%):-$_p9k__c%1(l.1.0)}[-1]}1}}}+}${${_p9k__e:#00}:+${_p9k_t[$_p9k__n]/<_p9k__w>/$_p9k__w}${_p9k__v}${${(M)_p9k__e:#11}:+ }${_p9k__c}%b%k%F{066\}${${:-${_p9k__w::=%b%k%F{066\}}${_p9k__sss::=%b%k%F{066\}}${_p9k__i::=43}${_p9k__bg::=}}+}}$_p9k__sss%b%k%f}}${_p9k__lprompt::=${_p9k__1l-${${:-${_p9k__bg::=NONE}${_p9k__i::=0}${_p9k__sss::=%f }}+}${${:-${P9K_CONTENT::=}${_p9k__n::=}${${${_p9k__bg:-0}:#NONE}:-${_p9k__n::=28}}${_p9k__n:=${${(M)${:-x}:#x($_p9k__bg|${_p9k__bg:-0})}:+30}}${_p9k__n:=31}${_p9k__c::="${P9K_CONTENT}"}${_p9k__c::=${_p9k__c//
}}${_p9k__e::=${${_p9k__1los_icon+00}:-${${(%):-$_p9k__c%1(l.1.0)}[-1]}0}}}+}${${_p9k__e:#00}:+${${_p9k_t[$_p9k__n]/<_p9k__ss>/$_p9k__ss}/<_p9k__s>/$_p9k__s}${_p9k__c}%b%k%f${${:-${_p9k__s::=%F{\}}${_p9k__ss::= }${_p9k__sss::=%F{\} }${_p9k__i::=1}${_p9k__bg::=}}+}}${${:-${P9K_CONTENT::="%{d%}${:-"%B%F{039}"}${(Q)${:-"\\~"}}${:-"%b%k%F{031}"}/dev/${:-"%B%F{039}"}ROS2${:-"%b%k%F{031}"}%{d%}"}${_p9k__n::=}${${${_p9k__bg:-0}:#NONE}:-${_p9k__n::=84}}${_p9k__n:=${${(M)${:-x}:#x($_p9k__bg|${_p9k__bg:-0})}:+86}}${_p9k__n:=87}${_p9k__v::=}${_p9k__c::="${P9K_CONTENT}"}${_p9k__c::=${_p9k__c//
}}${_p9k__e::=${${_p9k__1ldir+00}:-${${(%):-$_p9k__c%1(l.1.0)}[-1]}1}}}+}${${_p9k__e:#00}:+${${_p9k_t[$_p9k__n]/<_p9k__ss>/$_p9k__ss}/<_p9k__s>/$_p9k__s}${_p9k__v}${${(M)_p9k__e:#11}:+ }${_p9k__c}%b%k%F{031\}${${:-${_p9k__s::=%F{\}}${_p9k__ss::= }${_p9k__sss::=%F{\} }${_p9k__i::=2}${_p9k__bg::=}}+}}${(e)_p9k__vcs}%b%k$_p9k__sss%b%k%f}}}+}${(e)_p9k_t[6]}${${_p9k__h::=0}+}${${_p9k__d::=$((_p9k__m-_p9k__h))}+}${_p9k__lprompt/\%\{d\%\}*\%\{d\%\}/${_p9k__1ldir-${:-"%B%F{039}"}${(Q)${:-"\\~"}}${:-"%b%k%F{031}"}/dev/${:-"%B%F{039}"}ROS2${:-"%b%k%F{031}"}}}${${_p9k__m::=$((_p9k__d+_p9k__h))}+}${${_p9k__g+
}:-${:-"%F{240}"}${${${_p9k__m:#-*}:+${${_p9k__1g+${(pl.$((_p9k__m+1)).. .)}}:-${(pl.$((_p9k__m+1))..·.)}}$_p9k__rprompt${_p9k_t[$((1+!_p9k__ind))]}}:-
}%b%k%f}}${_p9k__2-${_p9k__2l-${${:-${_p9k__bg::=NONE}${_p9k__i::=0}${_p9k__sss::=%f }}+}${${:-"${${:-$_p9k__keymap.$_p9k__zle_state}:#(vicmd.*|vivis.*|vivli.*|*.*overwrite*)}"}:+${${:-${P9K_CONTENT::=❯}${_p9k__n::=}${${${_p9k__bg:-0}:#NONE}:-${_p9k__n::=36}}${_p9k__n:=${${(M)${:-x}:#x($_p9k__bg|${_p9k__bg:-0})}:+38}}${_p9k__n:=39}${_p9k__c::="❯"}${_p9k__c::=${_p9k__c//
}}${_p9k__e::=${${_p9k__2lprompt_char+00}:-${${(%):-$_p9k__c%1(l.1.0)}[-1]}0}}}+}${${_p9k__e:#00}:+${${_p9k_t[$_p9k__n]/<_p9k__ss>/$_p9k__ss}/<_p9k__s>/$_p9k__s}${_p9k__c}%b%k%F{076\}${${:-${_p9k__s::=%F{\}}${_p9k__ss::= }${_p9k__sss::=%F{\}}${_p9k__i::=4}${_p9k__bg::=}}+}}}${${:-"${${:-$_p9k__keymap.$_p9k__zle_state}:#(vicmd.*|vivis.*|vivli.*|*.*insert*)}"}:+${${:-${P9K_CONTENT::=▶}${_p9k__n::=}${${${_p9k__bg:-0}:#NONE}:-${_p9k__n::=40}}${_p9k__n:=${${(M)${:-x}:#x($_p9k__bg|${_p9k__bg:-0})}:+42}}${_p9k__n:=43}${_p9k__c::="▶"}${_p9k__c::=${_p9k__c//
}}${_p9k__e::=${${_p9k__2lprompt_char+00}:-${${(%):-$_p9k__c%1(l.1.0)}[-1]}0}}}+}${${_p9k__e:#00}:+${${_p9k_t[$_p9k__n]/<_p9k__ss>/$_p9k__ss}/<_p9k__s>/$_p9k__s}${_p9k__c}%b%k%F{076\}${${:-${_p9k__s::=%F{\}}${_p9k__ss::= }${_p9k__sss::=%F{\}}${_p9k__i::=4}${_p9k__bg::=}}+}}}${${:-"${(M)${:-$_p9k__keymap$_p9k__region_active}:#vicmd0}"}:+${${:-${P9K_CONTENT::=❮}${_p9k__n::=}${${${_p9k__bg:-0}:#NONE}:-${_p9k__n::=44}}${_p9k__n:=${${(M)${:-x}:#x($_p9k__bg|${_p9k__bg:-0})}:+46}}${_p9k__n:=47}${_p9k__c::="❮"}${_p9k__c::=${_p9k__c//
}}${_p9k__e::=${${_p9k__2lprompt_char+00}:-${${(%):-$_p9k__c%1(l.1.0)}[-1]}0}}}+}${${_p9k__e:#00}:+${${_p9k_t[$_p9k__n]/<_p9k__ss>/$_p9k__ss}/<_p9k__s>/$_p9k__s}${_p9k__c}%b%k%F{076\}${${:-${_p9k__s::=%F{\}}${_p9k__ss::= }${_p9k__sss::=%F{\}}${_p9k__i::=4}${_p9k__bg::=}}+}}}${${:-"${(M)${:-$_p9k__keymap$_p9k__region_active}:#(vicmd1|vivis?|vivli?)}"}:+${${:-${P9K_CONTENT::=Ⅴ}${_p9k__n::=}${${${_p9k__bg:-0}:#NONE}:-${_p9k__n::=48}}${_p9k__n:=${${(M)${:-x}:#x($_p9k__bg|${_p9k__bg:-0})}:+50}}${_p9k__n:=51}${_p9k__c::="V"}${_p9k__c::=${_p9k__c//
}}${_p9k__e::=${${_p9k__2lprompt_char+00}:-${${(%):-$_p9k__c%1(l.1.0)}[-1]}0}}}+}${${_p9k__e:#00}:+${${_p9k_t[$_p9k__n]/<_p9k__ss>/$_p9k__ss}/<_p9k__s>/$_p9k__s}${_p9k__c}%b%k%F{076\}${${:-${_p9k__s::=%F{\}}${_p9k__ss::= }${_p9k__sss::=%F{\}}${_p9k__i::=4}${_p9k__bg::=}}+}}}%b%k$_p9k__sss%b%k%f${:-" %b%k%f"}}}${${COLUMNS::=$_p9k__clm}+} VIRTUAL_ENV_PROMPT=(ros2_env) /usr/bin/cmake --install /home/nazar/dev/ROS2/build/toxic_relationship
