[0.014s] Invoking command in '/home/nazar/dev/ROS2/src/build/action_tutorials_interfaces': CMAKE_PREFIX_PATH=/opt/ros/humble /usr/bin/cmake /home/nazar/dev/ROS2/src/action_tutorials_interfaces -DCMAKE_INSTALL_PREFIX=/home/nazar/dev/ROS2/src/install/action_tutorials_interfaces
[0.203s] -- Found ament_cmake: 1.3.10 (/opt/ros/humble/share/ament_cmake/cmake)
[0.204s] -- Configuring incomplete, errors occurred!
[0.204s] See also "/home/nazar/dev/ROS2/src/build/action_tutorials_interfaces/CMakeFiles/CMakeOutput.log".
[0.204s] [31mCMake Error at CMakeLists.txt:15 (find_package):
[0.205s]   By not providing "Findament_lint_auto.cmake" in CMAKE_MODULE_PATH this
[0.205s]   project has asked CMake to find a package configuration file provided by
[0.205s]   "ament_lint_auto", but CMake did not find one.
[0.205s] 
[0.205s]   Could not find a package configuration file provided by "ament_lint_auto"
[0.205s]   with any of the following names:
[0.205s] 
[0.205s]     ament_lint_autoConfig.cmake
[0.206s]     ament_lint_auto-config.cmake
[0.206s] 
[0.206s]   Add the installation prefix of "ament_lint_auto" to CMAKE_PREFIX_PATH or
[0.206s]   set "ament_lint_auto_DIR" to a directory containing one of the above files.
[0.206s]   If "ament_lint_auto" provides a separate development package or SDK, be
[0.206s]   sure it has been installed.
[0.206s] 
[0.206s] [0m
[0.436s] Invoked command in '/home/nazar/dev/ROS2/src/build/action_tutorials_interfaces' returned '1': CMAKE_PREFIX_PATH=/opt/ros/humble /usr/bin/cmake /home/nazar/dev/ROS2/src/action_tutorials_interfaces -DCMAKE_INSTALL_PREFIX=/home/nazar/dev/ROS2/src/install/action_tutorials_interfaces
