[0.594s] Invoking command in '/home/nazar/dev/ROS2/src/py_pubsub': PYTHONPATH=/home/nazar/dev/ROS2/src/py_pubsub/build/py_pubsub/prefix_override:/home/nazar/.local/lib/python3.10/site-packages/colcon_core/task/python/colcon_distutils_commands:/home/nazar/dev/ROS2/src/py_pubsub/install/py_pubsub/lib/python3.10/site-packages:${PYTHONPATH} /usr/bin/python3 -W ignore:setup.py install is deprecated setup.py egg_info --egg-base build/py_pubsub build --build-base /home/nazar/dev/ROS2/src/py_pubsub/build/py_pubsub/build install --record /home/nazar/dev/ROS2/src/py_pubsub/build/py_pubsub/install.log --single-version-externally-managed install_data
[0.803s] running egg_info
[0.803s] writing build/py_pubsub/py_pubsub.egg-info/PKG-INFO
[0.804s] writing dependency_links to build/py_pubsub/py_pubsub.egg-info/dependency_links.txt
[0.804s] writing entry points to build/py_pubsub/py_pubsub.egg-info/entry_points.txt
[0.804s] writing requirements to build/py_pubsub/py_pubsub.egg-info/requires.txt
[0.804s] writing top-level names to build/py_pubsub/py_pubsub.egg-info/top_level.txt
[0.805s] reading manifest file 'build/py_pubsub/py_pubsub.egg-info/SOURCES.txt'
[0.806s] adding license file 'LICENSE'
[0.806s] writing manifest file 'build/py_pubsub/py_pubsub.egg-info/SOURCES.txt'
[0.806s] running build
[0.806s] running build_py
[0.807s] running install
[0.807s] running install_lib
[0.808s] running install_data
[0.808s] running install_egg_info
[0.810s] removing '/home/nazar/dev/ROS2/src/py_pubsub/install/py_pubsub/lib/python3.10/site-packages/py_pubsub-0.0.0-py3.10.egg-info' (and everything under it)
[0.810s] Copying build/py_pubsub/py_pubsub.egg-info to /home/nazar/dev/ROS2/src/py_pubsub/install/py_pubsub/lib/python3.10/site-packages/py_pubsub-0.0.0-py3.10.egg-info
[0.811s] running install_scripts
[0.829s] Installing listener script to /home/nazar/dev/ROS2/src/py_pubsub/install/py_pubsub/lib/py_pubsub
[0.829s] Installing talker script to /home/nazar/dev/ROS2/src/py_pubsub/install/py_pubsub/lib/py_pubsub
[0.829s] writing list of installed files to '/home/nazar/dev/ROS2/src/py_pubsub/build/py_pubsub/install.log'
[0.848s] Invoked command in '/home/nazar/dev/ROS2/src/py_pubsub' returned '0': PYTHONPATH=/home/nazar/dev/ROS2/src/py_pubsub/build/py_pubsub/prefix_override:/home/nazar/.local/lib/python3.10/site-packages/colcon_core/task/python/colcon_distutils_commands:/home/nazar/dev/ROS2/src/py_pubsub/install/py_pubsub/lib/python3.10/site-packages:${PYTHONPATH} /usr/bin/python3 -W ignore:setup.py install is deprecated setup.py egg_info --egg-base build/py_pubsub build --build-base /home/nazar/dev/ROS2/src/py_pubsub/build/py_pubsub/build install --record /home/nazar/dev/ROS2/src/py_pubsub/build/py_pubsub/install.log --single-version-externally-managed install_data
