running egg_info
creating ../../build/my_service_package/my_service_package.egg-info
writing ../../build/my_service_package/my_service_package.egg-info/PKG-INFO
writing dependency_links to ../../build/my_service_package/my_service_package.egg-info/dependency_links.txt
writing entry points to ../../build/my_service_package/my_service_package.egg-info/entry_points.txt
writing requirements to ../../build/my_service_package/my_service_package.egg-info/requires.txt
writing top-level names to ../../build/my_service_package/my_service_package.egg-info/top_level.txt
writing manifest file '../../build/my_service_package/my_service_package.egg-info/SOURCES.txt'
reading manifest file '../../build/my_service_package/my_service_package.egg-info/SOURCES.txt'
writing manifest file '../../build/my_service_package/my_service_package.egg-info/SOURCES.txt'
running build
running build_py
creating /home/nazar/dev/ROS2/build/my_service_package/build
creating /home/nazar/dev/ROS2/build/my_service_package/build/lib
creating /home/nazar/dev/ROS2/build/my_service_package/build/lib/my_service_package
copying my_service_package/__init__.py -> /home/nazar/dev/ROS2/build/my_service_package/build/lib/my_service_package
running install
running install_lib
creating /home/nazar/dev/ROS2/install/my_service_package/lib/python3.10/site-packages/my_service_package
copying /home/nazar/dev/ROS2/build/my_service_package/build/lib/my_service_package/__init__.py -> /home/nazar/dev/ROS2/install/my_service_package/lib/python3.10/site-packages/my_service_package
byte-compiling /home/nazar/dev/ROS2/install/my_service_package/lib/python3.10/site-packages/my_service_package/__init__.py to __init__.cpython-310.pyc
running install_data
creating /home/nazar/dev/ROS2/install/my_service_package/share/ament_index
creating /home/nazar/dev/ROS2/install/my_service_package/share/ament_index/resource_index
creating /home/nazar/dev/ROS2/install/my_service_package/share/ament_index/resource_index/packages
copying resource/my_service_package -> /home/nazar/dev/ROS2/install/my_service_package/share/ament_index/resource_index/packages
copying package.xml -> /home/nazar/dev/ROS2/install/my_service_package/share/my_service_package
running install_egg_info
Copying ../../build/my_service_package/my_service_package.egg-info to /home/nazar/dev/ROS2/install/my_service_package/lib/python3.10/site-packages/my_service_package-0.0.0-py3.10.egg-info
running install_scripts
writing list of installed files to '/home/nazar/dev/ROS2/build/my_service_package/install.log'
