/home/nazar/dev/ROS2/src/install/py_pubsub/lib/python3.10/site-packages/py_pubsub/fibonacci_action_client.py
/home/nazar/dev/ROS2/src/install/py_pubsub/lib/python3.10/site-packages/py_pubsub/subscriber_tutorial.py
/home/nazar/dev/ROS2/src/install/py_pubsub/lib/python3.10/site-packages/py_pubsub/publisher_member_function.py
/home/nazar/dev/ROS2/src/install/py_pubsub/lib/python3.10/site-packages/py_pubsub/cool_service.py
/home/nazar/dev/ROS2/src/install/py_pubsub/lib/python3.10/site-packages/py_pubsub/toxic_relationship_action_server.py
/home/nazar/dev/ROS2/src/install/py_pubsub/lib/python3.10/site-packages/py_pubsub/cool_client.py
/home/nazar/dev/ROS2/src/install/py_pubsub/lib/python3.10/site-packages/py_pubsub/__init__.py
/home/nazar/dev/ROS2/src/install/py_pubsub/lib/python3.10/site-packages/py_pubsub/fibonacci_action_server.py
/home/nazar/dev/ROS2/src/install/py_pubsub/lib/python3.10/site-packages/py_pubsub/test_tutorial.py
/home/nazar/dev/ROS2/src/install/py_pubsub/lib/python3.10/site-packages/py_pubsub/subscriber_member_function.py
/home/nazar/dev/ROS2/src/install/py_pubsub/lib/python3.10/site-packages/py_pubsub/toxic_relationship_action_client.py
/home/nazar/dev/ROS2/src/install/py_pubsub/lib/python3.10/site-packages/py_pubsub/__pycache__/fibonacci_action_client.cpython-310.pyc
/home/nazar/dev/ROS2/src/install/py_pubsub/lib/python3.10/site-packages/py_pubsub/__pycache__/subscriber_tutorial.cpython-310.pyc
/home/nazar/dev/ROS2/src/install/py_pubsub/lib/python3.10/site-packages/py_pubsub/__pycache__/publisher_member_function.cpython-310.pyc
/home/nazar/dev/ROS2/src/install/py_pubsub/lib/python3.10/site-packages/py_pubsub/__pycache__/cool_service.cpython-310.pyc
/home/nazar/dev/ROS2/src/install/py_pubsub/lib/python3.10/site-packages/py_pubsub/__pycache__/toxic_relationship_action_server.cpython-310.pyc
/home/nazar/dev/ROS2/src/install/py_pubsub/lib/python3.10/site-packages/py_pubsub/__pycache__/cool_client.cpython-310.pyc
/home/nazar/dev/ROS2/src/install/py_pubsub/lib/python3.10/site-packages/py_pubsub/__pycache__/__init__.cpython-310.pyc
/home/nazar/dev/ROS2/src/install/py_pubsub/lib/python3.10/site-packages/py_pubsub/__pycache__/fibonacci_action_server.cpython-310.pyc
/home/nazar/dev/ROS2/src/install/py_pubsub/lib/python3.10/site-packages/py_pubsub/__pycache__/test_tutorial.cpython-310.pyc
/home/nazar/dev/ROS2/src/install/py_pubsub/lib/python3.10/site-packages/py_pubsub/__pycache__/subscriber_member_function.cpython-310.pyc
/home/nazar/dev/ROS2/src/install/py_pubsub/lib/python3.10/site-packages/py_pubsub/__pycache__/toxic_relationship_action_client.cpython-310.pyc
/home/nazar/dev/ROS2/src/install/py_pubsub/share/ament_index/resource_index/packages/py_pubsub
/home/nazar/dev/ROS2/src/install/py_pubsub/share/py_pubsub/package.xml
/home/nazar/dev/ROS2/src/install/py_pubsub/lib/python3.10/site-packages/py_pubsub-0.0.0-py3.10.egg-info/top_level.txt
/home/nazar/dev/ROS2/src/install/py_pubsub/lib/python3.10/site-packages/py_pubsub-0.0.0-py3.10.egg-info/SOURCES.txt
/home/nazar/dev/ROS2/src/install/py_pubsub/lib/python3.10/site-packages/py_pubsub-0.0.0-py3.10.egg-info/entry_points.txt
/home/nazar/dev/ROS2/src/install/py_pubsub/lib/python3.10/site-packages/py_pubsub-0.0.0-py3.10.egg-info/PKG-INFO
/home/nazar/dev/ROS2/src/install/py_pubsub/lib/python3.10/site-packages/py_pubsub-0.0.0-py3.10.egg-info/dependency_links.txt
/home/nazar/dev/ROS2/src/install/py_pubsub/lib/python3.10/site-packages/py_pubsub-0.0.0-py3.10.egg-info/requires.txt
/home/nazar/dev/ROS2/src/install/py_pubsub/lib/python3.10/site-packages/py_pubsub-0.0.0-py3.10.egg-info/zip-safe
/home/nazar/dev/ROS2/src/install/py_pubsub/lib/py_pubsub/cool_client
/home/nazar/dev/ROS2/src/install/py_pubsub/lib/py_pubsub/cool_service
/home/nazar/dev/ROS2/src/install/py_pubsub/lib/py_pubsub/custom_client
/home/nazar/dev/ROS2/src/install/py_pubsub/lib/py_pubsub/custom_server
/home/nazar/dev/ROS2/src/install/py_pubsub/lib/py_pubsub/fibonacci
/home/nazar/dev/ROS2/src/install/py_pubsub/lib/py_pubsub/fibonacci_client
/home/nazar/dev/ROS2/src/install/py_pubsub/lib/py_pubsub/listener
/home/nazar/dev/ROS2/src/install/py_pubsub/lib/py_pubsub/talker
/home/nazar/dev/ROS2/src/install/py_pubsub/lib/py_pubsub/test_tutorial
