[0.009s] Invoking command in '/home/nazar/dev/ROS2/build/action_tutorials_interfaces': CMAKE_PREFIX_PATH=/opt/ros/humble PS1=(ros2_env) ${$((_p9k_on_expand()))+}%{${_p9k__raw_msg-}${_p9k__raw_msg::=}%}${(e)_p9k_t[7]}${_p9k__1-${${:-${_p9k__d::=0}${_p9k__rprompt::=${_p9k__1r-${${:-${_p9k__bg::=NONE}${_p9k__i::=0}${_p9k__sss::=${(Q)${:-"%\\{%\\}"}}}}+}${${:-${P9K_CONTENT::=}${_p9k__n::=}${${${_p9k__bg:-0}:#NONE}:-${_p9k__n::=8}}${_p9k__n:=${${(M)${:-x$_p9k__bg}:#x(|0)}:+10}}${_p9k__n:=11}${_p9k__c::="${P9K_CONTENT}"}${_p9k__c::=${_p9k__c//
}}${_p9k__e::=${${_p9k__1r:+00}:-${${(%):-$_p9k__c%1(l.1.0)}[-1]}0}}}+}${${_p9k__e:#00}:+${_p9k_t[$_p9k__n]/<_p9k__w>/$_p9k__w}${_p9k__c}%b%k%f${${:-${_p9k__w::=%b%k%f}${_p9k__sss::=%b%k%f}${_p9k__i::=1}${_p9k__bg::=}}+}}${${:-"${${(%):-%j}:#0}"}:+${${:-${P9K_CONTENT::=""}${_p9k__n::=}${${${_p9k__bg:-0}:#NONE}:-${_p9k__n::=12}}${_p9k__n:=${${(M)${:-x$_p9k__bg}:#x(|0)}:+14}}${_p9k__n:=15}${_p9k__v::=}${_p9k__c::="${P9K_CONTENT}"}${_p9k__c::=${_p9k__c//
}}${_p9k__e::=${${_p9k__1rbackground_jobs+00}:-${${(%):-$_p9k__c%1(l.1.0)}[-1]}1}}}+}${${_p9k__e:#00}:+${_p9k_t[$_p9k__n]/<_p9k__w>/$_p9k__w}${_p9k__v}${${(M)_p9k__e:#11}:+ }${_p9k__c}%b%k%F{070\}${${:-${_p9k__w::=%b%k%F{070\}}${_p9k__sss::=%b%k%F{070\}}${_p9k__i::=3}${_p9k__bg::=}}+}}}${${:-"${${(%):-%#}:#\#}"}:+${${:-${P9K_CONTENT::=%n@%m}${_p9k__n::=}${${${_p9k__bg:-0}:#NONE}:-${_p9k__n::=16}}${_p9k__n:=${${(M)${:-x$_p9k__bg}:#x(|0)}:+18}}${_p9k__n:=19}${_p9k__c::=}${_p9k__c::=${_p9k__c//
}}${_p9k__e::=${${_p9k__1rcontext+00}:-${${(%):-$_p9k__c%1(l.1.0)}[-1]}0}}}+}${${_p9k__e:#00}:+${_p9k_t[$_p9k__n]/<_p9k__w>/$_p9k__w}${_p9k__c}%b%k%F{180\}${${:-${_p9k__w::=%b%k%F{180\}}${_p9k__sss::=%b%k%F{180\}}${_p9k__i::=31}${_p9k__bg::=}}+}}}${${:-"${${(%):-%#}:#\%}"}:+${${:-${P9K_CONTENT::=%B%n@%m}${_p9k__n::=}${${${_p9k__bg:-0}:#NONE}:-${_p9k__n::=20}}${_p9k__n:=${${(M)${:-x$_p9k__bg}:#x(|0)}:+22}}${_p9k__n:=23}${_p9k__c::="${P9K_CONTENT}"}${_p9k__c::=${_p9k__c//
}}${_p9k__e::=${${_p9k__1rcontext+00}:-${${(%):-$_p9k__c%1(l.1.0)}[-1]}0}}}+}${${_p9k__e:#00}:+${_p9k_t[$_p9k__n]/<_p9k__w>/$_p9k__w}${_p9k__c}%b%k%F{178\}${${:-${_p9k__w::=%b%k%F{178\}}${_p9k__sss::=%b%k%F{178\}}${_p9k__i::=31}${_p9k__bg::=}}+}}}${${:-${P9K_CONTENT::=20:20:11}${_p9k__n::=}${${${_p9k__bg:-0}:#NONE}:-${_p9k__n::=24}}${_p9k__n:=${${(M)${:-x$_p9k__bg}:#x(|0)}:+26}}${_p9k__n:=27}${_p9k__v::=}${_p9k__c::="${P9K_CONTENT}"}${_p9k__c::=${_p9k__c//
}}${_p9k__e::=${${_p9k__1rtime+00}:-${${(%):-$_p9k__c%1(l.1.0)}[-1]}1}}}+}${${_p9k__e:#00}:+${_p9k_t[$_p9k__n]/<_p9k__w>/$_p9k__w}${_p9k__v}${${(M)_p9k__e:#11}:+ }${_p9k__c}%b%k%F{066\}${${:-${_p9k__w::=%b%k%F{066\}}${_p9k__sss::=%b%k%F{066\}}${_p9k__i::=43}${_p9k__bg::=}}+}}$_p9k__sss%b%k%f}}${_p9k__lprompt::=${_p9k__1l-${${:-${_p9k__bg::=NONE}${_p9k__i::=0}${_p9k__sss::=%f }}+}${${:-${P9K_CONTENT::=}${_p9k__n::=}${${${_p9k__bg:-0}:#NONE}:-${_p9k__n::=28}}${_p9k__n:=${${(M)${:-x}:#x($_p9k__bg|${_p9k__bg:-0})}:+30}}${_p9k__n:=31}${_p9k__c::="${P9K_CONTENT}"}${_p9k__c::=${_p9k__c//
}}${_p9k__e::=${${_p9k__1los_icon+00}:-${${(%):-$_p9k__c%1(l.1.0)}[-1]}0}}}+}${${_p9k__e:#00}:+${${_p9k_t[$_p9k__n]/<_p9k__ss>/$_p9k__ss}/<_p9k__s>/$_p9k__s}${_p9k__c}%b%k%f${${:-${_p9k__s::=%F{\}}${_p9k__ss::= }${_p9k__sss::=%F{\} }${_p9k__i::=1}${_p9k__bg::=}}+}}${${:-${P9K_CONTENT::="%{d%}${:-"%B%F{039}"}${(Q)${:-"\\~"}}${:-"%b%k%F{031}"}/dev/${:-"%B%F{039}"}ROS2${:-"%b%k%F{031}"}%{d%}"}${_p9k__n::=}${${${_p9k__bg:-0}:#NONE}:-${_p9k__n::=84}}${_p9k__n:=${${(M)${:-x}:#x($_p9k__bg|${_p9k__bg:-0})}:+86}}${_p9k__n:=87}${_p9k__v::=}${_p9k__c::="${P9K_CONTENT}"}${_p9k__c::=${_p9k__c//
}}${_p9k__e::=${${_p9k__1ldir+00}:-${${(%):-$_p9k__c%1(l.1.0)}[-1]}1}}}+}${${_p9k__e:#00}:+${${_p9k_t[$_p9k__n]/<_p9k__ss>/$_p9k__ss}/<_p9k__s>/$_p9k__s}${_p9k__v}${${(M)_p9k__e:#11}:+ }${_p9k__c}%b%k%F{031\}${${:-${_p9k__s::=%F{\}}${_p9k__ss::= }${_p9k__sss::=%F{\} }${_p9k__i::=2}${_p9k__bg::=}}+}}${(e)_p9k__vcs}%b%k$_p9k__sss%b%k%f}}}+}${(e)_p9k_t[6]}${${_p9k__h::=0}+}${${_p9k__d::=$((_p9k__m-_p9k__h))}+}${_p9k__lprompt/\%\{d\%\}*\%\{d\%\}/${_p9k__1ldir-${:-"%B%F{039}"}${(Q)${:-"\\~"}}${:-"%b%k%F{031}"}/dev/${:-"%B%F{039}"}ROS2${:-"%b%k%F{031}"}}}${${_p9k__m::=$((_p9k__d+_p9k__h))}+}${${_p9k__g+
}:-${:-"%F{240}"}${${${_p9k__m:#-*}:+${${_p9k__1g+${(pl.$((_p9k__m+1)).. .)}}:-${(pl.$((_p9k__m+1))..·.)}}$_p9k__rprompt${_p9k_t[$((1+!_p9k__ind))]}}:-
}%b%k%f}}${_p9k__2-${_p9k__2l-${${:-${_p9k__bg::=NONE}${_p9k__i::=0}${_p9k__sss::=%f }}+}${${:-"${${:-$_p9k__keymap.$_p9k__zle_state}:#(vicmd.*|vivis.*|vivli.*|*.*overwrite*)}"}:+${${:-${P9K_CONTENT::=❯}${_p9k__n::=}${${${_p9k__bg:-0}:#NONE}:-${_p9k__n::=36}}${_p9k__n:=${${(M)${:-x}:#x($_p9k__bg|${_p9k__bg:-0})}:+38}}${_p9k__n:=39}${_p9k__c::="❯"}${_p9k__c::=${_p9k__c//
}}${_p9k__e::=${${_p9k__2lprompt_char+00}:-${${(%):-$_p9k__c%1(l.1.0)}[-1]}0}}}+}${${_p9k__e:#00}:+${${_p9k_t[$_p9k__n]/<_p9k__ss>/$_p9k__ss}/<_p9k__s>/$_p9k__s}${_p9k__c}%b%k%F{076\}${${:-${_p9k__s::=%F{\}}${_p9k__ss::= }${_p9k__sss::=%F{\}}${_p9k__i::=4}${_p9k__bg::=}}+}}}${${:-"${${:-$_p9k__keymap.$_p9k__zle_state}:#(vicmd.*|vivis.*|vivli.*|*.*insert*)}"}:+${${:-${P9K_CONTENT::=▶}${_p9k__n::=}${${${_p9k__bg:-0}:#NONE}:-${_p9k__n::=40}}${_p9k__n:=${${(M)${:-x}:#x($_p9k__bg|${_p9k__bg:-0})}:+42}}${_p9k__n:=43}${_p9k__c::="▶"}${_p9k__c::=${_p9k__c//
}}${_p9k__e::=${${_p9k__2lprompt_char+00}:-${${(%):-$_p9k__c%1(l.1.0)}[-1]}0}}}+}${${_p9k__e:#00}:+${${_p9k_t[$_p9k__n]/<_p9k__ss>/$_p9k__ss}/<_p9k__s>/$_p9k__s}${_p9k__c}%b%k%F{076\}${${:-${_p9k__s::=%F{\}}${_p9k__ss::= }${_p9k__sss::=%F{\}}${_p9k__i::=4}${_p9k__bg::=}}+}}}${${:-"${(M)${:-$_p9k__keymap$_p9k__region_active}:#vicmd0}"}:+${${:-${P9K_CONTENT::=❮}${_p9k__n::=}${${${_p9k__bg:-0}:#NONE}:-${_p9k__n::=44}}${_p9k__n:=${${(M)${:-x}:#x($_p9k__bg|${_p9k__bg:-0})}:+46}}${_p9k__n:=47}${_p9k__c::="❮"}${_p9k__c::=${_p9k__c//
}}${_p9k__e::=${${_p9k__2lprompt_char+00}:-${${(%):-$_p9k__c%1(l.1.0)}[-1]}0}}}+}${${_p9k__e:#00}:+${${_p9k_t[$_p9k__n]/<_p9k__ss>/$_p9k__ss}/<_p9k__s>/$_p9k__s}${_p9k__c}%b%k%F{076\}${${:-${_p9k__s::=%F{\}}${_p9k__ss::= }${_p9k__sss::=%F{\}}${_p9k__i::=4}${_p9k__bg::=}}+}}}${${:-"${(M)${:-$_p9k__keymap$_p9k__region_active}:#(vicmd1|vivis?|vivli?)}"}:+${${:-${P9K_CONTENT::=Ⅴ}${_p9k__n::=}${${${_p9k__bg:-0}:#NONE}:-${_p9k__n::=48}}${_p9k__n:=${${(M)${:-x}:#x($_p9k__bg|${_p9k__bg:-0})}:+50}}${_p9k__n:=51}${_p9k__c::="V"}${_p9k__c::=${_p9k__c//
}}${_p9k__e::=${${_p9k__2lprompt_char+00}:-${${(%):-$_p9k__c%1(l.1.0)}[-1]}0}}}+}${${_p9k__e:#00}:+${${_p9k_t[$_p9k__n]/<_p9k__ss>/$_p9k__ss}/<_p9k__s>/$_p9k__s}${_p9k__c}%b%k%F{076\}${${:-${_p9k__s::=%F{\}}${_p9k__ss::= }${_p9k__sss::=%F{\}}${_p9k__i::=4}${_p9k__bg::=}}+}}}%b%k$_p9k__sss%b%k%f${:-" %b%k%f"}}}${${COLUMNS::=$_p9k__clm}+} VIRTUAL_ENV_PROMPT=(ros2_env) /usr/bin/cmake /home/nazar/dev/ROS2/src/action_tutorials_interfaces -DCMAKE_INSTALL_PREFIX=/home/nazar/dev/ROS2/install/action_tutorials_interfaces
[0.019s] -- Found ament_cmake: 1.3.10 (/opt/ros/humble/share/ament_cmake/cmake)
[0.118s] -- Found ament_lint_auto: 0.12.11 (/opt/ros/humble/share/ament_lint_auto/cmake)
[0.195s] -- Found rosidl_default_generators: 1.2.0 (/opt/ros/humble/share/rosidl_default_generators/cmake)
[0.197s] -- Using all available rosidl_typesupport_c: rosidl_typesupport_fastrtps_c;rosidl_typesupport_introspection_c
[0.200s] -- Found rosidl_adapter: 3.1.5 (/opt/ros/humble/share/rosidl_adapter/cmake)
[0.228s] -- Using all available rosidl_typesupport_cpp: rosidl_typesupport_fastrtps_cpp;rosidl_typesupport_introspection_cpp
[0.446s] -- Found ament_cmake_ros: 0.10.0 (/opt/ros/humble/share/ament_cmake_ros/cmake)
[0.604s] -- Using all available rosidl_typesupport_c: rosidl_typesupport_fastrtps_c;rosidl_typesupport_introspection_c
[0.786s] -- Using all available rosidl_typesupport_cpp: rosidl_typesupport_fastrtps_cpp;rosidl_typesupport_introspection_cpp
[0.800s] -- Found PythonInterp: /home/nazar/dev/ROS2/ros2_env/bin/python3 (found suitable version "3.10.12", minimum required is "3.6") 
[0.801s] -- Found python_cmake_module: 0.10.0 (/opt/ros/humble/share/python_cmake_module/cmake)
[0.817s] -- Found PythonLibs: /usr/lib/x86_64-linux-gnu/libpython3.10.so (found suitable version "3.10.12", minimum required is "3.5") 
[0.817s] -- Using PYTHON_EXECUTABLE: /home/nazar/dev/ROS2/ros2_env/bin/python3
[0.817s] -- Using PYTHON_INCLUDE_DIRS: /usr/include/python3.10
[0.817s] -- Using PYTHON_LIBRARIES: /usr/lib/x86_64-linux-gnu/libpython3.10.so
[0.830s] -- Found PythonExtra: .so  
[0.861s] -- Added test 'lint_cmake' to check CMake code style
[0.862s] -- Added test 'xmllint' to check XML markup files
[0.866s] -- Configuring done
[0.896s] -- Generating done
[0.898s] -- Build files have been written to: /home/nazar/dev/ROS2/build/action_tutorials_interfaces
[0.904s] Invoked command in '/home/nazar/dev/ROS2/build/action_tutorials_interfaces' returned '0': CMAKE_PREFIX_PATH=/opt/ros/humble PS1=(ros2_env) ${$((_p9k_on_expand()))+}%{${_p9k__raw_msg-}${_p9k__raw_msg::=}%}${(e)_p9k_t[7]}${_p9k__1-${${:-${_p9k__d::=0}${_p9k__rprompt::=${_p9k__1r-${${:-${_p9k__bg::=NONE}${_p9k__i::=0}${_p9k__sss::=${(Q)${:-"%\\{%\\}"}}}}+}${${:-${P9K_CONTENT::=}${_p9k__n::=}${${${_p9k__bg:-0}:#NONE}:-${_p9k__n::=8}}${_p9k__n:=${${(M)${:-x$_p9k__bg}:#x(|0)}:+10}}${_p9k__n:=11}${_p9k__c::="${P9K_CONTENT}"}${_p9k__c::=${_p9k__c//
}}${_p9k__e::=${${_p9k__1r:+00}:-${${(%):-$_p9k__c%1(l.1.0)}[-1]}0}}}+}${${_p9k__e:#00}:+${_p9k_t[$_p9k__n]/<_p9k__w>/$_p9k__w}${_p9k__c}%b%k%f${${:-${_p9k__w::=%b%k%f}${_p9k__sss::=%b%k%f}${_p9k__i::=1}${_p9k__bg::=}}+}}${${:-"${${(%):-%j}:#0}"}:+${${:-${P9K_CONTENT::=""}${_p9k__n::=}${${${_p9k__bg:-0}:#NONE}:-${_p9k__n::=12}}${_p9k__n:=${${(M)${:-x$_p9k__bg}:#x(|0)}:+14}}${_p9k__n:=15}${_p9k__v::=}${_p9k__c::="${P9K_CONTENT}"}${_p9k__c::=${_p9k__c//
}}${_p9k__e::=${${_p9k__1rbackground_jobs+00}:-${${(%):-$_p9k__c%1(l.1.0)}[-1]}1}}}+}${${_p9k__e:#00}:+${_p9k_t[$_p9k__n]/<_p9k__w>/$_p9k__w}${_p9k__v}${${(M)_p9k__e:#11}:+ }${_p9k__c}%b%k%F{070\}${${:-${_p9k__w::=%b%k%F{070\}}${_p9k__sss::=%b%k%F{070\}}${_p9k__i::=3}${_p9k__bg::=}}+}}}${${:-"${${(%):-%#}:#\#}"}:+${${:-${P9K_CONTENT::=%n@%m}${_p9k__n::=}${${${_p9k__bg:-0}:#NONE}:-${_p9k__n::=16}}${_p9k__n:=${${(M)${:-x$_p9k__bg}:#x(|0)}:+18}}${_p9k__n:=19}${_p9k__c::=}${_p9k__c::=${_p9k__c//
}}${_p9k__e::=${${_p9k__1rcontext+00}:-${${(%):-$_p9k__c%1(l.1.0)}[-1]}0}}}+}${${_p9k__e:#00}:+${_p9k_t[$_p9k__n]/<_p9k__w>/$_p9k__w}${_p9k__c}%b%k%F{180\}${${:-${_p9k__w::=%b%k%F{180\}}${_p9k__sss::=%b%k%F{180\}}${_p9k__i::=31}${_p9k__bg::=}}+}}}${${:-"${${(%):-%#}:#\%}"}:+${${:-${P9K_CONTENT::=%B%n@%m}${_p9k__n::=}${${${_p9k__bg:-0}:#NONE}:-${_p9k__n::=20}}${_p9k__n:=${${(M)${:-x$_p9k__bg}:#x(|0)}:+22}}${_p9k__n:=23}${_p9k__c::="${P9K_CONTENT}"}${_p9k__c::=${_p9k__c//
}}${_p9k__e::=${${_p9k__1rcontext+00}:-${${(%):-$_p9k__c%1(l.1.0)}[-1]}0}}}+}${${_p9k__e:#00}:+${_p9k_t[$_p9k__n]/<_p9k__w>/$_p9k__w}${_p9k__c}%b%k%F{178\}${${:-${_p9k__w::=%b%k%F{178\}}${_p9k__sss::=%b%k%F{178\}}${_p9k__i::=31}${_p9k__bg::=}}+}}}${${:-${P9K_CONTENT::=20:20:11}${_p9k__n::=}${${${_p9k__bg:-0}:#NONE}:-${_p9k__n::=24}}${_p9k__n:=${${(M)${:-x$_p9k__bg}:#x(|0)}:+26}}${_p9k__n:=27}${_p9k__v::=}${_p9k__c::="${P9K_CONTENT}"}${_p9k__c::=${_p9k__c//
}}${_p9k__e::=${${_p9k__1rtime+00}:-${${(%):-$_p9k__c%1(l.1.0)}[-1]}1}}}+}${${_p9k__e:#00}:+${_p9k_t[$_p9k__n]/<_p9k__w>/$_p9k__w}${_p9k__v}${${(M)_p9k__e:#11}:+ }${_p9k__c}%b%k%F{066\}${${:-${_p9k__w::=%b%k%F{066\}}${_p9k__sss::=%b%k%F{066\}}${_p9k__i::=43}${_p9k__bg::=}}+}}$_p9k__sss%b%k%f}}${_p9k__lprompt::=${_p9k__1l-${${:-${_p9k__bg::=NONE}${_p9k__i::=0}${_p9k__sss::=%f }}+}${${:-${P9K_CONTENT::=}${_p9k__n::=}${${${_p9k__bg:-0}:#NONE}:-${_p9k__n::=28}}${_p9k__n:=${${(M)${:-x}:#x($_p9k__bg|${_p9k__bg:-0})}:+30}}${_p9k__n:=31}${_p9k__c::="${P9K_CONTENT}"}${_p9k__c::=${_p9k__c//
}}${_p9k__e::=${${_p9k__1los_icon+00}:-${${(%):-$_p9k__c%1(l.1.0)}[-1]}0}}}+}${${_p9k__e:#00}:+${${_p9k_t[$_p9k__n]/<_p9k__ss>/$_p9k__ss}/<_p9k__s>/$_p9k__s}${_p9k__c}%b%k%f${${:-${_p9k__s::=%F{\}}${_p9k__ss::= }${_p9k__sss::=%F{\} }${_p9k__i::=1}${_p9k__bg::=}}+}}${${:-${P9K_CONTENT::="%{d%}${:-"%B%F{039}"}${(Q)${:-"\\~"}}${:-"%b%k%F{031}"}/dev/${:-"%B%F{039}"}ROS2${:-"%b%k%F{031}"}%{d%}"}${_p9k__n::=}${${${_p9k__bg:-0}:#NONE}:-${_p9k__n::=84}}${_p9k__n:=${${(M)${:-x}:#x($_p9k__bg|${_p9k__bg:-0})}:+86}}${_p9k__n:=87}${_p9k__v::=}${_p9k__c::="${P9K_CONTENT}"}${_p9k__c::=${_p9k__c//
}}${_p9k__e::=${${_p9k__1ldir+00}:-${${(%):-$_p9k__c%1(l.1.0)}[-1]}1}}}+}${${_p9k__e:#00}:+${${_p9k_t[$_p9k__n]/<_p9k__ss>/$_p9k__ss}/<_p9k__s>/$_p9k__s}${_p9k__v}${${(M)_p9k__e:#11}:+ }${_p9k__c}%b%k%F{031\}${${:-${_p9k__s::=%F{\}}${_p9k__ss::= }${_p9k__sss::=%F{\} }${_p9k__i::=2}${_p9k__bg::=}}+}}${(e)_p9k__vcs}%b%k$_p9k__sss%b%k%f}}}+}${(e)_p9k_t[6]}${${_p9k__h::=0}+}${${_p9k__d::=$((_p9k__m-_p9k__h))}+}${_p9k__lprompt/\%\{d\%\}*\%\{d\%\}/${_p9k__1ldir-${:-"%B%F{039}"}${(Q)${:-"\\~"}}${:-"%b%k%F{031}"}/dev/${:-"%B%F{039}"}ROS2${:-"%b%k%F{031}"}}}${${_p9k__m::=$((_p9k__d+_p9k__h))}+}${${_p9k__g+
}:-${:-"%F{240}"}${${${_p9k__m:#-*}:+${${_p9k__1g+${(pl.$((_p9k__m+1)).. .)}}:-${(pl.$((_p9k__m+1))..·.)}}$_p9k__rprompt${_p9k_t[$((1+!_p9k__ind))]}}:-
}%b%k%f}}${_p9k__2-${_p9k__2l-${${:-${_p9k__bg::=NONE}${_p9k__i::=0}${_p9k__sss::=%f }}+}${${:-"${${:-$_p9k__keymap.$_p9k__zle_state}:#(vicmd.*|vivis.*|vivli.*|*.*overwrite*)}"}:+${${:-${P9K_CONTENT::=❯}${_p9k__n::=}${${${_p9k__bg:-0}:#NONE}:-${_p9k__n::=36}}${_p9k__n:=${${(M)${:-x}:#x($_p9k__bg|${_p9k__bg:-0})}:+38}}${_p9k__n:=39}${_p9k__c::="❯"}${_p9k__c::=${_p9k__c//
}}${_p9k__e::=${${_p9k__2lprompt_char+00}:-${${(%):-$_p9k__c%1(l.1.0)}[-1]}0}}}+}${${_p9k__e:#00}:+${${_p9k_t[$_p9k__n]/<_p9k__ss>/$_p9k__ss}/<_p9k__s>/$_p9k__s}${_p9k__c}%b%k%F{076\}${${:-${_p9k__s::=%F{\}}${_p9k__ss::= }${_p9k__sss::=%F{\}}${_p9k__i::=4}${_p9k__bg::=}}+}}}${${:-"${${:-$_p9k__keymap.$_p9k__zle_state}:#(vicmd.*|vivis.*|vivli.*|*.*insert*)}"}:+${${:-${P9K_CONTENT::=▶}${_p9k__n::=}${${${_p9k__bg:-0}:#NONE}:-${_p9k__n::=40}}${_p9k__n:=${${(M)${:-x}:#x($_p9k__bg|${_p9k__bg:-0})}:+42}}${_p9k__n:=43}${_p9k__c::="▶"}${_p9k__c::=${_p9k__c//
}}${_p9k__e::=${${_p9k__2lprompt_char+00}:-${${(%):-$_p9k__c%1(l.1.0)}[-1]}0}}}+}${${_p9k__e:#00}:+${${_p9k_t[$_p9k__n]/<_p9k__ss>/$_p9k__ss}/<_p9k__s>/$_p9k__s}${_p9k__c}%b%k%F{076\}${${:-${_p9k__s::=%F{\}}${_p9k__ss::= }${_p9k__sss::=%F{\}}${_p9k__i::=4}${_p9k__bg::=}}+}}}${${:-"${(M)${:-$_p9k__keymap$_p9k__region_active}:#vicmd0}"}:+${${:-${P9K_CONTENT::=❮}${_p9k__n::=}${${${_p9k__bg:-0}:#NONE}:-${_p9k__n::=44}}${_p9k__n:=${${(M)${:-x}:#x($_p9k__bg|${_p9k__bg:-0})}:+46}}${_p9k__n:=47}${_p9k__c::="❮"}${_p9k__c::=${_p9k__c//
}}${_p9k__e::=${${_p9k__2lprompt_char+00}:-${${(%):-$_p9k__c%1(l.1.0)}[-1]}0}}}+}${${_p9k__e:#00}:+${${_p9k_t[$_p9k__n]/<_p9k__ss>/$_p9k__ss}/<_p9k__s>/$_p9k__s}${_p9k__c}%b%k%F{076\}${${:-${_p9k__s::=%F{\}}${_p9k__ss::= }${_p9k__sss::=%F{\}}${_p9k__i::=4}${_p9k__bg::=}}+}}}${${:-"${(M)${:-$_p9k__keymap$_p9k__region_active}:#(vicmd1|vivis?|vivli?)}"}:+${${:-${P9K_CONTENT::=Ⅴ}${_p9k__n::=}${${${_p9k__bg:-0}:#NONE}:-${_p9k__n::=48}}${_p9k__n:=${${(M)${:-x}:#x($_p9k__bg|${_p9k__bg:-0})}:+50}}${_p9k__n:=51}${_p9k__c::="V"}${_p9k__c::=${_p9k__c//
}}${_p9k__e::=${${_p9k__2lprompt_char+00}:-${${(%):-$_p9k__c%1(l.1.0)}[-1]}0}}}+}${${_p9k__e:#00}:+${${_p9k_t[$_p9k__n]/<_p9k__ss>/$_p9k__ss}/<_p9k__s>/$_p9k__s}${_p9k__c}%b%k%F{076\}${${:-${_p9k__s::=%F{\}}${_p9k__ss::= }${_p9k__sss::=%F{\}}${_p9k__i::=4}${_p9k__bg::=}}+}}}%b%k$_p9k__sss%b%k%f${:-" %b%k%f"}}}${${COLUMNS::=$_p9k__clm}+} VIRTUAL_ENV_PROMPT=(ros2_env) /usr/bin/cmake /home/nazar/dev/ROS2/src/action_tutorials_interfaces -DCMAKE_INSTALL_PREFIX=/home/nazar/dev/ROS2/install/action_tutorials_interfaces
[0.904s] Invoking command in '/home/nazar/dev/ROS2/build/action_tutorials_interfaces': CMAKE_PREFIX_PATH=/opt/ros/humble PS1=(ros2_env) ${$((_p9k_on_expand()))+}%{${_p9k__raw_msg-}${_p9k__raw_msg::=}%}${(e)_p9k_t[7]}${_p9k__1-${${:-${_p9k__d::=0}${_p9k__rprompt::=${_p9k__1r-${${:-${_p9k__bg::=NONE}${_p9k__i::=0}${_p9k__sss::=${(Q)${:-"%\\{%\\}"}}}}+}${${:-${P9K_CONTENT::=}${_p9k__n::=}${${${_p9k__bg:-0}:#NONE}:-${_p9k__n::=8}}${_p9k__n:=${${(M)${:-x$_p9k__bg}:#x(|0)}:+10}}${_p9k__n:=11}${_p9k__c::="${P9K_CONTENT}"}${_p9k__c::=${_p9k__c//
}}${_p9k__e::=${${_p9k__1r:+00}:-${${(%):-$_p9k__c%1(l.1.0)}[-1]}0}}}+}${${_p9k__e:#00}:+${_p9k_t[$_p9k__n]/<_p9k__w>/$_p9k__w}${_p9k__c}%b%k%f${${:-${_p9k__w::=%b%k%f}${_p9k__sss::=%b%k%f}${_p9k__i::=1}${_p9k__bg::=}}+}}${${:-"${${(%):-%j}:#0}"}:+${${:-${P9K_CONTENT::=""}${_p9k__n::=}${${${_p9k__bg:-0}:#NONE}:-${_p9k__n::=12}}${_p9k__n:=${${(M)${:-x$_p9k__bg}:#x(|0)}:+14}}${_p9k__n:=15}${_p9k__v::=}${_p9k__c::="${P9K_CONTENT}"}${_p9k__c::=${_p9k__c//
}}${_p9k__e::=${${_p9k__1rbackground_jobs+00}:-${${(%):-$_p9k__c%1(l.1.0)}[-1]}1}}}+}${${_p9k__e:#00}:+${_p9k_t[$_p9k__n]/<_p9k__w>/$_p9k__w}${_p9k__v}${${(M)_p9k__e:#11}:+ }${_p9k__c}%b%k%F{070\}${${:-${_p9k__w::=%b%k%F{070\}}${_p9k__sss::=%b%k%F{070\}}${_p9k__i::=3}${_p9k__bg::=}}+}}}${${:-"${${(%):-%#}:#\#}"}:+${${:-${P9K_CONTENT::=%n@%m}${_p9k__n::=}${${${_p9k__bg:-0}:#NONE}:-${_p9k__n::=16}}${_p9k__n:=${${(M)${:-x$_p9k__bg}:#x(|0)}:+18}}${_p9k__n:=19}${_p9k__c::=}${_p9k__c::=${_p9k__c//
}}${_p9k__e::=${${_p9k__1rcontext+00}:-${${(%):-$_p9k__c%1(l.1.0)}[-1]}0}}}+}${${_p9k__e:#00}:+${_p9k_t[$_p9k__n]/<_p9k__w>/$_p9k__w}${_p9k__c}%b%k%F{180\}${${:-${_p9k__w::=%b%k%F{180\}}${_p9k__sss::=%b%k%F{180\}}${_p9k__i::=31}${_p9k__bg::=}}+}}}${${:-"${${(%):-%#}:#\%}"}:+${${:-${P9K_CONTENT::=%B%n@%m}${_p9k__n::=}${${${_p9k__bg:-0}:#NONE}:-${_p9k__n::=20}}${_p9k__n:=${${(M)${:-x$_p9k__bg}:#x(|0)}:+22}}${_p9k__n:=23}${_p9k__c::="${P9K_CONTENT}"}${_p9k__c::=${_p9k__c//
}}${_p9k__e::=${${_p9k__1rcontext+00}:-${${(%):-$_p9k__c%1(l.1.0)}[-1]}0}}}+}${${_p9k__e:#00}:+${_p9k_t[$_p9k__n]/<_p9k__w>/$_p9k__w}${_p9k__c}%b%k%F{178\}${${:-${_p9k__w::=%b%k%F{178\}}${_p9k__sss::=%b%k%F{178\}}${_p9k__i::=31}${_p9k__bg::=}}+}}}${${:-${P9K_CONTENT::=20:20:11}${_p9k__n::=}${${${_p9k__bg:-0}:#NONE}:-${_p9k__n::=24}}${_p9k__n:=${${(M)${:-x$_p9k__bg}:#x(|0)}:+26}}${_p9k__n:=27}${_p9k__v::=}${_p9k__c::="${P9K_CONTENT}"}${_p9k__c::=${_p9k__c//
}}${_p9k__e::=${${_p9k__1rtime+00}:-${${(%):-$_p9k__c%1(l.1.0)}[-1]}1}}}+}${${_p9k__e:#00}:+${_p9k_t[$_p9k__n]/<_p9k__w>/$_p9k__w}${_p9k__v}${${(M)_p9k__e:#11}:+ }${_p9k__c}%b%k%F{066\}${${:-${_p9k__w::=%b%k%F{066\}}${_p9k__sss::=%b%k%F{066\}}${_p9k__i::=43}${_p9k__bg::=}}+}}$_p9k__sss%b%k%f}}${_p9k__lprompt::=${_p9k__1l-${${:-${_p9k__bg::=NONE}${_p9k__i::=0}${_p9k__sss::=%f }}+}${${:-${P9K_CONTENT::=}${_p9k__n::=}${${${_p9k__bg:-0}:#NONE}:-${_p9k__n::=28}}${_p9k__n:=${${(M)${:-x}:#x($_p9k__bg|${_p9k__bg:-0})}:+30}}${_p9k__n:=31}${_p9k__c::="${P9K_CONTENT}"}${_p9k__c::=${_p9k__c//
}}${_p9k__e::=${${_p9k__1los_icon+00}:-${${(%):-$_p9k__c%1(l.1.0)}[-1]}0}}}+}${${_p9k__e:#00}:+${${_p9k_t[$_p9k__n]/<_p9k__ss>/$_p9k__ss}/<_p9k__s>/$_p9k__s}${_p9k__c}%b%k%f${${:-${_p9k__s::=%F{\}}${_p9k__ss::= }${_p9k__sss::=%F{\} }${_p9k__i::=1}${_p9k__bg::=}}+}}${${:-${P9K_CONTENT::="%{d%}${:-"%B%F{039}"}${(Q)${:-"\\~"}}${:-"%b%k%F{031}"}/dev/${:-"%B%F{039}"}ROS2${:-"%b%k%F{031}"}%{d%}"}${_p9k__n::=}${${${_p9k__bg:-0}:#NONE}:-${_p9k__n::=84}}${_p9k__n:=${${(M)${:-x}:#x($_p9k__bg|${_p9k__bg:-0})}:+86}}${_p9k__n:=87}${_p9k__v::=}${_p9k__c::="${P9K_CONTENT}"}${_p9k__c::=${_p9k__c//
}}${_p9k__e::=${${_p9k__1ldir+00}:-${${(%):-$_p9k__c%1(l.1.0)}[-1]}1}}}+}${${_p9k__e:#00}:+${${_p9k_t[$_p9k__n]/<_p9k__ss>/$_p9k__ss}/<_p9k__s>/$_p9k__s}${_p9k__v}${${(M)_p9k__e:#11}:+ }${_p9k__c}%b%k%F{031\}${${:-${_p9k__s::=%F{\}}${_p9k__ss::= }${_p9k__sss::=%F{\} }${_p9k__i::=2}${_p9k__bg::=}}+}}${(e)_p9k__vcs}%b%k$_p9k__sss%b%k%f}}}+}${(e)_p9k_t[6]}${${_p9k__h::=0}+}${${_p9k__d::=$((_p9k__m-_p9k__h))}+}${_p9k__lprompt/\%\{d\%\}*\%\{d\%\}/${_p9k__1ldir-${:-"%B%F{039}"}${(Q)${:-"\\~"}}${:-"%b%k%F{031}"}/dev/${:-"%B%F{039}"}ROS2${:-"%b%k%F{031}"}}}${${_p9k__m::=$((_p9k__d+_p9k__h))}+}${${_p9k__g+
}:-${:-"%F{240}"}${${${_p9k__m:#-*}:+${${_p9k__1g+${(pl.$((_p9k__m+1)).. .)}}:-${(pl.$((_p9k__m+1))..·.)}}$_p9k__rprompt${_p9k_t[$((1+!_p9k__ind))]}}:-
}%b%k%f}}${_p9k__2-${_p9k__2l-${${:-${_p9k__bg::=NONE}${_p9k__i::=0}${_p9k__sss::=%f }}+}${${:-"${${:-$_p9k__keymap.$_p9k__zle_state}:#(vicmd.*|vivis.*|vivli.*|*.*overwrite*)}"}:+${${:-${P9K_CONTENT::=❯}${_p9k__n::=}${${${_p9k__bg:-0}:#NONE}:-${_p9k__n::=36}}${_p9k__n:=${${(M)${:-x}:#x($_p9k__bg|${_p9k__bg:-0})}:+38}}${_p9k__n:=39}${_p9k__c::="❯"}${_p9k__c::=${_p9k__c//
}}${_p9k__e::=${${_p9k__2lprompt_char+00}:-${${(%):-$_p9k__c%1(l.1.0)}[-1]}0}}}+}${${_p9k__e:#00}:+${${_p9k_t[$_p9k__n]/<_p9k__ss>/$_p9k__ss}/<_p9k__s>/$_p9k__s}${_p9k__c}%b%k%F{076\}${${:-${_p9k__s::=%F{\}}${_p9k__ss::= }${_p9k__sss::=%F{\}}${_p9k__i::=4}${_p9k__bg::=}}+}}}${${:-"${${:-$_p9k__keymap.$_p9k__zle_state}:#(vicmd.*|vivis.*|vivli.*|*.*insert*)}"}:+${${:-${P9K_CONTENT::=▶}${_p9k__n::=}${${${_p9k__bg:-0}:#NONE}:-${_p9k__n::=40}}${_p9k__n:=${${(M)${:-x}:#x($_p9k__bg|${_p9k__bg:-0})}:+42}}${_p9k__n:=43}${_p9k__c::="▶"}${_p9k__c::=${_p9k__c//
}}${_p9k__e::=${${_p9k__2lprompt_char+00}:-${${(%):-$_p9k__c%1(l.1.0)}[-1]}0}}}+}${${_p9k__e:#00}:+${${_p9k_t[$_p9k__n]/<_p9k__ss>/$_p9k__ss}/<_p9k__s>/$_p9k__s}${_p9k__c}%b%k%F{076\}${${:-${_p9k__s::=%F{\}}${_p9k__ss::= }${_p9k__sss::=%F{\}}${_p9k__i::=4}${_p9k__bg::=}}+}}}${${:-"${(M)${:-$_p9k__keymap$_p9k__region_active}:#vicmd0}"}:+${${:-${P9K_CONTENT::=❮}${_p9k__n::=}${${${_p9k__bg:-0}:#NONE}:-${_p9k__n::=44}}${_p9k__n:=${${(M)${:-x}:#x($_p9k__bg|${_p9k__bg:-0})}:+46}}${_p9k__n:=47}${_p9k__c::="❮"}${_p9k__c::=${_p9k__c//
}}${_p9k__e::=${${_p9k__2lprompt_char+00}:-${${(%):-$_p9k__c%1(l.1.0)}[-1]}0}}}+}${${_p9k__e:#00}:+${${_p9k_t[$_p9k__n]/<_p9k__ss>/$_p9k__ss}/<_p9k__s>/$_p9k__s}${_p9k__c}%b%k%F{076\}${${:-${_p9k__s::=%F{\}}${_p9k__ss::= }${_p9k__sss::=%F{\}}${_p9k__i::=4}${_p9k__bg::=}}+}}}${${:-"${(M)${:-$_p9k__keymap$_p9k__region_active}:#(vicmd1|vivis?|vivli?)}"}:+${${:-${P9K_CONTENT::=Ⅴ}${_p9k__n::=}${${${_p9k__bg:-0}:#NONE}:-${_p9k__n::=48}}${_p9k__n:=${${(M)${:-x}:#x($_p9k__bg|${_p9k__bg:-0})}:+50}}${_p9k__n:=51}${_p9k__c::="V"}${_p9k__c::=${_p9k__c//
}}${_p9k__e::=${${_p9k__2lprompt_char+00}:-${${(%):-$_p9k__c%1(l.1.0)}[-1]}0}}}+}${${_p9k__e:#00}:+${${_p9k_t[$_p9k__n]/<_p9k__ss>/$_p9k__ss}/<_p9k__s>/$_p9k__s}${_p9k__c}%b%k%F{076\}${${:-${_p9k__s::=%F{\}}${_p9k__ss::= }${_p9k__sss::=%F{\}}${_p9k__i::=4}${_p9k__bg::=}}+}}}%b%k$_p9k__sss%b%k%f${:-" %b%k%f"}}}${${COLUMNS::=$_p9k__clm}+} VIRTUAL_ENV_PROMPT=(ros2_env) /usr/bin/cmake --build /home/nazar/dev/ROS2/build/action_tutorials_interfaces -- -j8 -l8
[0.936s] [  3%] [34m[1mGenerating C code for ROS interfaces[0m
[0.944s] [  6%] [34m[1mGenerating C++ code for ROS interfaces[0m
[0.951s] [  6%] Built target ament_cmake_python_copy_action_tutorials_interfaces
[0.975s] Traceback (most recent call last):
[0.976s]   File "/opt/ros/humble/share/rosidl_generator_c/cmake/../../../lib/rosidl_generator_c/rosidl_generator_c", line 8, in <module>
[0.976s]     from rosidl_generator_c import generate_c
[0.976s]   File "/opt/ros/humble/local/lib/python3.10/dist-packages/rosidl_generator_c/__init__.py", line 15, in <module>
[0.976s]     from rosidl_cmake import convert_camel_case_to_lower_case_underscore
[0.976s]   File "/opt/ros/humble/local/lib/python3.10/dist-packages/rosidl_cmake/__init__.py", line 24, in <module>
[0.976s]     from rosidl_parser.parser import parse_idl_file
[0.976s]   File "/opt/ros/humble/local/lib/python3.10/dist-packages/rosidl_parser/parser.py", line 20, in <module>
[0.976s]     from lark import Lark
[0.976s] ModuleNotFoundError: No module named 'lark'
[0.981s] gmake[2]: *** [CMakeFiles/action_tutorials_interfaces__rosidl_generator_c.dir/build.make:94: rosidl_generator_c/action_tutorials_interfaces/action/fibonacci.h] Error 1
[0.981s] gmake[1]: *** [CMakeFiles/Makefile2:212: CMakeFiles/action_tutorials_interfaces__rosidl_generator_c.dir/all] Error 2
[0.982s] gmake[1]: *** Waiting for unfinished jobs....
[0.987s] Traceback (most recent call last):
[0.988s]   File "/opt/ros/humble/share/rosidl_generator_cpp/cmake/../../../lib/rosidl_generator_cpp/rosidl_generator_cpp", line 8, in <module>
[0.988s]     from rosidl_generator_cpp import generate_cpp
[0.988s]   File "/opt/ros/humble/local/lib/python3.10/dist-packages/rosidl_generator_cpp/__init__.py", line 17, in <module>
[0.988s]     from rosidl_cmake import generate_files
[0.988s]   File "/opt/ros/humble/local/lib/python3.10/dist-packages/rosidl_cmake/__init__.py", line 24, in <module>
[0.988s]     from rosidl_parser.parser import parse_idl_file
[0.988s]   File "/opt/ros/humble/local/lib/python3.10/dist-packages/rosidl_parser/parser.py", line 20, in <module>
[0.988s]     from lark import Lark
[0.988s] ModuleNotFoundError: No module named 'lark'
[0.994s] gmake[2]: *** [CMakeFiles/action_tutorials_interfaces__cpp.dir/build.make:98: rosidl_generator_cpp/action_tutorials_interfaces/action/fibonacci.hpp] Error 1
[0.994s] gmake[1]: *** [CMakeFiles/Makefile2:317: CMakeFiles/action_tutorials_interfaces__cpp.dir/all] Error 2
[1.094s] running egg_info
[1.094s] creating action_tutorials_interfaces.egg-info
[1.094s] writing action_tutorials_interfaces.egg-info/PKG-INFO
[1.094s] writing dependency_links to action_tutorials_interfaces.egg-info/dependency_links.txt
[1.095s] writing top-level names to action_tutorials_interfaces.egg-info/top_level.txt
[1.095s] writing manifest file 'action_tutorials_interfaces.egg-info/SOURCES.txt'
[1.096s] reading manifest file 'action_tutorials_interfaces.egg-info/SOURCES.txt'
[1.096s] writing manifest file 'action_tutorials_interfaces.egg-info/SOURCES.txt'
[1.116s] [  6%] Built target ament_cmake_python_build_action_tutorials_interfaces_egg
[1.117s] gmake: *** [Makefile:146: all] Error 2
[1.119s] Invoked command in '/home/nazar/dev/ROS2/build/action_tutorials_interfaces' returned '2': CMAKE_PREFIX_PATH=/opt/ros/humble PS1=(ros2_env) ${$((_p9k_on_expand()))+}%{${_p9k__raw_msg-}${_p9k__raw_msg::=}%}${(e)_p9k_t[7]}${_p9k__1-${${:-${_p9k__d::=0}${_p9k__rprompt::=${_p9k__1r-${${:-${_p9k__bg::=NONE}${_p9k__i::=0}${_p9k__sss::=${(Q)${:-"%\\{%\\}"}}}}+}${${:-${P9K_CONTENT::=}${_p9k__n::=}${${${_p9k__bg:-0}:#NONE}:-${_p9k__n::=8}}${_p9k__n:=${${(M)${:-x$_p9k__bg}:#x(|0)}:+10}}${_p9k__n:=11}${_p9k__c::="${P9K_CONTENT}"}${_p9k__c::=${_p9k__c//
}}${_p9k__e::=${${_p9k__1r:+00}:-${${(%):-$_p9k__c%1(l.1.0)}[-1]}0}}}+}${${_p9k__e:#00}:+${_p9k_t[$_p9k__n]/<_p9k__w>/$_p9k__w}${_p9k__c}%b%k%f${${:-${_p9k__w::=%b%k%f}${_p9k__sss::=%b%k%f}${_p9k__i::=1}${_p9k__bg::=}}+}}${${:-"${${(%):-%j}:#0}"}:+${${:-${P9K_CONTENT::=""}${_p9k__n::=}${${${_p9k__bg:-0}:#NONE}:-${_p9k__n::=12}}${_p9k__n:=${${(M)${:-x$_p9k__bg}:#x(|0)}:+14}}${_p9k__n:=15}${_p9k__v::=}${_p9k__c::="${P9K_CONTENT}"}${_p9k__c::=${_p9k__c//
}}${_p9k__e::=${${_p9k__1rbackground_jobs+00}:-${${(%):-$_p9k__c%1(l.1.0)}[-1]}1}}}+}${${_p9k__e:#00}:+${_p9k_t[$_p9k__n]/<_p9k__w>/$_p9k__w}${_p9k__v}${${(M)_p9k__e:#11}:+ }${_p9k__c}%b%k%F{070\}${${:-${_p9k__w::=%b%k%F{070\}}${_p9k__sss::=%b%k%F{070\}}${_p9k__i::=3}${_p9k__bg::=}}+}}}${${:-"${${(%):-%#}:#\#}"}:+${${:-${P9K_CONTENT::=%n@%m}${_p9k__n::=}${${${_p9k__bg:-0}:#NONE}:-${_p9k__n::=16}}${_p9k__n:=${${(M)${:-x$_p9k__bg}:#x(|0)}:+18}}${_p9k__n:=19}${_p9k__c::=}${_p9k__c::=${_p9k__c//
}}${_p9k__e::=${${_p9k__1rcontext+00}:-${${(%):-$_p9k__c%1(l.1.0)}[-1]}0}}}+}${${_p9k__e:#00}:+${_p9k_t[$_p9k__n]/<_p9k__w>/$_p9k__w}${_p9k__c}%b%k%F{180\}${${:-${_p9k__w::=%b%k%F{180\}}${_p9k__sss::=%b%k%F{180\}}${_p9k__i::=31}${_p9k__bg::=}}+}}}${${:-"${${(%):-%#}:#\%}"}:+${${:-${P9K_CONTENT::=%B%n@%m}${_p9k__n::=}${${${_p9k__bg:-0}:#NONE}:-${_p9k__n::=20}}${_p9k__n:=${${(M)${:-x$_p9k__bg}:#x(|0)}:+22}}${_p9k__n:=23}${_p9k__c::="${P9K_CONTENT}"}${_p9k__c::=${_p9k__c//
}}${_p9k__e::=${${_p9k__1rcontext+00}:-${${(%):-$_p9k__c%1(l.1.0)}[-1]}0}}}+}${${_p9k__e:#00}:+${_p9k_t[$_p9k__n]/<_p9k__w>/$_p9k__w}${_p9k__c}%b%k%F{178\}${${:-${_p9k__w::=%b%k%F{178\}}${_p9k__sss::=%b%k%F{178\}}${_p9k__i::=31}${_p9k__bg::=}}+}}}${${:-${P9K_CONTENT::=20:20:11}${_p9k__n::=}${${${_p9k__bg:-0}:#NONE}:-${_p9k__n::=24}}${_p9k__n:=${${(M)${:-x$_p9k__bg}:#x(|0)}:+26}}${_p9k__n:=27}${_p9k__v::=}${_p9k__c::="${P9K_CONTENT}"}${_p9k__c::=${_p9k__c//
}}${_p9k__e::=${${_p9k__1rtime+00}:-${${(%):-$_p9k__c%1(l.1.0)}[-1]}1}}}+}${${_p9k__e:#00}:+${_p9k_t[$_p9k__n]/<_p9k__w>/$_p9k__w}${_p9k__v}${${(M)_p9k__e:#11}:+ }${_p9k__c}%b%k%F{066\}${${:-${_p9k__w::=%b%k%F{066\}}${_p9k__sss::=%b%k%F{066\}}${_p9k__i::=43}${_p9k__bg::=}}+}}$_p9k__sss%b%k%f}}${_p9k__lprompt::=${_p9k__1l-${${:-${_p9k__bg::=NONE}${_p9k__i::=0}${_p9k__sss::=%f }}+}${${:-${P9K_CONTENT::=}${_p9k__n::=}${${${_p9k__bg:-0}:#NONE}:-${_p9k__n::=28}}${_p9k__n:=${${(M)${:-x}:#x($_p9k__bg|${_p9k__bg:-0})}:+30}}${_p9k__n:=31}${_p9k__c::="${P9K_CONTENT}"}${_p9k__c::=${_p9k__c//
}}${_p9k__e::=${${_p9k__1los_icon+00}:-${${(%):-$_p9k__c%1(l.1.0)}[-1]}0}}}+}${${_p9k__e:#00}:+${${_p9k_t[$_p9k__n]/<_p9k__ss>/$_p9k__ss}/<_p9k__s>/$_p9k__s}${_p9k__c}%b%k%f${${:-${_p9k__s::=%F{\}}${_p9k__ss::= }${_p9k__sss::=%F{\} }${_p9k__i::=1}${_p9k__bg::=}}+}}${${:-${P9K_CONTENT::="%{d%}${:-"%B%F{039}"}${(Q)${:-"\\~"}}${:-"%b%k%F{031}"}/dev/${:-"%B%F{039}"}ROS2${:-"%b%k%F{031}"}%{d%}"}${_p9k__n::=}${${${_p9k__bg:-0}:#NONE}:-${_p9k__n::=84}}${_p9k__n:=${${(M)${:-x}:#x($_p9k__bg|${_p9k__bg:-0})}:+86}}${_p9k__n:=87}${_p9k__v::=}${_p9k__c::="${P9K_CONTENT}"}${_p9k__c::=${_p9k__c//
}}${_p9k__e::=${${_p9k__1ldir+00}:-${${(%):-$_p9k__c%1(l.1.0)}[-1]}1}}}+}${${_p9k__e:#00}:+${${_p9k_t[$_p9k__n]/<_p9k__ss>/$_p9k__ss}/<_p9k__s>/$_p9k__s}${_p9k__v}${${(M)_p9k__e:#11}:+ }${_p9k__c}%b%k%F{031\}${${:-${_p9k__s::=%F{\}}${_p9k__ss::= }${_p9k__sss::=%F{\} }${_p9k__i::=2}${_p9k__bg::=}}+}}${(e)_p9k__vcs}%b%k$_p9k__sss%b%k%f}}}+}${(e)_p9k_t[6]}${${_p9k__h::=0}+}${${_p9k__d::=$((_p9k__m-_p9k__h))}+}${_p9k__lprompt/\%\{d\%\}*\%\{d\%\}/${_p9k__1ldir-${:-"%B%F{039}"}${(Q)${:-"\\~"}}${:-"%b%k%F{031}"}/dev/${:-"%B%F{039}"}ROS2${:-"%b%k%F{031}"}}}${${_p9k__m::=$((_p9k__d+_p9k__h))}+}${${_p9k__g+
}:-${:-"%F{240}"}${${${_p9k__m:#-*}:+${${_p9k__1g+${(pl.$((_p9k__m+1)).. .)}}:-${(pl.$((_p9k__m+1))..·.)}}$_p9k__rprompt${_p9k_t[$((1+!_p9k__ind))]}}:-
}%b%k%f}}${_p9k__2-${_p9k__2l-${${:-${_p9k__bg::=NONE}${_p9k__i::=0}${_p9k__sss::=%f }}+}${${:-"${${:-$_p9k__keymap.$_p9k__zle_state}:#(vicmd.*|vivis.*|vivli.*|*.*overwrite*)}"}:+${${:-${P9K_CONTENT::=❯}${_p9k__n::=}${${${_p9k__bg:-0}:#NONE}:-${_p9k__n::=36}}${_p9k__n:=${${(M)${:-x}:#x($_p9k__bg|${_p9k__bg:-0})}:+38}}${_p9k__n:=39}${_p9k__c::="❯"}${_p9k__c::=${_p9k__c//
}}${_p9k__e::=${${_p9k__2lprompt_char+00}:-${${(%):-$_p9k__c%1(l.1.0)}[-1]}0}}}+}${${_p9k__e:#00}:+${${_p9k_t[$_p9k__n]/<_p9k__ss>/$_p9k__ss}/<_p9k__s>/$_p9k__s}${_p9k__c}%b%k%F{076\}${${:-${_p9k__s::=%F{\}}${_p9k__ss::= }${_p9k__sss::=%F{\}}${_p9k__i::=4}${_p9k__bg::=}}+}}}${${:-"${${:-$_p9k__keymap.$_p9k__zle_state}:#(vicmd.*|vivis.*|vivli.*|*.*insert*)}"}:+${${:-${P9K_CONTENT::=▶}${_p9k__n::=}${${${_p9k__bg:-0}:#NONE}:-${_p9k__n::=40}}${_p9k__n:=${${(M)${:-x}:#x($_p9k__bg|${_p9k__bg:-0})}:+42}}${_p9k__n:=43}${_p9k__c::="▶"}${_p9k__c::=${_p9k__c//
}}${_p9k__e::=${${_p9k__2lprompt_char+00}:-${${(%):-$_p9k__c%1(l.1.0)}[-1]}0}}}+}${${_p9k__e:#00}:+${${_p9k_t[$_p9k__n]/<_p9k__ss>/$_p9k__ss}/<_p9k__s>/$_p9k__s}${_p9k__c}%b%k%F{076\}${${:-${_p9k__s::=%F{\}}${_p9k__ss::= }${_p9k__sss::=%F{\}}${_p9k__i::=4}${_p9k__bg::=}}+}}}${${:-"${(M)${:-$_p9k__keymap$_p9k__region_active}:#vicmd0}"}:+${${:-${P9K_CONTENT::=❮}${_p9k__n::=}${${${_p9k__bg:-0}:#NONE}:-${_p9k__n::=44}}${_p9k__n:=${${(M)${:-x}:#x($_p9k__bg|${_p9k__bg:-0})}:+46}}${_p9k__n:=47}${_p9k__c::="❮"}${_p9k__c::=${_p9k__c//
}}${_p9k__e::=${${_p9k__2lprompt_char+00}:-${${(%):-$_p9k__c%1(l.1.0)}[-1]}0}}}+}${${_p9k__e:#00}:+${${_p9k_t[$_p9k__n]/<_p9k__ss>/$_p9k__ss}/<_p9k__s>/$_p9k__s}${_p9k__c}%b%k%F{076\}${${:-${_p9k__s::=%F{\}}${_p9k__ss::= }${_p9k__sss::=%F{\}}${_p9k__i::=4}${_p9k__bg::=}}+}}}${${:-"${(M)${:-$_p9k__keymap$_p9k__region_active}:#(vicmd1|vivis?|vivli?)}"}:+${${:-${P9K_CONTENT::=Ⅴ}${_p9k__n::=}${${${_p9k__bg:-0}:#NONE}:-${_p9k__n::=48}}${_p9k__n:=${${(M)${:-x}:#x($_p9k__bg|${_p9k__bg:-0})}:+50}}${_p9k__n:=51}${_p9k__c::="V"}${_p9k__c::=${_p9k__c//
}}${_p9k__e::=${${_p9k__2lprompt_char+00}:-${${(%):-$_p9k__c%1(l.1.0)}[-1]}0}}}+}${${_p9k__e:#00}:+${${_p9k_t[$_p9k__n]/<_p9k__ss>/$_p9k__ss}/<_p9k__s>/$_p9k__s}${_p9k__c}%b%k%F{076\}${${:-${_p9k__s::=%F{\}}${_p9k__ss::= }${_p9k__sss::=%F{\}}${_p9k__i::=4}${_p9k__bg::=}}+}}}%b%k$_p9k__sss%b%k%f${:-" %b%k%f"}}}${${COLUMNS::=$_p9k__clm}+} VIRTUAL_ENV_PROMPT=(ros2_env) /usr/bin/cmake --build /home/nazar/dev/ROS2/build/action_tutorials_interfaces -- -j8 -l8
