[0.622s] Invoking command in '/home/nazar/dev/ROS2/src/py_pubsub': PYTHONPATH=/home/nazar/dev/ROS2/build/py_pubsub/prefix_override:/home/nazar/.local/lib/python3.10/site-packages/colcon_core/task/python/colcon_distutils_commands:/home/nazar/dev/ROS2/install/py_pubsub/lib/python3.10/site-packages:${PYTHONPATH} /usr/bin/python3 -W ignore:setup.py install is deprecated setup.py egg_info --egg-base ../../build/py_pubsub build --build-base /home/nazar/dev/ROS2/build/py_pubsub/build install --record /home/nazar/dev/ROS2/build/py_pubsub/install.log --single-version-externally-managed install_data
[0.849s] running egg_info
[0.850s] writing ../../build/py_pubsub/py_pubsub.egg-info/PKG-INFO
[0.850s] writing dependency_links to ../../build/py_pubsub/py_pubsub.egg-info/dependency_links.txt
[0.850s] writing entry points to ../../build/py_pubsub/py_pubsub.egg-info/entry_points.txt
[0.850s] writing requirements to ../../build/py_pubsub/py_pubsub.egg-info/requires.txt
[0.850s] writing top-level names to ../../build/py_pubsub/py_pubsub.egg-info/top_level.txt
[0.852s] reading manifest file '../../build/py_pubsub/py_pubsub.egg-info/SOURCES.txt'
[0.852s] adding license file 'LICENSE'
[0.853s] writing manifest file '../../build/py_pubsub/py_pubsub.egg-info/SOURCES.txt'
[0.853s] running build
[0.853s] running build_py
[0.854s] running install
[0.854s] running install_lib
[0.856s] running install_data
[0.856s] running install_egg_info
[0.857s] removing '/home/nazar/dev/ROS2/install/py_pubsub/lib/python3.10/site-packages/py_pubsub-0.0.0-py3.10.egg-info' (and everything under it)
[0.858s] Copying ../../build/py_pubsub/py_pubsub.egg-info to /home/nazar/dev/ROS2/install/py_pubsub/lib/python3.10/site-packages/py_pubsub-0.0.0-py3.10.egg-info
[0.858s] running install_scripts
[0.876s] Installing custom_client script to /home/nazar/dev/ROS2/install/py_pubsub/lib/py_pubsub
[0.876s] Installing custom_server script to /home/nazar/dev/ROS2/install/py_pubsub/lib/py_pubsub
[0.876s] Installing fibonacci script to /home/nazar/dev/ROS2/install/py_pubsub/lib/py_pubsub
[0.876s] Installing fibonacci_client script to /home/nazar/dev/ROS2/install/py_pubsub/lib/py_pubsub
[0.876s] Installing listener script to /home/nazar/dev/ROS2/install/py_pubsub/lib/py_pubsub
[0.877s] Installing talker script to /home/nazar/dev/ROS2/install/py_pubsub/lib/py_pubsub
[0.877s] writing list of installed files to '/home/nazar/dev/ROS2/build/py_pubsub/install.log'
[0.895s] Invoked command in '/home/nazar/dev/ROS2/src/py_pubsub' returned '0': PYTHONPATH=/home/nazar/dev/ROS2/build/py_pubsub/prefix_override:/home/nazar/.local/lib/python3.10/site-packages/colcon_core/task/python/colcon_distutils_commands:/home/nazar/dev/ROS2/install/py_pubsub/lib/python3.10/site-packages:${PYTHONPATH} /usr/bin/python3 -W ignore:setup.py install is deprecated setup.py egg_info --egg-base ../../build/py_pubsub build --build-base /home/nazar/dev/ROS2/build/py_pubsub/build install --record /home/nazar/dev/ROS2/build/py_pubsub/install.log --single-version-externally-managed install_data
