[0.689s] Invoking command in '/home/nazar/dev/ROS2/src/py_pubsub': PYTHONPATH=/home/nazar/dev/ROS2/src/build/py_pubsub/prefix_override:/home/nazar/.local/lib/python3.10/site-packages/colcon_core/task/python/colcon_distutils_commands:/home/nazar/dev/ROS2/src/install/py_pubsub/lib/python3.10/site-packages:${PYTHONPATH} /usr/bin/python3 -W ignore:setup.py install is deprecated setup.py egg_info --egg-base ../build/py_pubsub build --build-base /home/nazar/dev/ROS2/src/build/py_pubsub/build install --record /home/nazar/dev/ROS2/src/build/py_pubsub/install.log --single-version-externally-managed install_data
[0.899s] running egg_info
[0.899s] writing ../build/py_pubsub/py_pubsub.egg-info/PKG-INFO
[0.899s] writing dependency_links to ../build/py_pubsub/py_pubsub.egg-info/dependency_links.txt
[0.900s] writing entry points to ../build/py_pubsub/py_pubsub.egg-info/entry_points.txt
[0.900s] writing requirements to ../build/py_pubsub/py_pubsub.egg-info/requires.txt
[0.900s] writing top-level names to ../build/py_pubsub/py_pubsub.egg-info/top_level.txt
[0.901s] reading manifest file '../build/py_pubsub/py_pubsub.egg-info/SOURCES.txt'
[0.902s] adding license file 'LICENSE'
[0.902s] writing manifest file '../build/py_pubsub/py_pubsub.egg-info/SOURCES.txt'
[0.902s] running build
[0.902s] running build_py
[0.903s] copying py_pubsub/publisher_member_function.py -> /home/nazar/dev/ROS2/src/build/py_pubsub/build/lib/py_pubsub
[0.903s] copying py_pubsub/fibonacci_action_server.py -> /home/nazar/dev/ROS2/src/build/py_pubsub/build/lib/py_pubsub
[0.903s] copying py_pubsub/subscriber_member_function.py -> /home/nazar/dev/ROS2/src/build/py_pubsub/build/lib/py_pubsub
[0.903s] running install
[0.903s] running install_lib
[0.904s] copying /home/nazar/dev/ROS2/src/build/py_pubsub/build/lib/py_pubsub/publisher_member_function.py -> /home/nazar/dev/ROS2/src/install/py_pubsub/lib/python3.10/site-packages/py_pubsub
[0.904s] copying /home/nazar/dev/ROS2/src/build/py_pubsub/build/lib/py_pubsub/fibonacci_action_server.py -> /home/nazar/dev/ROS2/src/install/py_pubsub/lib/python3.10/site-packages/py_pubsub
[0.904s] copying /home/nazar/dev/ROS2/src/build/py_pubsub/build/lib/py_pubsub/subscriber_member_function.py -> /home/nazar/dev/ROS2/src/install/py_pubsub/lib/python3.10/site-packages/py_pubsub
[0.904s] byte-compiling /home/nazar/dev/ROS2/src/install/py_pubsub/lib/python3.10/site-packages/py_pubsub/publisher_member_function.py to publisher_member_function.cpython-310.pyc
[0.905s] byte-compiling /home/nazar/dev/ROS2/src/install/py_pubsub/lib/python3.10/site-packages/py_pubsub/fibonacci_action_server.py to fibonacci_action_server.cpython-310.pyc
[0.905s] byte-compiling /home/nazar/dev/ROS2/src/install/py_pubsub/lib/python3.10/site-packages/py_pubsub/subscriber_member_function.py to subscriber_member_function.cpython-310.pyc
[0.905s] running install_data
[0.906s] running install_egg_info
[0.907s] removing '/home/nazar/dev/ROS2/src/install/py_pubsub/lib/python3.10/site-packages/py_pubsub-0.0.0-py3.10.egg-info' (and everything under it)
[0.907s] Copying ../build/py_pubsub/py_pubsub.egg-info to /home/nazar/dev/ROS2/src/install/py_pubsub/lib/python3.10/site-packages/py_pubsub-0.0.0-py3.10.egg-info
[0.908s] running install_scripts
[0.926s] Installing fibonacci script to /home/nazar/dev/ROS2/src/install/py_pubsub/lib/py_pubsub
[0.926s] Installing listener script to /home/nazar/dev/ROS2/src/install/py_pubsub/lib/py_pubsub
[0.926s] Installing talker script to /home/nazar/dev/ROS2/src/install/py_pubsub/lib/py_pubsub
[0.926s] writing list of installed files to '/home/nazar/dev/ROS2/src/build/py_pubsub/install.log'
[0.945s] Invoked command in '/home/nazar/dev/ROS2/src/py_pubsub' returned '0': PYTHONPATH=/home/nazar/dev/ROS2/src/build/py_pubsub/prefix_override:/home/nazar/.local/lib/python3.10/site-packages/colcon_core/task/python/colcon_distutils_commands:/home/nazar/dev/ROS2/src/install/py_pubsub/lib/python3.10/site-packages:${PYTHONPATH} /usr/bin/python3 -W ignore:setup.py install is deprecated setup.py egg_info --egg-base ../build/py_pubsub build --build-base /home/nazar/dev/ROS2/src/build/py_pubsub/build install --record /home/nazar/dev/ROS2/src/build/py_pubsub/install.log --single-version-externally-managed install_data
