running egg_info
writing ../build/py_pubsub/py_pubsub.egg-info/PKG-INFO
writing dependency_links to ../build/py_pubsub/py_pubsub.egg-info/dependency_links.txt
writing entry points to ../build/py_pubsub/py_pubsub.egg-info/entry_points.txt
writing requirements to ../build/py_pubsub/py_pubsub.egg-info/requires.txt
writing top-level names to ../build/py_pubsub/py_pubsub.egg-info/top_level.txt
reading manifest file '../build/py_pubsub/py_pubsub.egg-info/SOURCES.txt'
adding license file 'LICENSE'
writing manifest file '../build/py_pubsub/py_pubsub.egg-info/SOURCES.txt'
running build
running build_py
copying py_pubsub/test_tutorial.py -> /home/nazar/dev/ROS2/src/build/py_pubsub/build/lib/py_pubsub
running install
running install_lib
copying /home/nazar/dev/ROS2/src/build/py_pubsub/build/lib/py_pubsub/test_tutorial.py -> /home/nazar/dev/ROS2/src/install/py_pubsub/lib/python3.10/site-packages/py_pubsub
byte-compiling /home/nazar/dev/ROS2/src/install/py_pubsub/lib/python3.10/site-packages/py_pubsub/test_tutorial.py to test_tutorial.cpython-310.pyc
running install_data
copying package.xml -> /home/nazar/dev/ROS2/src/install/py_pubsub/share/py_pubsub
running install_egg_info
removing '/home/nazar/dev/ROS2/src/install/py_pubsub/lib/python3.10/site-packages/py_pubsub-0.0.0-py3.10.egg-info' (and everything under it)
Copying ../build/py_pubsub/py_pubsub.egg-info to /home/nazar/dev/ROS2/src/install/py_pubsub/lib/python3.10/site-packages/py_pubsub-0.0.0-py3.10.egg-info
running install_scripts
Installing cool_client script to /home/nazar/dev/ROS2/src/install/py_pubsub/lib/py_pubsub
Installing cool_service script to /home/nazar/dev/ROS2/src/install/py_pubsub/lib/py_pubsub
Installing custom_client script to /home/nazar/dev/ROS2/src/install/py_pubsub/lib/py_pubsub
Installing custom_server script to /home/nazar/dev/ROS2/src/install/py_pubsub/lib/py_pubsub
Installing fibonacci script to /home/nazar/dev/ROS2/src/install/py_pubsub/lib/py_pubsub
Installing fibonacci_client script to /home/nazar/dev/ROS2/src/install/py_pubsub/lib/py_pubsub
Installing listener script to /home/nazar/dev/ROS2/src/install/py_pubsub/lib/py_pubsub
Installing talker script to /home/nazar/dev/ROS2/src/install/py_pubsub/lib/py_pubsub
Installing test_tutorial script to /home/nazar/dev/ROS2/src/install/py_pubsub/lib/py_pubsub
writing list of installed files to '/home/nazar/dev/ROS2/src/build/py_pubsub/install.log'
