[  3%] Built target toxic_relationship__cpp
[ 12%] Built target toxic_relationship__rosidl_generator_c
[ 12%] Built target ament_cmake_python_copy_toxic_relationship
[ 22%] Built target toxic_relationship__rosidl_typesupport_introspection_c
[ 32%] Built target toxic_relationship__rosidl_typesupport_cpp
[ 41%] Built target toxic_relationship__rosidl_typesupport_introspection_cpp
[ 51%] Built target toxic_relationship__rosidl_typesupport_c
[ 61%] Built target toxic_relationship__rosidl_typesupport_fastrtps_c
[ 70%] Built target toxic_relationship__rosidl_typesupport_fastrtps_cpp
[ 70%] Built target toxic_relationship
[ 74%] Built target toxic_relationship__py
[ 80%] Built target toxic_relationship__rosidl_generator_py
[100%] Built target toxic_relationship__rosidl_typesupport_introspection_c__pyext
[100%] Built target toxic_relationship__rosidl_typesupport_fastrtps_c__pyext
[100%] Built target toxic_relationship__rosidl_typesupport_c__pyext
running egg_info
writing toxic_relationship.egg-info/PKG-INFO
writing dependency_links to toxic_relationship.egg-info/dependency_links.txt
writing top-level names to toxic_relationship.egg-info/top_level.txt
reading manifest file 'toxic_relationship.egg-info/SOURCES.txt'
writing manifest file 'toxic_relationship.egg-info/SOURCES.txt'
[100%] Built target ament_cmake_python_build_toxic_relationship_egg
-- Install configuration: ""
-- Up-to-date: /home/nazar/dev/ROS2/install/toxic_relationship/share/ament_index/resource_index/rosidl_interfaces/toxic_relationship
-- Up-to-date: /home/nazar/dev/ROS2/install/toxic_relationship/include/toxic_relationship/toxic_relationship
-- Up-to-date: /home/nazar/dev/ROS2/install/toxic_relationship/include/toxic_relationship/toxic_relationship/action
-- Up-to-date: /home/nazar/dev/ROS2/install/toxic_relationship/include/toxic_relationship/toxic_relationship/action/toxic_relationship.h
-- Up-to-date: /home/nazar/dev/ROS2/install/toxic_relationship/include/toxic_relationship/toxic_relationship/action/detail
-- Up-to-date: /home/nazar/dev/ROS2/install/toxic_relationship/include/toxic_relationship/toxic_relationship/action/detail/toxic_relationship__functions.h
-- Up-to-date: /home/nazar/dev/ROS2/install/toxic_relationship/include/toxic_relationship/toxic_relationship/action/detail/toxic_relationship__struct.h
-- Up-to-date: /home/nazar/dev/ROS2/install/toxic_relationship/include/toxic_relationship/toxic_relationship/action/detail/toxic_relationship__type_support.h
-- Up-to-date: /home/nazar/dev/ROS2/install/toxic_relationship/include/toxic_relationship/toxic_relationship/action/detail/toxic_relationship__functions.c
-- Up-to-date: /home/nazar/dev/ROS2/install/toxic_relationship/include/toxic_relationship/toxic_relationship/msg
-- Up-to-date: /home/nazar/dev/ROS2/install/toxic_relationship/include/toxic_relationship/toxic_relationship/msg/rosidl_generator_c__visibility_control.h
-- Up-to-date: /home/nazar/dev/ROS2/install/toxic_relationship/share/toxic_relationship/environment/library_path.sh
-- Up-to-date: /home/nazar/dev/ROS2/install/toxic_relationship/share/toxic_relationship/environment/library_path.dsv
-- Up-to-date: /home/nazar/dev/ROS2/install/toxic_relationship/lib/libtoxic_relationship__rosidl_generator_c.so
-- Up-to-date: /home/nazar/dev/ROS2/install/toxic_relationship/include/toxic_relationship/toxic_relationship
-- Up-to-date: /home/nazar/dev/ROS2/install/toxic_relationship/include/toxic_relationship/toxic_relationship/action
-- Up-to-date: /home/nazar/dev/ROS2/install/toxic_relationship/include/toxic_relationship/toxic_relationship/action/detail
-- Up-to-date: /home/nazar/dev/ROS2/install/toxic_relationship/include/toxic_relationship/toxic_relationship/action/detail/toxic_relationship__rosidl_typesupport_fastrtps_c.h
-- Up-to-date: /home/nazar/dev/ROS2/install/toxic_relationship/include/toxic_relationship/toxic_relationship/msg
-- Up-to-date: /home/nazar/dev/ROS2/install/toxic_relationship/include/toxic_relationship/toxic_relationship/msg/rosidl_typesupport_fastrtps_c__visibility_control.h
-- Up-to-date: /home/nazar/dev/ROS2/install/toxic_relationship/lib/libtoxic_relationship__rosidl_typesupport_fastrtps_c.so
-- Up-to-date: /home/nazar/dev/ROS2/install/toxic_relationship/include/toxic_relationship/toxic_relationship
-- Up-to-date: /home/nazar/dev/ROS2/install/toxic_relationship/include/toxic_relationship/toxic_relationship/action
-- Up-to-date: /home/nazar/dev/ROS2/install/toxic_relationship/include/toxic_relationship/toxic_relationship/action/detail
-- Up-to-date: /home/nazar/dev/ROS2/install/toxic_relationship/include/toxic_relationship/toxic_relationship/action/detail/toxic_relationship__traits.hpp
-- Up-to-date: /home/nazar/dev/ROS2/install/toxic_relationship/include/toxic_relationship/toxic_relationship/action/detail/toxic_relationship__struct.hpp
-- Up-to-date: /home/nazar/dev/ROS2/install/toxic_relationship/include/toxic_relationship/toxic_relationship/action/detail/toxic_relationship__builder.hpp
-- Up-to-date: /home/nazar/dev/ROS2/install/toxic_relationship/include/toxic_relationship/toxic_relationship/action/toxic_relationship.hpp
-- Up-to-date: /home/nazar/dev/ROS2/install/toxic_relationship/include/toxic_relationship/toxic_relationship
-- Up-to-date: /home/nazar/dev/ROS2/install/toxic_relationship/include/toxic_relationship/toxic_relationship/action
-- Up-to-date: /home/nazar/dev/ROS2/install/toxic_relationship/include/toxic_relationship/toxic_relationship/action/detail
-- Up-to-date: /home/nazar/dev/ROS2/install/toxic_relationship/include/toxic_relationship/toxic_relationship/action/detail/toxic_relationship__rosidl_typesupport_fastrtps_cpp.hpp
-- Up-to-date: /home/nazar/dev/ROS2/install/toxic_relationship/include/toxic_relationship/toxic_relationship/action/detail/dds_fastrtps
-- Up-to-date: /home/nazar/dev/ROS2/install/toxic_relationship/include/toxic_relationship/toxic_relationship/msg
-- Up-to-date: /home/nazar/dev/ROS2/install/toxic_relationship/include/toxic_relationship/toxic_relationship/msg/rosidl_typesupport_fastrtps_cpp__visibility_control.h
-- Up-to-date: /home/nazar/dev/ROS2/install/toxic_relationship/lib/libtoxic_relationship__rosidl_typesupport_fastrtps_cpp.so
-- Up-to-date: /home/nazar/dev/ROS2/install/toxic_relationship/include/toxic_relationship/toxic_relationship
-- Up-to-date: /home/nazar/dev/ROS2/install/toxic_relationship/include/toxic_relationship/toxic_relationship/action
-- Up-to-date: /home/nazar/dev/ROS2/install/toxic_relationship/include/toxic_relationship/toxic_relationship/action/detail
-- Up-to-date: /home/nazar/dev/ROS2/install/toxic_relationship/include/toxic_relationship/toxic_relationship/action/detail/toxic_relationship__rosidl_typesupport_introspection_c.h
-- Up-to-date: /home/nazar/dev/ROS2/install/toxic_relationship/include/toxic_relationship/toxic_relationship/action/detail/toxic_relationship__type_support.c
-- Up-to-date: /home/nazar/dev/ROS2/install/toxic_relationship/include/toxic_relationship/toxic_relationship/msg
-- Up-to-date: /home/nazar/dev/ROS2/install/toxic_relationship/include/toxic_relationship/toxic_relationship/msg/rosidl_typesupport_introspection_c__visibility_control.h
-- Up-to-date: /home/nazar/dev/ROS2/install/toxic_relationship/lib/libtoxic_relationship__rosidl_typesupport_introspection_c.so
-- Up-to-date: /home/nazar/dev/ROS2/install/toxic_relationship/lib/libtoxic_relationship__rosidl_typesupport_c.so
-- Up-to-date: /home/nazar/dev/ROS2/install/toxic_relationship/include/toxic_relationship/toxic_relationship
-- Up-to-date: /home/nazar/dev/ROS2/install/toxic_relationship/include/toxic_relationship/toxic_relationship/action
-- Up-to-date: /home/nazar/dev/ROS2/install/toxic_relationship/include/toxic_relationship/toxic_relationship/action/detail
-- Up-to-date: /home/nazar/dev/ROS2/install/toxic_relationship/include/toxic_relationship/toxic_relationship/action/detail/toxic_relationship__type_support.cpp
-- Up-to-date: /home/nazar/dev/ROS2/install/toxic_relationship/include/toxic_relationship/toxic_relationship/action/detail/toxic_relationship__rosidl_typesupport_introspection_cpp.hpp
-- Up-to-date: /home/nazar/dev/ROS2/install/toxic_relationship/lib/libtoxic_relationship__rosidl_typesupport_introspection_cpp.so
-- Up-to-date: /home/nazar/dev/ROS2/install/toxic_relationship/lib/libtoxic_relationship__rosidl_typesupport_cpp.so
-- Up-to-date: /home/nazar/dev/ROS2/install/toxic_relationship/share/toxic_relationship/environment/pythonpath.sh
-- Up-to-date: /home/nazar/dev/ROS2/install/toxic_relationship/share/toxic_relationship/environment/pythonpath.dsv
-- Up-to-date: /home/nazar/dev/ROS2/install/toxic_relationship/lib/python3.10/site-packages/toxic_relationship-0.0.0-py3.10.egg-info
-- Installing: /home/nazar/dev/ROS2/install/toxic_relationship/lib/python3.10/site-packages/toxic_relationship-0.0.0-py3.10.egg-info/top_level.txt
-- Installing: /home/nazar/dev/ROS2/install/toxic_relationship/lib/python3.10/site-packages/toxic_relationship-0.0.0-py3.10.egg-info/SOURCES.txt
-- Installing: /home/nazar/dev/ROS2/install/toxic_relationship/lib/python3.10/site-packages/toxic_relationship-0.0.0-py3.10.egg-info/PKG-INFO
-- Installing: /home/nazar/dev/ROS2/install/toxic_relationship/lib/python3.10/site-packages/toxic_relationship-0.0.0-py3.10.egg-info/dependency_links.txt
-- Up-to-date: /home/nazar/dev/ROS2/install/toxic_relationship/lib/python3.10/site-packages/toxic_relationship
-- Up-to-date: /home/nazar/dev/ROS2/install/toxic_relationship/lib/python3.10/site-packages/toxic_relationship/toxic_relationship_s__rosidl_typesupport_c.cpython-310-x86_64-linux-gnu.so
-- Up-to-date: /home/nazar/dev/ROS2/install/toxic_relationship/lib/python3.10/site-packages/toxic_relationship/_toxic_relationship_s.ep.rosidl_typesupport_introspection_c.c
-- Up-to-date: /home/nazar/dev/ROS2/install/toxic_relationship/lib/python3.10/site-packages/toxic_relationship/toxic_relationship_s__rosidl_typesupport_fastrtps_c.cpython-310-x86_64-linux-gnu.so
-- Up-to-date: /home/nazar/dev/ROS2/install/toxic_relationship/lib/python3.10/site-packages/toxic_relationship/_toxic_relationship_s.ep.rosidl_typesupport_c.c
-- Up-to-date: /home/nazar/dev/ROS2/install/toxic_relationship/lib/python3.10/site-packages/toxic_relationship/libtoxic_relationship__rosidl_generator_py.so
-- Up-to-date: /home/nazar/dev/ROS2/install/toxic_relationship/lib/python3.10/site-packages/toxic_relationship/action
-- Up-to-date: /home/nazar/dev/ROS2/install/toxic_relationship/lib/python3.10/site-packages/toxic_relationship/action/_toxic_relationship_s.c
-- Up-to-date: /home/nazar/dev/ROS2/install/toxic_relationship/lib/python3.10/site-packages/toxic_relationship/action/_toxic_relationship.py
-- Up-to-date: /home/nazar/dev/ROS2/install/toxic_relationship/lib/python3.10/site-packages/toxic_relationship/action/__init__.py
-- Up-to-date: /home/nazar/dev/ROS2/install/toxic_relationship/lib/python3.10/site-packages/toxic_relationship/__init__.py
-- Up-to-date: /home/nazar/dev/ROS2/install/toxic_relationship/lib/python3.10/site-packages/toxic_relationship/_toxic_relationship_s.ep.rosidl_typesupport_fastrtps_c.c
-- Up-to-date: /home/nazar/dev/ROS2/install/toxic_relationship/lib/python3.10/site-packages/toxic_relationship/toxic_relationship_s__rosidl_typesupport_introspection_c.cpython-310-x86_64-linux-gnu.so
Listing '/home/nazar/dev/ROS2/install/toxic_relationship/lib/python3.10/site-packages/toxic_relationship'...
Listing '/home/nazar/dev/ROS2/install/toxic_relationship/lib/python3.10/site-packages/toxic_relationship/action'...
-- Up-to-date: /home/nazar/dev/ROS2/install/toxic_relationship/lib/python3.10/site-packages/toxic_relationship/toxic_relationship_s__rosidl_typesupport_fastrtps_c.cpython-310-x86_64-linux-gnu.so
-- Up-to-date: /home/nazar/dev/ROS2/install/toxic_relationship/lib/python3.10/site-packages/toxic_relationship/toxic_relationship_s__rosidl_typesupport_introspection_c.cpython-310-x86_64-linux-gnu.so
-- Up-to-date: /home/nazar/dev/ROS2/install/toxic_relationship/lib/python3.10/site-packages/toxic_relationship/toxic_relationship_s__rosidl_typesupport_c.cpython-310-x86_64-linux-gnu.so
-- Up-to-date: /home/nazar/dev/ROS2/install/toxic_relationship/lib/libtoxic_relationship__rosidl_generator_py.so
-- Up-to-date: /home/nazar/dev/ROS2/install/toxic_relationship/share/toxic_relationship/action/ToxicRelationship.idl
-- Up-to-date: /home/nazar/dev/ROS2/install/toxic_relationship/share/toxic_relationship/action/ToxicRelationship.action
-- Up-to-date: /home/nazar/dev/ROS2/install/toxic_relationship/share/ament_index/resource_index/package_run_dependencies/toxic_relationship
-- Up-to-date: /home/nazar/dev/ROS2/install/toxic_relationship/share/ament_index/resource_index/parent_prefix_path/toxic_relationship
-- Up-to-date: /home/nazar/dev/ROS2/install/toxic_relationship/share/toxic_relationship/environment/ament_prefix_path.sh
-- Up-to-date: /home/nazar/dev/ROS2/install/toxic_relationship/share/toxic_relationship/environment/ament_prefix_path.dsv
-- Up-to-date: /home/nazar/dev/ROS2/install/toxic_relationship/share/toxic_relationship/environment/path.sh
-- Up-to-date: /home/nazar/dev/ROS2/install/toxic_relationship/share/toxic_relationship/environment/path.dsv
-- Up-to-date: /home/nazar/dev/ROS2/install/toxic_relationship/share/toxic_relationship/local_setup.bash
-- Up-to-date: /home/nazar/dev/ROS2/install/toxic_relationship/share/toxic_relationship/local_setup.sh
-- Up-to-date: /home/nazar/dev/ROS2/install/toxic_relationship/share/toxic_relationship/local_setup.zsh
-- Up-to-date: /home/nazar/dev/ROS2/install/toxic_relationship/share/toxic_relationship/local_setup.dsv
-- Installing: /home/nazar/dev/ROS2/install/toxic_relationship/share/toxic_relationship/package.dsv
-- Up-to-date: /home/nazar/dev/ROS2/install/toxic_relationship/share/ament_index/resource_index/packages/toxic_relationship
-- Up-to-date: /home/nazar/dev/ROS2/install/toxic_relationship/share/toxic_relationship/cmake/export_toxic_relationship__rosidl_generator_cExport.cmake
-- Up-to-date: /home/nazar/dev/ROS2/install/toxic_relationship/share/toxic_relationship/cmake/export_toxic_relationship__rosidl_generator_cExport-noconfig.cmake
-- Up-to-date: /home/nazar/dev/ROS2/install/toxic_relationship/share/toxic_relationship/cmake/export_toxic_relationship__rosidl_typesupport_fastrtps_cExport.cmake
-- Up-to-date: /home/nazar/dev/ROS2/install/toxic_relationship/share/toxic_relationship/cmake/export_toxic_relationship__rosidl_typesupport_fastrtps_cExport-noconfig.cmake
-- Up-to-date: /home/nazar/dev/ROS2/install/toxic_relationship/share/toxic_relationship/cmake/export_toxic_relationship__rosidl_generator_cppExport.cmake
-- Up-to-date: /home/nazar/dev/ROS2/install/toxic_relationship/share/toxic_relationship/cmake/export_toxic_relationship__rosidl_typesupport_fastrtps_cppExport.cmake
-- Up-to-date: /home/nazar/dev/ROS2/install/toxic_relationship/share/toxic_relationship/cmake/export_toxic_relationship__rosidl_typesupport_fastrtps_cppExport-noconfig.cmake
-- Up-to-date: /home/nazar/dev/ROS2/install/toxic_relationship/share/toxic_relationship/cmake/toxic_relationship__rosidl_typesupport_introspection_cExport.cmake
-- Up-to-date: /home/nazar/dev/ROS2/install/toxic_relationship/share/toxic_relationship/cmake/toxic_relationship__rosidl_typesupport_introspection_cExport-noconfig.cmake
-- Up-to-date: /home/nazar/dev/ROS2/install/toxic_relationship/share/toxic_relationship/cmake/toxic_relationship__rosidl_typesupport_cExport.cmake
-- Up-to-date: /home/nazar/dev/ROS2/install/toxic_relationship/share/toxic_relationship/cmake/toxic_relationship__rosidl_typesupport_cExport-noconfig.cmake
-- Up-to-date: /home/nazar/dev/ROS2/install/toxic_relationship/share/toxic_relationship/cmake/toxic_relationship__rosidl_typesupport_introspection_cppExport.cmake
-- Up-to-date: /home/nazar/dev/ROS2/install/toxic_relationship/share/toxic_relationship/cmake/toxic_relationship__rosidl_typesupport_introspection_cppExport-noconfig.cmake
-- Up-to-date: /home/nazar/dev/ROS2/install/toxic_relationship/share/toxic_relationship/cmake/toxic_relationship__rosidl_typesupport_cppExport.cmake
-- Up-to-date: /home/nazar/dev/ROS2/install/toxic_relationship/share/toxic_relationship/cmake/toxic_relationship__rosidl_typesupport_cppExport-noconfig.cmake
-- Up-to-date: /home/nazar/dev/ROS2/install/toxic_relationship/share/toxic_relationship/cmake/export_toxic_relationship__rosidl_generator_pyExport.cmake
-- Up-to-date: /home/nazar/dev/ROS2/install/toxic_relationship/share/toxic_relationship/cmake/export_toxic_relationship__rosidl_generator_pyExport-noconfig.cmake
-- Up-to-date: /home/nazar/dev/ROS2/install/toxic_relationship/share/toxic_relationship/cmake/rosidl_cmake-extras.cmake
-- Up-to-date: /home/nazar/dev/ROS2/install/toxic_relationship/share/toxic_relationship/cmake/ament_cmake_export_dependencies-extras.cmake
-- Up-to-date: /home/nazar/dev/ROS2/install/toxic_relationship/share/toxic_relationship/cmake/ament_cmake_export_include_directories-extras.cmake
-- Up-to-date: /home/nazar/dev/ROS2/install/toxic_relationship/share/toxic_relationship/cmake/ament_cmake_export_libraries-extras.cmake
-- Up-to-date: /home/nazar/dev/ROS2/install/toxic_relationship/share/toxic_relationship/cmake/ament_cmake_export_targets-extras.cmake
-- Up-to-date: /home/nazar/dev/ROS2/install/toxic_relationship/share/toxic_relationship/cmake/rosidl_cmake_export_typesupport_targets-extras.cmake
-- Up-to-date: /home/nazar/dev/ROS2/install/toxic_relationship/share/toxic_relationship/cmake/rosidl_cmake_export_typesupport_libraries-extras.cmake
-- Up-to-date: /home/nazar/dev/ROS2/install/toxic_relationship/share/toxic_relationship/cmake/toxic_relationshipConfig.cmake
-- Up-to-date: /home/nazar/dev/ROS2/install/toxic_relationship/share/toxic_relationship/cmake/toxic_relationshipConfig-version.cmake
-- Up-to-date: /home/nazar/dev/ROS2/install/toxic_relationship/share/toxic_relationship/package.xml
