[0.013s] Invoking command in '/home/nazar/dev/ROS2/build/toxic_relationship': CMAKE_PREFIX_PATH=${CMAKE_PREFIX_PATH}:/home/nazar/dev/ROS2/install/py_pubsub:/opt/ros/humble PS1=(ros2_env) ${$((_p9k_on_expand()))+}%{${_p9k__raw_msg-}${_p9k__raw_msg::=}%}${(e)_p9k_t[7]}${_p9k__1-${${:-${_p9k__d::=0}${_p9k__rprompt::=${_p9k__1r-${${:-${_p9k__bg::=NONE}${_p9k__i::=0}${_p9k__sss::=${(Q)${:-"%\\{%\\}"}}}}+}${${:-${P9K_CONTENT::=}${_p9k__n::=}${${${_p9k__bg:-0}:#NONE}:-${_p9k__n::=8}}${_p9k__n:=${${(M)${:-x$_p9k__bg}:#x(|0)}:+10}}${_p9k__n:=11}${_p9k__c::="${P9K_CONTENT}"}${_p9k__c::=${_p9k__c//
}}${_p9k__e::=${${_p9k__1r:+00}:-${${(%):-$_p9k__c%1(l.1.0)}[-1]}0}}}+}${${_p9k__e:#00}:+${_p9k_t[$_p9k__n]/<_p9k__w>/$_p9k__w}${_p9k__c}%b%k%f${${:-${_p9k__w::=%b%k%f}${_p9k__sss::=%b%k%f}${_p9k__i::=1}${_p9k__bg::=}}+}}${${:-"${${(%):-%j}:#0}"}:+${${:-${P9K_CONTENT::=""}${_p9k__n::=}${${${_p9k__bg:-0}:#NONE}:-${_p9k__n::=12}}${_p9k__n:=${${(M)${:-x$_p9k__bg}:#x(|0)}:+14}}${_p9k__n:=15}${_p9k__v::=}${_p9k__c::="${P9K_CONTENT}"}${_p9k__c::=${_p9k__c//
}}${_p9k__e::=${${_p9k__1rbackground_jobs+00}:-${${(%):-$_p9k__c%1(l.1.0)}[-1]}1}}}+}${${_p9k__e:#00}:+${_p9k_t[$_p9k__n]/<_p9k__w>/$_p9k__w}${_p9k__v}${${(M)_p9k__e:#11}:+ }${_p9k__c}%b%k%F{070\}${${:-${_p9k__w::=%b%k%F{070\}}${_p9k__sss::=%b%k%F{070\}}${_p9k__i::=3}${_p9k__bg::=}}+}}}${${:-"${${(%):-%#}:#\#}"}:+${${:-${P9K_CONTENT::=%n@%m}${_p9k__n::=}${${${_p9k__bg:-0}:#NONE}:-${_p9k__n::=16}}${_p9k__n:=${${(M)${:-x$_p9k__bg}:#x(|0)}:+18}}${_p9k__n:=19}${_p9k__c::=}${_p9k__c::=${_p9k__c//
}}${_p9k__e::=${${_p9k__1rcontext+00}:-${${(%):-$_p9k__c%1(l.1.0)}[-1]}0}}}+}${${_p9k__e:#00}:+${_p9k_t[$_p9k__n]/<_p9k__w>/$_p9k__w}${_p9k__c}%b%k%F{180\}${${:-${_p9k__w::=%b%k%F{180\}}${_p9k__sss::=%b%k%F{180\}}${_p9k__i::=31}${_p9k__bg::=}}+}}}${${:-"${${(%):-%#}:#\%}"}:+${${:-${P9K_CONTENT::=%B%n@%m}${_p9k__n::=}${${${_p9k__bg:-0}:#NONE}:-${_p9k__n::=20}}${_p9k__n:=${${(M)${:-x$_p9k__bg}:#x(|0)}:+22}}${_p9k__n:=23}${_p9k__c::="${P9K_CONTENT}"}${_p9k__c::=${_p9k__c//
}}${_p9k__e::=${${_p9k__1rcontext+00}:-${${(%):-$_p9k__c%1(l.1.0)}[-1]}0}}}+}${${_p9k__e:#00}:+${_p9k_t[$_p9k__n]/<_p9k__w>/$_p9k__w}${_p9k__c}%b%k%F{178\}${${:-${_p9k__w::=%b%k%F{178\}}${_p9k__sss::=%b%k%F{178\}}${_p9k__i::=31}${_p9k__bg::=}}+}}}${${:-${P9K_CONTENT::=10:41:32}${_p9k__n::=}${${${_p9k__bg:-0}:#NONE}:-${_p9k__n::=24}}${_p9k__n:=${${(M)${:-x$_p9k__bg}:#x(|0)}:+26}}${_p9k__n:=27}${_p9k__v::=}${_p9k__c::="${P9K_CONTENT}"}${_p9k__c::=${_p9k__c//
}}${_p9k__e::=${${_p9k__1rtime+00}:-${${(%):-$_p9k__c%1(l.1.0)}[-1]}1}}}+}${${_p9k__e:#00}:+${_p9k_t[$_p9k__n]/<_p9k__w>/$_p9k__w}${_p9k__v}${${(M)_p9k__e:#11}:+ }${_p9k__c}%b%k%F{066\}${${:-${_p9k__w::=%b%k%F{066\}}${_p9k__sss::=%b%k%F{066\}}${_p9k__i::=43}${_p9k__bg::=}}+}}$_p9k__sss%b%k%f}}${_p9k__lprompt::=${_p9k__1l-${${:-${_p9k__bg::=NONE}${_p9k__i::=0}${_p9k__sss::=%f }}+}${${:-${P9K_CONTENT::=}${_p9k__n::=}${${${_p9k__bg:-0}:#NONE}:-${_p9k__n::=28}}${_p9k__n:=${${(M)${:-x}:#x($_p9k__bg|${_p9k__bg:-0})}:+30}}${_p9k__n:=31}${_p9k__c::="${P9K_CONTENT}"}${_p9k__c::=${_p9k__c//
}}${_p9k__e::=${${_p9k__1los_icon+00}:-${${(%):-$_p9k__c%1(l.1.0)}[-1]}0}}}+}${${_p9k__e:#00}:+${${_p9k_t[$_p9k__n]/<_p9k__ss>/$_p9k__ss}/<_p9k__s>/$_p9k__s}${_p9k__c}%b%k%f${${:-${_p9k__s::=%F{\}}${_p9k__ss::= }${_p9k__sss::=%F{\} }${_p9k__i::=1}${_p9k__bg::=}}+}}${${:-${P9K_CONTENT::="%{d%}${:-"%B%F{039}"}${(Q)${:-"\\~"}}${:-"%b%k%F{031}"}/dev/${:-"%B%F{039}"}ROS2${:-"%b%k%F{031}"}%{d%}"}${_p9k__n::=}${${${_p9k__bg:-0}:#NONE}:-${_p9k__n::=84}}${_p9k__n:=${${(M)${:-x}:#x($_p9k__bg|${_p9k__bg:-0})}:+86}}${_p9k__n:=87}${_p9k__v::=}${_p9k__c::="${P9K_CONTENT}"}${_p9k__c::=${_p9k__c//
}}${_p9k__e::=${${_p9k__1ldir+00}:-${${(%):-$_p9k__c%1(l.1.0)}[-1]}1}}}+}${${_p9k__e:#00}:+${${_p9k_t[$_p9k__n]/<_p9k__ss>/$_p9k__ss}/<_p9k__s>/$_p9k__s}${_p9k__v}${${(M)_p9k__e:#11}:+ }${_p9k__c}%b%k%F{031\}${${:-${_p9k__s::=%F{\}}${_p9k__ss::= }${_p9k__sss::=%F{\} }${_p9k__i::=2}${_p9k__bg::=}}+}}${(e)_p9k__vcs}%b%k$_p9k__sss%b%k%f}}}+}${(e)_p9k_t[6]}${${_p9k__h::=0}+}${${_p9k__d::=$((_p9k__m-_p9k__h))}+}${_p9k__lprompt/\%\{d\%\}*\%\{d\%\}/${_p9k__1ldir-${:-"%B%F{039}"}${(Q)${:-"\\~"}}${:-"%b%k%F{031}"}/dev/${:-"%B%F{039}"}ROS2${:-"%b%k%F{031}"}}}${${_p9k__m::=$((_p9k__d+_p9k__h))}+}${${_p9k__g+
}:-${:-"%F{240}"}${${${_p9k__m:#-*}:+${${_p9k__1g+${(pl.$((_p9k__m+1)).. .)}}:-${(pl.$((_p9k__m+1))..·.)}}$_p9k__rprompt${_p9k_t[$((1+!_p9k__ind))]}}:-
}%b%k%f}}${_p9k__2-${_p9k__2l-${${:-${_p9k__bg::=NONE}${_p9k__i::=0}${_p9k__sss::=%f }}+}${${:-"${${:-$_p9k__keymap.$_p9k__zle_state}:#(vicmd.*|vivis.*|vivli.*|*.*overwrite*)}"}:+${${:-${P9K_CONTENT::=❯}${_p9k__n::=}${${${_p9k__bg:-0}:#NONE}:-${_p9k__n::=36}}${_p9k__n:=${${(M)${:-x}:#x($_p9k__bg|${_p9k__bg:-0})}:+38}}${_p9k__n:=39}${_p9k__c::="❯"}${_p9k__c::=${_p9k__c//
}}${_p9k__e::=${${_p9k__2lprompt_char+00}:-${${(%):-$_p9k__c%1(l.1.0)}[-1]}0}}}+}${${_p9k__e:#00}:+${${_p9k_t[$_p9k__n]/<_p9k__ss>/$_p9k__ss}/<_p9k__s>/$_p9k__s}${_p9k__c}%b%k%F{076\}${${:-${_p9k__s::=%F{\}}${_p9k__ss::= }${_p9k__sss::=%F{\}}${_p9k__i::=4}${_p9k__bg::=}}+}}}${${:-"${${:-$_p9k__keymap.$_p9k__zle_state}:#(vicmd.*|vivis.*|vivli.*|*.*insert*)}"}:+${${:-${P9K_CONTENT::=▶}${_p9k__n::=}${${${_p9k__bg:-0}:#NONE}:-${_p9k__n::=40}}${_p9k__n:=${${(M)${:-x}:#x($_p9k__bg|${_p9k__bg:-0})}:+42}}${_p9k__n:=43}${_p9k__c::="▶"}${_p9k__c::=${_p9k__c//
}}${_p9k__e::=${${_p9k__2lprompt_char+00}:-${${(%):-$_p9k__c%1(l.1.0)}[-1]}0}}}+}${${_p9k__e:#00}:+${${_p9k_t[$_p9k__n]/<_p9k__ss>/$_p9k__ss}/<_p9k__s>/$_p9k__s}${_p9k__c}%b%k%F{076\}${${:-${_p9k__s::=%F{\}}${_p9k__ss::= }${_p9k__sss::=%F{\}}${_p9k__i::=4}${_p9k__bg::=}}+}}}${${:-"${(M)${:-$_p9k__keymap$_p9k__region_active}:#vicmd0}"}:+${${:-${P9K_CONTENT::=❮}${_p9k__n::=}${${${_p9k__bg:-0}:#NONE}:-${_p9k__n::=44}}${_p9k__n:=${${(M)${:-x}:#x($_p9k__bg|${_p9k__bg:-0})}:+46}}${_p9k__n:=47}${_p9k__c::="❮"}${_p9k__c::=${_p9k__c//
}}${_p9k__e::=${${_p9k__2lprompt_char+00}:-${${(%):-$_p9k__c%1(l.1.0)}[-1]}0}}}+}${${_p9k__e:#00}:+${${_p9k_t[$_p9k__n]/<_p9k__ss>/$_p9k__ss}/<_p9k__s>/$_p9k__s}${_p9k__c}%b%k%F{076\}${${:-${_p9k__s::=%F{\}}${_p9k__ss::= }${_p9k__sss::=%F{\}}${_p9k__i::=4}${_p9k__bg::=}}+}}}${${:-"${(M)${:-$_p9k__keymap$_p9k__region_active}:#(vicmd1|vivis?|vivli?)}"}:+${${:-${P9K_CONTENT::=Ⅴ}${_p9k__n::=}${${${_p9k__bg:-0}:#NONE}:-${_p9k__n::=48}}${_p9k__n:=${${(M)${:-x}:#x($_p9k__bg|${_p9k__bg:-0})}:+50}}${_p9k__n:=51}${_p9k__c::="V"}${_p9k__c::=${_p9k__c//
}}${_p9k__e::=${${_p9k__2lprompt_char+00}:-${${(%):-$_p9k__c%1(l.1.0)}[-1]}0}}}+}${${_p9k__e:#00}:+${${_p9k_t[$_p9k__n]/<_p9k__ss>/$_p9k__ss}/<_p9k__s>/$_p9k__s}${_p9k__c}%b%k%F{076\}${${:-${_p9k__s::=%F{\}}${_p9k__ss::= }${_p9k__sss::=%F{\}}${_p9k__i::=4}${_p9k__bg::=}}+}}}%b%k$_p9k__sss%b%k%f${:-" %b%k%f"}}}${${COLUMNS::=$_p9k__clm}+} VIRTUAL_ENV_PROMPT=(ros2_env) /usr/bin/cmake --build /home/nazar/dev/ROS2/build/toxic_relationship -- -j8 -l8
[0.059s] [  3%] Built target toxic_relationship__cpp
[0.060s] [ 12%] Built target toxic_relationship__rosidl_generator_c
[0.071s] [ 12%] Built target ament_cmake_python_copy_toxic_relationship
[0.085s] [ 22%] Built target toxic_relationship__rosidl_typesupport_introspection_c
[0.086s] [ 32%] Built target toxic_relationship__rosidl_typesupport_cpp
[0.086s] [ 41%] Built target toxic_relationship__rosidl_typesupport_introspection_cpp
[0.088s] [ 51%] Built target toxic_relationship__rosidl_typesupport_c
[0.088s] [ 61%] Built target toxic_relationship__rosidl_typesupport_fastrtps_c
[0.089s] [ 70%] Built target toxic_relationship__rosidl_typesupport_fastrtps_cpp
[0.107s] [ 70%] Built target toxic_relationship
[0.127s] [ 74%] Built target toxic_relationship__py
[0.147s] [ 80%] Built target toxic_relationship__rosidl_generator_py
[0.167s] [100%] Built target toxic_relationship__rosidl_typesupport_introspection_c__pyext
[0.167s] [100%] Built target toxic_relationship__rosidl_typesupport_fastrtps_c__pyext
[0.167s] [100%] Built target toxic_relationship__rosidl_typesupport_c__pyext
[0.259s] running egg_info
[0.259s] writing toxic_relationship.egg-info/PKG-INFO
[0.259s] writing dependency_links to toxic_relationship.egg-info/dependency_links.txt
[0.259s] writing top-level names to toxic_relationship.egg-info/top_level.txt
[0.261s] reading manifest file 'toxic_relationship.egg-info/SOURCES.txt'
[0.262s] writing manifest file 'toxic_relationship.egg-info/SOURCES.txt'
[0.282s] [100%] Built target ament_cmake_python_build_toxic_relationship_egg
[0.293s] Invoked command in '/home/nazar/dev/ROS2/build/toxic_relationship' returned '0': CMAKE_PREFIX_PATH=${CMAKE_PREFIX_PATH}:/home/nazar/dev/ROS2/install/py_pubsub:/opt/ros/humble PS1=(ros2_env) ${$((_p9k_on_expand()))+}%{${_p9k__raw_msg-}${_p9k__raw_msg::=}%}${(e)_p9k_t[7]}${_p9k__1-${${:-${_p9k__d::=0}${_p9k__rprompt::=${_p9k__1r-${${:-${_p9k__bg::=NONE}${_p9k__i::=0}${_p9k__sss::=${(Q)${:-"%\\{%\\}"}}}}+}${${:-${P9K_CONTENT::=}${_p9k__n::=}${${${_p9k__bg:-0}:#NONE}:-${_p9k__n::=8}}${_p9k__n:=${${(M)${:-x$_p9k__bg}:#x(|0)}:+10}}${_p9k__n:=11}${_p9k__c::="${P9K_CONTENT}"}${_p9k__c::=${_p9k__c//
}}${_p9k__e::=${${_p9k__1r:+00}:-${${(%):-$_p9k__c%1(l.1.0)}[-1]}0}}}+}${${_p9k__e:#00}:+${_p9k_t[$_p9k__n]/<_p9k__w>/$_p9k__w}${_p9k__c}%b%k%f${${:-${_p9k__w::=%b%k%f}${_p9k__sss::=%b%k%f}${_p9k__i::=1}${_p9k__bg::=}}+}}${${:-"${${(%):-%j}:#0}"}:+${${:-${P9K_CONTENT::=""}${_p9k__n::=}${${${_p9k__bg:-0}:#NONE}:-${_p9k__n::=12}}${_p9k__n:=${${(M)${:-x$_p9k__bg}:#x(|0)}:+14}}${_p9k__n:=15}${_p9k__v::=}${_p9k__c::="${P9K_CONTENT}"}${_p9k__c::=${_p9k__c//
}}${_p9k__e::=${${_p9k__1rbackground_jobs+00}:-${${(%):-$_p9k__c%1(l.1.0)}[-1]}1}}}+}${${_p9k__e:#00}:+${_p9k_t[$_p9k__n]/<_p9k__w>/$_p9k__w}${_p9k__v}${${(M)_p9k__e:#11}:+ }${_p9k__c}%b%k%F{070\}${${:-${_p9k__w::=%b%k%F{070\}}${_p9k__sss::=%b%k%F{070\}}${_p9k__i::=3}${_p9k__bg::=}}+}}}${${:-"${${(%):-%#}:#\#}"}:+${${:-${P9K_CONTENT::=%n@%m}${_p9k__n::=}${${${_p9k__bg:-0}:#NONE}:-${_p9k__n::=16}}${_p9k__n:=${${(M)${:-x$_p9k__bg}:#x(|0)}:+18}}${_p9k__n:=19}${_p9k__c::=}${_p9k__c::=${_p9k__c//
}}${_p9k__e::=${${_p9k__1rcontext+00}:-${${(%):-$_p9k__c%1(l.1.0)}[-1]}0}}}+}${${_p9k__e:#00}:+${_p9k_t[$_p9k__n]/<_p9k__w>/$_p9k__w}${_p9k__c}%b%k%F{180\}${${:-${_p9k__w::=%b%k%F{180\}}${_p9k__sss::=%b%k%F{180\}}${_p9k__i::=31}${_p9k__bg::=}}+}}}${${:-"${${(%):-%#}:#\%}"}:+${${:-${P9K_CONTENT::=%B%n@%m}${_p9k__n::=}${${${_p9k__bg:-0}:#NONE}:-${_p9k__n::=20}}${_p9k__n:=${${(M)${:-x$_p9k__bg}:#x(|0)}:+22}}${_p9k__n:=23}${_p9k__c::="${P9K_CONTENT}"}${_p9k__c::=${_p9k__c//
}}${_p9k__e::=${${_p9k__1rcontext+00}:-${${(%):-$_p9k__c%1(l.1.0)}[-1]}0}}}+}${${_p9k__e:#00}:+${_p9k_t[$_p9k__n]/<_p9k__w>/$_p9k__w}${_p9k__c}%b%k%F{178\}${${:-${_p9k__w::=%b%k%F{178\}}${_p9k__sss::=%b%k%F{178\}}${_p9k__i::=31}${_p9k__bg::=}}+}}}${${:-${P9K_CONTENT::=10:41:32}${_p9k__n::=}${${${_p9k__bg:-0}:#NONE}:-${_p9k__n::=24}}${_p9k__n:=${${(M)${:-x$_p9k__bg}:#x(|0)}:+26}}${_p9k__n:=27}${_p9k__v::=}${_p9k__c::="${P9K_CONTENT}"}${_p9k__c::=${_p9k__c//
}}${_p9k__e::=${${_p9k__1rtime+00}:-${${(%):-$_p9k__c%1(l.1.0)}[-1]}1}}}+}${${_p9k__e:#00}:+${_p9k_t[$_p9k__n]/<_p9k__w>/$_p9k__w}${_p9k__v}${${(M)_p9k__e:#11}:+ }${_p9k__c}%b%k%F{066\}${${:-${_p9k__w::=%b%k%F{066\}}${_p9k__sss::=%b%k%F{066\}}${_p9k__i::=43}${_p9k__bg::=}}+}}$_p9k__sss%b%k%f}}${_p9k__lprompt::=${_p9k__1l-${${:-${_p9k__bg::=NONE}${_p9k__i::=0}${_p9k__sss::=%f }}+}${${:-${P9K_CONTENT::=}${_p9k__n::=}${${${_p9k__bg:-0}:#NONE}:-${_p9k__n::=28}}${_p9k__n:=${${(M)${:-x}:#x($_p9k__bg|${_p9k__bg:-0})}:+30}}${_p9k__n:=31}${_p9k__c::="${P9K_CONTENT}"}${_p9k__c::=${_p9k__c//
}}${_p9k__e::=${${_p9k__1los_icon+00}:-${${(%):-$_p9k__c%1(l.1.0)}[-1]}0}}}+}${${_p9k__e:#00}:+${${_p9k_t[$_p9k__n]/<_p9k__ss>/$_p9k__ss}/<_p9k__s>/$_p9k__s}${_p9k__c}%b%k%f${${:-${_p9k__s::=%F{\}}${_p9k__ss::= }${_p9k__sss::=%F{\} }${_p9k__i::=1}${_p9k__bg::=}}+}}${${:-${P9K_CONTENT::="%{d%}${:-"%B%F{039}"}${(Q)${:-"\\~"}}${:-"%b%k%F{031}"}/dev/${:-"%B%F{039}"}ROS2${:-"%b%k%F{031}"}%{d%}"}${_p9k__n::=}${${${_p9k__bg:-0}:#NONE}:-${_p9k__n::=84}}${_p9k__n:=${${(M)${:-x}:#x($_p9k__bg|${_p9k__bg:-0})}:+86}}${_p9k__n:=87}${_p9k__v::=}${_p9k__c::="${P9K_CONTENT}"}${_p9k__c::=${_p9k__c//
}}${_p9k__e::=${${_p9k__1ldir+00}:-${${(%):-$_p9k__c%1(l.1.0)}[-1]}1}}}+}${${_p9k__e:#00}:+${${_p9k_t[$_p9k__n]/<_p9k__ss>/$_p9k__ss}/<_p9k__s>/$_p9k__s}${_p9k__v}${${(M)_p9k__e:#11}:+ }${_p9k__c}%b%k%F{031\}${${:-${_p9k__s::=%F{\}}${_p9k__ss::= }${_p9k__sss::=%F{\} }${_p9k__i::=2}${_p9k__bg::=}}+}}${(e)_p9k__vcs}%b%k$_p9k__sss%b%k%f}}}+}${(e)_p9k_t[6]}${${_p9k__h::=0}+}${${_p9k__d::=$((_p9k__m-_p9k__h))}+}${_p9k__lprompt/\%\{d\%\}*\%\{d\%\}/${_p9k__1ldir-${:-"%B%F{039}"}${(Q)${:-"\\~"}}${:-"%b%k%F{031}"}/dev/${:-"%B%F{039}"}ROS2${:-"%b%k%F{031}"}}}${${_p9k__m::=$((_p9k__d+_p9k__h))}+}${${_p9k__g+
}:-${:-"%F{240}"}${${${_p9k__m:#-*}:+${${_p9k__1g+${(pl.$((_p9k__m+1)).. .)}}:-${(pl.$((_p9k__m+1))..·.)}}$_p9k__rprompt${_p9k_t[$((1+!_p9k__ind))]}}:-
}%b%k%f}}${_p9k__2-${_p9k__2l-${${:-${_p9k__bg::=NONE}${_p9k__i::=0}${_p9k__sss::=%f }}+}${${:-"${${:-$_p9k__keymap.$_p9k__zle_state}:#(vicmd.*|vivis.*|vivli.*|*.*overwrite*)}"}:+${${:-${P9K_CONTENT::=❯}${_p9k__n::=}${${${_p9k__bg:-0}:#NONE}:-${_p9k__n::=36}}${_p9k__n:=${${(M)${:-x}:#x($_p9k__bg|${_p9k__bg:-0})}:+38}}${_p9k__n:=39}${_p9k__c::="❯"}${_p9k__c::=${_p9k__c//
}}${_p9k__e::=${${_p9k__2lprompt_char+00}:-${${(%):-$_p9k__c%1(l.1.0)}[-1]}0}}}+}${${_p9k__e:#00}:+${${_p9k_t[$_p9k__n]/<_p9k__ss>/$_p9k__ss}/<_p9k__s>/$_p9k__s}${_p9k__c}%b%k%F{076\}${${:-${_p9k__s::=%F{\}}${_p9k__ss::= }${_p9k__sss::=%F{\}}${_p9k__i::=4}${_p9k__bg::=}}+}}}${${:-"${${:-$_p9k__keymap.$_p9k__zle_state}:#(vicmd.*|vivis.*|vivli.*|*.*insert*)}"}:+${${:-${P9K_CONTENT::=▶}${_p9k__n::=}${${${_p9k__bg:-0}:#NONE}:-${_p9k__n::=40}}${_p9k__n:=${${(M)${:-x}:#x($_p9k__bg|${_p9k__bg:-0})}:+42}}${_p9k__n:=43}${_p9k__c::="▶"}${_p9k__c::=${_p9k__c//
}}${_p9k__e::=${${_p9k__2lprompt_char+00}:-${${(%):-$_p9k__c%1(l.1.0)}[-1]}0}}}+}${${_p9k__e:#00}:+${${_p9k_t[$_p9k__n]/<_p9k__ss>/$_p9k__ss}/<_p9k__s>/$_p9k__s}${_p9k__c}%b%k%F{076\}${${:-${_p9k__s::=%F{\}}${_p9k__ss::= }${_p9k__sss::=%F{\}}${_p9k__i::=4}${_p9k__bg::=}}+}}}${${:-"${(M)${:-$_p9k__keymap$_p9k__region_active}:#vicmd0}"}:+${${:-${P9K_CONTENT::=❮}${_p9k__n::=}${${${_p9k__bg:-0}:#NONE}:-${_p9k__n::=44}}${_p9k__n:=${${(M)${:-x}:#x($_p9k__bg|${_p9k__bg:-0})}:+46}}${_p9k__n:=47}${_p9k__c::="❮"}${_p9k__c::=${_p9k__c//
}}${_p9k__e::=${${_p9k__2lprompt_char+00}:-${${(%):-$_p9k__c%1(l.1.0)}[-1]}0}}}+}${${_p9k__e:#00}:+${${_p9k_t[$_p9k__n]/<_p9k__ss>/$_p9k__ss}/<_p9k__s>/$_p9k__s}${_p9k__c}%b%k%F{076\}${${:-${_p9k__s::=%F{\}}${_p9k__ss::= }${_p9k__sss::=%F{\}}${_p9k__i::=4}${_p9k__bg::=}}+}}}${${:-"${(M)${:-$_p9k__keymap$_p9k__region_active}:#(vicmd1|vivis?|vivli?)}"}:+${${:-${P9K_CONTENT::=Ⅴ}${_p9k__n::=}${${${_p9k__bg:-0}:#NONE}:-${_p9k__n::=48}}${_p9k__n:=${${(M)${:-x}:#x($_p9k__bg|${_p9k__bg:-0})}:+50}}${_p9k__n:=51}${_p9k__c::="V"}${_p9k__c::=${_p9k__c//
}}${_p9k__e::=${${_p9k__2lprompt_char+00}:-${${(%):-$_p9k__c%1(l.1.0)}[-1]}0}}}+}${${_p9k__e:#00}:+${${_p9k_t[$_p9k__n]/<_p9k__ss>/$_p9k__ss}/<_p9k__s>/$_p9k__s}${_p9k__c}%b%k%F{076\}${${:-${_p9k__s::=%F{\}}${_p9k__ss::= }${_p9k__sss::=%F{\}}${_p9k__i::=4}${_p9k__bg::=}}+}}}%b%k$_p9k__sss%b%k%f${:-" %b%k%f"}}}${${COLUMNS::=$_p9k__clm}+} VIRTUAL_ENV_PROMPT=(ros2_env) /usr/bin/cmake --build /home/nazar/dev/ROS2/build/toxic_relationship -- -j8 -l8
[0.360s] Invoking command in '/home/nazar/dev/ROS2/build/toxic_relationship': CMAKE_PREFIX_PATH=${CMAKE_PREFIX_PATH}:/home/nazar/dev/ROS2/install/py_pubsub:/opt/ros/humble PS1=(ros2_env) ${$((_p9k_on_expand()))+}%{${_p9k__raw_msg-}${_p9k__raw_msg::=}%}${(e)_p9k_t[7]}${_p9k__1-${${:-${_p9k__d::=0}${_p9k__rprompt::=${_p9k__1r-${${:-${_p9k__bg::=NONE}${_p9k__i::=0}${_p9k__sss::=${(Q)${:-"%\\{%\\}"}}}}+}${${:-${P9K_CONTENT::=}${_p9k__n::=}${${${_p9k__bg:-0}:#NONE}:-${_p9k__n::=8}}${_p9k__n:=${${(M)${:-x$_p9k__bg}:#x(|0)}:+10}}${_p9k__n:=11}${_p9k__c::="${P9K_CONTENT}"}${_p9k__c::=${_p9k__c//
}}${_p9k__e::=${${_p9k__1r:+00}:-${${(%):-$_p9k__c%1(l.1.0)}[-1]}0}}}+}${${_p9k__e:#00}:+${_p9k_t[$_p9k__n]/<_p9k__w>/$_p9k__w}${_p9k__c}%b%k%f${${:-${_p9k__w::=%b%k%f}${_p9k__sss::=%b%k%f}${_p9k__i::=1}${_p9k__bg::=}}+}}${${:-"${${(%):-%j}:#0}"}:+${${:-${P9K_CONTENT::=""}${_p9k__n::=}${${${_p9k__bg:-0}:#NONE}:-${_p9k__n::=12}}${_p9k__n:=${${(M)${:-x$_p9k__bg}:#x(|0)}:+14}}${_p9k__n:=15}${_p9k__v::=}${_p9k__c::="${P9K_CONTENT}"}${_p9k__c::=${_p9k__c//
}}${_p9k__e::=${${_p9k__1rbackground_jobs+00}:-${${(%):-$_p9k__c%1(l.1.0)}[-1]}1}}}+}${${_p9k__e:#00}:+${_p9k_t[$_p9k__n]/<_p9k__w>/$_p9k__w}${_p9k__v}${${(M)_p9k__e:#11}:+ }${_p9k__c}%b%k%F{070\}${${:-${_p9k__w::=%b%k%F{070\}}${_p9k__sss::=%b%k%F{070\}}${_p9k__i::=3}${_p9k__bg::=}}+}}}${${:-"${${(%):-%#}:#\#}"}:+${${:-${P9K_CONTENT::=%n@%m}${_p9k__n::=}${${${_p9k__bg:-0}:#NONE}:-${_p9k__n::=16}}${_p9k__n:=${${(M)${:-x$_p9k__bg}:#x(|0)}:+18}}${_p9k__n:=19}${_p9k__c::=}${_p9k__c::=${_p9k__c//
}}${_p9k__e::=${${_p9k__1rcontext+00}:-${${(%):-$_p9k__c%1(l.1.0)}[-1]}0}}}+}${${_p9k__e:#00}:+${_p9k_t[$_p9k__n]/<_p9k__w>/$_p9k__w}${_p9k__c}%b%k%F{180\}${${:-${_p9k__w::=%b%k%F{180\}}${_p9k__sss::=%b%k%F{180\}}${_p9k__i::=31}${_p9k__bg::=}}+}}}${${:-"${${(%):-%#}:#\%}"}:+${${:-${P9K_CONTENT::=%B%n@%m}${_p9k__n::=}${${${_p9k__bg:-0}:#NONE}:-${_p9k__n::=20}}${_p9k__n:=${${(M)${:-x$_p9k__bg}:#x(|0)}:+22}}${_p9k__n:=23}${_p9k__c::="${P9K_CONTENT}"}${_p9k__c::=${_p9k__c//
}}${_p9k__e::=${${_p9k__1rcontext+00}:-${${(%):-$_p9k__c%1(l.1.0)}[-1]}0}}}+}${${_p9k__e:#00}:+${_p9k_t[$_p9k__n]/<_p9k__w>/$_p9k__w}${_p9k__c}%b%k%F{178\}${${:-${_p9k__w::=%b%k%F{178\}}${_p9k__sss::=%b%k%F{178\}}${_p9k__i::=31}${_p9k__bg::=}}+}}}${${:-${P9K_CONTENT::=10:41:32}${_p9k__n::=}${${${_p9k__bg:-0}:#NONE}:-${_p9k__n::=24}}${_p9k__n:=${${(M)${:-x$_p9k__bg}:#x(|0)}:+26}}${_p9k__n:=27}${_p9k__v::=}${_p9k__c::="${P9K_CONTENT}"}${_p9k__c::=${_p9k__c//
}}${_p9k__e::=${${_p9k__1rtime+00}:-${${(%):-$_p9k__c%1(l.1.0)}[-1]}1}}}+}${${_p9k__e:#00}:+${_p9k_t[$_p9k__n]/<_p9k__w>/$_p9k__w}${_p9k__v}${${(M)_p9k__e:#11}:+ }${_p9k__c}%b%k%F{066\}${${:-${_p9k__w::=%b%k%F{066\}}${_p9k__sss::=%b%k%F{066\}}${_p9k__i::=43}${_p9k__bg::=}}+}}$_p9k__sss%b%k%f}}${_p9k__lprompt::=${_p9k__1l-${${:-${_p9k__bg::=NONE}${_p9k__i::=0}${_p9k__sss::=%f }}+}${${:-${P9K_CONTENT::=}${_p9k__n::=}${${${_p9k__bg:-0}:#NONE}:-${_p9k__n::=28}}${_p9k__n:=${${(M)${:-x}:#x($_p9k__bg|${_p9k__bg:-0})}:+30}}${_p9k__n:=31}${_p9k__c::="${P9K_CONTENT}"}${_p9k__c::=${_p9k__c//
}}${_p9k__e::=${${_p9k__1los_icon+00}:-${${(%):-$_p9k__c%1(l.1.0)}[-1]}0}}}+}${${_p9k__e:#00}:+${${_p9k_t[$_p9k__n]/<_p9k__ss>/$_p9k__ss}/<_p9k__s>/$_p9k__s}${_p9k__c}%b%k%f${${:-${_p9k__s::=%F{\}}${_p9k__ss::= }${_p9k__sss::=%F{\} }${_p9k__i::=1}${_p9k__bg::=}}+}}${${:-${P9K_CONTENT::="%{d%}${:-"%B%F{039}"}${(Q)${:-"\\~"}}${:-"%b%k%F{031}"}/dev/${:-"%B%F{039}"}ROS2${:-"%b%k%F{031}"}%{d%}"}${_p9k__n::=}${${${_p9k__bg:-0}:#NONE}:-${_p9k__n::=84}}${_p9k__n:=${${(M)${:-x}:#x($_p9k__bg|${_p9k__bg:-0})}:+86}}${_p9k__n:=87}${_p9k__v::=}${_p9k__c::="${P9K_CONTENT}"}${_p9k__c::=${_p9k__c//
}}${_p9k__e::=${${_p9k__1ldir+00}:-${${(%):-$_p9k__c%1(l.1.0)}[-1]}1}}}+}${${_p9k__e:#00}:+${${_p9k_t[$_p9k__n]/<_p9k__ss>/$_p9k__ss}/<_p9k__s>/$_p9k__s}${_p9k__v}${${(M)_p9k__e:#11}:+ }${_p9k__c}%b%k%F{031\}${${:-${_p9k__s::=%F{\}}${_p9k__ss::= }${_p9k__sss::=%F{\} }${_p9k__i::=2}${_p9k__bg::=}}+}}${(e)_p9k__vcs}%b%k$_p9k__sss%b%k%f}}}+}${(e)_p9k_t[6]}${${_p9k__h::=0}+}${${_p9k__d::=$((_p9k__m-_p9k__h))}+}${_p9k__lprompt/\%\{d\%\}*\%\{d\%\}/${_p9k__1ldir-${:-"%B%F{039}"}${(Q)${:-"\\~"}}${:-"%b%k%F{031}"}/dev/${:-"%B%F{039}"}ROS2${:-"%b%k%F{031}"}}}${${_p9k__m::=$((_p9k__d+_p9k__h))}+}${${_p9k__g+
}:-${:-"%F{240}"}${${${_p9k__m:#-*}:+${${_p9k__1g+${(pl.$((_p9k__m+1)).. .)}}:-${(pl.$((_p9k__m+1))..·.)}}$_p9k__rprompt${_p9k_t[$((1+!_p9k__ind))]}}:-
}%b%k%f}}${_p9k__2-${_p9k__2l-${${:-${_p9k__bg::=NONE}${_p9k__i::=0}${_p9k__sss::=%f }}+}${${:-"${${:-$_p9k__keymap.$_p9k__zle_state}:#(vicmd.*|vivis.*|vivli.*|*.*overwrite*)}"}:+${${:-${P9K_CONTENT::=❯}${_p9k__n::=}${${${_p9k__bg:-0}:#NONE}:-${_p9k__n::=36}}${_p9k__n:=${${(M)${:-x}:#x($_p9k__bg|${_p9k__bg:-0})}:+38}}${_p9k__n:=39}${_p9k__c::="❯"}${_p9k__c::=${_p9k__c//
}}${_p9k__e::=${${_p9k__2lprompt_char+00}:-${${(%):-$_p9k__c%1(l.1.0)}[-1]}0}}}+}${${_p9k__e:#00}:+${${_p9k_t[$_p9k__n]/<_p9k__ss>/$_p9k__ss}/<_p9k__s>/$_p9k__s}${_p9k__c}%b%k%F{076\}${${:-${_p9k__s::=%F{\}}${_p9k__ss::= }${_p9k__sss::=%F{\}}${_p9k__i::=4}${_p9k__bg::=}}+}}}${${:-"${${:-$_p9k__keymap.$_p9k__zle_state}:#(vicmd.*|vivis.*|vivli.*|*.*insert*)}"}:+${${:-${P9K_CONTENT::=▶}${_p9k__n::=}${${${_p9k__bg:-0}:#NONE}:-${_p9k__n::=40}}${_p9k__n:=${${(M)${:-x}:#x($_p9k__bg|${_p9k__bg:-0})}:+42}}${_p9k__n:=43}${_p9k__c::="▶"}${_p9k__c::=${_p9k__c//
}}${_p9k__e::=${${_p9k__2lprompt_char+00}:-${${(%):-$_p9k__c%1(l.1.0)}[-1]}0}}}+}${${_p9k__e:#00}:+${${_p9k_t[$_p9k__n]/<_p9k__ss>/$_p9k__ss}/<_p9k__s>/$_p9k__s}${_p9k__c}%b%k%F{076\}${${:-${_p9k__s::=%F{\}}${_p9k__ss::= }${_p9k__sss::=%F{\}}${_p9k__i::=4}${_p9k__bg::=}}+}}}${${:-"${(M)${:-$_p9k__keymap$_p9k__region_active}:#vicmd0}"}:+${${:-${P9K_CONTENT::=❮}${_p9k__n::=}${${${_p9k__bg:-0}:#NONE}:-${_p9k__n::=44}}${_p9k__n:=${${(M)${:-x}:#x($_p9k__bg|${_p9k__bg:-0})}:+46}}${_p9k__n:=47}${_p9k__c::="❮"}${_p9k__c::=${_p9k__c//
}}${_p9k__e::=${${_p9k__2lprompt_char+00}:-${${(%):-$_p9k__c%1(l.1.0)}[-1]}0}}}+}${${_p9k__e:#00}:+${${_p9k_t[$_p9k__n]/<_p9k__ss>/$_p9k__ss}/<_p9k__s>/$_p9k__s}${_p9k__c}%b%k%F{076\}${${:-${_p9k__s::=%F{\}}${_p9k__ss::= }${_p9k__sss::=%F{\}}${_p9k__i::=4}${_p9k__bg::=}}+}}}${${:-"${(M)${:-$_p9k__keymap$_p9k__region_active}:#(vicmd1|vivis?|vivli?)}"}:+${${:-${P9K_CONTENT::=Ⅴ}${_p9k__n::=}${${${_p9k__bg:-0}:#NONE}:-${_p9k__n::=48}}${_p9k__n:=${${(M)${:-x}:#x($_p9k__bg|${_p9k__bg:-0})}:+50}}${_p9k__n:=51}${_p9k__c::="V"}${_p9k__c::=${_p9k__c//
}}${_p9k__e::=${${_p9k__2lprompt_char+00}:-${${(%):-$_p9k__c%1(l.1.0)}[-1]}0}}}+}${${_p9k__e:#00}:+${${_p9k_t[$_p9k__n]/<_p9k__ss>/$_p9k__ss}/<_p9k__s>/$_p9k__s}${_p9k__c}%b%k%F{076\}${${:-${_p9k__s::=%F{\}}${_p9k__ss::= }${_p9k__sss::=%F{\}}${_p9k__i::=4}${_p9k__bg::=}}+}}}%b%k$_p9k__sss%b%k%f${:-" %b%k%f"}}}${${COLUMNS::=$_p9k__clm}+} VIRTUAL_ENV_PROMPT=(ros2_env) /usr/bin/cmake --install /home/nazar/dev/ROS2/build/toxic_relationship
[0.366s] -- Install configuration: ""
[0.367s] -- Up-to-date: /home/nazar/dev/ROS2/install/toxic_relationship/share/ament_index/resource_index/rosidl_interfaces/toxic_relationship
[0.367s] -- Up-to-date: /home/nazar/dev/ROS2/install/toxic_relationship/include/toxic_relationship/toxic_relationship
[0.367s] -- Up-to-date: /home/nazar/dev/ROS2/install/toxic_relationship/include/toxic_relationship/toxic_relationship/action
[0.367s] -- Up-to-date: /home/nazar/dev/ROS2/install/toxic_relationship/include/toxic_relationship/toxic_relationship/action/toxic_relationship.h
[0.367s] -- Up-to-date: /home/nazar/dev/ROS2/install/toxic_relationship/include/toxic_relationship/toxic_relationship/action/detail
[0.367s] -- Up-to-date: /home/nazar/dev/ROS2/install/toxic_relationship/include/toxic_relationship/toxic_relationship/action/detail/toxic_relationship__functions.h
[0.367s] -- Up-to-date: /home/nazar/dev/ROS2/install/toxic_relationship/include/toxic_relationship/toxic_relationship/action/detail/toxic_relationship__struct.h
[0.367s] -- Up-to-date: /home/nazar/dev/ROS2/install/toxic_relationship/include/toxic_relationship/toxic_relationship/action/detail/toxic_relationship__type_support.h
[0.367s] -- Up-to-date: /home/nazar/dev/ROS2/install/toxic_relationship/include/toxic_relationship/toxic_relationship/action/detail/toxic_relationship__functions.c
[0.368s] -- Up-to-date: /home/nazar/dev/ROS2/install/toxic_relationship/include/toxic_relationship/toxic_relationship/msg
[0.368s] -- Up-to-date: /home/nazar/dev/ROS2/install/toxic_relationship/include/toxic_relationship/toxic_relationship/msg/rosidl_generator_c__visibility_control.h
[0.368s] -- Up-to-date: /home/nazar/dev/ROS2/install/toxic_relationship/share/toxic_relationship/environment/library_path.sh
[0.368s] -- Up-to-date: /home/nazar/dev/ROS2/install/toxic_relationship/share/toxic_relationship/environment/library_path.dsv
[0.368s] -- Up-to-date: /home/nazar/dev/ROS2/install/toxic_relationship/lib/libtoxic_relationship__rosidl_generator_c.so
[0.368s] -- Up-to-date: /home/nazar/dev/ROS2/install/toxic_relationship/include/toxic_relationship/toxic_relationship
[0.368s] -- Up-to-date: /home/nazar/dev/ROS2/install/toxic_relationship/include/toxic_relationship/toxic_relationship/action
[0.368s] -- Up-to-date: /home/nazar/dev/ROS2/install/toxic_relationship/include/toxic_relationship/toxic_relationship/action/detail
[0.368s] -- Up-to-date: /home/nazar/dev/ROS2/install/toxic_relationship/include/toxic_relationship/toxic_relationship/action/detail/toxic_relationship__rosidl_typesupport_fastrtps_c.h
[0.369s] -- Up-to-date: /home/nazar/dev/ROS2/install/toxic_relationship/include/toxic_relationship/toxic_relationship/msg
[0.369s] -- Up-to-date: /home/nazar/dev/ROS2/install/toxic_relationship/include/toxic_relationship/toxic_relationship/msg/rosidl_typesupport_fastrtps_c__visibility_control.h
[0.369s] -- Up-to-date: /home/nazar/dev/ROS2/install/toxic_relationship/lib/libtoxic_relationship__rosidl_typesupport_fastrtps_c.so
[0.369s] -- Up-to-date: /home/nazar/dev/ROS2/install/toxic_relationship/include/toxic_relationship/toxic_relationship
[0.369s] -- Up-to-date: /home/nazar/dev/ROS2/install/toxic_relationship/include/toxic_relationship/toxic_relationship/action
[0.369s] -- Up-to-date: /home/nazar/dev/ROS2/install/toxic_relationship/include/toxic_relationship/toxic_relationship/action/detail
[0.369s] -- Up-to-date: /home/nazar/dev/ROS2/install/toxic_relationship/include/toxic_relationship/toxic_relationship/action/detail/toxic_relationship__traits.hpp
[0.369s] -- Up-to-date: /home/nazar/dev/ROS2/install/toxic_relationship/include/toxic_relationship/toxic_relationship/action/detail/toxic_relationship__struct.hpp
[0.369s] -- Up-to-date: /home/nazar/dev/ROS2/install/toxic_relationship/include/toxic_relationship/toxic_relationship/action/detail/toxic_relationship__builder.hpp
[0.370s] -- Up-to-date: /home/nazar/dev/ROS2/install/toxic_relationship/include/toxic_relationship/toxic_relationship/action/toxic_relationship.hpp
[0.370s] -- Up-to-date: /home/nazar/dev/ROS2/install/toxic_relationship/include/toxic_relationship/toxic_relationship
[0.370s] -- Up-to-date: /home/nazar/dev/ROS2/install/toxic_relationship/include/toxic_relationship/toxic_relationship/action
[0.370s] -- Up-to-date: /home/nazar/dev/ROS2/install/toxic_relationship/include/toxic_relationship/toxic_relationship/action/detail
[0.370s] -- Up-to-date: /home/nazar/dev/ROS2/install/toxic_relationship/include/toxic_relationship/toxic_relationship/action/detail/toxic_relationship__rosidl_typesupport_fastrtps_cpp.hpp
[0.370s] -- Up-to-date: /home/nazar/dev/ROS2/install/toxic_relationship/include/toxic_relationship/toxic_relationship/action/detail/dds_fastrtps
[0.370s] -- Up-to-date: /home/nazar/dev/ROS2/install/toxic_relationship/include/toxic_relationship/toxic_relationship/msg
[0.370s] -- Up-to-date: /home/nazar/dev/ROS2/install/toxic_relationship/include/toxic_relationship/toxic_relationship/msg/rosidl_typesupport_fastrtps_cpp__visibility_control.h
[0.370s] -- Up-to-date: /home/nazar/dev/ROS2/install/toxic_relationship/lib/libtoxic_relationship__rosidl_typesupport_fastrtps_cpp.so
[0.371s] -- Up-to-date: /home/nazar/dev/ROS2/install/toxic_relationship/include/toxic_relationship/toxic_relationship
[0.371s] -- Up-to-date: /home/nazar/dev/ROS2/install/toxic_relationship/include/toxic_relationship/toxic_relationship/action
[0.371s] -- Up-to-date: /home/nazar/dev/ROS2/install/toxic_relationship/include/toxic_relationship/toxic_relationship/action/detail
[0.371s] -- Up-to-date: /home/nazar/dev/ROS2/install/toxic_relationship/include/toxic_relationship/toxic_relationship/action/detail/toxic_relationship__rosidl_typesupport_introspection_c.h
[0.371s] -- Up-to-date: /home/nazar/dev/ROS2/install/toxic_relationship/include/toxic_relationship/toxic_relationship/action/detail/toxic_relationship__type_support.c
[0.371s] -- Up-to-date: /home/nazar/dev/ROS2/install/toxic_relationship/include/toxic_relationship/toxic_relationship/msg
[0.371s] -- Up-to-date: /home/nazar/dev/ROS2/install/toxic_relationship/include/toxic_relationship/toxic_relationship/msg/rosidl_typesupport_introspection_c__visibility_control.h
[0.371s] -- Up-to-date: /home/nazar/dev/ROS2/install/toxic_relationship/lib/libtoxic_relationship__rosidl_typesupport_introspection_c.so
[0.371s] -- Up-to-date: /home/nazar/dev/ROS2/install/toxic_relationship/lib/libtoxic_relationship__rosidl_typesupport_c.so
[0.371s] -- Up-to-date: /home/nazar/dev/ROS2/install/toxic_relationship/include/toxic_relationship/toxic_relationship
[0.372s] -- Up-to-date: /home/nazar/dev/ROS2/install/toxic_relationship/include/toxic_relationship/toxic_relationship/action
[0.372s] -- Up-to-date: /home/nazar/dev/ROS2/install/toxic_relationship/include/toxic_relationship/toxic_relationship/action/detail
[0.372s] -- Up-to-date: /home/nazar/dev/ROS2/install/toxic_relationship/include/toxic_relationship/toxic_relationship/action/detail/toxic_relationship__type_support.cpp
[0.372s] -- Up-to-date: /home/nazar/dev/ROS2/install/toxic_relationship/include/toxic_relationship/toxic_relationship/action/detail/toxic_relationship__rosidl_typesupport_introspection_cpp.hpp
[0.372s] -- Up-to-date: /home/nazar/dev/ROS2/install/toxic_relationship/lib/libtoxic_relationship__rosidl_typesupport_introspection_cpp.so
[0.372s] -- Up-to-date: /home/nazar/dev/ROS2/install/toxic_relationship/lib/libtoxic_relationship__rosidl_typesupport_cpp.so
[0.372s] -- Up-to-date: /home/nazar/dev/ROS2/install/toxic_relationship/share/toxic_relationship/environment/pythonpath.sh
[0.372s] -- Up-to-date: /home/nazar/dev/ROS2/install/toxic_relationship/share/toxic_relationship/environment/pythonpath.dsv
[0.373s] -- Up-to-date: /home/nazar/dev/ROS2/install/toxic_relationship/lib/python3.10/site-packages/toxic_relationship-0.0.0-py3.10.egg-info
[0.373s] -- Installing: /home/nazar/dev/ROS2/install/toxic_relationship/lib/python3.10/site-packages/toxic_relationship-0.0.0-py3.10.egg-info/top_level.txt
[0.373s] -- Installing: /home/nazar/dev/ROS2/install/toxic_relationship/lib/python3.10/site-packages/toxic_relationship-0.0.0-py3.10.egg-info/SOURCES.txt
[0.373s] -- Installing: /home/nazar/dev/ROS2/install/toxic_relationship/lib/python3.10/site-packages/toxic_relationship-0.0.0-py3.10.egg-info/PKG-INFO
[0.373s] -- Installing: /home/nazar/dev/ROS2/install/toxic_relationship/lib/python3.10/site-packages/toxic_relationship-0.0.0-py3.10.egg-info/dependency_links.txt
[0.373s] -- Up-to-date: /home/nazar/dev/ROS2/install/toxic_relationship/lib/python3.10/site-packages/toxic_relationship
[0.373s] -- Up-to-date: /home/nazar/dev/ROS2/install/toxic_relationship/lib/python3.10/site-packages/toxic_relationship/toxic_relationship_s__rosidl_typesupport_c.cpython-310-x86_64-linux-gnu.so
[0.373s] -- Up-to-date: /home/nazar/dev/ROS2/install/toxic_relationship/lib/python3.10/site-packages/toxic_relationship/_toxic_relationship_s.ep.rosidl_typesupport_introspection_c.c
[0.373s] -- Up-to-date: /home/nazar/dev/ROS2/install/toxic_relationship/lib/python3.10/site-packages/toxic_relationship/toxic_relationship_s__rosidl_typesupport_fastrtps_c.cpython-310-x86_64-linux-gnu.so
[0.373s] -- Up-to-date: /home/nazar/dev/ROS2/install/toxic_relationship/lib/python3.10/site-packages/toxic_relationship/_toxic_relationship_s.ep.rosidl_typesupport_c.c
[0.373s] -- Up-to-date: /home/nazar/dev/ROS2/install/toxic_relationship/lib/python3.10/site-packages/toxic_relationship/libtoxic_relationship__rosidl_generator_py.so
[0.374s] -- Up-to-date: /home/nazar/dev/ROS2/install/toxic_relationship/lib/python3.10/site-packages/toxic_relationship/action
[0.374s] -- Up-to-date: /home/nazar/dev/ROS2/install/toxic_relationship/lib/python3.10/site-packages/toxic_relationship/action/_toxic_relationship_s.c
[0.374s] -- Up-to-date: /home/nazar/dev/ROS2/install/toxic_relationship/lib/python3.10/site-packages/toxic_relationship/action/_toxic_relationship.py
[0.374s] -- Up-to-date: /home/nazar/dev/ROS2/install/toxic_relationship/lib/python3.10/site-packages/toxic_relationship/action/__init__.py
[0.374s] -- Up-to-date: /home/nazar/dev/ROS2/install/toxic_relationship/lib/python3.10/site-packages/toxic_relationship/__init__.py
[0.374s] -- Up-to-date: /home/nazar/dev/ROS2/install/toxic_relationship/lib/python3.10/site-packages/toxic_relationship/_toxic_relationship_s.ep.rosidl_typesupport_fastrtps_c.c
[0.374s] -- Up-to-date: /home/nazar/dev/ROS2/install/toxic_relationship/lib/python3.10/site-packages/toxic_relationship/toxic_relationship_s__rosidl_typesupport_introspection_c.cpython-310-x86_64-linux-gnu.so
[0.400s] Listing '/home/nazar/dev/ROS2/install/toxic_relationship/lib/python3.10/site-packages/toxic_relationship'...
[0.400s] Listing '/home/nazar/dev/ROS2/install/toxic_relationship/lib/python3.10/site-packages/toxic_relationship/action'...
[0.403s] -- Up-to-date: /home/nazar/dev/ROS2/install/toxic_relationship/lib/python3.10/site-packages/toxic_relationship/toxic_relationship_s__rosidl_typesupport_fastrtps_c.cpython-310-x86_64-linux-gnu.so
[0.403s] -- Up-to-date: /home/nazar/dev/ROS2/install/toxic_relationship/lib/python3.10/site-packages/toxic_relationship/toxic_relationship_s__rosidl_typesupport_introspection_c.cpython-310-x86_64-linux-gnu.so
[0.404s] -- Up-to-date: /home/nazar/dev/ROS2/install/toxic_relationship/lib/python3.10/site-packages/toxic_relationship/toxic_relationship_s__rosidl_typesupport_c.cpython-310-x86_64-linux-gnu.so
[0.404s] -- Up-to-date: /home/nazar/dev/ROS2/install/toxic_relationship/lib/libtoxic_relationship__rosidl_generator_py.so
[0.404s] -- Up-to-date: /home/nazar/dev/ROS2/install/toxic_relationship/share/toxic_relationship/action/ToxicRelationship.idl
[0.404s] -- Up-to-date: /home/nazar/dev/ROS2/install/toxic_relationship/share/toxic_relationship/action/ToxicRelationship.action
[0.405s] -- Up-to-date: /home/nazar/dev/ROS2/install/toxic_relationship/share/ament_index/resource_index/package_run_dependencies/toxic_relationship
[0.405s] -- Up-to-date: /home/nazar/dev/ROS2/install/toxic_relationship/share/ament_index/resource_index/parent_prefix_path/toxic_relationship
[0.405s] -- Up-to-date: /home/nazar/dev/ROS2/install/toxic_relationship/share/toxic_relationship/environment/ament_prefix_path.sh
[0.405s] -- Up-to-date: /home/nazar/dev/ROS2/install/toxic_relationship/share/toxic_relationship/environment/ament_prefix_path.dsv
[0.405s] -- Up-to-date: /home/nazar/dev/ROS2/install/toxic_relationship/share/toxic_relationship/environment/path.sh
[0.405s] -- Up-to-date: /home/nazar/dev/ROS2/install/toxic_relationship/share/toxic_relationship/environment/path.dsv
[0.405s] -- Up-to-date: /home/nazar/dev/ROS2/install/toxic_relationship/share/toxic_relationship/local_setup.bash
[0.405s] -- Up-to-date: /home/nazar/dev/ROS2/install/toxic_relationship/share/toxic_relationship/local_setup.sh
[0.406s] -- Up-to-date: /home/nazar/dev/ROS2/install/toxic_relationship/share/toxic_relationship/local_setup.zsh
[0.406s] -- Up-to-date: /home/nazar/dev/ROS2/install/toxic_relationship/share/toxic_relationship/local_setup.dsv
[0.406s] -- Installing: /home/nazar/dev/ROS2/install/toxic_relationship/share/toxic_relationship/package.dsv
[0.406s] -- Up-to-date: /home/nazar/dev/ROS2/install/toxic_relationship/share/ament_index/resource_index/packages/toxic_relationship
[0.406s] -- Up-to-date: /home/nazar/dev/ROS2/install/toxic_relationship/share/toxic_relationship/cmake/export_toxic_relationship__rosidl_generator_cExport.cmake
[0.406s] -- Up-to-date: /home/nazar/dev/ROS2/install/toxic_relationship/share/toxic_relationship/cmake/export_toxic_relationship__rosidl_generator_cExport-noconfig.cmake
[0.406s] -- Up-to-date: /home/nazar/dev/ROS2/install/toxic_relationship/share/toxic_relationship/cmake/export_toxic_relationship__rosidl_typesupport_fastrtps_cExport.cmake
[0.406s] -- Up-to-date: /home/nazar/dev/ROS2/install/toxic_relationship/share/toxic_relationship/cmake/export_toxic_relationship__rosidl_typesupport_fastrtps_cExport-noconfig.cmake
[0.406s] -- Up-to-date: /home/nazar/dev/ROS2/install/toxic_relationship/share/toxic_relationship/cmake/export_toxic_relationship__rosidl_generator_cppExport.cmake
[0.407s] -- Up-to-date: /home/nazar/dev/ROS2/install/toxic_relationship/share/toxic_relationship/cmake/export_toxic_relationship__rosidl_typesupport_fastrtps_cppExport.cmake
[0.407s] -- Up-to-date: /home/nazar/dev/ROS2/install/toxic_relationship/share/toxic_relationship/cmake/export_toxic_relationship__rosidl_typesupport_fastrtps_cppExport-noconfig.cmake
[0.407s] -- Up-to-date: /home/nazar/dev/ROS2/install/toxic_relationship/share/toxic_relationship/cmake/toxic_relationship__rosidl_typesupport_introspection_cExport.cmake
[0.407s] -- Up-to-date: /home/nazar/dev/ROS2/install/toxic_relationship/share/toxic_relationship/cmake/toxic_relationship__rosidl_typesupport_introspection_cExport-noconfig.cmake
[0.407s] -- Up-to-date: /home/nazar/dev/ROS2/install/toxic_relationship/share/toxic_relationship/cmake/toxic_relationship__rosidl_typesupport_cExport.cmake
[0.407s] -- Up-to-date: /home/nazar/dev/ROS2/install/toxic_relationship/share/toxic_relationship/cmake/toxic_relationship__rosidl_typesupport_cExport-noconfig.cmake
[0.407s] -- Up-to-date: /home/nazar/dev/ROS2/install/toxic_relationship/share/toxic_relationship/cmake/toxic_relationship__rosidl_typesupport_introspection_cppExport.cmake
[0.407s] -- Up-to-date: /home/nazar/dev/ROS2/install/toxic_relationship/share/toxic_relationship/cmake/toxic_relationship__rosidl_typesupport_introspection_cppExport-noconfig.cmake
[0.408s] -- Up-to-date: /home/nazar/dev/ROS2/install/toxic_relationship/share/toxic_relationship/cmake/toxic_relationship__rosidl_typesupport_cppExport.cmake
[0.408s] -- Up-to-date: /home/nazar/dev/ROS2/install/toxic_relationship/share/toxic_relationship/cmake/toxic_relationship__rosidl_typesupport_cppExport-noconfig.cmake
[0.408s] -- Up-to-date: /home/nazar/dev/ROS2/install/toxic_relationship/share/toxic_relationship/cmake/export_toxic_relationship__rosidl_generator_pyExport.cmake
[0.408s] -- Up-to-date: /home/nazar/dev/ROS2/install/toxic_relationship/share/toxic_relationship/cmake/export_toxic_relationship__rosidl_generator_pyExport-noconfig.cmake
[0.408s] -- Up-to-date: /home/nazar/dev/ROS2/install/toxic_relationship/share/toxic_relationship/cmake/rosidl_cmake-extras.cmake
[0.408s] -- Up-to-date: /home/nazar/dev/ROS2/install/toxic_relationship/share/toxic_relationship/cmake/ament_cmake_export_dependencies-extras.cmake
[0.408s] -- Up-to-date: /home/nazar/dev/ROS2/install/toxic_relationship/share/toxic_relationship/cmake/ament_cmake_export_include_directories-extras.cmake
[0.408s] -- Up-to-date: /home/nazar/dev/ROS2/install/toxic_relationship/share/toxic_relationship/cmake/ament_cmake_export_libraries-extras.cmake
[0.408s] -- Up-to-date: /home/nazar/dev/ROS2/install/toxic_relationship/share/toxic_relationship/cmake/ament_cmake_export_targets-extras.cmake
[0.408s] -- Up-to-date: /home/nazar/dev/ROS2/install/toxic_relationship/share/toxic_relationship/cmake/rosidl_cmake_export_typesupport_targets-extras.cmake
[0.408s] -- Up-to-date: /home/nazar/dev/ROS2/install/toxic_relationship/share/toxic_relationship/cmake/rosidl_cmake_export_typesupport_libraries-extras.cmake
[0.408s] -- Up-to-date: /home/nazar/dev/ROS2/install/toxic_relationship/share/toxic_relationship/cmake/toxic_relationshipConfig.cmake
[0.409s] -- Up-to-date: /home/nazar/dev/ROS2/install/toxic_relationship/share/toxic_relationship/cmake/toxic_relationshipConfig-version.cmake
[0.409s] -- Up-to-date: /home/nazar/dev/ROS2/install/toxic_relationship/share/toxic_relationship/package.xml
[0.410s] Invoked command in '/home/nazar/dev/ROS2/build/toxic_relationship' returned '0': CMAKE_PREFIX_PATH=${CMAKE_PREFIX_PATH}:/home/nazar/dev/ROS2/install/py_pubsub:/opt/ros/humble PS1=(ros2_env) ${$((_p9k_on_expand()))+}%{${_p9k__raw_msg-}${_p9k__raw_msg::=}%}${(e)_p9k_t[7]}${_p9k__1-${${:-${_p9k__d::=0}${_p9k__rprompt::=${_p9k__1r-${${:-${_p9k__bg::=NONE}${_p9k__i::=0}${_p9k__sss::=${(Q)${:-"%\\{%\\}"}}}}+}${${:-${P9K_CONTENT::=}${_p9k__n::=}${${${_p9k__bg:-0}:#NONE}:-${_p9k__n::=8}}${_p9k__n:=${${(M)${:-x$_p9k__bg}:#x(|0)}:+10}}${_p9k__n:=11}${_p9k__c::="${P9K_CONTENT}"}${_p9k__c::=${_p9k__c//
}}${_p9k__e::=${${_p9k__1r:+00}:-${${(%):-$_p9k__c%1(l.1.0)}[-1]}0}}}+}${${_p9k__e:#00}:+${_p9k_t[$_p9k__n]/<_p9k__w>/$_p9k__w}${_p9k__c}%b%k%f${${:-${_p9k__w::=%b%k%f}${_p9k__sss::=%b%k%f}${_p9k__i::=1}${_p9k__bg::=}}+}}${${:-"${${(%):-%j}:#0}"}:+${${:-${P9K_CONTENT::=""}${_p9k__n::=}${${${_p9k__bg:-0}:#NONE}:-${_p9k__n::=12}}${_p9k__n:=${${(M)${:-x$_p9k__bg}:#x(|0)}:+14}}${_p9k__n:=15}${_p9k__v::=}${_p9k__c::="${P9K_CONTENT}"}${_p9k__c::=${_p9k__c//
}}${_p9k__e::=${${_p9k__1rbackground_jobs+00}:-${${(%):-$_p9k__c%1(l.1.0)}[-1]}1}}}+}${${_p9k__e:#00}:+${_p9k_t[$_p9k__n]/<_p9k__w>/$_p9k__w}${_p9k__v}${${(M)_p9k__e:#11}:+ }${_p9k__c}%b%k%F{070\}${${:-${_p9k__w::=%b%k%F{070\}}${_p9k__sss::=%b%k%F{070\}}${_p9k__i::=3}${_p9k__bg::=}}+}}}${${:-"${${(%):-%#}:#\#}"}:+${${:-${P9K_CONTENT::=%n@%m}${_p9k__n::=}${${${_p9k__bg:-0}:#NONE}:-${_p9k__n::=16}}${_p9k__n:=${${(M)${:-x$_p9k__bg}:#x(|0)}:+18}}${_p9k__n:=19}${_p9k__c::=}${_p9k__c::=${_p9k__c//
}}${_p9k__e::=${${_p9k__1rcontext+00}:-${${(%):-$_p9k__c%1(l.1.0)}[-1]}0}}}+}${${_p9k__e:#00}:+${_p9k_t[$_p9k__n]/<_p9k__w>/$_p9k__w}${_p9k__c}%b%k%F{180\}${${:-${_p9k__w::=%b%k%F{180\}}${_p9k__sss::=%b%k%F{180\}}${_p9k__i::=31}${_p9k__bg::=}}+}}}${${:-"${${(%):-%#}:#\%}"}:+${${:-${P9K_CONTENT::=%B%n@%m}${_p9k__n::=}${${${_p9k__bg:-0}:#NONE}:-${_p9k__n::=20}}${_p9k__n:=${${(M)${:-x$_p9k__bg}:#x(|0)}:+22}}${_p9k__n:=23}${_p9k__c::="${P9K_CONTENT}"}${_p9k__c::=${_p9k__c//
}}${_p9k__e::=${${_p9k__1rcontext+00}:-${${(%):-$_p9k__c%1(l.1.0)}[-1]}0}}}+}${${_p9k__e:#00}:+${_p9k_t[$_p9k__n]/<_p9k__w>/$_p9k__w}${_p9k__c}%b%k%F{178\}${${:-${_p9k__w::=%b%k%F{178\}}${_p9k__sss::=%b%k%F{178\}}${_p9k__i::=31}${_p9k__bg::=}}+}}}${${:-${P9K_CONTENT::=10:41:32}${_p9k__n::=}${${${_p9k__bg:-0}:#NONE}:-${_p9k__n::=24}}${_p9k__n:=${${(M)${:-x$_p9k__bg}:#x(|0)}:+26}}${_p9k__n:=27}${_p9k__v::=}${_p9k__c::="${P9K_CONTENT}"}${_p9k__c::=${_p9k__c//
}}${_p9k__e::=${${_p9k__1rtime+00}:-${${(%):-$_p9k__c%1(l.1.0)}[-1]}1}}}+}${${_p9k__e:#00}:+${_p9k_t[$_p9k__n]/<_p9k__w>/$_p9k__w}${_p9k__v}${${(M)_p9k__e:#11}:+ }${_p9k__c}%b%k%F{066\}${${:-${_p9k__w::=%b%k%F{066\}}${_p9k__sss::=%b%k%F{066\}}${_p9k__i::=43}${_p9k__bg::=}}+}}$_p9k__sss%b%k%f}}${_p9k__lprompt::=${_p9k__1l-${${:-${_p9k__bg::=NONE}${_p9k__i::=0}${_p9k__sss::=%f }}+}${${:-${P9K_CONTENT::=}${_p9k__n::=}${${${_p9k__bg:-0}:#NONE}:-${_p9k__n::=28}}${_p9k__n:=${${(M)${:-x}:#x($_p9k__bg|${_p9k__bg:-0})}:+30}}${_p9k__n:=31}${_p9k__c::="${P9K_CONTENT}"}${_p9k__c::=${_p9k__c//
}}${_p9k__e::=${${_p9k__1los_icon+00}:-${${(%):-$_p9k__c%1(l.1.0)}[-1]}0}}}+}${${_p9k__e:#00}:+${${_p9k_t[$_p9k__n]/<_p9k__ss>/$_p9k__ss}/<_p9k__s>/$_p9k__s}${_p9k__c}%b%k%f${${:-${_p9k__s::=%F{\}}${_p9k__ss::= }${_p9k__sss::=%F{\} }${_p9k__i::=1}${_p9k__bg::=}}+}}${${:-${P9K_CONTENT::="%{d%}${:-"%B%F{039}"}${(Q)${:-"\\~"}}${:-"%b%k%F{031}"}/dev/${:-"%B%F{039}"}ROS2${:-"%b%k%F{031}"}%{d%}"}${_p9k__n::=}${${${_p9k__bg:-0}:#NONE}:-${_p9k__n::=84}}${_p9k__n:=${${(M)${:-x}:#x($_p9k__bg|${_p9k__bg:-0})}:+86}}${_p9k__n:=87}${_p9k__v::=}${_p9k__c::="${P9K_CONTENT}"}${_p9k__c::=${_p9k__c//
}}${_p9k__e::=${${_p9k__1ldir+00}:-${${(%):-$_p9k__c%1(l.1.0)}[-1]}1}}}+}${${_p9k__e:#00}:+${${_p9k_t[$_p9k__n]/<_p9k__ss>/$_p9k__ss}/<_p9k__s>/$_p9k__s}${_p9k__v}${${(M)_p9k__e:#11}:+ }${_p9k__c}%b%k%F{031\}${${:-${_p9k__s::=%F{\}}${_p9k__ss::= }${_p9k__sss::=%F{\} }${_p9k__i::=2}${_p9k__bg::=}}+}}${(e)_p9k__vcs}%b%k$_p9k__sss%b%k%f}}}+}${(e)_p9k_t[6]}${${_p9k__h::=0}+}${${_p9k__d::=$((_p9k__m-_p9k__h))}+}${_p9k__lprompt/\%\{d\%\}*\%\{d\%\}/${_p9k__1ldir-${:-"%B%F{039}"}${(Q)${:-"\\~"}}${:-"%b%k%F{031}"}/dev/${:-"%B%F{039}"}ROS2${:-"%b%k%F{031}"}}}${${_p9k__m::=$((_p9k__d+_p9k__h))}+}${${_p9k__g+
}:-${:-"%F{240}"}${${${_p9k__m:#-*}:+${${_p9k__1g+${(pl.$((_p9k__m+1)).. .)}}:-${(pl.$((_p9k__m+1))..·.)}}$_p9k__rprompt${_p9k_t[$((1+!_p9k__ind))]}}:-
}%b%k%f}}${_p9k__2-${_p9k__2l-${${:-${_p9k__bg::=NONE}${_p9k__i::=0}${_p9k__sss::=%f }}+}${${:-"${${:-$_p9k__keymap.$_p9k__zle_state}:#(vicmd.*|vivis.*|vivli.*|*.*overwrite*)}"}:+${${:-${P9K_CONTENT::=❯}${_p9k__n::=}${${${_p9k__bg:-0}:#NONE}:-${_p9k__n::=36}}${_p9k__n:=${${(M)${:-x}:#x($_p9k__bg|${_p9k__bg:-0})}:+38}}${_p9k__n:=39}${_p9k__c::="❯"}${_p9k__c::=${_p9k__c//
}}${_p9k__e::=${${_p9k__2lprompt_char+00}:-${${(%):-$_p9k__c%1(l.1.0)}[-1]}0}}}+}${${_p9k__e:#00}:+${${_p9k_t[$_p9k__n]/<_p9k__ss>/$_p9k__ss}/<_p9k__s>/$_p9k__s}${_p9k__c}%b%k%F{076\}${${:-${_p9k__s::=%F{\}}${_p9k__ss::= }${_p9k__sss::=%F{\}}${_p9k__i::=4}${_p9k__bg::=}}+}}}${${:-"${${:-$_p9k__keymap.$_p9k__zle_state}:#(vicmd.*|vivis.*|vivli.*|*.*insert*)}"}:+${${:-${P9K_CONTENT::=▶}${_p9k__n::=}${${${_p9k__bg:-0}:#NONE}:-${_p9k__n::=40}}${_p9k__n:=${${(M)${:-x}:#x($_p9k__bg|${_p9k__bg:-0})}:+42}}${_p9k__n:=43}${_p9k__c::="▶"}${_p9k__c::=${_p9k__c//
}}${_p9k__e::=${${_p9k__2lprompt_char+00}:-${${(%):-$_p9k__c%1(l.1.0)}[-1]}0}}}+}${${_p9k__e:#00}:+${${_p9k_t[$_p9k__n]/<_p9k__ss>/$_p9k__ss}/<_p9k__s>/$_p9k__s}${_p9k__c}%b%k%F{076\}${${:-${_p9k__s::=%F{\}}${_p9k__ss::= }${_p9k__sss::=%F{\}}${_p9k__i::=4}${_p9k__bg::=}}+}}}${${:-"${(M)${:-$_p9k__keymap$_p9k__region_active}:#vicmd0}"}:+${${:-${P9K_CONTENT::=❮}${_p9k__n::=}${${${_p9k__bg:-0}:#NONE}:-${_p9k__n::=44}}${_p9k__n:=${${(M)${:-x}:#x($_p9k__bg|${_p9k__bg:-0})}:+46}}${_p9k__n:=47}${_p9k__c::="❮"}${_p9k__c::=${_p9k__c//
}}${_p9k__e::=${${_p9k__2lprompt_char+00}:-${${(%):-$_p9k__c%1(l.1.0)}[-1]}0}}}+}${${_p9k__e:#00}:+${${_p9k_t[$_p9k__n]/<_p9k__ss>/$_p9k__ss}/<_p9k__s>/$_p9k__s}${_p9k__c}%b%k%F{076\}${${:-${_p9k__s::=%F{\}}${_p9k__ss::= }${_p9k__sss::=%F{\}}${_p9k__i::=4}${_p9k__bg::=}}+}}}${${:-"${(M)${:-$_p9k__keymap$_p9k__region_active}:#(vicmd1|vivis?|vivli?)}"}:+${${:-${P9K_CONTENT::=Ⅴ}${_p9k__n::=}${${${_p9k__bg:-0}:#NONE}:-${_p9k__n::=48}}${_p9k__n:=${${(M)${:-x}:#x($_p9k__bg|${_p9k__bg:-0})}:+50}}${_p9k__n:=51}${_p9k__c::="V"}${_p9k__c::=${_p9k__c//
}}${_p9k__e::=${${_p9k__2lprompt_char+00}:-${${(%):-$_p9k__c%1(l.1.0)}[-1]}0}}}+}${${_p9k__e:#00}:+${${_p9k_t[$_p9k__n]/<_p9k__ss>/$_p9k__ss}/<_p9k__s>/$_p9k__s}${_p9k__c}%b%k%F{076\}${${:-${_p9k__s::=%F{\}}${_p9k__ss::= }${_p9k__sss::=%F{\}}${_p9k__i::=4}${_p9k__bg::=}}+}}}%b%k$_p9k__sss%b%k%f${:-" %b%k%f"}}}${${COLUMNS::=$_p9k__clm}+} VIRTUAL_ENV_PROMPT=(ros2_env) /usr/bin/cmake --install /home/nazar/dev/ROS2/build/toxic_relationship
