running egg_info
creating ../build/cool_service/cool_service.egg-info
writing ../build/cool_service/cool_service.egg-info/PKG-INFO
writing dependency_links to ../build/cool_service/cool_service.egg-info/dependency_links.txt
writing entry points to ../build/cool_service/cool_service.egg-info/entry_points.txt
writing requirements to ../build/cool_service/cool_service.egg-info/requires.txt
writing top-level names to ../build/cool_service/cool_service.egg-info/top_level.txt
writing manifest file '../build/cool_service/cool_service.egg-info/SOURCES.txt'
reading manifest file '../build/cool_service/cool_service.egg-info/SOURCES.txt'
writing manifest file '../build/cool_service/cool_service.egg-info/SOURCES.txt'
running build
running build_py
creating /home/nazar/dev/ROS2/src/build/cool_service/build
creating /home/nazar/dev/ROS2/src/build/cool_service/build/lib
creating /home/nazar/dev/ROS2/src/build/cool_service/build/lib/cool_service
copying cool_service/__init__.py -> /home/nazar/dev/ROS2/src/build/cool_service/build/lib/cool_service
running install
running install_lib
creating /home/nazar/dev/ROS2/src/install/cool_service/lib/python3.10/site-packages/cool_service
copying /home/nazar/dev/ROS2/src/build/cool_service/build/lib/cool_service/__init__.py -> /home/nazar/dev/ROS2/src/install/cool_service/lib/python3.10/site-packages/cool_service
byte-compiling /home/nazar/dev/ROS2/src/install/cool_service/lib/python3.10/site-packages/cool_service/__init__.py to __init__.cpython-310.pyc
running install_data
creating /home/nazar/dev/ROS2/src/install/cool_service/share/ament_index
creating /home/nazar/dev/ROS2/src/install/cool_service/share/ament_index/resource_index
creating /home/nazar/dev/ROS2/src/install/cool_service/share/ament_index/resource_index/packages
copying resource/cool_service -> /home/nazar/dev/ROS2/src/install/cool_service/share/ament_index/resource_index/packages
copying package.xml -> /home/nazar/dev/ROS2/src/install/cool_service/share/cool_service
running install_egg_info
Copying ../build/cool_service/cool_service.egg-info to /home/nazar/dev/ROS2/src/install/cool_service/lib/python3.10/site-packages/cool_service-0.0.0-py3.10.egg-info
running install_scripts
writing list of installed files to '/home/nazar/dev/ROS2/src/build/cool_service/install.log'
