[0.014s] Invoking command in '/home/nazar/dev/ROS2/src/build/action_tutorials_interfaces': CMAKE_PREFIX_PATH=/opt/ros/humble /usr/bin/cmake /home/nazar/dev/ROS2/src/action_tutorials_interfaces -DCMAKE_INSTALL_PREFIX=/home/nazar/dev/ROS2/src/install/action_tutorials_interfaces
[0.208s] Traceback (most recent call last):
[0.208s]   File "/opt/ros/humble/share/ament_cmake_core/cmake/core/package_xml_2_cmake.py", line 22, in <module>
[0.208s]     from catkin_pkg.package import parse_package_string
[0.209s] ModuleNotFoundError: No module named 'catkin_pkg'
[0.209s] [31mCMake Error at /opt/ros/humble/share/ament_cmake_core/cmake/core/ament_package_xml.cmake:95 (message):
[0.209s]   execute_process(/home/linuxbrew/.linuxbrew/bin/python3
[0.209s]   /opt/ros/humble/share/ament_cmake_core/cmake/core/package_xml_2_cmake.py
[0.210s]   /home/nazar/dev/ROS2/src/action_tutorials_interfaces/package.xml
[0.210s]   /home/nazar/dev/ROS2/src/build/action_tutorials_interfaces/ament_cmake_core/package.cmake)
[0.210s]   returned error code 1
[0.210s] Call Stack (most recent call first):
[0.210s]   /opt/ros/humble/share/ament_cmake_core/cmake/core/ament_package_xml.cmake:49 (_ament_package_xml)
[0.210s]   /opt/ros/humble/share/ament_lint_auto/cmake/ament_lint_auto_find_test_dependencies.cmake:31 (ament_package_xml)
[0.210s]   CMakeLists.txt:23 (ament_lint_auto_find_test_dependencies)
[0.210s] 
[0.210s] [0m
[0.210s] -- Found ament_cmake: 1.3.10 (/opt/ros/humble/share/ament_cmake/cmake)
[0.210s] -- Found ament_lint_auto: 0.12.11 (/opt/ros/humble/share/ament_lint_auto/cmake)
[0.210s] -- Configuring incomplete, errors occurred!
[0.210s] See also "/home/nazar/dev/ROS2/src/build/action_tutorials_interfaces/CMakeFiles/CMakeOutput.log".
[0.400s] Invoked command in '/home/nazar/dev/ROS2/src/build/action_tutorials_interfaces' returned '1': CMAKE_PREFIX_PATH=/opt/ros/humble /usr/bin/cmake /home/nazar/dev/ROS2/src/action_tutorials_interfaces -DCMAKE_INSTALL_PREFIX=/home/nazar/dev/ROS2/src/install/action_tutorials_interfaces
