[0.586s] Invoking command in '/home/nazar/dev/ROS2/src/py_pubsub': PYTHONPATH=/home/nazar/dev/ROS2/src/py_pubsub/build/py_pubsub/prefix_override:/home/nazar/.local/lib/python3.10/site-packages/colcon_core/task/python/colcon_distutils_commands:/home/nazar/dev/ROS2/src/py_pubsub/install/py_pubsub/lib/python3.10/site-packages:${PYTHONPATH} /usr/bin/python3 -W ignore:setup.py install is deprecated setup.py egg_info --egg-base build/py_pubsub build --build-base /home/nazar/dev/ROS2/src/py_pubsub/build/py_pubsub/build install --record /home/nazar/dev/ROS2/src/py_pubsub/build/py_pubsub/install.log --single-version-externally-managed install_data
[0.793s] running egg_info
[0.793s] creating build/py_pubsub/py_pubsub.egg-info
[0.794s] writing build/py_pubsub/py_pubsub.egg-info/PKG-INFO
[0.794s] writing dependency_links to build/py_pubsub/py_pubsub.egg-info/dependency_links.txt
[0.794s] writing entry points to build/py_pubsub/py_pubsub.egg-info/entry_points.txt
[0.794s] writing requirements to build/py_pubsub/py_pubsub.egg-info/requires.txt
[0.795s] writing top-level names to build/py_pubsub/py_pubsub.egg-info/top_level.txt
[0.795s] writing manifest file 'build/py_pubsub/py_pubsub.egg-info/SOURCES.txt'
[0.797s] reading manifest file 'build/py_pubsub/py_pubsub.egg-info/SOURCES.txt'
[0.797s] adding license file 'LICENSE'
[0.798s] writing manifest file 'build/py_pubsub/py_pubsub.egg-info/SOURCES.txt'
[0.798s] running build
[0.798s] running build_py
[0.798s] creating /home/nazar/dev/ROS2/src/py_pubsub/build/py_pubsub/build
[0.799s] creating /home/nazar/dev/ROS2/src/py_pubsub/build/py_pubsub/build/lib
[0.799s] creating /home/nazar/dev/ROS2/src/py_pubsub/build/py_pubsub/build/lib/py_pubsub
[0.799s] copying py_pubsub/publisher_member_function.py -> /home/nazar/dev/ROS2/src/py_pubsub/build/py_pubsub/build/lib/py_pubsub
[0.799s] copying py_pubsub/__init__.py -> /home/nazar/dev/ROS2/src/py_pubsub/build/py_pubsub/build/lib/py_pubsub
[0.799s] copying py_pubsub/subscriber_member_function.py -> /home/nazar/dev/ROS2/src/py_pubsub/build/py_pubsub/build/lib/py_pubsub
[0.799s] running install
[0.799s] running install_lib
[0.800s] creating /home/nazar/dev/ROS2/src/py_pubsub/install/py_pubsub/lib/python3.10/site-packages/py_pubsub
[0.801s] copying /home/nazar/dev/ROS2/src/py_pubsub/build/py_pubsub/build/lib/py_pubsub/publisher_member_function.py -> /home/nazar/dev/ROS2/src/py_pubsub/install/py_pubsub/lib/python3.10/site-packages/py_pubsub
[0.801s] copying /home/nazar/dev/ROS2/src/py_pubsub/build/py_pubsub/build/lib/py_pubsub/__init__.py -> /home/nazar/dev/ROS2/src/py_pubsub/install/py_pubsub/lib/python3.10/site-packages/py_pubsub
[0.801s] copying /home/nazar/dev/ROS2/src/py_pubsub/build/py_pubsub/build/lib/py_pubsub/subscriber_member_function.py -> /home/nazar/dev/ROS2/src/py_pubsub/install/py_pubsub/lib/python3.10/site-packages/py_pubsub
[0.801s] byte-compiling /home/nazar/dev/ROS2/src/py_pubsub/install/py_pubsub/lib/python3.10/site-packages/py_pubsub/publisher_member_function.py to publisher_member_function.cpython-310.pyc
[0.802s] byte-compiling /home/nazar/dev/ROS2/src/py_pubsub/install/py_pubsub/lib/python3.10/site-packages/py_pubsub/__init__.py to __init__.cpython-310.pyc
[0.802s] byte-compiling /home/nazar/dev/ROS2/src/py_pubsub/install/py_pubsub/lib/python3.10/site-packages/py_pubsub/subscriber_member_function.py to subscriber_member_function.cpython-310.pyc
[0.803s] running install_data
[0.803s] creating /home/nazar/dev/ROS2/src/py_pubsub/install/py_pubsub/share/ament_index
[0.803s] creating /home/nazar/dev/ROS2/src/py_pubsub/install/py_pubsub/share/ament_index/resource_index
[0.803s] creating /home/nazar/dev/ROS2/src/py_pubsub/install/py_pubsub/share/ament_index/resource_index/packages
[0.803s] copying resource/py_pubsub -> /home/nazar/dev/ROS2/src/py_pubsub/install/py_pubsub/share/ament_index/resource_index/packages
[0.803s] copying package.xml -> /home/nazar/dev/ROS2/src/py_pubsub/install/py_pubsub/share/py_pubsub
[0.803s] running install_egg_info
[0.805s] Copying build/py_pubsub/py_pubsub.egg-info to /home/nazar/dev/ROS2/src/py_pubsub/install/py_pubsub/lib/python3.10/site-packages/py_pubsub-0.0.0-py3.10.egg-info
[0.805s] running install_scripts
[0.823s] Installing listener script to /home/nazar/dev/ROS2/src/py_pubsub/install/py_pubsub/lib/py_pubsub
[0.823s] Installing talker script to /home/nazar/dev/ROS2/src/py_pubsub/install/py_pubsub/lib/py_pubsub
[0.823s] writing list of installed files to '/home/nazar/dev/ROS2/src/py_pubsub/build/py_pubsub/install.log'
[0.842s] Invoked command in '/home/nazar/dev/ROS2/src/py_pubsub' returned '0': PYTHONPATH=/home/nazar/dev/ROS2/src/py_pubsub/build/py_pubsub/prefix_override:/home/nazar/.local/lib/python3.10/site-packages/colcon_core/task/python/colcon_distutils_commands:/home/nazar/dev/ROS2/src/py_pubsub/install/py_pubsub/lib/python3.10/site-packages:${PYTHONPATH} /usr/bin/python3 -W ignore:setup.py install is deprecated setup.py egg_info --egg-base build/py_pubsub build --build-base /home/nazar/dev/ROS2/src/py_pubsub/build/py_pubsub/build install --record /home/nazar/dev/ROS2/src/py_pubsub/build/py_pubsub/install.log --single-version-externally-managed install_data
